23:15:01.563 [main] INFO  com.lihebin.blog.Application - Starting Application on lihebindembp with PID 42195 (/Users/lihebin/github/blog-message-backend/blog-war/target/classes started by lihebin in /Users/lihebin/github/blog-message-backend)
23:15:01.566 [main] INFO  com.lihebin.blog.Application - The following profiles are active: test
23:15:01.613 [main] INFO  o.s.b.c.e.AnnotationConfigEmbeddedWebApplicationContext - Refreshing org.springframework.boot.context.embedded.AnnotationConfigEmbeddedWebApplicationContext@3b8f0a79: startup date [Sun Dec 09 23:15:01 CST 2018]; root of context hierarchy
23:15:02.070 [main] INFO  o.s.b.f.xml.XmlBeanDefinitionReader - Loading XML bean definitions from file [/Users/lihebin/github/blog-message-backend/blog-war/target/classes/spring/interceptor-config.xml]
23:15:02.379 [main] INFO  o.s.d.r.c.RepositoryConfigurationDelegate - Multiple Spring Data modules found, entering strict repository configuration mode!
23:15:02.739 [main] INFO  o.s.c.s.PostProcessorRegistrationDelegate$BeanPostProcessorChecker - Bean 'org.springframework.kafka.annotation.KafkaBootstrapConfiguration' of type [org.springframework.kafka.annotation.KafkaBootstrapConfiguration$$EnhancerBySpringCGLIB$$97fc8052] is not eligible for getting processed by all BeanPostProcessors (for example: not eligible for auto-proxying)
23:15:03.292 [main] INFO  o.s.b.c.e.t.TomcatEmbeddedServletContainer - Tomcat initialized with port(s): 8080 (http)
23:15:03.302 [main] INFO  o.a.catalina.core.StandardService - Starting service [Tomcat]
23:15:03.303 [main] INFO  o.a.catalina.core.StandardEngine - Starting Servlet Engine: Apache Tomcat/8.5.23
23:15:03.392 [localhost-startStop-1] INFO  o.a.c.c.C.[Tomcat].[localhost].[/] - Initializing Spring embedded WebApplicationContext
23:15:03.392 [localhost-startStop-1] INFO  o.s.web.context.ContextLoader - Root WebApplicationContext: initialization completed in 1779 ms
23:15:03.583 [localhost-startStop-1] INFO  o.s.b.w.s.ServletRegistrationBean - Mapping servlet: 'dispatcherServlet' to [/]
23:15:03.589 [localhost-startStop-1] INFO  o.s.b.w.s.FilterRegistrationBean - Mapping filter: 'characterEncodingFilter' to: [/*]
23:15:03.590 [localhost-startStop-1] INFO  o.s.b.w.s.FilterRegistrationBean - Mapping filter: 'hiddenHttpMethodFilter' to: [/*]
23:15:03.590 [localhost-startStop-1] INFO  o.s.b.w.s.FilterRegistrationBean - Mapping filter: 'httpPutFormContentFilter' to: [/*]
23:15:03.590 [localhost-startStop-1] INFO  o.s.b.w.s.FilterRegistrationBean - Mapping filter: 'requestContextFilter' to: [/*]
23:15:03.640 [main] WARN  o.s.b.c.e.AnnotationConfigEmbeddedWebApplicationContext - Exception encountered during context initialization - cancelling refresh attempt: org.springframework.beans.factory.BeanCreationException: Error creating bean with name 'org.springframework.web.servlet.handler.MappedInterceptor#0': Cannot create inner bean 'com.lihebin.blog.config.TokenInterceptor#0' of type [com.lihebin.blog.config.TokenInterceptor] while setting constructor argument; nested exception is org.springframework.beans.factory.UnsatisfiedDependencyException: Error creating bean with name 'com.lihebin.blog.config.TokenInterceptor#0': Unsatisfied dependency expressed through field 'cacheDao'; nested exception is org.springframework.beans.factory.NoSuchBeanDefinitionException: No qualifying bean of type 'com.lihebin.blog.dao.CacheDao' available: expected at least 1 bean which qualifies as autowire candidate. Dependency annotations: {@org.springframework.beans.factory.annotation.Autowired(required=true)}
23:15:03.643 [main] INFO  o.a.catalina.core.StandardService - Stopping service [Tomcat]
23:15:03.667 [main] INFO  o.s.b.a.l.AutoConfigurationReportLoggingInitializer - 

Error starting ApplicationContext. To display the auto-configuration report re-run your application with 'debug' enabled.
23:15:03.735 [main] ERROR o.s.b.d.LoggingFailureAnalysisReporter - 

***************************
APPLICATION FAILED TO START
***************************

Description:

Field cacheDao in com.lihebin.blog.config.TokenInterceptor required a bean of type 'com.lihebin.blog.dao.CacheDao' that could not be found.


Action:

Consider defining a bean of type 'com.lihebin.blog.dao.CacheDao' in your configuration.

23:16:06.054 [main] INFO  com.lihebin.blog.Application - Starting Application on lihebindembp with PID 42206 (/Users/lihebin/github/blog-message-backend/blog-war/target/classes started by lihebin in /Users/lihebin/github/blog-message-backend)
23:16:06.057 [main] INFO  com.lihebin.blog.Application - The following profiles are active: test
23:16:06.106 [main] INFO  o.s.b.c.e.AnnotationConfigEmbeddedWebApplicationContext - Refreshing org.springframework.boot.context.embedded.AnnotationConfigEmbeddedWebApplicationContext@4f6f416f: startup date [Sun Dec 09 23:16:06 CST 2018]; root of context hierarchy
23:16:06.606 [main] INFO  o.s.b.f.xml.XmlBeanDefinitionReader - Loading XML bean definitions from file [/Users/lihebin/github/blog-message-backend/blog-war/target/classes/spring/interceptor-config.xml]
23:16:06.930 [main] INFO  o.s.d.r.c.RepositoryConfigurationDelegate - Multiple Spring Data modules found, entering strict repository configuration mode!
23:16:07.282 [main] INFO  o.s.c.s.PostProcessorRegistrationDelegate$BeanPostProcessorChecker - Bean 'org.springframework.kafka.annotation.KafkaBootstrapConfiguration' of type [org.springframework.kafka.annotation.KafkaBootstrapConfiguration$$EnhancerBySpringCGLIB$$79bcdfd9] is not eligible for getting processed by all BeanPostProcessors (for example: not eligible for auto-proxying)
23:16:07.822 [main] INFO  o.s.b.c.e.t.TomcatEmbeddedServletContainer - Tomcat initialized with port(s): 8080 (http)
23:16:07.829 [main] INFO  o.a.catalina.core.StandardService - Starting service [Tomcat]
23:16:07.830 [main] INFO  o.a.catalina.core.StandardEngine - Starting Servlet Engine: Apache Tomcat/8.5.23
23:16:07.899 [localhost-startStop-1] INFO  o.a.c.c.C.[Tomcat].[localhost].[/] - Initializing Spring embedded WebApplicationContext
23:16:07.899 [localhost-startStop-1] INFO  o.s.web.context.ContextLoader - Root WebApplicationContext: initialization completed in 1793 ms
23:16:08.048 [localhost-startStop-1] INFO  o.s.b.w.s.ServletRegistrationBean - Mapping servlet: 'dispatcherServlet' to [/]
23:16:08.052 [localhost-startStop-1] INFO  o.s.b.w.s.FilterRegistrationBean - Mapping filter: 'characterEncodingFilter' to: [/*]
23:16:08.052 [localhost-startStop-1] INFO  o.s.b.w.s.FilterRegistrationBean - Mapping filter: 'hiddenHttpMethodFilter' to: [/*]
23:16:08.052 [localhost-startStop-1] INFO  o.s.b.w.s.FilterRegistrationBean - Mapping filter: 'httpPutFormContentFilter' to: [/*]
23:16:08.052 [localhost-startStop-1] INFO  o.s.b.w.s.FilterRegistrationBean - Mapping filter: 'requestContextFilter' to: [/*]
23:16:08.088 [main] WARN  o.s.b.c.e.AnnotationConfigEmbeddedWebApplicationContext - Exception encountered during context initialization - cancelling refresh attempt: org.springframework.beans.factory.BeanCreationException: Error creating bean with name 'org.springframework.web.servlet.handler.MappedInterceptor#0': Cannot create inner bean 'com.lihebin.blog.config.TokenInterceptor#0' of type [com.lihebin.blog.config.TokenInterceptor] while setting constructor argument; nested exception is org.springframework.beans.factory.UnsatisfiedDependencyException: Error creating bean with name 'com.lihebin.blog.config.TokenInterceptor#0': Unsatisfied dependency expressed through field 'cacheDao'; nested exception is org.springframework.beans.factory.NoSuchBeanDefinitionException: No qualifying bean of type 'com.lihebin.blog.dao.CacheDao' available: expected at least 1 bean which qualifies as autowire candidate. Dependency annotations: {@org.springframework.beans.factory.annotation.Autowired(required=true)}
23:16:08.090 [main] INFO  o.a.catalina.core.StandardService - Stopping service [Tomcat]
23:16:08.110 [main] INFO  o.s.b.a.l.AutoConfigurationReportLoggingInitializer - 

Error starting ApplicationContext. To display the auto-configuration report re-run your application with 'debug' enabled.
23:16:08.172 [main] ERROR o.s.b.d.LoggingFailureAnalysisReporter - 

***************************
APPLICATION FAILED TO START
***************************

Description:

Field cacheDao in com.lihebin.blog.config.TokenInterceptor required a bean of type 'com.lihebin.blog.dao.CacheDao' that could not be found.


Action:

Consider defining a bean of type 'com.lihebin.blog.dao.CacheDao' in your configuration.

23:18:29.440 [main] INFO  com.lihebin.blog.Application - Starting Application on lihebindembp with PID 42223 (/Users/lihebin/github/blog-message-backend/blog-war/target/classes started by lihebin in /Users/lihebin/github/blog-message-backend)
23:18:29.444 [main] INFO  com.lihebin.blog.Application - The following profiles are active: test
23:18:29.492 [main] INFO  o.s.b.c.e.AnnotationConfigEmbeddedWebApplicationContext - Refreshing org.springframework.boot.context.embedded.AnnotationConfigEmbeddedWebApplicationContext@3b8f0a79: startup date [Sun Dec 09 23:18:29 CST 2018]; root of context hierarchy
23:18:30.005 [main] INFO  o.s.b.f.xml.XmlBeanDefinitionReader - Loading XML bean definitions from file [/Users/lihebin/github/blog-message-backend/blog-war/target/classes/spring/interceptor-config.xml]
23:18:30.289 [main] INFO  o.s.d.r.c.RepositoryConfigurationDelegate - Multiple Spring Data modules found, entering strict repository configuration mode!
23:18:30.630 [main] INFO  o.s.c.s.PostProcessorRegistrationDelegate$BeanPostProcessorChecker - Bean 'org.springframework.kafka.annotation.KafkaBootstrapConfiguration' of type [org.springframework.kafka.annotation.KafkaBootstrapConfiguration$$EnhancerBySpringCGLIB$$ed8c2d6c] is not eligible for getting processed by all BeanPostProcessors (for example: not eligible for auto-proxying)
23:18:31.109 [main] INFO  o.s.b.c.e.t.TomcatEmbeddedServletContainer - Tomcat initialized with port(s): 8080 (http)
23:18:31.117 [main] INFO  o.a.catalina.core.StandardService - Starting service [Tomcat]
23:18:31.118 [main] INFO  o.a.catalina.core.StandardEngine - Starting Servlet Engine: Apache Tomcat/8.5.23
23:18:31.208 [localhost-startStop-1] INFO  o.a.c.c.C.[Tomcat].[localhost].[/] - Initializing Spring embedded WebApplicationContext
23:18:31.208 [localhost-startStop-1] INFO  o.s.web.context.ContextLoader - Root WebApplicationContext: initialization completed in 1716 ms
23:18:31.376 [localhost-startStop-1] INFO  o.s.b.w.s.ServletRegistrationBean - Mapping servlet: 'dispatcherServlet' to [/]
23:18:31.382 [localhost-startStop-1] INFO  o.s.b.w.s.FilterRegistrationBean - Mapping filter: 'characterEncodingFilter' to: [/*]
23:18:31.383 [localhost-startStop-1] INFO  o.s.b.w.s.FilterRegistrationBean - Mapping filter: 'hiddenHttpMethodFilter' to: [/*]
23:18:31.383 [localhost-startStop-1] INFO  o.s.b.w.s.FilterRegistrationBean - Mapping filter: 'httpPutFormContentFilter' to: [/*]
23:18:31.383 [localhost-startStop-1] INFO  o.s.b.w.s.FilterRegistrationBean - Mapping filter: 'requestContextFilter' to: [/*]
23:18:31.423 [main] WARN  o.s.b.c.e.AnnotationConfigEmbeddedWebApplicationContext - Exception encountered during context initialization - cancelling refresh attempt: org.springframework.beans.factory.BeanCreationException: Error creating bean with name 'org.springframework.web.servlet.handler.MappedInterceptor#0': Cannot create inner bean 'com.lihebin.blog.config.TokenInterceptor#0' of type [com.lihebin.blog.config.TokenInterceptor] while setting constructor argument; nested exception is org.springframework.beans.factory.UnsatisfiedDependencyException: Error creating bean with name 'com.lihebin.blog.config.TokenInterceptor#0': Unsatisfied dependency expressed through field 'cacheDao'; nested exception is org.springframework.beans.factory.NoSuchBeanDefinitionException: No qualifying bean of type 'com.lihebin.blog.dao.CacheDao' available: expected at least 1 bean which qualifies as autowire candidate. Dependency annotations: {@org.springframework.beans.factory.annotation.Autowired(required=true)}
23:18:31.425 [main] INFO  o.a.catalina.core.StandardService - Stopping service [Tomcat]
23:18:31.444 [main] INFO  o.s.b.a.l.AutoConfigurationReportLoggingInitializer - 

Error starting ApplicationContext. To display the auto-configuration report re-run your application with 'debug' enabled.
23:18:31.512 [main] ERROR o.s.b.d.LoggingFailureAnalysisReporter - 

***************************
APPLICATION FAILED TO START
***************************

Description:

Field cacheDao in com.lihebin.blog.config.TokenInterceptor required a bean of type 'com.lihebin.blog.dao.CacheDao' that could not be found.


Action:

Consider defining a bean of type 'com.lihebin.blog.dao.CacheDao' in your configuration.

23:21:43.788 [main] INFO  com.lihebin.blog.Application - Starting Application on lihebindembp with PID 42241 (/Users/lihebin/github/blog-message-backend/blog-war/target/classes started by lihebin in /Users/lihebin/github/blog-message-backend)
23:21:43.792 [main] INFO  com.lihebin.blog.Application - The following profiles are active: test
23:21:43.841 [main] INFO  o.s.b.c.e.AnnotationConfigEmbeddedWebApplicationContext - Refreshing org.springframework.boot.context.embedded.AnnotationConfigEmbeddedWebApplicationContext@3b8f0a79: startup date [Sun Dec 09 23:21:43 CST 2018]; root of context hierarchy
23:21:44.364 [main] INFO  o.s.b.f.xml.XmlBeanDefinitionReader - Loading XML bean definitions from file [/Users/lihebin/github/blog-message-backend/blog-war/target/classes/spring/interceptor-config.xml]
23:21:44.675 [main] INFO  o.s.d.r.c.RepositoryConfigurationDelegate - Multiple Spring Data modules found, entering strict repository configuration mode!
23:21:45.052 [main] INFO  o.s.c.s.PostProcessorRegistrationDelegate$BeanPostProcessorChecker - Bean 'org.springframework.kafka.annotation.KafkaBootstrapConfiguration' of type [org.springframework.kafka.annotation.KafkaBootstrapConfiguration$$EnhancerBySpringCGLIB$$94041631] is not eligible for getting processed by all BeanPostProcessors (for example: not eligible for auto-proxying)
23:21:45.660 [main] INFO  o.s.b.c.e.t.TomcatEmbeddedServletContainer - Tomcat initialized with port(s): 8080 (http)
23:21:45.669 [main] INFO  o.a.catalina.core.StandardService - Starting service [Tomcat]
23:21:45.670 [main] INFO  o.a.catalina.core.StandardEngine - Starting Servlet Engine: Apache Tomcat/8.5.23
23:21:45.744 [localhost-startStop-1] INFO  o.a.c.c.C.[Tomcat].[localhost].[/] - Initializing Spring embedded WebApplicationContext
23:21:45.745 [localhost-startStop-1] INFO  o.s.web.context.ContextLoader - Root WebApplicationContext: initialization completed in 1905 ms
23:21:45.917 [localhost-startStop-1] INFO  o.s.b.w.s.ServletRegistrationBean - Mapping servlet: 'dispatcherServlet' to [/]
23:21:45.923 [localhost-startStop-1] INFO  o.s.b.w.s.FilterRegistrationBean - Mapping filter: 'characterEncodingFilter' to: [/*]
23:21:45.924 [localhost-startStop-1] INFO  o.s.b.w.s.FilterRegistrationBean - Mapping filter: 'hiddenHttpMethodFilter' to: [/*]
23:21:45.924 [localhost-startStop-1] INFO  o.s.b.w.s.FilterRegistrationBean - Mapping filter: 'httpPutFormContentFilter' to: [/*]
23:21:45.924 [localhost-startStop-1] INFO  o.s.b.w.s.FilterRegistrationBean - Mapping filter: 'requestContextFilter' to: [/*]
23:21:45.965 [main] WARN  o.s.b.c.e.AnnotationConfigEmbeddedWebApplicationContext - Exception encountered during context initialization - cancelling refresh attempt: org.springframework.beans.factory.BeanCreationException: Error creating bean with name 'org.springframework.web.servlet.handler.MappedInterceptor#0': Cannot create inner bean 'com.lihebin.blog.config.TokenInterceptor#0' of type [com.lihebin.blog.config.TokenInterceptor] while setting constructor argument; nested exception is org.springframework.beans.factory.UnsatisfiedDependencyException: Error creating bean with name 'com.lihebin.blog.config.TokenInterceptor#0': Unsatisfied dependency expressed through field 'cacheDao'; nested exception is org.springframework.beans.factory.NoSuchBeanDefinitionException: No qualifying bean of type 'com.lihebin.blog.dao.CacheDao' available: expected at least 1 bean which qualifies as autowire candidate. Dependency annotations: {@org.springframework.beans.factory.annotation.Autowired(required=true)}
23:21:45.968 [main] INFO  o.a.catalina.core.StandardService - Stopping service [Tomcat]
23:21:45.987 [main] INFO  o.s.b.a.l.AutoConfigurationReportLoggingInitializer - 

Error starting ApplicationContext. To display the auto-configuration report re-run your application with 'debug' enabled.
23:21:46.057 [main] ERROR o.s.b.d.LoggingFailureAnalysisReporter - 

***************************
APPLICATION FAILED TO START
***************************

Description:

Field cacheDao in com.lihebin.blog.config.TokenInterceptor required a bean of type 'com.lihebin.blog.dao.CacheDao' that could not be found.


Action:

Consider defining a bean of type 'com.lihebin.blog.dao.CacheDao' in your configuration.

23:24:44.139 [main] INFO  com.lihebin.blog.Application - Starting Application on lihebindembp with PID 42251 (/Users/lihebin/github/blog-message-backend/blog-war/target/classes started by lihebin in /Users/lihebin/github/blog-message-backend)
23:24:44.143 [main] INFO  com.lihebin.blog.Application - The following profiles are active: test
23:24:44.187 [main] INFO  o.s.b.c.e.AnnotationConfigEmbeddedWebApplicationContext - Refreshing org.springframework.boot.context.embedded.AnnotationConfigEmbeddedWebApplicationContext@3b8f0a79: startup date [Sun Dec 09 23:24:44 CST 2018]; root of context hierarchy
23:24:44.688 [main] INFO  o.s.b.f.xml.XmlBeanDefinitionReader - Loading XML bean definitions from file [/Users/lihebin/github/blog-message-backend/blog-war/target/classes/spring/interceptor-config.xml]
23:24:44.988 [main] INFO  o.s.d.r.c.RepositoryConfigurationDelegate - Multiple Spring Data modules found, entering strict repository configuration mode!
23:24:45.361 [main] INFO  o.s.c.s.PostProcessorRegistrationDelegate$BeanPostProcessorChecker - Bean 'org.springframework.kafka.annotation.KafkaBootstrapConfiguration' of type [org.springframework.kafka.annotation.KafkaBootstrapConfiguration$$EnhancerBySpringCGLIB$$540812eb] is not eligible for getting processed by all BeanPostProcessors (for example: not eligible for auto-proxying)
23:24:45.768 [main] INFO  o.s.b.c.e.t.TomcatEmbeddedServletContainer - Tomcat initialized with port(s): 8080 (http)
23:24:45.778 [main] INFO  o.a.catalina.core.StandardService - Starting service [Tomcat]
23:24:45.779 [main] INFO  o.a.catalina.core.StandardEngine - Starting Servlet Engine: Apache Tomcat/8.5.23
23:24:45.875 [localhost-startStop-1] INFO  o.a.c.c.C.[Tomcat].[localhost].[/] - Initializing Spring embedded WebApplicationContext
23:24:45.876 [localhost-startStop-1] INFO  o.s.web.context.ContextLoader - Root WebApplicationContext: initialization completed in 1689 ms
23:24:46.042 [localhost-startStop-1] INFO  o.s.b.w.s.ServletRegistrationBean - Mapping servlet: 'dispatcherServlet' to [/]
23:24:46.046 [localhost-startStop-1] INFO  o.s.b.w.s.FilterRegistrationBean - Mapping filter: 'characterEncodingFilter' to: [/*]
23:24:46.047 [localhost-startStop-1] INFO  o.s.b.w.s.FilterRegistrationBean - Mapping filter: 'hiddenHttpMethodFilter' to: [/*]
23:24:46.047 [localhost-startStop-1] INFO  o.s.b.w.s.FilterRegistrationBean - Mapping filter: 'httpPutFormContentFilter' to: [/*]
23:24:46.048 [localhost-startStop-1] INFO  o.s.b.w.s.FilterRegistrationBean - Mapping filter: 'requestContextFilter' to: [/*]
23:24:46.090 [main] WARN  o.s.b.c.e.AnnotationConfigEmbeddedWebApplicationContext - Exception encountered during context initialization - cancelling refresh attempt: org.springframework.beans.factory.BeanCreationException: Error creating bean with name 'org.springframework.web.servlet.handler.MappedInterceptor#0': Cannot create inner bean 'com.lihebin.blog.config.TokenInterceptor#0' of type [com.lihebin.blog.config.TokenInterceptor] while setting constructor argument; nested exception is org.springframework.beans.factory.UnsatisfiedDependencyException: Error creating bean with name 'com.lihebin.blog.config.TokenInterceptor#0': Unsatisfied dependency expressed through field 'cacheDao'; nested exception is org.springframework.beans.factory.NoSuchBeanDefinitionException: No qualifying bean of type 'com.lihebin.blog.dao.CacheDao' available: expected at least 1 bean which qualifies as autowire candidate. Dependency annotations: {@org.springframework.beans.factory.annotation.Autowired(required=true)}
23:24:46.092 [main] INFO  o.a.catalina.core.StandardService - Stopping service [Tomcat]
23:24:46.111 [main] INFO  o.s.b.a.l.AutoConfigurationReportLoggingInitializer - 

Error starting ApplicationContext. To display the auto-configuration report re-run your application with 'debug' enabled.
23:24:46.179 [main] ERROR o.s.b.d.LoggingFailureAnalysisReporter - 

***************************
APPLICATION FAILED TO START
***************************

Description:

Field cacheDao in com.lihebin.blog.config.TokenInterceptor required a bean of type 'com.lihebin.blog.dao.CacheDao' that could not be found.


Action:

Consider defining a bean of type 'com.lihebin.blog.dao.CacheDao' in your configuration.

23:26:33.418 [main] INFO  com.lihebin.blog.Application - Starting Application on lihebindembp with PID 42281 (/Users/lihebin/github/blog-message-backend/blog-war/target/classes started by lihebin in /Users/lihebin/github/blog-message-backend)
23:26:33.430 [main] INFO  com.lihebin.blog.Application - The following profiles are active: test
23:26:33.509 [main] INFO  o.s.b.c.e.AnnotationConfigEmbeddedWebApplicationContext - Refreshing org.springframework.boot.context.embedded.AnnotationConfigEmbeddedWebApplicationContext@3b8f0a79: startup date [Sun Dec 09 23:26:33 CST 2018]; root of context hierarchy
23:26:34.480 [main] INFO  o.s.b.f.xml.XmlBeanDefinitionReader - Loading XML bean definitions from file [/Users/lihebin/github/blog-message-backend/blog-war/target/classes/spring/interceptor-config.xml]
23:26:34.965 [main] INFO  o.s.d.r.c.RepositoryConfigurationDelegate - Multiple Spring Data modules found, entering strict repository configuration mode!
23:26:35.324 [main] INFO  o.s.c.s.PostProcessorRegistrationDelegate$BeanPostProcessorChecker - Bean 'org.springframework.kafka.annotation.KafkaBootstrapConfiguration' of type [org.springframework.kafka.annotation.KafkaBootstrapConfiguration$$EnhancerBySpringCGLIB$$24f44c41] is not eligible for getting processed by all BeanPostProcessors (for example: not eligible for auto-proxying)
23:26:35.673 [main] INFO  o.s.b.c.e.t.TomcatEmbeddedServletContainer - Tomcat initialized with port(s): 8080 (http)
23:26:35.681 [main] INFO  o.a.catalina.core.StandardService - Starting service [Tomcat]
23:26:35.682 [main] INFO  o.a.catalina.core.StandardEngine - Starting Servlet Engine: Apache Tomcat/8.5.23
23:26:35.757 [localhost-startStop-1] INFO  o.a.c.c.C.[Tomcat].[localhost].[/] - Initializing Spring embedded WebApplicationContext
23:26:35.758 [localhost-startStop-1] INFO  o.s.web.context.ContextLoader - Root WebApplicationContext: initialization completed in 2249 ms
23:26:35.958 [localhost-startStop-1] INFO  o.s.b.w.s.ServletRegistrationBean - Mapping servlet: 'dispatcherServlet' to [/]
23:26:35.963 [localhost-startStop-1] INFO  o.s.b.w.s.FilterRegistrationBean - Mapping filter: 'characterEncodingFilter' to: [/*]
23:26:35.964 [localhost-startStop-1] INFO  o.s.b.w.s.FilterRegistrationBean - Mapping filter: 'hiddenHttpMethodFilter' to: [/*]
23:26:35.965 [localhost-startStop-1] INFO  o.s.b.w.s.FilterRegistrationBean - Mapping filter: 'httpPutFormContentFilter' to: [/*]
23:26:35.965 [localhost-startStop-1] INFO  o.s.b.w.s.FilterRegistrationBean - Mapping filter: 'requestContextFilter' to: [/*]
23:26:36.009 [main] WARN  o.s.b.c.e.AnnotationConfigEmbeddedWebApplicationContext - Exception encountered during context initialization - cancelling refresh attempt: org.springframework.beans.factory.BeanCreationException: Error creating bean with name 'org.springframework.web.servlet.handler.MappedInterceptor#0': Cannot create inner bean 'com.lihebin.blog.config.TokenInterceptor#0' of type [com.lihebin.blog.config.TokenInterceptor] while setting constructor argument; nested exception is org.springframework.beans.factory.UnsatisfiedDependencyException: Error creating bean with name 'com.lihebin.blog.config.TokenInterceptor#0': Unsatisfied dependency expressed through field 'cacheDao'; nested exception is org.springframework.beans.factory.NoSuchBeanDefinitionException: No qualifying bean of type 'com.lihebin.blog.dao.CacheDao' available: expected at least 1 bean which qualifies as autowire candidate. Dependency annotations: {@org.springframework.beans.factory.annotation.Autowired(required=true)}
23:26:36.011 [main] INFO  o.a.catalina.core.StandardService - Stopping service [Tomcat]
23:26:36.032 [main] INFO  o.s.b.a.l.AutoConfigurationReportLoggingInitializer - 

Error starting ApplicationContext. To display the auto-configuration report re-run your application with 'debug' enabled.
23:26:36.104 [main] ERROR o.s.b.d.LoggingFailureAnalysisReporter - 

***************************
APPLICATION FAILED TO START
***************************

Description:

Field cacheDao in com.lihebin.blog.config.TokenInterceptor required a bean of type 'com.lihebin.blog.dao.CacheDao' that could not be found.


Action:

Consider defining a bean of type 'com.lihebin.blog.dao.CacheDao' in your configuration.

23:27:31.408 [main] INFO  com.lihebin.blog.Application - Starting Application on lihebindembp with PID 42289 (/Users/lihebin/github/blog-message-backend/blog-war/target/classes started by lihebin in /Users/lihebin/github/blog-message-backend)
23:27:31.412 [main] INFO  com.lihebin.blog.Application - The following profiles are active: test
23:27:31.455 [main] INFO  o.s.b.c.e.AnnotationConfigEmbeddedWebApplicationContext - Refreshing org.springframework.boot.context.embedded.AnnotationConfigEmbeddedWebApplicationContext@3b8f0a79: startup date [Sun Dec 09 23:27:31 CST 2018]; root of context hierarchy
23:27:32.000 [main] INFO  o.s.b.f.xml.XmlBeanDefinitionReader - Loading XML bean definitions from file [/Users/lihebin/github/blog-message-backend/blog-war/target/classes/spring/interceptor-config.xml]
23:27:32.307 [main] INFO  o.s.d.r.c.RepositoryConfigurationDelegate - Multiple Spring Data modules found, entering strict repository configuration mode!
23:27:32.688 [main] INFO  o.s.c.s.PostProcessorRegistrationDelegate$BeanPostProcessorChecker - Bean 'org.springframework.kafka.annotation.KafkaBootstrapConfiguration' of type [org.springframework.kafka.annotation.KafkaBootstrapConfiguration$$EnhancerBySpringCGLIB$$808c4f65] is not eligible for getting processed by all BeanPostProcessors (for example: not eligible for auto-proxying)
23:27:33.105 [main] INFO  o.s.b.c.e.t.TomcatEmbeddedServletContainer - Tomcat initialized with port(s): 8080 (http)
23:27:33.114 [main] INFO  o.a.catalina.core.StandardService - Starting service [Tomcat]
23:27:33.115 [main] INFO  o.a.catalina.core.StandardEngine - Starting Servlet Engine: Apache Tomcat/8.5.23
23:27:33.214 [localhost-startStop-1] INFO  o.a.c.c.C.[Tomcat].[localhost].[/] - Initializing Spring embedded WebApplicationContext
23:27:33.215 [localhost-startStop-1] INFO  o.s.web.context.ContextLoader - Root WebApplicationContext: initialization completed in 1760 ms
23:27:33.382 [localhost-startStop-1] INFO  o.s.b.w.s.ServletRegistrationBean - Mapping servlet: 'dispatcherServlet' to [/]
23:27:33.387 [localhost-startStop-1] INFO  o.s.b.w.s.FilterRegistrationBean - Mapping filter: 'characterEncodingFilter' to: [/*]
23:27:33.388 [localhost-startStop-1] INFO  o.s.b.w.s.FilterRegistrationBean - Mapping filter: 'hiddenHttpMethodFilter' to: [/*]
23:27:33.388 [localhost-startStop-1] INFO  o.s.b.w.s.FilterRegistrationBean - Mapping filter: 'httpPutFormContentFilter' to: [/*]
23:27:33.388 [localhost-startStop-1] INFO  o.s.b.w.s.FilterRegistrationBean - Mapping filter: 'requestContextFilter' to: [/*]
23:27:33.429 [main] WARN  o.s.b.c.e.AnnotationConfigEmbeddedWebApplicationContext - Exception encountered during context initialization - cancelling refresh attempt: org.springframework.beans.factory.BeanCreationException: Error creating bean with name 'org.springframework.web.servlet.handler.MappedInterceptor#0': Cannot create inner bean 'com.lihebin.blog.config.TokenInterceptor#0' of type [com.lihebin.blog.config.TokenInterceptor] while setting constructor argument; nested exception is org.springframework.beans.factory.UnsatisfiedDependencyException: Error creating bean with name 'com.lihebin.blog.config.TokenInterceptor#0': Unsatisfied dependency expressed through field 'userDao'; nested exception is org.springframework.beans.factory.NoSuchBeanDefinitionException: No qualifying bean of type 'com.lihebin.blog.dao.UserDao' available: expected at least 1 bean which qualifies as autowire candidate. Dependency annotations: {@org.springframework.beans.factory.annotation.Autowired(required=true)}
23:27:33.431 [main] INFO  o.a.catalina.core.StandardService - Stopping service [Tomcat]
23:27:33.449 [main] INFO  o.s.b.a.l.AutoConfigurationReportLoggingInitializer - 

Error starting ApplicationContext. To display the auto-configuration report re-run your application with 'debug' enabled.
23:27:33.516 [main] ERROR o.s.b.d.LoggingFailureAnalysisReporter - 

***************************
APPLICATION FAILED TO START
***************************

Description:

Field userDao in com.lihebin.blog.config.TokenInterceptor required a bean of type 'com.lihebin.blog.dao.UserDao' that could not be found.


Action:

Consider defining a bean of type 'com.lihebin.blog.dao.UserDao' in your configuration.

23:29:32.533 [main] INFO  com.lihebin.blog.Application - Starting Application on lihebindembp with PID 42297 (/Users/lihebin/github/blog-message-backend/blog-war/target/classes started by lihebin in /Users/lihebin/github/blog-message-backend)
23:29:32.538 [main] INFO  com.lihebin.blog.Application - The following profiles are active: test
23:29:32.602 [main] INFO  o.s.b.c.e.AnnotationConfigEmbeddedWebApplicationContext - Refreshing org.springframework.boot.context.embedded.AnnotationConfigEmbeddedWebApplicationContext@3b8f0a79: startup date [Sun Dec 09 23:29:32 CST 2018]; root of context hierarchy
23:29:33.136 [main] INFO  o.s.b.f.xml.XmlBeanDefinitionReader - Loading XML bean definitions from file [/Users/lihebin/github/blog-message-backend/blog-war/target/classes/spring/interceptor-config.xml]
23:29:33.422 [main] INFO  o.s.d.r.c.RepositoryConfigurationDelegate - Multiple Spring Data modules found, entering strict repository configuration mode!
23:29:33.806 [main] INFO  o.s.c.s.PostProcessorRegistrationDelegate$BeanPostProcessorChecker - Bean 'org.springframework.kafka.annotation.KafkaBootstrapConfiguration' of type [org.springframework.kafka.annotation.KafkaBootstrapConfiguration$$EnhancerBySpringCGLIB$$76985eb0] is not eligible for getting processed by all BeanPostProcessors (for example: not eligible for auto-proxying)
23:29:34.685 [main] INFO  o.s.b.c.e.t.TomcatEmbeddedServletContainer - Tomcat initialized with port(s): 8080 (http)
23:29:34.693 [main] INFO  o.a.catalina.core.StandardService - Starting service [Tomcat]
23:29:34.694 [main] INFO  o.a.catalina.core.StandardEngine - Starting Servlet Engine: Apache Tomcat/8.5.23
23:29:34.773 [localhost-startStop-1] INFO  o.a.c.c.C.[Tomcat].[localhost].[/] - Initializing Spring embedded WebApplicationContext
23:29:34.774 [localhost-startStop-1] INFO  o.s.web.context.ContextLoader - Root WebApplicationContext: initialization completed in 2172 ms
23:29:34.996 [localhost-startStop-1] INFO  o.s.b.w.s.FilterRegistrationBean - Mapping filter: 'characterEncodingFilter' to: [/*]
23:29:34.997 [localhost-startStop-1] INFO  o.s.b.w.s.FilterRegistrationBean - Mapping filter: 'corsFilter' to: [/*]
23:29:34.997 [localhost-startStop-1] INFO  o.s.b.w.s.ServletRegistrationBean - Mapping servlet: 'dispatcherServlet' to [/]
23:29:35.726 [main] INFO  o.s.w.s.m.m.a.RequestMappingHandlerMapping - Mapped "{[/api/relevanceUserAndMenu],methods=[POST],produces=[application/json;charset=UTF-8]}" onto public java.util.Map com.lihebin.blog.web.UserController.relevanceUserAndMenu(java.util.Map)
23:29:35.727 [main] INFO  o.s.w.s.m.m.a.RequestMappingHandlerMapping - Mapped "{[/user/login],methods=[POST],produces=[application/json;charset=UTF-8]}" onto public java.util.Map com.lihebin.blog.web.UserController.login(java.util.Map) throws java.lang.Exception
23:29:35.727 [main] INFO  o.s.w.s.m.m.a.RequestMappingHandlerMapping - Mapped "{[/user/logout],methods=[GET]}" onto public java.util.Map com.lihebin.blog.web.UserController.logout(java.lang.String)
23:29:35.728 [main] INFO  o.s.w.s.m.m.a.RequestMappingHandlerMapping - Mapped "{[/user/getMenus],methods=[GET]}" onto public java.util.List<com.lihebin.blog.bean.UserMenu> com.lihebin.blog.web.UserController.getMenus(java.lang.String)
23:29:35.728 [main] INFO  o.s.w.s.m.m.a.RequestMappingHandlerMapping - Mapped "{[/api/insertAndDeleteUser],methods=[POST],produces=[application/json;charset=UTF-8]}" onto public java.util.Map com.lihebin.blog.web.UserController.insertAndDeleteUser(java.util.Map)
23:29:35.732 [main] INFO  o.s.w.s.m.m.a.RequestMappingHandlerMapping - Mapped "{[/error]}" onto public org.springframework.http.ResponseEntity<java.util.Map<java.lang.String, java.lang.Object>> org.springframework.boot.autoconfigure.web.BasicErrorController.error(javax.servlet.http.HttpServletRequest)
23:29:35.732 [main] INFO  o.s.w.s.m.m.a.RequestMappingHandlerMapping - Mapped "{[/error],produces=[text/html]}" onto public org.springframework.web.servlet.ModelAndView org.springframework.boot.autoconfigure.web.BasicErrorController.errorHtml(javax.servlet.http.HttpServletRequest,javax.servlet.http.HttpServletResponse)
23:29:35.863 [main] INFO  o.s.w.s.m.m.a.RequestMappingHandlerAdapter - Looking for @ControllerAdvice: org.springframework.boot.context.embedded.AnnotationConfigEmbeddedWebApplicationContext@3b8f0a79: startup date [Sun Dec 09 23:29:32 CST 2018]; root of context hierarchy
23:29:37.095 [main] INFO  o.s.j.e.a.AnnotationMBeanExporter - Registering beans for JMX exposure on startup
23:29:37.096 [main] INFO  o.s.j.e.a.AnnotationMBeanExporter - Bean with name 'backendDataSource' has been autodetected for JMX exposure
23:29:37.101 [main] INFO  o.s.j.e.a.AnnotationMBeanExporter - Located MBean 'backendDataSource': registering with JMX server as MBean [com.alibaba.druid.pool:name=backendDataSource,type=DruidDataSource]
23:29:37.106 [main] INFO  o.s.c.s.DefaultLifecycleProcessor - Starting beans in phase 2147483647
23:29:37.275 [main] INFO  o.s.b.c.e.t.TomcatEmbeddedServletContainer - Tomcat started on port(s): 8080 (http)
23:29:37.281 [main] INFO  com.lihebin.blog.Application - Started Application in 5.098 seconds (JVM running for 5.907)
23:29:40.689 [Thread-16] INFO  o.s.b.c.e.AnnotationConfigEmbeddedWebApplicationContext - Closing org.springframework.boot.context.embedded.AnnotationConfigEmbeddedWebApplicationContext@3b8f0a79: startup date [Sun Dec 09 23:29:32 CST 2018]; root of context hierarchy
23:29:40.691 [Thread-16] INFO  o.s.c.s.DefaultLifecycleProcessor - Stopping beans in phase 2147483647
23:29:40.692 [Thread-16] INFO  o.s.c.s.DefaultLifecycleProcessor - Stopping beans in phase 0
23:29:40.693 [Thread-16] INFO  o.s.j.e.a.AnnotationMBeanExporter - Unregistering JMX-exposed beans on shutdown
23:29:40.693 [Thread-16] INFO  o.s.j.e.a.AnnotationMBeanExporter - Unregistering JMX-exposed beans
