22:03:34.295 [http-nio-8080-exec-4] WARN  o.s.web.servlet.PageNotFound - No mapping found for HTTP request with URI [/user/api] in DispatcherServlet with name 'dispatcherServlet'
22:03:46.687 [http-nio-8080-exec-6] WARN  o.s.web.servlet.PageNotFound - No mapping found for HTTP request with URI [/user/api] in DispatcherServlet with name 'dispatcherServlet'
22:05:14.209 [http-nio-8080-exec-9] WARN  o.s.web.servlet.PageNotFound - No mapping found for HTTP request with URI [/user/api] in DispatcherServlet with name 'dispatcherServlet'
22:08:35.398 [http-nio-8080-exec-2] INFO  c.l.blog.config.ServiceLogAspect - [ID42][login] web request>>[{username=18301900685, password=63b891d3324fef21bfcc8914a723acef}]
22:08:35.401 [http-nio-8080-exec-2] INFO  c.l.blog.config.ServiceLogAspect - [ID42][login] request>>[18301900685, 63b891d3324fef21bfcc8914a723acef]
22:08:37.455 [http-nio-8080-exec-2] INFO  c.l.blog.config.ServiceLogAspect - [ID42][login] response>>{code=400, message=密码错误}
22:08:37.456 [http-nio-8080-exec-2] INFO  c.l.blog.config.ServiceLogAspect - [ID42][login] web response>>{code=400, message=密码错误}
22:12:00.793 [http-nio-8080-exec-5] INFO  c.l.blog.config.ServiceLogAspect - [ID45][login] web request>>[{username=18301900685, password=63b891d3324fef21bfcc8914a723acef}]
22:12:00.797 [http-nio-8080-exec-5] INFO  c.l.blog.config.ServiceLogAspect - [ID45][login] request>>[18301900685, 63b891d3324fef21bfcc8914a723acef]
22:12:00.866 [http-nio-8080-exec-5] INFO  c.l.blog.config.ServiceLogAspect - [ID45][login] response>>{code=400, message=密码错误}
22:12:00.867 [http-nio-8080-exec-5] INFO  c.l.blog.config.ServiceLogAspect - [ID45][login] web response>>{code=400, message=密码错误}
22:15:29.861 [Thread-16] INFO  o.s.b.c.e.AnnotationConfigEmbeddedWebApplicationContext - Closing org.springframework.boot.context.embedded.AnnotationConfigEmbeddedWebApplicationContext@3eb77ea8: startup date [Tue Mar 26 21:57:14 CST 2019]; root of context hierarchy
22:15:29.866 [Thread-16] INFO  o.s.c.s.DefaultLifecycleProcessor - Stopping beans in phase 2147483647
22:15:29.866 [Thread-16] INFO  o.s.c.s.DefaultLifecycleProcessor - Stopping beans in phase 0
22:15:29.867 [Thread-16] INFO  o.s.j.e.a.AnnotationMBeanExporter - Unregistering JMX-exposed beans on shutdown
22:15:29.867 [Thread-16] INFO  o.s.j.e.a.AnnotationMBeanExporter - Unregistering JMX-exposed beans
22:15:29.870 [Thread-16] INFO  c.alibaba.druid.pool.DruidDataSource - {dataSource-1} closed
22:15:37.039 [main] INFO  com.lihebin.blog.Application - Starting Application on lihebindembp with PID 93021 (/Users/lihebin/github/blog-message-backend/blog-war/target/classes started by lihebin in /Users/lihebin/github/blog-message-backend)
22:15:37.042 [main] INFO  com.lihebin.blog.Application - The following profiles are active: test
22:15:37.101 [main] INFO  o.s.b.c.e.AnnotationConfigEmbeddedWebApplicationContext - Refreshing org.springframework.boot.context.embedded.AnnotationConfigEmbeddedWebApplicationContext@3eb77ea8: startup date [Tue Mar 26 22:15:37 CST 2019]; root of context hierarchy
22:15:37.624 [main] INFO  o.s.b.f.xml.XmlBeanDefinitionReader - Loading XML bean definitions from file [/Users/lihebin/github/blog-message-backend/blog-war/target/classes/spring/interceptor-config.xml]
22:15:37.892 [main] INFO  o.s.d.r.c.RepositoryConfigurationDelegate - Multiple Spring Data modules found, entering strict repository configuration mode!
22:15:38.242 [main] INFO  o.s.c.s.PostProcessorRegistrationDelegate$BeanPostProcessorChecker - Bean 'org.springframework.kafka.annotation.KafkaBootstrapConfiguration' of type [org.springframework.kafka.annotation.KafkaBootstrapConfiguration$$EnhancerBySpringCGLIB$$92b0e97e] is not eligible for getting processed by all BeanPostProcessors (for example: not eligible for auto-proxying)
22:15:39.131 [main] INFO  o.s.b.c.e.t.TomcatEmbeddedServletContainer - Tomcat initialized with port(s): 8080 (http)
22:15:39.139 [main] INFO  o.a.catalina.core.StandardService - Starting service [Tomcat]
22:15:39.139 [main] INFO  o.a.catalina.core.StandardEngine - Starting Servlet Engine: Apache Tomcat/8.5.23
22:15:39.211 [localhost-startStop-1] INFO  o.a.c.c.C.[Tomcat].[localhost].[/] - Initializing Spring embedded WebApplicationContext
22:15:39.212 [localhost-startStop-1] INFO  o.s.web.context.ContextLoader - Root WebApplicationContext: initialization completed in 2111 ms
22:15:39.395 [localhost-startStop-1] INFO  o.s.b.w.s.FilterRegistrationBean - Mapping filter: 'characterEncodingFilter' to: [/*]
22:15:39.396 [localhost-startStop-1] INFO  o.s.b.w.s.FilterRegistrationBean - Mapping filter: 'corsFilter' to: [/*]
22:15:39.396 [localhost-startStop-1] INFO  o.s.b.w.s.ServletRegistrationBean - Mapping servlet: 'dispatcherServlet' to [/]
22:15:40.294 [main] INFO  o.s.w.s.m.m.a.RequestMappingHandlerMapping - Mapped "{[/blog/getClassify],methods=[GET]}" onto public java.util.List<java.lang.String> com.lihebin.blog.web.BlogController.getClassify()
22:15:40.296 [main] INFO  o.s.w.s.m.m.a.RequestMappingHandlerMapping - Mapped "{[/blog/getBlog],methods=[GET]}" onto public com.lihebin.blog.bean.Article com.lihebin.blog.web.BlogController.getBlog(java.lang.String)
22:15:40.296 [main] INFO  o.s.w.s.m.m.a.RequestMappingHandlerMapping - Mapped "{[/blog/listBlog],methods=[POST],produces=[application/json;charset=UTF-8]}" onto public com.lihebin.blog.bean.Articles com.lihebin.blog.web.BlogController.listBlog(com.lihebin.blog.bean.Articles)
22:15:40.296 [main] INFO  o.s.w.s.m.m.a.RequestMappingHandlerMapping - Mapped "{[/blog/updateBlog],methods=[POST],produces=[application/json;charset=UTF-8]}" onto public com.lihebin.blog.bean.Article com.lihebin.blog.web.BlogController.updateBlog(com.lihebin.blog.bean.Article)
22:15:40.297 [main] INFO  o.s.w.s.m.m.a.RequestMappingHandlerMapping - Mapped "{[/blog/createBlog],methods=[POST],produces=[application/json;charset=UTF-8]}" onto public com.lihebin.blog.bean.Article com.lihebin.blog.web.BlogController.createBlog(com.lihebin.blog.bean.Article)
22:15:40.297 [main] INFO  o.s.w.s.m.m.a.RequestMappingHandlerMapping - Mapped "{[/blog/deleteBlog],methods=[GET]}" onto public void com.lihebin.blog.web.BlogController.deleteBlog(java.lang.String)
22:15:40.298 [main] INFO  o.s.w.s.m.m.a.RequestMappingHandlerMapping - Mapped "{[/api/relevanceUserAndMenu],methods=[POST],produces=[application/json;charset=UTF-8]}" onto public java.util.Map com.lihebin.blog.web.UserController.relevanceUserAndMenu(java.util.Map)
22:15:40.299 [main] INFO  o.s.w.s.m.m.a.RequestMappingHandlerMapping - Mapped "{[/user/login],methods=[POST],produces=[application/json;charset=UTF-8]}" onto public java.util.Map com.lihebin.blog.web.UserController.login(java.util.Map) throws java.lang.Exception
22:15:40.299 [main] INFO  o.s.w.s.m.m.a.RequestMappingHandlerMapping - Mapped "{[/user/logout],methods=[GET]}" onto public java.util.Map com.lihebin.blog.web.UserController.logout(java.lang.String)
22:15:40.299 [main] INFO  o.s.w.s.m.m.a.RequestMappingHandlerMapping - Mapped "{[/user/getMenus],methods=[GET]}" onto public java.util.List<com.lihebin.blog.bean.UserMenu> com.lihebin.blog.web.UserController.getMenus(java.lang.String)
22:15:40.300 [main] INFO  o.s.w.s.m.m.a.RequestMappingHandlerMapping - Mapped "{[/user/insertAndDeleteUser],methods=[POST],produces=[application/json;charset=UTF-8]}" onto public java.util.Map com.lihebin.blog.web.UserController.insertAndDeleteUser(java.util.Map)
22:15:40.304 [main] INFO  o.s.w.s.m.m.a.RequestMappingHandlerMapping - Mapped "{[/error]}" onto public org.springframework.http.ResponseEntity<java.util.Map<java.lang.String, java.lang.Object>> org.springframework.boot.autoconfigure.web.BasicErrorController.error(javax.servlet.http.HttpServletRequest)
22:15:40.304 [main] INFO  o.s.w.s.m.m.a.RequestMappingHandlerMapping - Mapped "{[/error],produces=[text/html]}" onto public org.springframework.web.servlet.ModelAndView org.springframework.boot.autoconfigure.web.BasicErrorController.errorHtml(javax.servlet.http.HttpServletRequest,javax.servlet.http.HttpServletResponse)
22:15:40.434 [main] INFO  o.s.w.s.m.m.a.RequestMappingHandlerAdapter - Looking for @ControllerAdvice: org.springframework.boot.context.embedded.AnnotationConfigEmbeddedWebApplicationContext@3eb77ea8: startup date [Tue Mar 26 22:15:37 CST 2019]; root of context hierarchy
22:15:41.470 [main] INFO  o.s.j.e.a.AnnotationMBeanExporter - Registering beans for JMX exposure on startup
22:15:41.471 [main] INFO  o.s.j.e.a.AnnotationMBeanExporter - Bean with name 'backendDataSource' has been autodetected for JMX exposure
22:15:41.472 [main] INFO  o.s.j.e.a.AnnotationMBeanExporter - Bean with name 'blogDataSource' has been autodetected for JMX exposure
22:15:41.477 [main] INFO  o.s.j.e.a.AnnotationMBeanExporter - Located MBean 'blogDataSource': registering with JMX server as MBean [com.alibaba.druid.pool:name=blogDataSource,type=DruidDataSource]
22:15:41.479 [main] INFO  o.s.j.e.a.AnnotationMBeanExporter - Located MBean 'backendDataSource': registering with JMX server as MBean [com.alibaba.druid.pool:name=backendDataSource,type=DruidDataSource]
22:15:41.483 [main] INFO  o.s.c.s.DefaultLifecycleProcessor - Starting beans in phase 2147483647
22:15:41.642 [main] INFO  o.s.b.c.e.t.TomcatEmbeddedServletContainer - Tomcat started on port(s): 8080 (http)
22:15:41.647 [main] INFO  com.lihebin.blog.Application - Started Application in 4.922 seconds (JVM running for 5.649)
22:15:47.161 [http-nio-8080-exec-1] INFO  o.a.c.c.C.[Tomcat].[localhost].[/] - Initializing Spring FrameworkServlet 'dispatcherServlet'
22:15:47.166 [http-nio-8080-exec-1] INFO  o.s.web.servlet.DispatcherServlet - FrameworkServlet 'dispatcherServlet': initialization started
22:15:47.200 [http-nio-8080-exec-1] INFO  o.s.web.servlet.DispatcherServlet - FrameworkServlet 'dispatcherServlet': initialization completed in 34 ms
22:15:47.294 [http-nio-8080-exec-2] INFO  c.l.blog.config.ServiceLogAspect - [ID41][login] web request>>[{username=18301900685, password=63b891d3324fef21bfcc8914a723acef}]
22:15:47.303 [http-nio-8080-exec-2] INFO  c.l.blog.config.ServiceLogAspect - [ID41][login] request>>[18301900685, 63b891d3324fef21bfcc8914a723acef]
22:15:55.482 [http-nio-8080-exec-2] INFO  c.alibaba.druid.pool.DruidDataSource - {dataSource-1} inited
22:17:36.457 [http-nio-8080-exec-2] ERROR com.lihebin.blog.dao.UserDao - queryUserByUsername:18301900685
org.springframework.jdbc.IncorrectResultSetColumnCountException: Incorrect column count: expected 1, actual 7
	at org.springframework.jdbc.core.SingleColumnRowMapper.mapRow(SingleColumnRowMapper.java:92)
	at org.springframework.jdbc.core.RowMapperResultSetExtractor.extractData(RowMapperResultSetExtractor.java:93)
	at org.springframework.jdbc.core.RowMapperResultSetExtractor.extractData(RowMapperResultSetExtractor.java:60)
	at org.springframework.jdbc.core.JdbcTemplate$1.doInPreparedStatement(JdbcTemplate.java:697)
	at org.springframework.jdbc.core.JdbcTemplate.execute(JdbcTemplate.java:633)
	at org.springframework.jdbc.core.JdbcTemplate.query(JdbcTemplate.java:684)
	at org.springframework.jdbc.core.JdbcTemplate.query(JdbcTemplate.java:716)
	at org.springframework.jdbc.core.JdbcTemplate.query(JdbcTemplate.java:726)
	at org.springframework.jdbc.core.JdbcTemplate.queryForObject(JdbcTemplate.java:794)
	at org.springframework.jdbc.core.JdbcTemplate.queryForObject(JdbcTemplate.java:813)
	at com.lihebin.blog.dao.UserDao.queryUserByUsername(UserDao.java:37)
	at com.lihebin.blog.dao.UserDao$$FastClassBySpringCGLIB$$70dee10d.invoke(<generated>)
	at org.springframework.cglib.proxy.MethodProxy.invoke(MethodProxy.java:204)
	at org.springframework.aop.framework.CglibAopProxy$CglibMethodInvocation.invokeJoinpoint(CglibAopProxy.java:738)
	at org.springframework.aop.framework.ReflectiveMethodInvocation.proceed(ReflectiveMethodInvocation.java:157)
	at org.springframework.dao.support.PersistenceExceptionTranslationInterceptor.invoke(PersistenceExceptionTranslationInterceptor.java:136)
	at org.springframework.aop.framework.ReflectiveMethodInvocation.proceed(ReflectiveMethodInvocation.java:179)
	at org.springframework.aop.framework.CglibAopProxy$DynamicAdvisedInterceptor.intercept(CglibAopProxy.java:673)
	at com.lihebin.blog.dao.UserDao$$EnhancerBySpringCGLIB$$1b1deaac.queryUserByUsername(<generated>)
	at com.lihebin.blog.service.UserServiceImpl.login(UserServiceImpl.java:45)
	at sun.reflect.NativeMethodAccessorImpl.invoke0(Native Method)
	at sun.reflect.NativeMethodAccessorImpl.invoke(NativeMethodAccessorImpl.java:62)
	at sun.reflect.DelegatingMethodAccessorImpl.invoke(DelegatingMethodAccessorImpl.java:43)
	at java.lang.reflect.Method.invoke(Method.java:498)
	at org.springframework.aop.support.AopUtils.invokeJoinpointUsingReflection(AopUtils.java:333)
	at org.springframework.aop.framework.ReflectiveMethodInvocation.invokeJoinpoint(ReflectiveMethodInvocation.java:190)
	at org.springframework.aop.framework.ReflectiveMethodInvocation.proceed(ReflectiveMethodInvocation.java:157)
	at org.springframework.validation.beanvalidation.MethodValidationInterceptor.invoke(MethodValidationInterceptor.java:150)
	at org.springframework.aop.framework.ReflectiveMethodInvocation.proceed(ReflectiveMethodInvocation.java:179)
	at org.springframework.aop.framework.adapter.MethodBeforeAdviceInterceptor.invoke(MethodBeforeAdviceInterceptor.java:52)
	at org.springframework.aop.framework.ReflectiveMethodInvocation.proceed(ReflectiveMethodInvocation.java:179)
	at org.springframework.aop.framework.adapter.AfterReturningAdviceInterceptor.invoke(AfterReturningAdviceInterceptor.java:52)
	at org.springframework.aop.framework.ReflectiveMethodInvocation.proceed(ReflectiveMethodInvocation.java:179)
	at org.springframework.aop.interceptor.ExposeInvocationInterceptor.invoke(ExposeInvocationInterceptor.java:92)
	at org.springframework.aop.framework.ReflectiveMethodInvocation.proceed(ReflectiveMethodInvocation.java:179)
	at org.springframework.aop.framework.JdkDynamicAopProxy.invoke(JdkDynamicAopProxy.java:213)
	at com.sun.proxy.$Proxy79.login(Unknown Source)
	at com.lihebin.blog.web.UserController.login(UserController.java:32)
	at com.lihebin.blog.web.UserController$$FastClassBySpringCGLIB$$8e11f1bf.invoke(<generated>)
	at org.springframework.cglib.proxy.MethodProxy.invoke(MethodProxy.java:204)
	at org.springframework.aop.framework.CglibAopProxy$CglibMethodInvocation.invokeJoinpoint(CglibAopProxy.java:738)
	at org.springframework.aop.framework.ReflectiveMethodInvocation.proceed(ReflectiveMethodInvocation.java:157)
	at org.springframework.aop.framework.adapter.MethodBeforeAdviceInterceptor.invoke(MethodBeforeAdviceInterceptor.java:52)
	at org.springframework.aop.framework.ReflectiveMethodInvocation.proceed(ReflectiveMethodInvocation.java:179)
	at org.springframework.aop.framework.adapter.AfterReturningAdviceInterceptor.invoke(AfterReturningAdviceInterceptor.java:52)
	at org.springframework.aop.framework.ReflectiveMethodInvocation.proceed(ReflectiveMethodInvocation.java:179)
	at org.springframework.aop.interceptor.ExposeInvocationInterceptor.invoke(ExposeInvocationInterceptor.java:92)
	at org.springframework.aop.framework.ReflectiveMethodInvocation.proceed(ReflectiveMethodInvocation.java:179)
	at org.springframework.aop.framework.CglibAopProxy$DynamicAdvisedInterceptor.intercept(CglibAopProxy.java:673)
	at com.lihebin.blog.web.UserController$$EnhancerBySpringCGLIB$$fbe0b4a9.login(<generated>)
	at sun.reflect.NativeMethodAccessorImpl.invoke0(Native Method)
	at sun.reflect.NativeMethodAccessorImpl.invoke(NativeMethodAccessorImpl.java:62)
	at sun.reflect.DelegatingMethodAccessorImpl.invoke(DelegatingMethodAccessorImpl.java:43)
	at java.lang.reflect.Method.invoke(Method.java:498)
	at org.springframework.web.method.support.InvocableHandlerMethod.doInvoke(InvocableHandlerMethod.java:205)
	at org.springframework.web.method.support.InvocableHandlerMethod.invokeForRequest(InvocableHandlerMethod.java:133)
	at org.springframework.web.servlet.mvc.method.annotation.ServletInvocableHandlerMethod.invokeAndHandle(ServletInvocableHandlerMethod.java:97)
	at org.springframework.web.servlet.mvc.method.annotation.RequestMappingHandlerAdapter.invokeHandlerMethod(RequestMappingHandlerAdapter.java:827)
	at org.springframework.web.servlet.mvc.method.annotation.RequestMappingHandlerAdapter.handleInternal(RequestMappingHandlerAdapter.java:738)
	at org.springframework.web.servlet.mvc.method.AbstractHandlerMethodAdapter.handle(AbstractHandlerMethodAdapter.java:85)
	at org.springframework.web.servlet.DispatcherServlet.doDispatch(DispatcherServlet.java:967)
	at org.springframework.web.servlet.DispatcherServlet.doService(DispatcherServlet.java:901)
	at org.springframework.web.servlet.FrameworkServlet.processRequest(FrameworkServlet.java:970)
	at org.springframework.web.servlet.FrameworkServlet.doPost(FrameworkServlet.java:872)
	at javax.servlet.http.HttpServlet.service(HttpServlet.java:661)
	at org.springframework.web.servlet.FrameworkServlet.service(FrameworkServlet.java:846)
	at javax.servlet.http.HttpServlet.service(HttpServlet.java:742)
	at org.apache.catalina.core.ApplicationFilterChain.internalDoFilter(ApplicationFilterChain.java:231)
	at org.apache.catalina.core.ApplicationFilterChain.doFilter(ApplicationFilterChain.java:166)
	at org.apache.tomcat.websocket.server.WsFilter.doFilter(WsFilter.java:52)
	at org.apache.catalina.core.ApplicationFilterChain.internalDoFilter(ApplicationFilterChain.java:193)
	at org.apache.catalina.core.ApplicationFilterChain.doFilter(ApplicationFilterChain.java:166)
	at org.springframework.web.filter.CorsFilter.doFilterInternal(CorsFilter.java:96)
	at org.springframework.web.filter.OncePerRequestFilter.doFilter(OncePerRequestFilter.java:107)
	at org.apache.catalina.core.ApplicationFilterChain.internalDoFilter(ApplicationFilterChain.java:193)
	at org.apache.catalina.core.ApplicationFilterChain.doFilter(ApplicationFilterChain.java:166)
	at org.springframework.web.filter.CharacterEncodingFilter.doFilterInternal(CharacterEncodingFilter.java:197)
	at org.springframework.web.filter.OncePerRequestFilter.doFilter(OncePerRequestFilter.java:107)
	at org.apache.catalina.core.ApplicationFilterChain.internalDoFilter(ApplicationFilterChain.java:193)
	at org.apache.catalina.core.ApplicationFilterChain.doFilter(ApplicationFilterChain.java:166)
	at org.apache.catalina.core.StandardWrapperValve.invoke(StandardWrapperValve.java:199)
	at org.apache.catalina.core.StandardContextValve.invoke(StandardContextValve.java:96)
	at org.apache.catalina.authenticator.AuthenticatorBase.invoke(AuthenticatorBase.java:478)
	at org.apache.catalina.core.StandardHostValve.invoke(StandardHostValve.java:140)
	at org.apache.catalina.valves.ErrorReportValve.invoke(ErrorReportValve.java:81)
	at org.apache.catalina.core.StandardEngineValve.invoke(StandardEngineValve.java:87)
	at org.apache.catalina.connector.CoyoteAdapter.service(CoyoteAdapter.java:342)
	at org.apache.coyote.http11.Http11Processor.service(Http11Processor.java:803)
	at org.apache.coyote.AbstractProcessorLight.process(AbstractProcessorLight.java:66)
	at org.apache.coyote.AbstractProtocol$ConnectionHandler.process(AbstractProtocol.java:868)
	at org.apache.tomcat.util.net.NioEndpoint$SocketProcessor.doRun(NioEndpoint.java:1459)
	at org.apache.tomcat.util.net.SocketProcessorBase.run(SocketProcessorBase.java:49)
	at java.util.concurrent.ThreadPoolExecutor.runWorker(ThreadPoolExecutor.java:1142)
	at java.util.concurrent.ThreadPoolExecutor$Worker.run(ThreadPoolExecutor.java:617)
	at org.apache.tomcat.util.threads.TaskThread$WrappingRunnable.run(TaskThread.java:61)
	at java.lang.Thread.run(Thread.java:745)
22:17:36.477 [http-nio-8080-exec-2] INFO  c.l.blog.config.ServiceLogAspect - [ID41][login] response>>{code=400, message=密码错误}
22:17:36.477 [http-nio-8080-exec-2] INFO  c.l.blog.config.ServiceLogAspect - [ID41][login] web response>>{code=400, message=密码错误}
22:17:36.528 [Thread-16] INFO  o.s.b.c.e.AnnotationConfigEmbeddedWebApplicationContext - Closing org.springframework.boot.context.embedded.AnnotationConfigEmbeddedWebApplicationContext@3eb77ea8: startup date [Tue Mar 26 22:15:37 CST 2019]; root of context hierarchy
22:17:36.530 [Thread-16] INFO  o.s.c.s.DefaultLifecycleProcessor - Stopping beans in phase 2147483647
22:17:36.530 [Thread-16] INFO  o.s.c.s.DefaultLifecycleProcessor - Stopping beans in phase 0
22:17:36.531 [Thread-16] INFO  o.s.j.e.a.AnnotationMBeanExporter - Unregistering JMX-exposed beans on shutdown
22:17:36.531 [Thread-16] INFO  o.s.j.e.a.AnnotationMBeanExporter - Unregistering JMX-exposed beans
22:17:36.537 [Thread-16] INFO  c.alibaba.druid.pool.DruidDataSource - {dataSource-1} closed
22:17:43.133 [main] INFO  com.lihebin.blog.Application - Starting Application on lihebindembp with PID 93028 (/Users/lihebin/github/blog-message-backend/blog-war/target/classes started by lihebin in /Users/lihebin/github/blog-message-backend)
22:17:43.137 [main] INFO  com.lihebin.blog.Application - The following profiles are active: test
22:17:43.197 [main] INFO  o.s.b.c.e.AnnotationConfigEmbeddedWebApplicationContext - Refreshing org.springframework.boot.context.embedded.AnnotationConfigEmbeddedWebApplicationContext@3eb77ea8: startup date [Tue Mar 26 22:17:43 CST 2019]; root of context hierarchy
22:17:43.665 [main] INFO  o.s.b.f.xml.XmlBeanDefinitionReader - Loading XML bean definitions from file [/Users/lihebin/github/blog-message-backend/blog-war/target/classes/spring/interceptor-config.xml]
22:17:43.891 [main] INFO  o.s.d.r.c.RepositoryConfigurationDelegate - Multiple Spring Data modules found, entering strict repository configuration mode!
22:17:44.191 [main] INFO  o.s.c.s.PostProcessorRegistrationDelegate$BeanPostProcessorChecker - Bean 'org.springframework.kafka.annotation.KafkaBootstrapConfiguration' of type [org.springframework.kafka.annotation.KafkaBootstrapConfiguration$$EnhancerBySpringCGLIB$$237145a6] is not eligible for getting processed by all BeanPostProcessors (for example: not eligible for auto-proxying)
22:17:44.982 [main] INFO  o.s.b.c.e.t.TomcatEmbeddedServletContainer - Tomcat initialized with port(s): 8080 (http)
22:17:44.991 [main] INFO  o.a.catalina.core.StandardService - Starting service [Tomcat]
22:17:44.992 [main] INFO  o.a.catalina.core.StandardEngine - Starting Servlet Engine: Apache Tomcat/8.5.23
22:17:45.067 [localhost-startStop-1] INFO  o.a.c.c.C.[Tomcat].[localhost].[/] - Initializing Spring embedded WebApplicationContext
22:17:45.068 [localhost-startStop-1] INFO  o.s.web.context.ContextLoader - Root WebApplicationContext: initialization completed in 1871 ms
22:17:45.263 [localhost-startStop-1] INFO  o.s.b.w.s.FilterRegistrationBean - Mapping filter: 'characterEncodingFilter' to: [/*]
22:17:45.264 [localhost-startStop-1] INFO  o.s.b.w.s.FilterRegistrationBean - Mapping filter: 'corsFilter' to: [/*]
22:17:45.265 [localhost-startStop-1] INFO  o.s.b.w.s.ServletRegistrationBean - Mapping servlet: 'dispatcherServlet' to [/]
22:17:46.147 [main] INFO  o.s.w.s.m.m.a.RequestMappingHandlerMapping - Mapped "{[/blog/getClassify],methods=[GET]}" onto public java.util.List<java.lang.String> com.lihebin.blog.web.BlogController.getClassify()
22:17:46.149 [main] INFO  o.s.w.s.m.m.a.RequestMappingHandlerMapping - Mapped "{[/blog/listBlog],methods=[POST],produces=[application/json;charset=UTF-8]}" onto public com.lihebin.blog.bean.Articles com.lihebin.blog.web.BlogController.listBlog(com.lihebin.blog.bean.Articles)
22:17:46.150 [main] INFO  o.s.w.s.m.m.a.RequestMappingHandlerMapping - Mapped "{[/blog/getBlog],methods=[GET]}" onto public com.lihebin.blog.bean.Article com.lihebin.blog.web.BlogController.getBlog(java.lang.String)
22:17:46.150 [main] INFO  o.s.w.s.m.m.a.RequestMappingHandlerMapping - Mapped "{[/blog/updateBlog],methods=[POST],produces=[application/json;charset=UTF-8]}" onto public com.lihebin.blog.bean.Article com.lihebin.blog.web.BlogController.updateBlog(com.lihebin.blog.bean.Article)
22:17:46.150 [main] INFO  o.s.w.s.m.m.a.RequestMappingHandlerMapping - Mapped "{[/blog/createBlog],methods=[POST],produces=[application/json;charset=UTF-8]}" onto public com.lihebin.blog.bean.Article com.lihebin.blog.web.BlogController.createBlog(com.lihebin.blog.bean.Article)
22:17:46.151 [main] INFO  o.s.w.s.m.m.a.RequestMappingHandlerMapping - Mapped "{[/blog/deleteBlog],methods=[GET]}" onto public void com.lihebin.blog.web.BlogController.deleteBlog(java.lang.String)
22:17:46.152 [main] INFO  o.s.w.s.m.m.a.RequestMappingHandlerMapping - Mapped "{[/user/getMenus],methods=[GET]}" onto public java.util.List<com.lihebin.blog.bean.UserMenu> com.lihebin.blog.web.UserController.getMenus(java.lang.String)
22:17:46.152 [main] INFO  o.s.w.s.m.m.a.RequestMappingHandlerMapping - Mapped "{[/user/insertAndDeleteUser],methods=[POST],produces=[application/json;charset=UTF-8]}" onto public java.util.Map com.lihebin.blog.web.UserController.insertAndDeleteUser(java.util.Map)
22:17:46.152 [main] INFO  o.s.w.s.m.m.a.RequestMappingHandlerMapping - Mapped "{[/api/relevanceUserAndMenu],methods=[POST],produces=[application/json;charset=UTF-8]}" onto public java.util.Map com.lihebin.blog.web.UserController.relevanceUserAndMenu(java.util.Map)
22:17:46.153 [main] INFO  o.s.w.s.m.m.a.RequestMappingHandlerMapping - Mapped "{[/user/logout],methods=[GET]}" onto public java.util.Map com.lihebin.blog.web.UserController.logout(java.lang.String)
22:17:46.153 [main] INFO  o.s.w.s.m.m.a.RequestMappingHandlerMapping - Mapped "{[/user/login],methods=[POST],produces=[application/json;charset=UTF-8]}" onto public java.util.Map com.lihebin.blog.web.UserController.login(java.util.Map) throws java.lang.Exception
22:17:46.156 [main] INFO  o.s.w.s.m.m.a.RequestMappingHandlerMapping - Mapped "{[/error]}" onto public org.springframework.http.ResponseEntity<java.util.Map<java.lang.String, java.lang.Object>> org.springframework.boot.autoconfigure.web.BasicErrorController.error(javax.servlet.http.HttpServletRequest)
22:17:46.157 [main] INFO  o.s.w.s.m.m.a.RequestMappingHandlerMapping - Mapped "{[/error],produces=[text/html]}" onto public org.springframework.web.servlet.ModelAndView org.springframework.boot.autoconfigure.web.BasicErrorController.errorHtml(javax.servlet.http.HttpServletRequest,javax.servlet.http.HttpServletResponse)
22:17:46.280 [main] INFO  o.s.w.s.m.m.a.RequestMappingHandlerAdapter - Looking for @ControllerAdvice: org.springframework.boot.context.embedded.AnnotationConfigEmbeddedWebApplicationContext@3eb77ea8: startup date [Tue Mar 26 22:17:43 CST 2019]; root of context hierarchy
22:17:47.377 [main] INFO  o.s.j.e.a.AnnotationMBeanExporter - Registering beans for JMX exposure on startup
22:17:47.379 [main] INFO  o.s.j.e.a.AnnotationMBeanExporter - Bean with name 'backendDataSource' has been autodetected for JMX exposure
22:17:47.379 [main] INFO  o.s.j.e.a.AnnotationMBeanExporter - Bean with name 'blogDataSource' has been autodetected for JMX exposure
22:17:47.385 [main] INFO  o.s.j.e.a.AnnotationMBeanExporter - Located MBean 'blogDataSource': registering with JMX server as MBean [com.alibaba.druid.pool:name=blogDataSource,type=DruidDataSource]
22:17:47.388 [main] INFO  o.s.j.e.a.AnnotationMBeanExporter - Located MBean 'backendDataSource': registering with JMX server as MBean [com.alibaba.druid.pool:name=backendDataSource,type=DruidDataSource]
22:17:47.391 [main] INFO  o.s.c.s.DefaultLifecycleProcessor - Starting beans in phase 2147483647
22:17:47.547 [main] INFO  o.s.b.c.e.t.TomcatEmbeddedServletContainer - Tomcat started on port(s): 8080 (http)
22:17:47.554 [main] INFO  com.lihebin.blog.Application - Started Application in 4.743 seconds (JVM running for 5.465)
22:17:50.656 [http-nio-8080-exec-1] INFO  o.a.c.c.C.[Tomcat].[localhost].[/] - Initializing Spring FrameworkServlet 'dispatcherServlet'
22:17:50.656 [http-nio-8080-exec-1] INFO  o.s.web.servlet.DispatcherServlet - FrameworkServlet 'dispatcherServlet': initialization started
22:17:50.688 [http-nio-8080-exec-1] INFO  o.s.web.servlet.DispatcherServlet - FrameworkServlet 'dispatcherServlet': initialization completed in 32 ms
22:17:50.783 [http-nio-8080-exec-2] INFO  c.l.blog.config.ServiceLogAspect - [ID40][login] web request>>[{username=18301900685, password=63b891d3324fef21bfcc8914a723acef}]
22:17:50.793 [http-nio-8080-exec-2] INFO  c.l.blog.config.ServiceLogAspect - [ID40][login] request>>[18301900685, 63b891d3324fef21bfcc8914a723acef]
22:17:59.378 [http-nio-8080-exec-2] INFO  c.alibaba.druid.pool.DruidDataSource - {dataSource-1} inited
22:17:59.455 [http-nio-8080-exec-2] INFO  c.l.blog.config.ServiceLogAspect - [ID40][login] response>>{code=200, name=lihebin, username=18301900685, token=d6fddb15e85591057837094c78b8dd35}
22:17:59.455 [http-nio-8080-exec-2] INFO  c.l.blog.config.ServiceLogAspect - [ID40][login] web response>>{code=200, name=lihebin, username=18301900685, token=d6fddb15e85591057837094c78b8dd35}
22:17:59.508 [http-nio-8080-exec-3] INFO  c.l.blog.config.ServiceLogAspect - [ID41][getMenus] web request>>[d6fddb15e85591057837094c78b8dd35]
22:17:59.508 [http-nio-8080-exec-3] INFO  c.l.blog.config.ServiceLogAspect - [ID41][listMenuByToken] request>>[d6fddb15e85591057837094c78b8dd35]
22:17:59.509 [http-nio-8080-exec-3] INFO  c.l.blog.config.ServiceLogAspect - [ID41][listMenuByToken] response>>[]
22:17:59.509 [http-nio-8080-exec-3] INFO  c.l.blog.config.ServiceLogAspect - [ID41][getMenus] web response>>[]
22:19:39.448 [http-nio-8080-exec-5] INFO  c.l.blog.config.ServiceLogAspect - [ID43][logout] web request>>[d6fddb15e85591057837094c78b8dd35]
22:19:39.454 [http-nio-8080-exec-5] INFO  c.l.blog.config.ServiceLogAspect - [ID43][logout] request>>[d6fddb15e85591057837094c78b8dd35]
22:19:39.457 [http-nio-8080-exec-5] INFO  c.l.blog.config.ServiceLogAspect - [ID43][logout] response>>{code=400}
22:19:39.457 [http-nio-8080-exec-5] INFO  c.l.blog.config.ServiceLogAspect - [ID43][logout] web response>>{code=400}
22:19:51.411 [http-nio-8080-exec-7] INFO  c.l.blog.config.ServiceLogAspect - [ID45][login] web request>>[{username=18301900685, password=63b891d3324fef21bfcc8914a723acef}]
22:19:51.412 [http-nio-8080-exec-7] INFO  c.l.blog.config.ServiceLogAspect - [ID45][login] request>>[18301900685, 63b891d3324fef21bfcc8914a723acef]
22:19:57.543 [http-nio-8080-exec-7] INFO  c.l.blog.config.ServiceLogAspect - [ID45][login] response>>{code=200, name=lihebin, username=18301900685, token=88da775fff94a7edaba230eb700037ca}
22:19:57.544 [http-nio-8080-exec-7] INFO  c.l.blog.config.ServiceLogAspect - [ID45][login] web response>>{code=200, name=lihebin, username=18301900685, token=88da775fff94a7edaba230eb700037ca}
22:19:57.564 [http-nio-8080-exec-8] INFO  c.l.blog.config.ServiceLogAspect - [ID46][getMenus] web request>>[88da775fff94a7edaba230eb700037ca]
22:19:57.564 [http-nio-8080-exec-8] INFO  c.l.blog.config.ServiceLogAspect - [ID46][listMenuByToken] request>>[88da775fff94a7edaba230eb700037ca]
22:21:01.916 [http-nio-8080-exec-8] INFO  c.l.blog.config.ServiceLogAspect - [ID46][listMenuByToken] response>>[]
22:21:01.917 [http-nio-8080-exec-8] INFO  c.l.blog.config.ServiceLogAspect - [ID46][getMenus] web response>>[]
22:21:01.985 [Thread-15] INFO  o.s.b.c.e.AnnotationConfigEmbeddedWebApplicationContext - Closing org.springframework.boot.context.embedded.AnnotationConfigEmbeddedWebApplicationContext@3eb77ea8: startup date [Tue Mar 26 22:17:43 CST 2019]; root of context hierarchy
22:21:01.987 [Thread-15] INFO  o.s.c.s.DefaultLifecycleProcessor - Stopping beans in phase 2147483647
22:21:01.987 [Thread-15] INFO  o.s.c.s.DefaultLifecycleProcessor - Stopping beans in phase 0
22:21:01.988 [Thread-15] INFO  o.s.j.e.a.AnnotationMBeanExporter - Unregistering JMX-exposed beans on shutdown
22:21:01.988 [Thread-15] INFO  o.s.j.e.a.AnnotationMBeanExporter - Unregistering JMX-exposed beans
22:21:01.991 [Thread-15] INFO  c.alibaba.druid.pool.DruidDataSource - {dataSource-1} closed
22:41:04.869 [main] INFO  com.lihebin.blog.Application - Starting Application on lihebindembp with PID 93073 (/Users/lihebin/github/blog-message-backend/blog-war/target/classes started by lihebin in /Users/lihebin/github/blog-message-backend)
22:41:04.872 [main] INFO  com.lihebin.blog.Application - The following profiles are active: test
22:41:04.935 [main] INFO  o.s.b.c.e.AnnotationConfigEmbeddedWebApplicationContext - Refreshing org.springframework.boot.context.embedded.AnnotationConfigEmbeddedWebApplicationContext@3eb77ea8: startup date [Tue Mar 26 22:41:04 CST 2019]; root of context hierarchy
22:41:05.483 [main] INFO  o.s.b.f.xml.XmlBeanDefinitionReader - Loading XML bean definitions from file [/Users/lihebin/github/blog-message-backend/blog-war/target/classes/spring/interceptor-config.xml]
22:41:05.814 [main] INFO  o.s.d.r.c.RepositoryConfigurationDelegate - Multiple Spring Data modules found, entering strict repository configuration mode!
22:41:06.286 [main] INFO  o.s.c.s.PostProcessorRegistrationDelegate$BeanPostProcessorChecker - Bean 'org.springframework.kafka.annotation.KafkaBootstrapConfiguration' of type [org.springframework.kafka.annotation.KafkaBootstrapConfiguration$$EnhancerBySpringCGLIB$$f9908415] is not eligible for getting processed by all BeanPostProcessors (for example: not eligible for auto-proxying)
22:41:07.177 [main] INFO  o.s.b.c.e.t.TomcatEmbeddedServletContainer - Tomcat initialized with port(s): 8080 (http)
22:41:07.188 [main] INFO  o.a.catalina.core.StandardService - Starting service [Tomcat]
22:41:07.189 [main] INFO  o.a.catalina.core.StandardEngine - Starting Servlet Engine: Apache Tomcat/8.5.23
22:41:07.279 [localhost-startStop-1] INFO  o.a.c.c.C.[Tomcat].[localhost].[/] - Initializing Spring embedded WebApplicationContext
22:41:07.279 [localhost-startStop-1] INFO  o.s.web.context.ContextLoader - Root WebApplicationContext: initialization completed in 2344 ms
22:41:07.462 [localhost-startStop-1] INFO  o.s.b.w.s.FilterRegistrationBean - Mapping filter: 'characterEncodingFilter' to: [/*]
22:41:07.462 [localhost-startStop-1] INFO  o.s.b.w.s.FilterRegistrationBean - Mapping filter: 'corsFilter' to: [/*]
22:41:07.463 [localhost-startStop-1] INFO  o.s.b.w.s.ServletRegistrationBean - Mapping servlet: 'dispatcherServlet' to [/]
22:41:08.387 [main] INFO  o.s.w.s.m.m.a.RequestMappingHandlerMapping - Mapped "{[/blog/getBlog],methods=[GET]}" onto public com.lihebin.blog.bean.Article com.lihebin.blog.web.BlogController.getBlog(java.lang.String)
22:41:08.389 [main] INFO  o.s.w.s.m.m.a.RequestMappingHandlerMapping - Mapped "{[/blog/listBlog],methods=[POST],produces=[application/json;charset=UTF-8]}" onto public com.lihebin.blog.bean.Articles com.lihebin.blog.web.BlogController.listBlog(com.lihebin.blog.bean.Articles)
22:41:08.389 [main] INFO  o.s.w.s.m.m.a.RequestMappingHandlerMapping - Mapped "{[/blog/updateBlog],methods=[POST],produces=[application/json;charset=UTF-8]}" onto public com.lihebin.blog.bean.Article com.lihebin.blog.web.BlogController.updateBlog(com.lihebin.blog.bean.Article)
22:41:08.390 [main] INFO  o.s.w.s.m.m.a.RequestMappingHandlerMapping - Mapped "{[/blog/createBlog],methods=[POST],produces=[application/json;charset=UTF-8]}" onto public com.lihebin.blog.bean.Article com.lihebin.blog.web.BlogController.createBlog(com.lihebin.blog.bean.Article)
22:41:08.390 [main] INFO  o.s.w.s.m.m.a.RequestMappingHandlerMapping - Mapped "{[/blog/deleteBlog],methods=[GET]}" onto public void com.lihebin.blog.web.BlogController.deleteBlog(java.lang.String)
22:41:08.390 [main] INFO  o.s.w.s.m.m.a.RequestMappingHandlerMapping - Mapped "{[/blog/getClassify],methods=[GET]}" onto public java.util.List<java.lang.String> com.lihebin.blog.web.BlogController.getClassify()
22:41:08.392 [main] INFO  o.s.w.s.m.m.a.RequestMappingHandlerMapping - Mapped "{[/api/relevanceUserAndMenu],methods=[POST],produces=[application/json;charset=UTF-8]}" onto public java.util.Map com.lihebin.blog.web.UserController.relevanceUserAndMenu(java.util.Map)
22:41:08.392 [main] INFO  o.s.w.s.m.m.a.RequestMappingHandlerMapping - Mapped "{[/user/logout],methods=[GET]}" onto public java.util.Map com.lihebin.blog.web.UserController.logout(java.lang.String)
22:41:08.393 [main] INFO  o.s.w.s.m.m.a.RequestMappingHandlerMapping - Mapped "{[/user/login],methods=[POST],produces=[application/json;charset=UTF-8]}" onto public java.util.Map com.lihebin.blog.web.UserController.login(java.util.Map) throws java.lang.Exception
22:41:08.393 [main] INFO  o.s.w.s.m.m.a.RequestMappingHandlerMapping - Mapped "{[/user/getMenus],methods=[GET]}" onto public java.util.List<com.lihebin.blog.bean.UserMenu> com.lihebin.blog.web.UserController.getMenus(java.lang.String)
22:41:08.393 [main] INFO  o.s.w.s.m.m.a.RequestMappingHandlerMapping - Mapped "{[/user/insertAndDeleteUser],methods=[POST],produces=[application/json;charset=UTF-8]}" onto public java.util.Map com.lihebin.blog.web.UserController.insertAndDeleteUser(java.util.Map)
22:41:08.397 [main] INFO  o.s.w.s.m.m.a.RequestMappingHandlerMapping - Mapped "{[/error]}" onto public org.springframework.http.ResponseEntity<java.util.Map<java.lang.String, java.lang.Object>> org.springframework.boot.autoconfigure.web.BasicErrorController.error(javax.servlet.http.HttpServletRequest)
22:41:08.398 [main] INFO  o.s.w.s.m.m.a.RequestMappingHandlerMapping - Mapped "{[/error],produces=[text/html]}" onto public org.springframework.web.servlet.ModelAndView org.springframework.boot.autoconfigure.web.BasicErrorController.errorHtml(javax.servlet.http.HttpServletRequest,javax.servlet.http.HttpServletResponse)
22:41:08.531 [main] INFO  o.s.w.s.m.m.a.RequestMappingHandlerAdapter - Looking for @ControllerAdvice: org.springframework.boot.context.embedded.AnnotationConfigEmbeddedWebApplicationContext@3eb77ea8: startup date [Tue Mar 26 22:41:04 CST 2019]; root of context hierarchy
22:41:09.517 [main] INFO  o.s.j.e.a.AnnotationMBeanExporter - Registering beans for JMX exposure on startup
22:41:09.519 [main] INFO  o.s.j.e.a.AnnotationMBeanExporter - Bean with name 'backendDataSource' has been autodetected for JMX exposure
22:41:09.519 [main] INFO  o.s.j.e.a.AnnotationMBeanExporter - Bean with name 'blogDataSource' has been autodetected for JMX exposure
22:41:09.526 [main] INFO  o.s.j.e.a.AnnotationMBeanExporter - Located MBean 'blogDataSource': registering with JMX server as MBean [com.alibaba.druid.pool:name=blogDataSource,type=DruidDataSource]
22:41:09.528 [main] INFO  o.s.j.e.a.AnnotationMBeanExporter - Located MBean 'backendDataSource': registering with JMX server as MBean [com.alibaba.druid.pool:name=backendDataSource,type=DruidDataSource]
22:41:09.533 [main] INFO  o.s.c.s.DefaultLifecycleProcessor - Starting beans in phase 2147483647
22:41:09.737 [main] INFO  o.s.b.c.e.t.TomcatEmbeddedServletContainer - Tomcat started on port(s): 8080 (http)
22:41:09.742 [main] INFO  com.lihebin.blog.Application - Started Application in 5.219 seconds (JVM running for 6.035)
22:41:14.128 [http-nio-8080-exec-1] INFO  o.a.c.c.C.[Tomcat].[localhost].[/] - Initializing Spring FrameworkServlet 'dispatcherServlet'
22:41:14.129 [http-nio-8080-exec-1] INFO  o.s.web.servlet.DispatcherServlet - FrameworkServlet 'dispatcherServlet': initialization started
22:41:14.158 [http-nio-8080-exec-1] INFO  o.s.web.servlet.DispatcherServlet - FrameworkServlet 'dispatcherServlet': initialization completed in 29 ms
22:41:14.253 [http-nio-8080-exec-2] INFO  c.l.blog.config.ServiceLogAspect - [ID41][login] web request>>[{username=18301900685, password=63b891d3324fef21bfcc8914a723acef}]
22:41:14.265 [http-nio-8080-exec-2] INFO  c.l.blog.config.ServiceLogAspect - [ID41][login] request>>[18301900685, 63b891d3324fef21bfcc8914a723acef]
22:41:16.241 [http-nio-8080-exec-2] INFO  c.alibaba.druid.pool.DruidDataSource - {dataSource-1} inited
22:41:53.629 [Thread-16] INFO  o.s.b.c.e.AnnotationConfigEmbeddedWebApplicationContext - Closing org.springframework.boot.context.embedded.AnnotationConfigEmbeddedWebApplicationContext@3eb77ea8: startup date [Tue Mar 26 22:41:04 CST 2019]; root of context hierarchy
22:41:53.631 [Thread-16] INFO  o.s.c.s.DefaultLifecycleProcessor - Stopping beans in phase 2147483647
22:41:53.632 [Thread-16] INFO  o.s.c.s.DefaultLifecycleProcessor - Stopping beans in phase 0
22:41:53.632 [Thread-16] INFO  o.s.j.e.a.AnnotationMBeanExporter - Unregistering JMX-exposed beans on shutdown
22:41:53.633 [Thread-16] INFO  o.s.j.e.a.AnnotationMBeanExporter - Unregistering JMX-exposed beans
22:41:53.641 [Thread-16] INFO  c.alibaba.druid.pool.DruidDataSource - {dataSource-1} closed
22:42:06.679 [main] INFO  com.lihebin.blog.Application - Starting Application on lihebindembp with PID 93076 (/Users/lihebin/github/blog-message-backend/blog-war/target/classes started by lihebin in /Users/lihebin/github/blog-message-backend)
22:42:06.683 [main] INFO  com.lihebin.blog.Application - The following profiles are active: test
22:42:06.746 [main] INFO  o.s.b.c.e.AnnotationConfigEmbeddedWebApplicationContext - Refreshing org.springframework.boot.context.embedded.AnnotationConfigEmbeddedWebApplicationContext@3eb77ea8: startup date [Tue Mar 26 22:42:06 CST 2019]; root of context hierarchy
22:42:07.290 [main] INFO  o.s.b.f.xml.XmlBeanDefinitionReader - Loading XML bean definitions from file [/Users/lihebin/github/blog-message-backend/blog-war/target/classes/spring/interceptor-config.xml]
22:42:07.574 [main] INFO  o.s.d.r.c.RepositoryConfigurationDelegate - Multiple Spring Data modules found, entering strict repository configuration mode!
22:42:07.943 [main] INFO  o.s.c.s.PostProcessorRegistrationDelegate$BeanPostProcessorChecker - Bean 'org.springframework.kafka.annotation.KafkaBootstrapConfiguration' of type [org.springframework.kafka.annotation.KafkaBootstrapConfiguration$$EnhancerBySpringCGLIB$$153485ac] is not eligible for getting processed by all BeanPostProcessors (for example: not eligible for auto-proxying)
22:42:08.705 [main] INFO  o.s.b.c.e.t.TomcatEmbeddedServletContainer - Tomcat initialized with port(s): 8080 (http)
22:42:08.714 [main] INFO  o.a.catalina.core.StandardService - Starting service [Tomcat]
22:42:08.715 [main] INFO  o.a.catalina.core.StandardEngine - Starting Servlet Engine: Apache Tomcat/8.5.23
22:42:08.788 [localhost-startStop-1] INFO  o.a.c.c.C.[Tomcat].[localhost].[/] - Initializing Spring embedded WebApplicationContext
22:42:08.788 [localhost-startStop-1] INFO  o.s.web.context.ContextLoader - Root WebApplicationContext: initialization completed in 2042 ms
22:42:08.979 [localhost-startStop-1] INFO  o.s.b.w.s.FilterRegistrationBean - Mapping filter: 'characterEncodingFilter' to: [/*]
22:42:08.980 [localhost-startStop-1] INFO  o.s.b.w.s.FilterRegistrationBean - Mapping filter: 'corsFilter' to: [/*]
22:42:08.980 [localhost-startStop-1] INFO  o.s.b.w.s.ServletRegistrationBean - Mapping servlet: 'dispatcherServlet' to [/]
22:42:09.823 [main] INFO  o.s.w.s.m.m.a.RequestMappingHandlerMapping - Mapped "{[/blog/getClassify],methods=[GET]}" onto public java.util.List<java.lang.String> com.lihebin.blog.web.BlogController.getClassify()
22:42:09.825 [main] INFO  o.s.w.s.m.m.a.RequestMappingHandlerMapping - Mapped "{[/blog/listBlog],methods=[POST],produces=[application/json;charset=UTF-8]}" onto public com.lihebin.blog.bean.Articles com.lihebin.blog.web.BlogController.listBlog(com.lihebin.blog.bean.Articles)
22:42:09.825 [main] INFO  o.s.w.s.m.m.a.RequestMappingHandlerMapping - Mapped "{[/blog/getBlog],methods=[GET]}" onto public com.lihebin.blog.bean.Article com.lihebin.blog.web.BlogController.getBlog(java.lang.String)
22:42:09.826 [main] INFO  o.s.w.s.m.m.a.RequestMappingHandlerMapping - Mapped "{[/blog/updateBlog],methods=[POST],produces=[application/json;charset=UTF-8]}" onto public com.lihebin.blog.bean.Article com.lihebin.blog.web.BlogController.updateBlog(com.lihebin.blog.bean.Article)
22:42:09.826 [main] INFO  o.s.w.s.m.m.a.RequestMappingHandlerMapping - Mapped "{[/blog/createBlog],methods=[POST],produces=[application/json;charset=UTF-8]}" onto public com.lihebin.blog.bean.Article com.lihebin.blog.web.BlogController.createBlog(com.lihebin.blog.bean.Article)
22:42:09.826 [main] INFO  o.s.w.s.m.m.a.RequestMappingHandlerMapping - Mapped "{[/blog/deleteBlog],methods=[GET]}" onto public void com.lihebin.blog.web.BlogController.deleteBlog(java.lang.String)
22:42:09.827 [main] INFO  o.s.w.s.m.m.a.RequestMappingHandlerMapping - Mapped "{[/api/relevanceUserAndMenu],methods=[POST],produces=[application/json;charset=UTF-8]}" onto public java.util.Map com.lihebin.blog.web.UserController.relevanceUserAndMenu(java.util.Map)
22:42:09.828 [main] INFO  o.s.w.s.m.m.a.RequestMappingHandlerMapping - Mapped "{[/user/login],methods=[POST],produces=[application/json;charset=UTF-8]}" onto public java.util.Map com.lihebin.blog.web.UserController.login(java.util.Map) throws java.lang.Exception
22:42:09.828 [main] INFO  o.s.w.s.m.m.a.RequestMappingHandlerMapping - Mapped "{[/user/logout],methods=[GET]}" onto public java.util.Map com.lihebin.blog.web.UserController.logout(java.lang.String)
22:42:09.828 [main] INFO  o.s.w.s.m.m.a.RequestMappingHandlerMapping - Mapped "{[/user/getMenus],methods=[GET]}" onto public java.util.List<com.lihebin.blog.bean.UserMenu> com.lihebin.blog.web.UserController.getMenus(java.lang.String)
22:42:09.828 [main] INFO  o.s.w.s.m.m.a.RequestMappingHandlerMapping - Mapped "{[/user/insertAndDeleteUser],methods=[POST],produces=[application/json;charset=UTF-8]}" onto public java.util.Map com.lihebin.blog.web.UserController.insertAndDeleteUser(java.util.Map)
22:42:09.832 [main] INFO  o.s.w.s.m.m.a.RequestMappingHandlerMapping - Mapped "{[/error]}" onto public org.springframework.http.ResponseEntity<java.util.Map<java.lang.String, java.lang.Object>> org.springframework.boot.autoconfigure.web.BasicErrorController.error(javax.servlet.http.HttpServletRequest)
22:42:09.832 [main] INFO  o.s.w.s.m.m.a.RequestMappingHandlerMapping - Mapped "{[/error],produces=[text/html]}" onto public org.springframework.web.servlet.ModelAndView org.springframework.boot.autoconfigure.web.BasicErrorController.errorHtml(javax.servlet.http.HttpServletRequest,javax.servlet.http.HttpServletResponse)
22:42:09.954 [main] INFO  o.s.w.s.m.m.a.RequestMappingHandlerAdapter - Looking for @ControllerAdvice: org.springframework.boot.context.embedded.AnnotationConfigEmbeddedWebApplicationContext@3eb77ea8: startup date [Tue Mar 26 22:42:06 CST 2019]; root of context hierarchy
22:42:10.870 [main] INFO  o.s.j.e.a.AnnotationMBeanExporter - Registering beans for JMX exposure on startup
22:42:10.871 [main] INFO  o.s.j.e.a.AnnotationMBeanExporter - Bean with name 'backendDataSource' has been autodetected for JMX exposure
22:42:10.871 [main] INFO  o.s.j.e.a.AnnotationMBeanExporter - Bean with name 'blogDataSource' has been autodetected for JMX exposure
22:42:10.876 [main] INFO  o.s.j.e.a.AnnotationMBeanExporter - Located MBean 'blogDataSource': registering with JMX server as MBean [com.alibaba.druid.pool:name=blogDataSource,type=DruidDataSource]
22:42:10.878 [main] INFO  o.s.j.e.a.AnnotationMBeanExporter - Located MBean 'backendDataSource': registering with JMX server as MBean [com.alibaba.druid.pool:name=backendDataSource,type=DruidDataSource]
22:42:10.881 [main] INFO  o.s.c.s.DefaultLifecycleProcessor - Starting beans in phase 2147483647
22:42:11.041 [main] INFO  o.s.b.c.e.t.TomcatEmbeddedServletContainer - Tomcat started on port(s): 8080 (http)
22:42:11.047 [main] INFO  com.lihebin.blog.Application - Started Application in 4.664 seconds (JVM running for 5.393)
22:42:16.161 [http-nio-8080-exec-1] INFO  o.a.c.c.C.[Tomcat].[localhost].[/] - Initializing Spring FrameworkServlet 'dispatcherServlet'
22:42:16.163 [http-nio-8080-exec-1] INFO  o.s.web.servlet.DispatcherServlet - FrameworkServlet 'dispatcherServlet': initialization started
22:42:16.196 [http-nio-8080-exec-1] INFO  o.s.web.servlet.DispatcherServlet - FrameworkServlet 'dispatcherServlet': initialization completed in 33 ms
22:42:16.288 [http-nio-8080-exec-2] INFO  c.l.blog.config.ServiceLogAspect - [ID40][login] web request>>[{username=18301900685, password=63b891d3324fef21bfcc8914a723acef}]
22:42:16.298 [http-nio-8080-exec-2] INFO  c.l.blog.config.ServiceLogAspect - [ID40][login] request>>[18301900685, 63b891d3324fef21bfcc8914a723acef]
22:42:18.241 [http-nio-8080-exec-2] INFO  c.alibaba.druid.pool.DruidDataSource - {dataSource-1} inited
22:43:43.898 [http-nio-8080-exec-3] INFO  c.l.blog.config.ServiceLogAspect - [ID41][getMenus] web request>>[88da775fff94a7edaba230eb700037ca]
22:43:43.905 [http-nio-8080-exec-3] INFO  c.l.blog.config.ServiceLogAspect - [ID41][listMenuByToken] request>>[88da775fff94a7edaba230eb700037ca]
22:43:49.437 [http-nio-8080-exec-2] INFO  c.l.blog.config.ServiceLogAspect - [ID40][login] response>>{code=200, name=lihebin, username=18301900685, token=3a662dee34e1b16abaa34dc261f4cca0}
22:43:49.455 [http-nio-8080-exec-2] INFO  c.l.blog.config.ServiceLogAspect - [ID40][login] web response>>{code=200, name=lihebin, username=18301900685, token=3a662dee34e1b16abaa34dc261f4cca0}
22:43:59.790 [http-nio-8080-exec-4] INFO  c.l.blog.config.ServiceLogAspect - [ID42][getMenus] web request>>[88da775fff94a7edaba230eb700037ca]
22:43:59.791 [http-nio-8080-exec-4] INFO  c.l.blog.config.ServiceLogAspect - [ID42][listMenuByToken] request>>[88da775fff94a7edaba230eb700037ca]
22:44:24.165 [http-nio-8080-exec-3] INFO  c.l.blog.config.ServiceLogAspect - [ID41][listMenuByToken] response>>[]
22:44:24.172 [http-nio-8080-exec-3] INFO  c.l.blog.config.ServiceLogAspect - [ID41][getMenus] web response>>[]
22:44:30.230 [http-nio-8080-exec-5] INFO  c.l.blog.config.ServiceLogAspect - [ID43][getMenus] web request>>[88da775fff94a7edaba230eb700037ca]
22:44:30.230 [http-nio-8080-exec-5] INFO  c.l.blog.config.ServiceLogAspect - [ID43][listMenuByToken] request>>[88da775fff94a7edaba230eb700037ca]
22:44:40.803 [http-nio-8080-exec-4] INFO  c.l.blog.config.ServiceLogAspect - [ID42][listMenuByToken] response>>[]
22:44:40.810 [http-nio-8080-exec-4] INFO  c.l.blog.config.ServiceLogAspect - [ID42][getMenus] web response>>[]
22:44:58.024 [http-nio-8080-exec-6] INFO  c.l.blog.config.ServiceLogAspect - [ID44][getMenus] web request>>[88da775fff94a7edaba230eb700037ca]
22:44:58.030 [http-nio-8080-exec-6] INFO  c.l.blog.config.ServiceLogAspect - [ID44][listMenuByToken] request>>[88da775fff94a7edaba230eb700037ca]
22:45:07.826 [http-nio-8080-exec-5] INFO  c.l.blog.config.ServiceLogAspect - [ID43][listMenuByToken] response>>[]
22:45:07.826 [http-nio-8080-exec-5] INFO  c.l.blog.config.ServiceLogAspect - [ID43][getMenus] web response>>[]
22:45:07.894 [Thread-15] INFO  o.s.b.c.e.AnnotationConfigEmbeddedWebApplicationContext - Closing org.springframework.boot.context.embedded.AnnotationConfigEmbeddedWebApplicationContext@3eb77ea8: startup date [Tue Mar 26 22:42:06 CST 2019]; root of context hierarchy
22:45:07.895 [Thread-15] INFO  o.s.c.s.DefaultLifecycleProcessor - Stopping beans in phase 2147483647
22:45:07.895 [Thread-15] INFO  o.s.c.s.DefaultLifecycleProcessor - Stopping beans in phase 0
22:45:07.896 [Thread-15] INFO  o.s.j.e.a.AnnotationMBeanExporter - Unregistering JMX-exposed beans on shutdown
22:45:07.896 [Thread-15] INFO  o.s.j.e.a.AnnotationMBeanExporter - Unregistering JMX-exposed beans
22:45:07.899 [Thread-15] INFO  c.alibaba.druid.pool.DruidDataSource - {dataSource-1} closed
22:45:21.218 [main] INFO  com.lihebin.blog.Application - Starting Application on lihebindembp with PID 93114 (/Users/lihebin/github/blog-message-backend/blog-war/target/classes started by lihebin in /Users/lihebin/github/blog-message-backend)
22:45:21.221 [main] INFO  com.lihebin.blog.Application - The following profiles are active: test
22:45:21.298 [main] INFO  o.s.b.c.e.AnnotationConfigEmbeddedWebApplicationContext - Refreshing org.springframework.boot.context.embedded.AnnotationConfigEmbeddedWebApplicationContext@3eb77ea8: startup date [Tue Mar 26 22:45:21 CST 2019]; root of context hierarchy
22:45:21.734 [main] INFO  o.s.b.f.xml.XmlBeanDefinitionReader - Loading XML bean definitions from file [/Users/lihebin/github/blog-message-backend/blog-war/target/classes/spring/interceptor-config.xml]
22:45:21.991 [main] INFO  o.s.d.r.c.RepositoryConfigurationDelegate - Multiple Spring Data modules found, entering strict repository configuration mode!
22:45:22.334 [main] INFO  o.s.c.s.PostProcessorRegistrationDelegate$BeanPostProcessorChecker - Bean 'org.springframework.kafka.annotation.KafkaBootstrapConfiguration' of type [org.springframework.kafka.annotation.KafkaBootstrapConfiguration$$EnhancerBySpringCGLIB$$6183d9dd] is not eligible for getting processed by all BeanPostProcessors (for example: not eligible for auto-proxying)
22:45:23.073 [main] INFO  o.s.b.c.e.t.TomcatEmbeddedServletContainer - Tomcat initialized with port(s): 8080 (http)
22:45:23.082 [main] INFO  o.a.catalina.core.StandardService - Starting service [Tomcat]
22:45:23.083 [main] INFO  o.a.catalina.core.StandardEngine - Starting Servlet Engine: Apache Tomcat/8.5.23
22:45:23.163 [localhost-startStop-1] INFO  o.a.c.c.C.[Tomcat].[localhost].[/] - Initializing Spring embedded WebApplicationContext
22:45:23.163 [localhost-startStop-1] INFO  o.s.web.context.ContextLoader - Root WebApplicationContext: initialization completed in 1865 ms
22:45:23.334 [localhost-startStop-1] INFO  o.s.b.w.s.FilterRegistrationBean - Mapping filter: 'characterEncodingFilter' to: [/*]
22:45:23.335 [localhost-startStop-1] INFO  o.s.b.w.s.FilterRegistrationBean - Mapping filter: 'corsFilter' to: [/*]
22:45:23.335 [localhost-startStop-1] INFO  o.s.b.w.s.ServletRegistrationBean - Mapping servlet: 'dispatcherServlet' to [/]
22:45:24.149 [main] INFO  o.s.w.s.m.m.a.RequestMappingHandlerMapping - Mapped "{[/blog/listBlog],methods=[POST],produces=[application/json;charset=UTF-8]}" onto public com.lihebin.blog.bean.Articles com.lihebin.blog.web.BlogController.listBlog(com.lihebin.blog.bean.Articles)
22:45:24.150 [main] INFO  o.s.w.s.m.m.a.RequestMappingHandlerMapping - Mapped "{[/blog/getBlog],methods=[GET]}" onto public com.lihebin.blog.bean.Article com.lihebin.blog.web.BlogController.getBlog(java.lang.String)
22:45:24.151 [main] INFO  o.s.w.s.m.m.a.RequestMappingHandlerMapping - Mapped "{[/blog/updateBlog],methods=[POST],produces=[application/json;charset=UTF-8]}" onto public com.lihebin.blog.bean.Article com.lihebin.blog.web.BlogController.updateBlog(com.lihebin.blog.bean.Article)
22:45:24.151 [main] INFO  o.s.w.s.m.m.a.RequestMappingHandlerMapping - Mapped "{[/blog/createBlog],methods=[POST],produces=[application/json;charset=UTF-8]}" onto public com.lihebin.blog.bean.Article com.lihebin.blog.web.BlogController.createBlog(com.lihebin.blog.bean.Article)
22:45:24.151 [main] INFO  o.s.w.s.m.m.a.RequestMappingHandlerMapping - Mapped "{[/blog/deleteBlog],methods=[GET]}" onto public void com.lihebin.blog.web.BlogController.deleteBlog(java.lang.String)
22:45:24.151 [main] INFO  o.s.w.s.m.m.a.RequestMappingHandlerMapping - Mapped "{[/blog/getClassify],methods=[GET]}" onto public java.util.List<java.lang.String> com.lihebin.blog.web.BlogController.getClassify()
22:45:24.152 [main] INFO  o.s.w.s.m.m.a.RequestMappingHandlerMapping - Mapped "{[/user/login],methods=[POST],produces=[application/json;charset=UTF-8]}" onto public java.util.Map com.lihebin.blog.web.UserController.login(java.util.Map) throws java.lang.Exception
22:45:24.153 [main] INFO  o.s.w.s.m.m.a.RequestMappingHandlerMapping - Mapped "{[/user/logout],methods=[GET]}" onto public java.util.Map com.lihebin.blog.web.UserController.logout(java.lang.String)
22:45:24.153 [main] INFO  o.s.w.s.m.m.a.RequestMappingHandlerMapping - Mapped "{[/user/getMenus],methods=[GET]}" onto public java.util.List<com.lihebin.blog.bean.UserMenu> com.lihebin.blog.web.UserController.getMenus(java.lang.String)
22:45:24.153 [main] INFO  o.s.w.s.m.m.a.RequestMappingHandlerMapping - Mapped "{[/user/insertAndDeleteUser],methods=[POST],produces=[application/json;charset=UTF-8]}" onto public java.util.Map com.lihebin.blog.web.UserController.insertAndDeleteUser(java.util.Map)
22:45:24.153 [main] INFO  o.s.w.s.m.m.a.RequestMappingHandlerMapping - Mapped "{[/api/relevanceUserAndMenu],methods=[POST],produces=[application/json;charset=UTF-8]}" onto public java.util.Map com.lihebin.blog.web.UserController.relevanceUserAndMenu(java.util.Map)
22:45:24.156 [main] INFO  o.s.w.s.m.m.a.RequestMappingHandlerMapping - Mapped "{[/error]}" onto public org.springframework.http.ResponseEntity<java.util.Map<java.lang.String, java.lang.Object>> org.springframework.boot.autoconfigure.web.BasicErrorController.error(javax.servlet.http.HttpServletRequest)
22:45:24.157 [main] INFO  o.s.w.s.m.m.a.RequestMappingHandlerMapping - Mapped "{[/error],produces=[text/html]}" onto public org.springframework.web.servlet.ModelAndView org.springframework.boot.autoconfigure.web.BasicErrorController.errorHtml(javax.servlet.http.HttpServletRequest,javax.servlet.http.HttpServletResponse)
22:45:24.264 [main] INFO  o.s.w.s.m.m.a.RequestMappingHandlerAdapter - Looking for @ControllerAdvice: org.springframework.boot.context.embedded.AnnotationConfigEmbeddedWebApplicationContext@3eb77ea8: startup date [Tue Mar 26 22:45:21 CST 2019]; root of context hierarchy
22:45:25.195 [main] INFO  o.s.j.e.a.AnnotationMBeanExporter - Registering beans for JMX exposure on startup
22:45:25.197 [main] INFO  o.s.j.e.a.AnnotationMBeanExporter - Bean with name 'backendDataSource' has been autodetected for JMX exposure
22:45:25.197 [main] INFO  o.s.j.e.a.AnnotationMBeanExporter - Bean with name 'blogDataSource' has been autodetected for JMX exposure
22:45:25.202 [main] INFO  o.s.j.e.a.AnnotationMBeanExporter - Located MBean 'blogDataSource': registering with JMX server as MBean [com.alibaba.druid.pool:name=blogDataSource,type=DruidDataSource]
22:45:25.204 [main] INFO  o.s.j.e.a.AnnotationMBeanExporter - Located MBean 'backendDataSource': registering with JMX server as MBean [com.alibaba.druid.pool:name=backendDataSource,type=DruidDataSource]
22:45:25.207 [main] INFO  o.s.c.s.DefaultLifecycleProcessor - Starting beans in phase 2147483647
22:45:25.362 [main] INFO  o.s.b.c.e.t.TomcatEmbeddedServletContainer - Tomcat started on port(s): 8080 (http)
22:45:25.367 [main] INFO  com.lihebin.blog.Application - Started Application in 4.539 seconds (JVM running for 5.474)
22:45:37.145 [http-nio-8080-exec-1] INFO  o.a.c.c.C.[Tomcat].[localhost].[/] - Initializing Spring FrameworkServlet 'dispatcherServlet'
22:45:37.146 [http-nio-8080-exec-1] INFO  o.s.web.servlet.DispatcherServlet - FrameworkServlet 'dispatcherServlet': initialization started
22:45:37.179 [http-nio-8080-exec-1] INFO  o.s.web.servlet.DispatcherServlet - FrameworkServlet 'dispatcherServlet': initialization completed in 33 ms
22:45:37.229 [http-nio-8080-exec-1] INFO  c.l.blog.config.ServiceLogAspect - [ID40][getMenus] web request>>[88da775fff94a7edaba230eb700037ca]
22:45:37.236 [http-nio-8080-exec-1] INFO  c.l.blog.config.ServiceLogAspect - [ID40][listMenuByToken] request>>[88da775fff94a7edaba230eb700037ca]
22:46:19.107 [http-nio-8080-exec-2] INFO  c.l.blog.config.ServiceLogAspect - [ID41][getMenus] web request>>[88da775fff94a7edaba230eb700037ca]
22:46:19.108 [http-nio-8080-exec-2] INFO  c.l.blog.config.ServiceLogAspect - [ID41][listMenuByToken] request>>[88da775fff94a7edaba230eb700037ca]
22:46:26.744 [http-nio-8080-exec-1] INFO  c.l.blog.config.ServiceLogAspect - [ID40][listMenuByToken] response>>[]
22:46:26.750 [http-nio-8080-exec-1] INFO  c.l.blog.config.ServiceLogAspect - [ID40][getMenus] web response>>[]
22:46:35.143 [http-nio-8080-exec-3] INFO  c.l.blog.config.ServiceLogAspect - [ID42][getMenus] web request>>[88da775fff94a7edaba230eb700037ca]
22:46:35.143 [http-nio-8080-exec-3] INFO  c.l.blog.config.ServiceLogAspect - [ID42][listMenuByToken] request>>[88da775fff94a7edaba230eb700037ca]
22:47:50.605 [http-nio-8080-exec-2] INFO  c.l.blog.config.ServiceLogAspect - [ID41][listMenuByToken] response>>[]
22:47:50.608 [http-nio-8080-exec-4] INFO  c.l.blog.config.ServiceLogAspect - [ID43][getMenus] web request>>[88da775fff94a7edaba230eb700037ca]
22:47:50.611 [http-nio-8080-exec-2] INFO  c.l.blog.config.ServiceLogAspect - [ID41][getMenus] web response>>[]
22:47:50.611 [http-nio-8080-exec-4] INFO  c.l.blog.config.ServiceLogAspect - [ID43][listMenuByToken] request>>[88da775fff94a7edaba230eb700037ca]
22:48:00.757 [http-nio-8080-exec-5] INFO  c.l.blog.config.ServiceLogAspect - [ID44][getMenus] web request>>[88da775fff94a7edaba230eb700037ca]
22:48:00.758 [http-nio-8080-exec-5] INFO  c.l.blog.config.ServiceLogAspect - [ID44][listMenuByToken] request>>[88da775fff94a7edaba230eb700037ca]
22:48:20.608 [http-nio-8080-exec-3] INFO  c.l.blog.config.ServiceLogAspect - [ID42][listMenuByToken] response>>[]
22:48:20.609 [http-nio-8080-exec-3] INFO  c.l.blog.config.ServiceLogAspect - [ID42][getMenus] web response>>[]
22:48:21.223 [http-nio-8080-exec-4] INFO  c.l.blog.config.ServiceLogAspect - [ID43][listMenuByToken] response>>[]
22:48:21.224 [http-nio-8080-exec-4] INFO  c.l.blog.config.ServiceLogAspect - [ID43][getMenus] web response>>[]
22:48:30.764 [http-nio-8080-exec-5] INFO  c.l.blog.config.ServiceLogAspect - [ID44][listMenuByToken] response>>[]
22:48:30.764 [http-nio-8080-exec-5] INFO  c.l.blog.config.ServiceLogAspect - [ID44][getMenus] web response>>[]
22:48:55.739 [http-nio-8080-exec-6] INFO  c.l.blog.config.ServiceLogAspect - [ID45][getMenus] web request>>[88da775fff94a7edaba230eb700037ca]
22:48:55.739 [http-nio-8080-exec-6] INFO  c.l.blog.config.ServiceLogAspect - [ID45][listMenuByToken] request>>[88da775fff94a7edaba230eb700037ca]
22:49:23.479 [http-nio-8080-exec-7] INFO  c.l.blog.config.ServiceLogAspect - [ID46][getMenus] web request>>[88da775fff94a7edaba230eb700037ca]
22:49:32.919 [http-nio-8080-exec-7] INFO  c.l.blog.config.ServiceLogAspect - [ID46][listMenuByToken] request>>[88da775fff94a7edaba230eb700037ca]
22:49:36.621 [http-nio-8080-exec-6] INFO  c.l.blog.config.ServiceLogAspect - [ID45][listMenuByToken] response>>[]
22:49:40.181 [http-nio-8080-exec-6] INFO  c.l.blog.config.ServiceLogAspect - [ID45][getMenus] web response>>[]
22:49:52.961 [http-nio-8080-exec-8] INFO  c.l.blog.config.ServiceLogAspect - [ID47][getMenus] web request>>[88da775fff94a7edaba230eb700037ca]
22:49:56.234 [http-nio-8080-exec-8] INFO  c.l.blog.config.ServiceLogAspect - [ID47][listMenuByToken] request>>[88da775fff94a7edaba230eb700037ca]
22:55:02.462 [http-nio-8080-exec-7] INFO  c.l.blog.config.ServiceLogAspect - [ID46][listMenuByToken] response>>[]
22:55:02.462 [http-nio-8080-exec-8] INFO  c.l.blog.config.ServiceLogAspect - [ID47][listMenuByToken] response>>[]
22:55:02.463 [http-nio-8080-exec-7] INFO  c.l.blog.config.ServiceLogAspect - [ID46][getMenus] web response>>[]
22:55:02.463 [http-nio-8080-exec-8] INFO  c.l.blog.config.ServiceLogAspect - [ID47][getMenus] web response>>[]
22:55:02.521 [Thread-15] INFO  o.s.b.c.e.AnnotationConfigEmbeddedWebApplicationContext - Closing org.springframework.boot.context.embedded.AnnotationConfigEmbeddedWebApplicationContext@3eb77ea8: startup date [Tue Mar 26 22:45:21 CST 2019]; root of context hierarchy
22:55:02.522 [Thread-15] INFO  o.s.c.s.DefaultLifecycleProcessor - Stopping beans in phase 2147483647
22:55:02.523 [Thread-15] INFO  o.s.c.s.DefaultLifecycleProcessor - Stopping beans in phase 0
22:55:02.524 [Thread-15] INFO  o.s.j.e.a.AnnotationMBeanExporter - Unregistering JMX-exposed beans on shutdown
22:55:02.524 [Thread-15] INFO  o.s.j.e.a.AnnotationMBeanExporter - Unregistering JMX-exposed beans
22:55:08.618 [main] INFO  com.lihebin.blog.Application - Starting Application on lihebindembp with PID 93949 (/Users/lihebin/github/blog-message-backend/blog-war/target/classes started by lihebin in /Users/lihebin/github/blog-message-backend)
22:55:08.622 [main] INFO  com.lihebin.blog.Application - The following profiles are active: test
22:55:08.678 [main] INFO  o.s.b.c.e.AnnotationConfigEmbeddedWebApplicationContext - Refreshing org.springframework.boot.context.embedded.AnnotationConfigEmbeddedWebApplicationContext@7b8b43c7: startup date [Tue Mar 26 22:55:08 CST 2019]; root of context hierarchy
22:55:09.238 [main] INFO  o.s.b.f.xml.XmlBeanDefinitionReader - Loading XML bean definitions from file [/Users/lihebin/github/blog-message-backend/blog-war/target/classes/spring/interceptor-config.xml]
22:55:09.536 [main] INFO  o.s.d.r.c.RepositoryConfigurationDelegate - Multiple Spring Data modules found, entering strict repository configuration mode!
22:55:09.915 [main] INFO  o.s.c.s.PostProcessorRegistrationDelegate$BeanPostProcessorChecker - Bean 'org.springframework.kafka.annotation.KafkaBootstrapConfiguration' of type [org.springframework.kafka.annotation.KafkaBootstrapConfiguration$$EnhancerBySpringCGLIB$$39d6babf] is not eligible for getting processed by all BeanPostProcessors (for example: not eligible for auto-proxying)
22:55:10.736 [main] INFO  o.s.b.c.e.t.TomcatEmbeddedServletContainer - Tomcat initialized with port(s): 8080 (http)
22:55:10.747 [main] INFO  o.a.catalina.core.StandardService - Starting service [Tomcat]
22:55:10.748 [main] INFO  o.a.catalina.core.StandardEngine - Starting Servlet Engine: Apache Tomcat/8.5.23
22:55:10.834 [localhost-startStop-1] INFO  o.a.c.c.C.[Tomcat].[localhost].[/] - Initializing Spring embedded WebApplicationContext
22:55:10.835 [localhost-startStop-1] INFO  o.s.web.context.ContextLoader - Root WebApplicationContext: initialization completed in 2157 ms
22:55:11.019 [localhost-startStop-1] INFO  o.s.b.w.s.FilterRegistrationBean - Mapping filter: 'characterEncodingFilter' to: [/*]
22:55:11.020 [localhost-startStop-1] INFO  o.s.b.w.s.FilterRegistrationBean - Mapping filter: 'corsFilter' to: [/*]
22:55:11.020 [localhost-startStop-1] INFO  o.s.b.w.s.ServletRegistrationBean - Mapping servlet: 'dispatcherServlet' to [/]
22:55:11.940 [main] INFO  o.s.w.s.m.m.a.RequestMappingHandlerMapping - Mapped "{[/blog/getClassify],methods=[GET]}" onto public java.util.List<java.lang.String> com.lihebin.blog.web.BlogController.getClassify()
22:55:11.943 [main] INFO  o.s.w.s.m.m.a.RequestMappingHandlerMapping - Mapped "{[/blog/getBlog],methods=[GET]}" onto public com.lihebin.blog.bean.Article com.lihebin.blog.web.BlogController.getBlog(java.lang.String)
22:55:11.943 [main] INFO  o.s.w.s.m.m.a.RequestMappingHandlerMapping - Mapped "{[/blog/listBlog],methods=[POST],produces=[application/json;charset=UTF-8]}" onto public com.lihebin.blog.bean.Articles com.lihebin.blog.web.BlogController.listBlog(com.lihebin.blog.bean.Articles)
22:55:11.943 [main] INFO  o.s.w.s.m.m.a.RequestMappingHandlerMapping - Mapped "{[/blog/updateBlog],methods=[POST],produces=[application/json;charset=UTF-8]}" onto public com.lihebin.blog.bean.Article com.lihebin.blog.web.BlogController.updateBlog(com.lihebin.blog.bean.Article)
22:55:11.944 [main] INFO  o.s.w.s.m.m.a.RequestMappingHandlerMapping - Mapped "{[/blog/createBlog],methods=[POST],produces=[application/json;charset=UTF-8]}" onto public com.lihebin.blog.bean.Article com.lihebin.blog.web.BlogController.createBlog(com.lihebin.blog.bean.Article)
22:55:11.944 [main] INFO  o.s.w.s.m.m.a.RequestMappingHandlerMapping - Mapped "{[/blog/deleteBlog],methods=[GET]}" onto public void com.lihebin.blog.web.BlogController.deleteBlog(java.lang.String)
22:55:11.945 [main] INFO  o.s.w.s.m.m.a.RequestMappingHandlerMapping - Mapped "{[/api/relevanceUserAndMenu],methods=[POST],produces=[application/json;charset=UTF-8]}" onto public java.util.Map com.lihebin.blog.web.UserController.relevanceUserAndMenu(java.util.Map)
22:55:11.946 [main] INFO  o.s.w.s.m.m.a.RequestMappingHandlerMapping - Mapped "{[/user/login],methods=[POST],produces=[application/json;charset=UTF-8]}" onto public java.util.Map com.lihebin.blog.web.UserController.login(java.util.Map) throws java.lang.Exception
22:55:11.946 [main] INFO  o.s.w.s.m.m.a.RequestMappingHandlerMapping - Mapped "{[/user/logout],methods=[GET]}" onto public java.util.Map com.lihebin.blog.web.UserController.logout(java.lang.String)
22:55:11.947 [main] INFO  o.s.w.s.m.m.a.RequestMappingHandlerMapping - Mapped "{[/user/getMenus],methods=[GET]}" onto public java.util.List<com.lihebin.blog.bean.UserMenu> com.lihebin.blog.web.UserController.getMenus(java.lang.String)
22:55:11.947 [main] INFO  o.s.w.s.m.m.a.RequestMappingHandlerMapping - Mapped "{[/user/insertAndDeleteUser],methods=[POST],produces=[application/json;charset=UTF-8]}" onto public java.util.Map com.lihebin.blog.web.UserController.insertAndDeleteUser(java.util.Map)
22:55:11.951 [main] INFO  o.s.w.s.m.m.a.RequestMappingHandlerMapping - Mapped "{[/error]}" onto public org.springframework.http.ResponseEntity<java.util.Map<java.lang.String, java.lang.Object>> org.springframework.boot.autoconfigure.web.BasicErrorController.error(javax.servlet.http.HttpServletRequest)
22:55:11.951 [main] INFO  o.s.w.s.m.m.a.RequestMappingHandlerMapping - Mapped "{[/error],produces=[text/html]}" onto public org.springframework.web.servlet.ModelAndView org.springframework.boot.autoconfigure.web.BasicErrorController.errorHtml(javax.servlet.http.HttpServletRequest,javax.servlet.http.HttpServletResponse)
22:55:12.096 [main] INFO  o.s.w.s.m.m.a.RequestMappingHandlerAdapter - Looking for @ControllerAdvice: org.springframework.boot.context.embedded.AnnotationConfigEmbeddedWebApplicationContext@7b8b43c7: startup date [Tue Mar 26 22:55:08 CST 2019]; root of context hierarchy
22:55:13.242 [main] INFO  o.s.j.e.a.AnnotationMBeanExporter - Registering beans for JMX exposure on startup
22:55:13.243 [main] INFO  o.s.j.e.a.AnnotationMBeanExporter - Bean with name 'backendDataSource' has been autodetected for JMX exposure
22:55:13.243 [main] INFO  o.s.j.e.a.AnnotationMBeanExporter - Bean with name 'blogDataSource' has been autodetected for JMX exposure
22:55:13.249 [main] INFO  o.s.j.e.a.AnnotationMBeanExporter - Located MBean 'blogDataSource': registering with JMX server as MBean [com.alibaba.druid.pool:name=blogDataSource,type=DruidDataSource]
22:55:13.252 [main] INFO  o.s.j.e.a.AnnotationMBeanExporter - Located MBean 'backendDataSource': registering with JMX server as MBean [com.alibaba.druid.pool:name=backendDataSource,type=DruidDataSource]
22:55:13.255 [main] INFO  o.s.c.s.DefaultLifecycleProcessor - Starting beans in phase 2147483647
22:55:13.421 [main] INFO  o.s.b.c.e.t.TomcatEmbeddedServletContainer - Tomcat started on port(s): 8080 (http)
22:55:13.426 [main] INFO  com.lihebin.blog.Application - Started Application in 5.139 seconds (JVM running for 6.055)
22:55:18.671 [http-nio-8080-exec-1] INFO  o.a.c.c.C.[Tomcat].[localhost].[/] - Initializing Spring FrameworkServlet 'dispatcherServlet'
22:55:18.673 [http-nio-8080-exec-1] INFO  o.s.web.servlet.DispatcherServlet - FrameworkServlet 'dispatcherServlet': initialization started
22:55:18.705 [http-nio-8080-exec-1] INFO  o.s.web.servlet.DispatcherServlet - FrameworkServlet 'dispatcherServlet': initialization completed in 31 ms
22:55:18.752 [http-nio-8080-exec-1] INFO  c.l.blog.config.ServiceLogAspect - [ID39][getMenus] web request>>[88da775fff94a7edaba230eb700037ca]
22:55:24.704 [http-nio-8080-exec-1] INFO  c.l.blog.config.ServiceLogAspect - [ID39][listMenuByToken] request>>[88da775fff94a7edaba230eb700037ca]
22:55:29.624 [http-nio-8080-exec-1] INFO  c.l.blog.config.ServiceLogAspect - [ID39][listMenuByToken] response>>[]
22:55:29.624 [http-nio-8080-exec-1] INFO  c.l.blog.config.ServiceLogAspect - [ID39][getMenus] web response>>[]
22:55:34.960 [http-nio-8080-exec-2] INFO  c.l.blog.config.ServiceLogAspect - [ID40][logout] web request>>[88da775fff94a7edaba230eb700037ca]
22:55:34.960 [http-nio-8080-exec-2] INFO  c.l.blog.config.ServiceLogAspect - [ID40][logout] request>>[88da775fff94a7edaba230eb700037ca]
22:55:34.962 [http-nio-8080-exec-2] INFO  c.l.blog.config.ServiceLogAspect - [ID40][logout] response>>{code=200}
22:55:34.962 [http-nio-8080-exec-2] INFO  c.l.blog.config.ServiceLogAspect - [ID40][logout] web response>>{code=200}
22:55:53.381 [http-nio-8080-exec-4] INFO  c.l.blog.config.ServiceLogAspect - [ID42][login] web request>>[{username=18301900685, password=63b891d3324fef21bfcc8914a723acef}]
22:55:53.386 [http-nio-8080-exec-4] INFO  c.l.blog.config.ServiceLogAspect - [ID42][login] request>>[18301900685, 63b891d3324fef21bfcc8914a723acef]
22:55:55.371 [http-nio-8080-exec-4] INFO  c.alibaba.druid.pool.DruidDataSource - {dataSource-1} inited
22:55:55.425 [http-nio-8080-exec-4] INFO  c.l.blog.config.ServiceLogAspect - [ID42][login] response>>{code=200, name=lihebin, username=18301900685, token=e7ad4f1ac9634fa9d10eb4c405729b9f}
22:55:55.425 [http-nio-8080-exec-4] INFO  c.l.blog.config.ServiceLogAspect - [ID42][login] web response>>{code=200, name=lihebin, username=18301900685, token=e7ad4f1ac9634fa9d10eb4c405729b9f}
22:55:55.446 [http-nio-8080-exec-5] INFO  c.l.blog.config.ServiceLogAspect - [ID43][getMenus] web request>>[e7ad4f1ac9634fa9d10eb4c405729b9f]
22:55:55.446 [http-nio-8080-exec-5] INFO  c.l.blog.config.ServiceLogAspect - [ID43][listMenuByToken] request>>[e7ad4f1ac9634fa9d10eb4c405729b9f]
22:55:55.484 [http-nio-8080-exec-5] INFO  c.l.blog.config.ServiceLogAspect - [ID43][listMenuByToken] response>>[com.lihebin.blog.bean.UserMenu@1374150c]
22:55:55.485 [http-nio-8080-exec-5] INFO  c.l.blog.config.ServiceLogAspect - [ID43][getMenus] web response>>[com.lihebin.blog.bean.UserMenu@1374150c]
22:59:49.024 [http-nio-8080-exec-7] INFO  c.l.blog.config.ServiceLogAspect - [ID45][getMenus] web request>>[e7ad4f1ac9634fa9d10eb4c405729b9f]
22:59:49.029 [http-nio-8080-exec-7] INFO  c.l.blog.config.ServiceLogAspect - [ID45][listMenuByToken] request>>[e7ad4f1ac9634fa9d10eb4c405729b9f]
22:59:49.104 [http-nio-8080-exec-7] INFO  c.l.blog.config.ServiceLogAspect - [ID45][listMenuByToken] response>>[com.lihebin.blog.bean.UserMenu@68e9f37c]
22:59:49.104 [http-nio-8080-exec-7] INFO  c.l.blog.config.ServiceLogAspect - [ID45][getMenus] web response>>[com.lihebin.blog.bean.UserMenu@68e9f37c]
