21:55:45.718 [main] INFO  com.lihebin.blog.Application - Starting Application on 192.168.1.2 with PID 13493 (/Users/lihebin/github/blog-message-backend/blog-war/target/classes started by lihebin in /Users/lihebin/github/blog-message-backend)
21:55:45.724 [main] INFO  com.lihebin.blog.Application - The following profiles are active: test
21:55:45.781 [main] INFO  o.s.b.c.e.AnnotationConfigEmbeddedWebApplicationContext - Refreshing org.springframework.boot.context.embedded.AnnotationConfigEmbeddedWebApplicationContext@3eb77ea8: startup date [Sat Mar 30 21:55:45 CST 2019]; root of context hierarchy
21:55:46.310 [main] INFO  o.s.b.f.xml.XmlBeanDefinitionReader - Loading XML bean definitions from file [/Users/lihebin/github/blog-message-backend/blog-war/target/classes/spring/interceptor-config.xml]
21:55:46.644 [main] INFO  o.s.d.r.c.RepositoryConfigurationDelegate - Multiple Spring Data modules found, entering strict repository configuration mode!
21:55:46.987 [main] INFO  o.s.c.s.PostProcessorRegistrationDelegate$BeanPostProcessorChecker - Bean 'org.springframework.kafka.annotation.KafkaBootstrapConfiguration' of type [org.springframework.kafka.annotation.KafkaBootstrapConfiguration$$EnhancerBySpringCGLIB$$9c6d3280] is not eligible for getting processed by all BeanPostProcessors (for example: not eligible for auto-proxying)
21:55:47.892 [main] INFO  o.s.b.c.e.t.TomcatEmbeddedServletContainer - Tomcat initialized with port(s): 8080 (http)
21:55:47.903 [main] INFO  o.a.catalina.core.StandardService - Starting service [Tomcat]
21:55:47.904 [main] INFO  o.a.catalina.core.StandardEngine - Starting Servlet Engine: Apache Tomcat/8.5.23
21:55:48.004 [localhost-startStop-1] INFO  o.a.c.c.C.[Tomcat].[localhost].[/] - Initializing Spring embedded WebApplicationContext
21:55:48.005 [localhost-startStop-1] INFO  o.s.web.context.ContextLoader - Root WebApplicationContext: initialization completed in 2224 ms
21:55:48.202 [localhost-startStop-1] INFO  o.s.b.w.s.FilterRegistrationBean - Mapping filter: 'characterEncodingFilter' to: [/*]
21:55:48.202 [localhost-startStop-1] INFO  o.s.b.w.s.FilterRegistrationBean - Mapping filter: 'corsFilter' to: [/*]
21:55:48.202 [localhost-startStop-1] INFO  o.s.b.w.s.ServletRegistrationBean - Mapping servlet: 'dispatcherServlet' to [/]
21:55:49.166 [main] INFO  o.s.w.s.m.m.a.RequestMappingHandlerMapping - Mapped "{[/blog/getClassify],methods=[GET]}" onto public java.util.List<java.lang.String> com.lihebin.blog.web.BlogController.getClassify()
21:55:49.168 [main] INFO  o.s.w.s.m.m.a.RequestMappingHandlerMapping - Mapped "{[/blog/listBlog],methods=[POST],produces=[application/json;charset=UTF-8]}" onto public com.lihebin.blog.bean.Articles com.lihebin.blog.web.BlogController.listBlog(com.lihebin.blog.bean.Articles)
21:55:49.169 [main] INFO  o.s.w.s.m.m.a.RequestMappingHandlerMapping - Mapped "{[/blog/getBlog],methods=[GET]}" onto public com.lihebin.blog.bean.Article com.lihebin.blog.web.BlogController.getBlog(java.lang.String)
21:55:49.170 [main] INFO  o.s.w.s.m.m.a.RequestMappingHandlerMapping - Mapped "{[/api/blog/updateBlog],methods=[POST],produces=[application/json;charset=UTF-8]}" onto public com.lihebin.blog.bean.Article com.lihebin.blog.web.BlogController.updateBlog(com.lihebin.blog.bean.Article,javax.servlet.http.HttpServletRequest)
21:55:49.170 [main] INFO  o.s.w.s.m.m.a.RequestMappingHandlerMapping - Mapped "{[/api/blog/createBlog],methods=[POST],produces=[application/json;charset=UTF-8]}" onto public com.lihebin.blog.bean.Article com.lihebin.blog.web.BlogController.createBlog(com.lihebin.blog.bean.Article,javax.servlet.http.HttpServletRequest)
21:55:49.170 [main] INFO  o.s.w.s.m.m.a.RequestMappingHandlerMapping - Mapped "{[/api/blog/deleteBlog],methods=[GET]}" onto public void com.lihebin.blog.web.BlogController.deleteBlog(java.lang.String)
21:55:49.171 [main] INFO  o.s.w.s.m.m.a.RequestMappingHandlerMapping - Mapped "{[/blog/getPreNextBlog],methods=[GET]}" onto public com.lihebin.blog.bean.PreNext com.lihebin.blog.web.BlogController.getPreNextBlog(java.lang.String)
21:55:49.172 [main] INFO  o.s.w.s.m.m.a.RequestMappingHandlerMapping - Mapped "{[/api/relevanceUserAndMenu],methods=[POST],produces=[application/json;charset=UTF-8]}" onto public java.util.Map com.lihebin.blog.web.UserController.relevanceUserAndMenu(java.util.Map)
21:55:49.172 [main] INFO  o.s.w.s.m.m.a.RequestMappingHandlerMapping - Mapped "{[/user/login],methods=[POST],produces=[application/json;charset=UTF-8]}" onto public java.util.Map com.lihebin.blog.web.UserController.login(java.util.Map) throws java.lang.Exception
21:55:49.173 [main] INFO  o.s.w.s.m.m.a.RequestMappingHandlerMapping - Mapped "{[/user/logout],methods=[GET]}" onto public java.util.Map com.lihebin.blog.web.UserController.logout(java.lang.String)
21:55:49.173 [main] INFO  o.s.w.s.m.m.a.RequestMappingHandlerMapping - Mapped "{[/user/getMenus],methods=[GET]}" onto public java.util.List<com.lihebin.blog.bean.UserMenu> com.lihebin.blog.web.UserController.getMenus(java.lang.String)
21:55:49.174 [main] INFO  o.s.w.s.m.m.a.RequestMappingHandlerMapping - Mapped "{[/user/insertAndDeleteUser],methods=[POST],produces=[application/json;charset=UTF-8]}" onto public java.util.Map com.lihebin.blog.web.UserController.insertAndDeleteUser(java.util.Map)
21:55:49.178 [main] INFO  o.s.w.s.m.m.a.RequestMappingHandlerMapping - Mapped "{[/error]}" onto public org.springframework.http.ResponseEntity<java.util.Map<java.lang.String, java.lang.Object>> org.springframework.boot.autoconfigure.web.BasicErrorController.error(javax.servlet.http.HttpServletRequest)
21:55:49.179 [main] INFO  o.s.w.s.m.m.a.RequestMappingHandlerMapping - Mapped "{[/error],produces=[text/html]}" onto public org.springframework.web.servlet.ModelAndView org.springframework.boot.autoconfigure.web.BasicErrorController.errorHtml(javax.servlet.http.HttpServletRequest,javax.servlet.http.HttpServletResponse)
21:55:49.321 [main] INFO  o.s.w.s.m.m.a.RequestMappingHandlerAdapter - Looking for @ControllerAdvice: org.springframework.boot.context.embedded.AnnotationConfigEmbeddedWebApplicationContext@3eb77ea8: startup date [Sat Mar 30 21:55:45 CST 2019]; root of context hierarchy
21:55:50.314 [main] INFO  o.s.j.e.a.AnnotationMBeanExporter - Registering beans for JMX exposure on startup
21:55:50.316 [main] INFO  o.s.j.e.a.AnnotationMBeanExporter - Bean with name 'backendDataSource' has been autodetected for JMX exposure
21:55:50.316 [main] INFO  o.s.j.e.a.AnnotationMBeanExporter - Bean with name 'blogDataSource' has been autodetected for JMX exposure
21:55:50.322 [main] INFO  o.s.j.e.a.AnnotationMBeanExporter - Located MBean 'blogDataSource': registering with JMX server as MBean [com.alibaba.druid.pool:name=blogDataSource,type=DruidDataSource]
21:55:50.324 [main] INFO  o.s.j.e.a.AnnotationMBeanExporter - Located MBean 'backendDataSource': registering with JMX server as MBean [com.alibaba.druid.pool:name=backendDataSource,type=DruidDataSource]
21:55:50.329 [main] INFO  o.s.c.s.DefaultLifecycleProcessor - Starting beans in phase 2147483647
21:55:50.496 [main] INFO  o.s.b.c.e.t.TomcatEmbeddedServletContainer - Tomcat started on port(s): 8080 (http)
21:55:50.502 [main] INFO  com.lihebin.blog.Application - Started Application in 5.165 seconds (JVM running for 6.942)
21:57:49.455 [http-nio-8080-exec-1] INFO  o.a.c.c.C.[Tomcat].[localhost].[/] - Initializing Spring FrameworkServlet 'dispatcherServlet'
21:57:49.455 [http-nio-8080-exec-1] INFO  o.s.web.servlet.DispatcherServlet - FrameworkServlet 'dispatcherServlet': initialization started
21:57:49.483 [http-nio-8080-exec-1] INFO  o.s.web.servlet.DispatcherServlet - FrameworkServlet 'dispatcherServlet': initialization completed in 27 ms
21:57:49.499 [http-nio-8080-exec-1] WARN  o.s.web.servlet.PageNotFound - No mapping found for HTTP request with URI [/] in DispatcherServlet with name 'dispatcherServlet'
21:58:13.670 [http-nio-8080-exec-4] INFO  c.l.blog.config.ServiceLogAspect - [ID46][listBlog] web request>>[com.lihebin.blog.bean.Articles@293bae7a]
21:58:13.674 [http-nio-8080-exec-4] INFO  c.l.blog.config.ServiceLogAspect - [ID46][listBlog] request>>[com.lihebin.blog.bean.Articles@293bae7a]
21:58:15.701 [http-nio-8080-exec-4] INFO  c.alibaba.druid.pool.DruidDataSource - {dataSource-1} inited
21:58:17.527 [http-nio-8080-exec-4] INFO  c.alibaba.druid.pool.DruidDataSource - {dataSource-2} inited
21:58:17.787 [http-nio-8080-exec-4] INFO  c.l.blog.config.ServiceLogAspect - [ID46][listBlog] response>>com.lihebin.blog.bean.Articles@26282393
21:58:17.788 [http-nio-8080-exec-4] INFO  c.l.blog.config.ServiceLogAspect - [ID46][listBlog] web response>>com.lihebin.blog.bean.Articles@26282393
21:58:26.722 [http-nio-8080-exec-6] INFO  c.l.blog.config.ServiceLogAspect - [ID48][listBlog] web request>>[com.lihebin.blog.bean.Articles@4e08b3fd]
21:58:26.723 [http-nio-8080-exec-6] INFO  c.l.blog.config.ServiceLogAspect - [ID48][listBlog] request>>[com.lihebin.blog.bean.Articles@4e08b3fd]
21:58:27.077 [http-nio-8080-exec-6] INFO  c.l.blog.config.ServiceLogAspect - [ID48][listBlog] response>>com.lihebin.blog.bean.Articles@2b7704f6
21:58:27.077 [http-nio-8080-exec-6] INFO  c.l.blog.config.ServiceLogAspect - [ID48][listBlog] web response>>com.lihebin.blog.bean.Articles@2b7704f6
