13:26:14.851 [Thread-16] INFO  o.s.b.c.e.AnnotationConfigEmbeddedWebApplicationContext - Closing org.springframework.boot.context.embedded.AnnotationConfigEmbeddedWebApplicationContext@7aaca91a: startup date [Sat Apr 06 12:48:34 CST 2019]; root of context hierarchy
13:26:14.858 [Thread-16] INFO  o.s.c.s.DefaultLifecycleProcessor - Stopping beans in phase 2147483647
13:26:14.858 [Thread-16] INFO  o.s.c.s.DefaultLifecycleProcessor - Stopping beans in phase 0
13:26:14.859 [Thread-16] INFO  o.s.j.e.a.AnnotationMBeanExporter - Unregistering JMX-exposed beans on shutdown
13:26:14.859 [Thread-16] INFO  o.s.j.e.a.AnnotationMBeanExporter - Unregistering JMX-exposed beans
13:26:14.863 [Thread-16] INFO  c.alibaba.druid.pool.DruidDataSource - {dataSource-1} closed
13:26:14.864 [Thread-16] INFO  c.alibaba.druid.pool.DruidDataSource - {dataSource-2} closed
13:26:21.831 [main] INFO  com.lihebin.blog.Application - Starting Application on lihebindembp with PID 77712 (/Users/lihebin/github/blog-message-backend/blog-war/target/classes started by lihebin in /Users/lihebin/github/blog-message-backend)
13:26:21.835 [main] INFO  com.lihebin.blog.Application - The following profiles are active: test
13:26:21.929 [main] INFO  o.s.b.c.e.AnnotationConfigEmbeddedWebApplicationContext - Refreshing org.springframework.boot.context.embedded.AnnotationConfigEmbeddedWebApplicationContext@7aaca91a: startup date [Sat Apr 06 13:26:21 CST 2019]; root of context hierarchy
13:26:22.489 [main] INFO  o.s.b.f.xml.XmlBeanDefinitionReader - Loading XML bean definitions from file [/Users/lihebin/github/blog-message-backend/blog-war/target/classes/spring/interceptor-config.xml]
13:26:22.778 [main] INFO  o.s.d.r.c.RepositoryConfigurationDelegate - Multiple Spring Data modules found, entering strict repository configuration mode!
13:26:23.138 [main] INFO  o.s.c.s.PostProcessorRegistrationDelegate$BeanPostProcessorChecker - Bean 'org.springframework.kafka.annotation.KafkaBootstrapConfiguration' of type [org.springframework.kafka.annotation.KafkaBootstrapConfiguration$$EnhancerBySpringCGLIB$$cb6ccab3] is not eligible for getting processed by all BeanPostProcessors (for example: not eligible for auto-proxying)
13:26:24.010 [main] INFO  o.s.b.c.e.t.TomcatEmbeddedServletContainer - Tomcat initialized with port(s): 8080 (http)
13:26:24.019 [main] INFO  o.a.catalina.core.StandardService - Starting service [Tomcat]
13:26:24.020 [main] INFO  o.a.catalina.core.StandardEngine - Starting Servlet Engine: Apache Tomcat/8.5.23
13:26:24.105 [localhost-startStop-1] INFO  o.a.c.c.C.[Tomcat].[localhost].[/] - Initializing Spring embedded WebApplicationContext
13:26:24.105 [localhost-startStop-1] INFO  o.s.web.context.ContextLoader - Root WebApplicationContext: initialization completed in 2176 ms
13:26:24.320 [localhost-startStop-1] INFO  o.s.b.w.s.FilterRegistrationBean - Mapping filter: 'characterEncodingFilter' to: [/*]
13:26:24.321 [localhost-startStop-1] INFO  o.s.b.w.s.FilterRegistrationBean - Mapping filter: 'corsFilter' to: [/*]
13:26:24.321 [localhost-startStop-1] INFO  o.s.b.w.s.ServletRegistrationBean - Mapping servlet: 'dispatcherServlet' to [/]
13:26:25.423 [main] INFO  o.s.w.s.m.m.a.RequestMappingHandlerMapping - Mapped "{[/blog/getBlog],methods=[GET]}" onto public com.lihebin.blog.bean.Article com.lihebin.blog.web.BlogController.getBlog(java.lang.String)
13:26:25.425 [main] INFO  o.s.w.s.m.m.a.RequestMappingHandlerMapping - Mapped "{[/blog/listBlog],methods=[POST],produces=[application/json;charset=UTF-8]}" onto public com.lihebin.blog.bean.Articles com.lihebin.blog.web.BlogController.listBlog(com.lihebin.blog.bean.Articles)
13:26:25.425 [main] INFO  o.s.w.s.m.m.a.RequestMappingHandlerMapping - Mapped "{[/api/blog/updateBlog],methods=[POST],produces=[application/json;charset=UTF-8]}" onto public com.lihebin.blog.bean.Article com.lihebin.blog.web.BlogController.updateBlog(com.lihebin.blog.bean.Article,javax.servlet.http.HttpServletRequest)
13:26:25.426 [main] INFO  o.s.w.s.m.m.a.RequestMappingHandlerMapping - Mapped "{[/api/blog/createBlog],methods=[POST],produces=[application/json;charset=UTF-8]}" onto public com.lihebin.blog.bean.Article com.lihebin.blog.web.BlogController.createBlog(com.lihebin.blog.bean.Article,javax.servlet.http.HttpServletRequest)
13:26:25.426 [main] INFO  o.s.w.s.m.m.a.RequestMappingHandlerMapping - Mapped "{[/api/blog/deleteBlog],methods=[GET]}" onto public void com.lihebin.blog.web.BlogController.deleteBlog(java.lang.String)
13:26:25.427 [main] INFO  o.s.w.s.m.m.a.RequestMappingHandlerMapping - Mapped "{[/blog/getPreNextBlog],methods=[GET]}" onto public com.lihebin.blog.bean.PreNext com.lihebin.blog.web.BlogController.getPreNextBlog(java.lang.String)
13:26:25.427 [main] INFO  o.s.w.s.m.m.a.RequestMappingHandlerMapping - Mapped "{[/blog/getClassify],methods=[GET]}" onto public java.util.List<java.lang.String> com.lihebin.blog.web.BlogController.getClassify()
13:26:25.428 [main] INFO  o.s.w.s.m.m.a.RequestMappingHandlerMapping - Mapped "{[/api/file/uploadPicture],methods=[POST]}" onto public com.lihebin.blog.bean.Result com.lihebin.blog.web.FileController.uploadPicture(org.springframework.web.multipart.MultipartFile)
13:26:25.428 [main] INFO  o.s.w.s.m.m.a.RequestMappingHandlerMapping - Mapped "{[/file/uploadPictureToken],methods=[GET]}" onto public com.lihebin.blog.bean.Result com.lihebin.blog.web.FileController.uploadPictureToken(java.lang.String,java.lang.Integer)
13:26:25.429 [main] INFO  o.s.w.s.m.m.a.RequestMappingHandlerMapping - Mapped "{[/user/getMenus],methods=[GET]}" onto public java.util.List<com.lihebin.blog.bean.UserMenu> com.lihebin.blog.web.UserController.getMenus(java.lang.String)
13:26:25.429 [main] INFO  o.s.w.s.m.m.a.RequestMappingHandlerMapping - Mapped "{[/user/insertAndDeleteUser],methods=[POST],produces=[application/json;charset=UTF-8]}" onto public java.util.Map com.lihebin.blog.web.UserController.insertAndDeleteUser(java.util.Map)
13:26:25.430 [main] INFO  o.s.w.s.m.m.a.RequestMappingHandlerMapping - Mapped "{[/user/login],methods=[POST],produces=[application/json;charset=UTF-8]}" onto public java.util.Map com.lihebin.blog.web.UserController.login(java.util.Map) throws java.lang.Exception
13:26:25.430 [main] INFO  o.s.w.s.m.m.a.RequestMappingHandlerMapping - Mapped "{[/user/logout],methods=[GET]}" onto public java.util.Map com.lihebin.blog.web.UserController.logout(java.lang.String)
13:26:25.430 [main] INFO  o.s.w.s.m.m.a.RequestMappingHandlerMapping - Mapped "{[/api/relevanceUserAndMenu],methods=[POST],produces=[application/json;charset=UTF-8]}" onto public java.util.Map com.lihebin.blog.web.UserController.relevanceUserAndMenu(java.util.Map)
13:26:25.434 [main] INFO  o.s.w.s.m.m.a.RequestMappingHandlerMapping - Mapped "{[/error]}" onto public org.springframework.http.ResponseEntity<java.util.Map<java.lang.String, java.lang.Object>> org.springframework.boot.autoconfigure.web.BasicErrorController.error(javax.servlet.http.HttpServletRequest)
13:26:25.435 [main] INFO  o.s.w.s.m.m.a.RequestMappingHandlerMapping - Mapped "{[/error],produces=[text/html]}" onto public org.springframework.web.servlet.ModelAndView org.springframework.boot.autoconfigure.web.BasicErrorController.errorHtml(javax.servlet.http.HttpServletRequest,javax.servlet.http.HttpServletResponse)
13:26:25.569 [main] INFO  o.s.w.s.m.m.a.RequestMappingHandlerAdapter - Looking for @ControllerAdvice: org.springframework.boot.context.embedded.AnnotationConfigEmbeddedWebApplicationContext@7aaca91a: startup date [Sat Apr 06 13:26:21 CST 2019]; root of context hierarchy
13:26:26.667 [main] INFO  o.s.j.e.a.AnnotationMBeanExporter - Registering beans for JMX exposure on startup
13:26:26.668 [main] INFO  o.s.j.e.a.AnnotationMBeanExporter - Bean with name 'backendDataSource' has been autodetected for JMX exposure
13:26:26.669 [main] INFO  o.s.j.e.a.AnnotationMBeanExporter - Bean with name 'blogDataSource' has been autodetected for JMX exposure
13:26:26.674 [main] INFO  o.s.j.e.a.AnnotationMBeanExporter - Located MBean 'blogDataSource': registering with JMX server as MBean [com.alibaba.druid.pool:name=blogDataSource,type=DruidDataSource]
13:26:26.677 [main] INFO  o.s.j.e.a.AnnotationMBeanExporter - Located MBean 'backendDataSource': registering with JMX server as MBean [com.alibaba.druid.pool:name=backendDataSource,type=DruidDataSource]
13:26:26.680 [main] INFO  o.s.c.s.DefaultLifecycleProcessor - Starting beans in phase 2147483647
13:26:26.847 [main] INFO  o.s.b.c.e.t.TomcatEmbeddedServletContainer - Tomcat started on port(s): 8080 (http)
13:26:26.853 [main] INFO  com.lihebin.blog.Application - Started Application in 5.323 seconds (JVM running for 6.172)
13:26:40.352 [http-nio-8080-exec-1] INFO  o.a.c.c.C.[Tomcat].[localhost].[/] - Initializing Spring FrameworkServlet 'dispatcherServlet'
13:26:40.353 [http-nio-8080-exec-1] INFO  o.s.web.servlet.DispatcherServlet - FrameworkServlet 'dispatcherServlet': initialization started
13:26:40.394 [http-nio-8080-exec-1] INFO  o.s.web.servlet.DispatcherServlet - FrameworkServlet 'dispatcherServlet': initialization completed in 40 ms
13:26:40.452 [http-nio-8080-exec-1] INFO  c.l.blog.config.ServiceLogAspect - [ID40][getMenus] web request>>[3febf1d7b45bfff5b01a23be37a2b9aa]
13:26:40.459 [http-nio-8080-exec-1] INFO  c.l.blog.config.ServiceLogAspect - [ID40][listMenuByToken] request>>[3febf1d7b45bfff5b01a23be37a2b9aa]
13:26:40.523 [http-nio-8080-exec-1] INFO  c.l.blog.config.ServiceLogAspect - [ID40][listMenuByToken] response>>[]
13:26:40.523 [http-nio-8080-exec-1] INFO  c.l.blog.config.ServiceLogAspect - [ID40][getMenus] web response>>[]
13:26:41.295 [http-nio-8080-exec-5] INFO  c.l.blog.config.ServiceLogAspect - [ID44][getClassify] web request>>[]
13:26:41.295 [http-nio-8080-exec-4] INFO  c.l.blog.config.ServiceLogAspect - [ID43][getBlog] web request>>[4fa3e0ac-bc75-4691-86ed-903e2b550f9a]
13:26:41.299 [http-nio-8080-exec-4] INFO  c.l.blog.config.ServiceLogAspect - [ID43][getBlog] request>>[4fa3e0ac-bc75-4691-86ed-903e2b550f9a]
13:26:41.299 [http-nio-8080-exec-5] INFO  c.l.blog.config.ServiceLogAspect - [ID44][getClassify] request>>[]
13:26:43.232 [http-nio-8080-exec-5] INFO  c.alibaba.druid.pool.DruidDataSource - {dataSource-1} inited
13:26:43.268 [http-nio-8080-exec-5] INFO  c.l.blog.config.ServiceLogAspect - [ID44][getClassify] response>>[java, js]
13:26:43.268 [http-nio-8080-exec-5] INFO  c.l.blog.config.ServiceLogAspect - [ID44][getClassify] web response>>[java, js]
13:26:44.955 [http-nio-8080-exec-4] INFO  c.alibaba.druid.pool.DruidDataSource - {dataSource-2} inited
13:26:45.025 [http-nio-8080-exec-4] INFO  c.l.blog.config.ServiceLogAspect - [ID43][getBlog] response>>com.lihebin.blog.bean.Article@785227ee
13:26:45.025 [http-nio-8080-exec-4] INFO  c.l.blog.config.ServiceLogAspect - [ID43][getBlog] web response>>com.lihebin.blog.bean.Article@785227ee
13:26:55.503 [http-nio-8080-exec-7] INFO  c.l.blog.config.ServiceLogAspect - [ID46][uploadPictureToken] web request>>[bg.jpg, 72312]
13:26:55.507 [http-nio-8080-exec-7] INFO  c.l.blog.config.ServiceLogAspect - [ID46][uploadPictureToken] request>>[bg.jpg, 72312]
13:26:55.562 [http-nio-8080-exec-7] ERROR o.a.c.c.C.[.[.[.[dispatcherServlet] - Servlet.service() for servlet [dispatcherServlet] in context with path [] threw exception [Request processing failed; nested exception is java.lang.ClassCastException: java.lang.Integer cannot be cast to java.lang.String] with root cause
java.lang.ClassCastException: java.lang.Integer cannot be cast to java.lang.String
	at org.springframework.http.converter.FormHttpMessageConverter.writeForm(FormHttpMessageConverter.java:291)
	at org.springframework.http.converter.FormHttpMessageConverter.write(FormHttpMessageConverter.java:253)
	at org.springframework.http.converter.FormHttpMessageConverter.write(FormHttpMessageConverter.java:89)
	at org.springframework.web.client.RestTemplate$HttpEntityRequestCallback.doWithRequest(RestTemplate.java:882)
	at org.springframework.web.client.RestTemplate.doExecute(RestTemplate.java:650)
	at org.springframework.web.client.RestTemplate.execute(RestTemplate.java:613)
	at org.springframework.web.client.RestTemplate.postForObject(RestTemplate.java:380)
	at com.lihebin.blog.service.FileServiceImpl.uploadPictureToken(FileServiceImpl.java:133)
	at sun.reflect.NativeMethodAccessorImpl.invoke0(Native Method)
	at sun.reflect.NativeMethodAccessorImpl.invoke(NativeMethodAccessorImpl.java:62)
	at sun.reflect.DelegatingMethodAccessorImpl.invoke(DelegatingMethodAccessorImpl.java:43)
	at java.lang.reflect.Method.invoke(Method.java:498)
	at org.springframework.aop.support.AopUtils.invokeJoinpointUsingReflection(AopUtils.java:333)
	at org.springframework.aop.framework.ReflectiveMethodInvocation.invokeJoinpoint(ReflectiveMethodInvocation.java:190)
	at org.springframework.aop.framework.ReflectiveMethodInvocation.proceed(ReflectiveMethodInvocation.java:157)
	at org.springframework.validation.beanvalidation.MethodValidationInterceptor.invoke(MethodValidationInterceptor.java:150)
	at org.springframework.aop.framework.ReflectiveMethodInvocation.proceed(ReflectiveMethodInvocation.java:179)
	at org.springframework.aop.framework.adapter.MethodBeforeAdviceInterceptor.invoke(MethodBeforeAdviceInterceptor.java:52)
	at org.springframework.aop.framework.ReflectiveMethodInvocation.proceed(ReflectiveMethodInvocation.java:179)
	at org.springframework.aop.framework.adapter.AfterReturningAdviceInterceptor.invoke(AfterReturningAdviceInterceptor.java:52)
	at org.springframework.aop.framework.ReflectiveMethodInvocation.proceed(ReflectiveMethodInvocation.java:179)
	at org.springframework.aop.interceptor.ExposeInvocationInterceptor.invoke(ExposeInvocationInterceptor.java:92)
	at org.springframework.aop.framework.ReflectiveMethodInvocation.proceed(ReflectiveMethodInvocation.java:179)
	at org.springframework.aop.framework.JdkDynamicAopProxy.invoke(JdkDynamicAopProxy.java:213)
	at com.sun.proxy.$Proxy76.uploadPictureToken(Unknown Source)
	at com.lihebin.blog.web.FileController.uploadPictureToken(FileController.java:31)
	at com.lihebin.blog.web.FileController$$FastClassBySpringCGLIB$$a7335230.invoke(<generated>)
	at org.springframework.cglib.proxy.MethodProxy.invoke(MethodProxy.java:204)
	at org.springframework.aop.framework.CglibAopProxy$CglibMethodInvocation.invokeJoinpoint(CglibAopProxy.java:738)
	at org.springframework.aop.framework.ReflectiveMethodInvocation.proceed(ReflectiveMethodInvocation.java:157)
	at org.springframework.aop.framework.adapter.MethodBeforeAdviceInterceptor.invoke(MethodBeforeAdviceInterceptor.java:52)
	at org.springframework.aop.framework.ReflectiveMethodInvocation.proceed(ReflectiveMethodInvocation.java:179)
	at org.springframework.aop.framework.adapter.AfterReturningAdviceInterceptor.invoke(AfterReturningAdviceInterceptor.java:52)
	at org.springframework.aop.framework.ReflectiveMethodInvocation.proceed(ReflectiveMethodInvocation.java:179)
	at org.springframework.aop.interceptor.ExposeInvocationInterceptor.invoke(ExposeInvocationInterceptor.java:92)
	at org.springframework.aop.framework.ReflectiveMethodInvocation.proceed(ReflectiveMethodInvocation.java:179)
	at org.springframework.aop.framework.CglibAopProxy$DynamicAdvisedInterceptor.intercept(CglibAopProxy.java:673)
	at com.lihebin.blog.web.FileController$$EnhancerBySpringCGLIB$$df1d601.uploadPictureToken(<generated>)
	at sun.reflect.NativeMethodAccessorImpl.invoke0(Native Method)
	at sun.reflect.NativeMethodAccessorImpl.invoke(NativeMethodAccessorImpl.java:62)
	at sun.reflect.DelegatingMethodAccessorImpl.invoke(DelegatingMethodAccessorImpl.java:43)
	at java.lang.reflect.Method.invoke(Method.java:498)
	at org.springframework.web.method.support.InvocableHandlerMethod.doInvoke(InvocableHandlerMethod.java:205)
	at org.springframework.web.method.support.InvocableHandlerMethod.invokeForRequest(InvocableHandlerMethod.java:133)
	at org.springframework.web.servlet.mvc.method.annotation.ServletInvocableHandlerMethod.invokeAndHandle(ServletInvocableHandlerMethod.java:97)
	at org.springframework.web.servlet.mvc.method.annotation.RequestMappingHandlerAdapter.invokeHandlerMethod(RequestMappingHandlerAdapter.java:827)
	at org.springframework.web.servlet.mvc.method.annotation.RequestMappingHandlerAdapter.handleInternal(RequestMappingHandlerAdapter.java:738)
	at org.springframework.web.servlet.mvc.method.AbstractHandlerMethodAdapter.handle(AbstractHandlerMethodAdapter.java:85)
	at org.springframework.web.servlet.DispatcherServlet.doDispatch(DispatcherServlet.java:967)
	at org.springframework.web.servlet.DispatcherServlet.doService(DispatcherServlet.java:901)
	at org.springframework.web.servlet.FrameworkServlet.processRequest(FrameworkServlet.java:970)
	at org.springframework.web.servlet.FrameworkServlet.doGet(FrameworkServlet.java:861)
	at javax.servlet.http.HttpServlet.service(HttpServlet.java:635)
	at org.springframework.web.servlet.FrameworkServlet.service(FrameworkServlet.java:846)
	at javax.servlet.http.HttpServlet.service(HttpServlet.java:742)
	at org.apache.catalina.core.ApplicationFilterChain.internalDoFilter(ApplicationFilterChain.java:231)
	at org.apache.catalina.core.ApplicationFilterChain.doFilter(ApplicationFilterChain.java:166)
	at org.apache.tomcat.websocket.server.WsFilter.doFilter(WsFilter.java:52)
	at org.apache.catalina.core.ApplicationFilterChain.internalDoFilter(ApplicationFilterChain.java:193)
	at org.apache.catalina.core.ApplicationFilterChain.doFilter(ApplicationFilterChain.java:166)
	at org.springframework.web.filter.CorsFilter.doFilterInternal(CorsFilter.java:96)
	at org.springframework.web.filter.OncePerRequestFilter.doFilter(OncePerRequestFilter.java:107)
	at org.apache.catalina.core.ApplicationFilterChain.internalDoFilter(ApplicationFilterChain.java:193)
	at org.apache.catalina.core.ApplicationFilterChain.doFilter(ApplicationFilterChain.java:166)
	at org.springframework.web.filter.CharacterEncodingFilter.doFilterInternal(CharacterEncodingFilter.java:197)
	at org.springframework.web.filter.OncePerRequestFilter.doFilter(OncePerRequestFilter.java:107)
	at org.apache.catalina.core.ApplicationFilterChain.internalDoFilter(ApplicationFilterChain.java:193)
	at org.apache.catalina.core.ApplicationFilterChain.doFilter(ApplicationFilterChain.java:166)
	at org.apache.catalina.core.StandardWrapperValve.invoke(StandardWrapperValve.java:199)
	at org.apache.catalina.core.StandardContextValve.invoke(StandardContextValve.java:96)
	at org.apache.catalina.authenticator.AuthenticatorBase.invoke(AuthenticatorBase.java:478)
	at org.apache.catalina.core.StandardHostValve.invoke(StandardHostValve.java:140)
	at org.apache.catalina.valves.ErrorReportValve.invoke(ErrorReportValve.java:81)
	at org.apache.catalina.core.StandardEngineValve.invoke(StandardEngineValve.java:87)
	at org.apache.catalina.connector.CoyoteAdapter.service(CoyoteAdapter.java:342)
	at org.apache.coyote.http11.Http11Processor.service(Http11Processor.java:803)
	at org.apache.coyote.AbstractProcessorLight.process(AbstractProcessorLight.java:66)
	at org.apache.coyote.AbstractProtocol$ConnectionHandler.process(AbstractProtocol.java:868)
	at org.apache.tomcat.util.net.NioEndpoint$SocketProcessor.doRun(NioEndpoint.java:1459)
	at org.apache.tomcat.util.net.SocketProcessorBase.run(SocketProcessorBase.java:49)
	at java.util.concurrent.ThreadPoolExecutor.runWorker(ThreadPoolExecutor.java:1142)
	at java.util.concurrent.ThreadPoolExecutor$Worker.run(ThreadPoolExecutor.java:617)
	at org.apache.tomcat.util.threads.TaskThread$WrappingRunnable.run(TaskThread.java:61)
	at java.lang.Thread.run(Thread.java:745)
13:27:51.647 [Thread-16] INFO  o.s.b.c.e.AnnotationConfigEmbeddedWebApplicationContext - Closing org.springframework.boot.context.embedded.AnnotationConfigEmbeddedWebApplicationContext@7aaca91a: startup date [Sat Apr 06 13:26:21 CST 2019]; root of context hierarchy
13:27:51.649 [Thread-16] INFO  o.s.c.s.DefaultLifecycleProcessor - Stopping beans in phase 2147483647
13:27:51.649 [Thread-16] INFO  o.s.c.s.DefaultLifecycleProcessor - Stopping beans in phase 0
13:27:51.650 [Thread-16] INFO  o.s.j.e.a.AnnotationMBeanExporter - Unregistering JMX-exposed beans on shutdown
13:27:51.650 [Thread-16] INFO  o.s.j.e.a.AnnotationMBeanExporter - Unregistering JMX-exposed beans
13:27:51.656 [Thread-16] INFO  c.alibaba.druid.pool.DruidDataSource - {dataSource-1} closed
13:27:51.659 [Thread-16] INFO  c.alibaba.druid.pool.DruidDataSource - {dataSource-2} closed
13:28:27.767 [main] INFO  com.lihebin.blog.Application - Starting Application on lihebindembp with PID 78340 (/Users/lihebin/github/blog-message-backend/blog-war/target/classes started by lihebin in /Users/lihebin/github/blog-message-backend)
13:28:27.770 [main] INFO  com.lihebin.blog.Application - The following profiles are active: test
13:28:27.854 [main] INFO  o.s.b.c.e.AnnotationConfigEmbeddedWebApplicationContext - Refreshing org.springframework.boot.context.embedded.AnnotationConfigEmbeddedWebApplicationContext@7aaca91a: startup date [Sat Apr 06 13:28:27 CST 2019]; root of context hierarchy
13:28:28.433 [main] INFO  o.s.b.f.xml.XmlBeanDefinitionReader - Loading XML bean definitions from file [/Users/lihebin/github/blog-message-backend/blog-war/target/classes/spring/interceptor-config.xml]
13:28:28.738 [main] INFO  o.s.d.r.c.RepositoryConfigurationDelegate - Multiple Spring Data modules found, entering strict repository configuration mode!
13:28:29.131 [main] INFO  o.s.c.s.PostProcessorRegistrationDelegate$BeanPostProcessorChecker - Bean 'org.springframework.kafka.annotation.KafkaBootstrapConfiguration' of type [org.springframework.kafka.annotation.KafkaBootstrapConfiguration$$EnhancerBySpringCGLIB$$b7d1c514] is not eligible for getting processed by all BeanPostProcessors (for example: not eligible for auto-proxying)
13:28:29.995 [main] INFO  o.s.b.c.e.t.TomcatEmbeddedServletContainer - Tomcat initialized with port(s): 8080 (http)
13:28:30.005 [main] INFO  o.a.catalina.core.StandardService - Starting service [Tomcat]
13:28:30.007 [main] INFO  o.a.catalina.core.StandardEngine - Starting Servlet Engine: Apache Tomcat/8.5.23
13:28:30.092 [localhost-startStop-1] INFO  o.a.c.c.C.[Tomcat].[localhost].[/] - Initializing Spring embedded WebApplicationContext
13:28:30.093 [localhost-startStop-1] INFO  o.s.web.context.ContextLoader - Root WebApplicationContext: initialization completed in 2239 ms
13:28:30.301 [localhost-startStop-1] INFO  o.s.b.w.s.FilterRegistrationBean - Mapping filter: 'characterEncodingFilter' to: [/*]
13:28:30.301 [localhost-startStop-1] INFO  o.s.b.w.s.FilterRegistrationBean - Mapping filter: 'corsFilter' to: [/*]
13:28:30.302 [localhost-startStop-1] INFO  o.s.b.w.s.ServletRegistrationBean - Mapping servlet: 'dispatcherServlet' to [/]
13:28:31.373 [main] INFO  o.s.w.s.m.m.a.RequestMappingHandlerMapping - Mapped "{[/blog/getClassify],methods=[GET]}" onto public java.util.List<java.lang.String> com.lihebin.blog.web.BlogController.getClassify()
13:28:31.376 [main] INFO  o.s.w.s.m.m.a.RequestMappingHandlerMapping - Mapped "{[/blog/listBlog],methods=[POST],produces=[application/json;charset=UTF-8]}" onto public com.lihebin.blog.bean.Articles com.lihebin.blog.web.BlogController.listBlog(com.lihebin.blog.bean.Articles)
13:28:31.377 [main] INFO  o.s.w.s.m.m.a.RequestMappingHandlerMapping - Mapped "{[/blog/getBlog],methods=[GET]}" onto public com.lihebin.blog.bean.Article com.lihebin.blog.web.BlogController.getBlog(java.lang.String)
13:28:31.377 [main] INFO  o.s.w.s.m.m.a.RequestMappingHandlerMapping - Mapped "{[/api/blog/updateBlog],methods=[POST],produces=[application/json;charset=UTF-8]}" onto public com.lihebin.blog.bean.Article com.lihebin.blog.web.BlogController.updateBlog(com.lihebin.blog.bean.Article,javax.servlet.http.HttpServletRequest)
13:28:31.377 [main] INFO  o.s.w.s.m.m.a.RequestMappingHandlerMapping - Mapped "{[/api/blog/createBlog],methods=[POST],produces=[application/json;charset=UTF-8]}" onto public com.lihebin.blog.bean.Article com.lihebin.blog.web.BlogController.createBlog(com.lihebin.blog.bean.Article,javax.servlet.http.HttpServletRequest)
13:28:31.377 [main] INFO  o.s.w.s.m.m.a.RequestMappingHandlerMapping - Mapped "{[/api/blog/deleteBlog],methods=[GET]}" onto public void com.lihebin.blog.web.BlogController.deleteBlog(java.lang.String)
13:28:31.378 [main] INFO  o.s.w.s.m.m.a.RequestMappingHandlerMapping - Mapped "{[/blog/getPreNextBlog],methods=[GET]}" onto public com.lihebin.blog.bean.PreNext com.lihebin.blog.web.BlogController.getPreNextBlog(java.lang.String)
13:28:31.378 [main] INFO  o.s.w.s.m.m.a.RequestMappingHandlerMapping - Mapped "{[/api/file/uploadPicture],methods=[POST]}" onto public com.lihebin.blog.bean.Result com.lihebin.blog.web.FileController.uploadPicture(org.springframework.web.multipart.MultipartFile)
13:28:31.379 [main] INFO  o.s.w.s.m.m.a.RequestMappingHandlerMapping - Mapped "{[/file/uploadPictureToken],methods=[GET]}" onto public com.lihebin.blog.bean.Result com.lihebin.blog.web.FileController.uploadPictureToken(java.lang.String,java.lang.String)
13:28:31.380 [main] INFO  o.s.w.s.m.m.a.RequestMappingHandlerMapping - Mapped "{[/user/getMenus],methods=[GET]}" onto public java.util.List<com.lihebin.blog.bean.UserMenu> com.lihebin.blog.web.UserController.getMenus(java.lang.String)
13:28:31.380 [main] INFO  o.s.w.s.m.m.a.RequestMappingHandlerMapping - Mapped "{[/user/insertAndDeleteUser],methods=[POST],produces=[application/json;charset=UTF-8]}" onto public java.util.Map com.lihebin.blog.web.UserController.insertAndDeleteUser(java.util.Map)
13:28:31.381 [main] INFO  o.s.w.s.m.m.a.RequestMappingHandlerMapping - Mapped "{[/api/relevanceUserAndMenu],methods=[POST],produces=[application/json;charset=UTF-8]}" onto public java.util.Map com.lihebin.blog.web.UserController.relevanceUserAndMenu(java.util.Map)
13:28:31.381 [main] INFO  o.s.w.s.m.m.a.RequestMappingHandlerMapping - Mapped "{[/user/login],methods=[POST],produces=[application/json;charset=UTF-8]}" onto public java.util.Map com.lihebin.blog.web.UserController.login(java.util.Map) throws java.lang.Exception
13:28:31.381 [main] INFO  o.s.w.s.m.m.a.RequestMappingHandlerMapping - Mapped "{[/user/logout],methods=[GET]}" onto public java.util.Map com.lihebin.blog.web.UserController.logout(java.lang.String)
13:28:31.386 [main] INFO  o.s.w.s.m.m.a.RequestMappingHandlerMapping - Mapped "{[/error]}" onto public org.springframework.http.ResponseEntity<java.util.Map<java.lang.String, java.lang.Object>> org.springframework.boot.autoconfigure.web.BasicErrorController.error(javax.servlet.http.HttpServletRequest)
13:28:31.387 [main] INFO  o.s.w.s.m.m.a.RequestMappingHandlerMapping - Mapped "{[/error],produces=[text/html]}" onto public org.springframework.web.servlet.ModelAndView org.springframework.boot.autoconfigure.web.BasicErrorController.errorHtml(javax.servlet.http.HttpServletRequest,javax.servlet.http.HttpServletResponse)
13:28:31.516 [main] INFO  o.s.w.s.m.m.a.RequestMappingHandlerAdapter - Looking for @ControllerAdvice: org.springframework.boot.context.embedded.AnnotationConfigEmbeddedWebApplicationContext@7aaca91a: startup date [Sat Apr 06 13:28:27 CST 2019]; root of context hierarchy
13:28:32.616 [main] INFO  o.s.j.e.a.AnnotationMBeanExporter - Registering beans for JMX exposure on startup
13:28:32.623 [main] INFO  o.s.j.e.a.AnnotationMBeanExporter - Bean with name 'backendDataSource' has been autodetected for JMX exposure
13:28:32.623 [main] INFO  o.s.j.e.a.AnnotationMBeanExporter - Bean with name 'blogDataSource' has been autodetected for JMX exposure
13:28:32.629 [main] INFO  o.s.j.e.a.AnnotationMBeanExporter - Located MBean 'blogDataSource': registering with JMX server as MBean [com.alibaba.druid.pool:name=blogDataSource,type=DruidDataSource]
13:28:32.632 [main] INFO  o.s.j.e.a.AnnotationMBeanExporter - Located MBean 'backendDataSource': registering with JMX server as MBean [com.alibaba.druid.pool:name=backendDataSource,type=DruidDataSource]
13:28:32.635 [main] INFO  o.s.c.s.DefaultLifecycleProcessor - Starting beans in phase 2147483647
13:28:32.818 [main] INFO  o.s.b.c.e.t.TomcatEmbeddedServletContainer - Tomcat started on port(s): 8080 (http)
13:28:32.824 [main] INFO  com.lihebin.blog.Application - Started Application in 5.378 seconds (JVM running for 6.203)
13:28:39.068 [http-nio-8080-exec-1] INFO  o.a.c.c.C.[Tomcat].[localhost].[/] - Initializing Spring FrameworkServlet 'dispatcherServlet'
13:28:39.068 [http-nio-8080-exec-1] INFO  o.s.web.servlet.DispatcherServlet - FrameworkServlet 'dispatcherServlet': initialization started
13:28:39.105 [http-nio-8080-exec-1] INFO  o.s.web.servlet.DispatcherServlet - FrameworkServlet 'dispatcherServlet': initialization completed in 36 ms
13:28:39.169 [http-nio-8080-exec-1] INFO  c.l.blog.config.ServiceLogAspect - [ID41][getMenus] web request>>[3febf1d7b45bfff5b01a23be37a2b9aa]
13:28:39.177 [http-nio-8080-exec-1] INFO  c.l.blog.config.ServiceLogAspect - [ID41][listMenuByToken] request>>[3febf1d7b45bfff5b01a23be37a2b9aa]
13:28:39.242 [http-nio-8080-exec-1] INFO  c.l.blog.config.ServiceLogAspect - [ID41][listMenuByToken] response>>[]
13:28:39.242 [http-nio-8080-exec-1] INFO  c.l.blog.config.ServiceLogAspect - [ID41][getMenus] web response>>[]
13:28:40.016 [http-nio-8080-exec-4] INFO  c.l.blog.config.ServiceLogAspect - [ID44][getBlog] web request>>[4fa3e0ac-bc75-4691-86ed-903e2b550f9a]
13:28:40.020 [http-nio-8080-exec-5] INFO  c.l.blog.config.ServiceLogAspect - [ID45][getClassify] web request>>[]
13:28:40.026 [http-nio-8080-exec-5] INFO  c.l.blog.config.ServiceLogAspect - [ID45][getClassify] request>>[]
13:28:40.027 [http-nio-8080-exec-4] INFO  c.l.blog.config.ServiceLogAspect - [ID44][getBlog] request>>[4fa3e0ac-bc75-4691-86ed-903e2b550f9a]
13:28:41.911 [http-nio-8080-exec-5] INFO  c.alibaba.druid.pool.DruidDataSource - {dataSource-1} inited
13:28:41.949 [http-nio-8080-exec-5] INFO  c.l.blog.config.ServiceLogAspect - [ID45][getClassify] response>>[java, js]
13:28:41.949 [http-nio-8080-exec-5] INFO  c.l.blog.config.ServiceLogAspect - [ID45][getClassify] web response>>[java, js]
13:28:43.600 [http-nio-8080-exec-4] INFO  c.alibaba.druid.pool.DruidDataSource - {dataSource-2} inited
13:28:43.668 [http-nio-8080-exec-4] INFO  c.l.blog.config.ServiceLogAspect - [ID44][getBlog] response>>com.lihebin.blog.bean.Article@65f051c2
13:28:43.669 [http-nio-8080-exec-4] INFO  c.l.blog.config.ServiceLogAspect - [ID44][getBlog] web response>>com.lihebin.blog.bean.Article@65f051c2
13:28:52.329 [http-nio-8080-exec-7] INFO  c.l.blog.config.ServiceLogAspect - [ID47][uploadPictureToken] web request>>[bg.jpg, 72312]
13:28:52.334 [http-nio-8080-exec-7] INFO  c.l.blog.config.ServiceLogAspect - [ID47][uploadPictureToken] request>>[bg.jpg, 72312]
13:28:52.555 [http-nio-8080-exec-7] INFO  c.l.blog.config.ServiceLogAspect - [ID47][uploadPictureToken] response>>com.lihebin.blog.bean.Result@6e38c97f
13:28:52.555 [http-nio-8080-exec-7] INFO  c.l.blog.config.ServiceLogAspect - [ID47][uploadPictureToken] web response>>com.lihebin.blog.bean.Result@6e38c97f
13:30:50.466 [http-nio-8080-exec-3] INFO  c.l.blog.config.ServiceLogAspect - [ID43][getClassify] web request>>[]
13:30:50.467 [http-nio-8080-exec-2] INFO  c.l.blog.config.ServiceLogAspect - [ID42][getBlog] web request>>[4fa3e0ac-bc75-4691-86ed-903e2b550f9a]
13:30:50.469 [http-nio-8080-exec-3] INFO  c.l.blog.config.ServiceLogAspect - [ID43][getClassify] request>>[]
13:30:50.469 [http-nio-8080-exec-2] INFO  c.l.blog.config.ServiceLogAspect - [ID42][getBlog] request>>[4fa3e0ac-bc75-4691-86ed-903e2b550f9a]
13:30:50.528 [http-nio-8080-exec-3] INFO  c.l.blog.config.ServiceLogAspect - [ID43][getClassify] response>>[java, js]
13:30:50.528 [http-nio-8080-exec-3] INFO  c.l.blog.config.ServiceLogAspect - [ID43][getClassify] web response>>[java, js]
13:30:50.656 [http-nio-8080-exec-2] INFO  c.l.blog.config.ServiceLogAspect - [ID42][getBlog] response>>com.lihebin.blog.bean.Article@7467c0f5
13:30:50.656 [http-nio-8080-exec-2] INFO  c.l.blog.config.ServiceLogAspect - [ID42][getBlog] web response>>com.lihebin.blog.bean.Article@7467c0f5
13:32:28.957 [http-nio-8080-exec-8] INFO  c.l.blog.config.ServiceLogAspect - [ID48][getBlog] web request>>[4fa3e0ac-bc75-4691-86ed-903e2b550f9a]
13:32:28.958 [http-nio-8080-exec-9] INFO  c.l.blog.config.ServiceLogAspect - [ID49][getClassify] web request>>[]
13:32:28.958 [http-nio-8080-exec-8] INFO  c.l.blog.config.ServiceLogAspect - [ID48][getBlog] request>>[4fa3e0ac-bc75-4691-86ed-903e2b550f9a]
13:32:28.958 [http-nio-8080-exec-9] INFO  c.l.blog.config.ServiceLogAspect - [ID49][getClassify] request>>[]
13:32:29.023 [http-nio-8080-exec-9] INFO  c.l.blog.config.ServiceLogAspect - [ID49][getClassify] response>>[java, js]
13:32:29.024 [http-nio-8080-exec-9] INFO  c.l.blog.config.ServiceLogAspect - [ID49][getClassify] web response>>[java, js]
13:32:29.130 [http-nio-8080-exec-8] INFO  c.l.blog.config.ServiceLogAspect - [ID48][getBlog] response>>com.lihebin.blog.bean.Article@7f1f19a6
13:32:29.130 [http-nio-8080-exec-8] INFO  c.l.blog.config.ServiceLogAspect - [ID48][getBlog] web response>>com.lihebin.blog.bean.Article@7f1f19a6
13:32:41.689 [http-nio-8080-exec-10] INFO  c.l.blog.config.ServiceLogAspect - [ID50][uploadPictureToken] web request>>[bg.jpg, 72312]
13:32:41.690 [http-nio-8080-exec-10] INFO  c.l.blog.config.ServiceLogAspect - [ID50][uploadPictureToken] request>>[bg.jpg, 72312]
13:32:41.842 [http-nio-8080-exec-10] INFO  c.l.blog.config.ServiceLogAspect - [ID50][uploadPictureToken] response>>com.lihebin.blog.bean.Result@3a311bfb
13:32:41.842 [http-nio-8080-exec-10] INFO  c.l.blog.config.ServiceLogAspect - [ID50][uploadPictureToken] web response>>com.lihebin.blog.bean.Result@3a311bfb
13:33:18.995 [http-nio-8080-exec-3] INFO  c.l.blog.config.ServiceLogAspect - [ID43][getMenus] web request>>[3febf1d7b45bfff5b01a23be37a2b9aa]
13:33:18.996 [http-nio-8080-exec-3] INFO  c.l.blog.config.ServiceLogAspect - [ID43][listMenuByToken] request>>[3febf1d7b45bfff5b01a23be37a2b9aa]
13:33:18.999 [http-nio-8080-exec-3] INFO  c.l.blog.config.ServiceLogAspect - [ID43][listMenuByToken] response>>[]
13:33:18.999 [http-nio-8080-exec-3] INFO  c.l.blog.config.ServiceLogAspect - [ID43][getMenus] web response>>[]
13:33:19.697 [http-nio-8080-exec-4] INFO  c.l.blog.config.ServiceLogAspect - [ID44][getBlog] web request>>[4fa3e0ac-bc75-4691-86ed-903e2b550f9a]
13:33:19.697 [http-nio-8080-exec-6] INFO  c.l.blog.config.ServiceLogAspect - [ID46][getClassify] web request>>[]
13:33:19.697 [http-nio-8080-exec-4] INFO  c.l.blog.config.ServiceLogAspect - [ID44][getBlog] request>>[4fa3e0ac-bc75-4691-86ed-903e2b550f9a]
13:33:19.698 [http-nio-8080-exec-6] INFO  c.l.blog.config.ServiceLogAspect - [ID46][getClassify] request>>[]
13:33:19.726 [http-nio-8080-exec-6] INFO  c.l.blog.config.ServiceLogAspect - [ID46][getClassify] response>>[java, js]
13:33:19.726 [http-nio-8080-exec-6] INFO  c.l.blog.config.ServiceLogAspect - [ID46][getClassify] web response>>[java, js]
13:33:19.824 [http-nio-8080-exec-4] INFO  c.l.blog.config.ServiceLogAspect - [ID44][getBlog] response>>com.lihebin.blog.bean.Article@2850d9d8
13:33:19.824 [http-nio-8080-exec-4] INFO  c.l.blog.config.ServiceLogAspect - [ID44][getBlog] web response>>com.lihebin.blog.bean.Article@2850d9d8
13:33:27.210 [http-nio-8080-exec-9] INFO  c.l.blog.config.ServiceLogAspect - [ID49][uploadPictureToken] web request>>[bg.jpg, 72312]
13:33:27.211 [http-nio-8080-exec-9] INFO  c.l.blog.config.ServiceLogAspect - [ID49][uploadPictureToken] request>>[bg.jpg, 72312]
13:33:27.361 [http-nio-8080-exec-9] INFO  c.l.blog.config.ServiceLogAspect - [ID49][uploadPictureToken] response>>com.lihebin.blog.bean.Result@a9fa4a3
13:33:27.361 [http-nio-8080-exec-9] INFO  c.l.blog.config.ServiceLogAspect - [ID49][uploadPictureToken] web response>>com.lihebin.blog.bean.Result@a9fa4a3
13:41:34.161 [http-nio-8080-exec-5] INFO  c.l.blog.config.ServiceLogAspect - [ID45][getClassify] web request>>[]
13:41:34.161 [http-nio-8080-exec-2] INFO  c.l.blog.config.ServiceLogAspect - [ID42][getBlog] web request>>[4fa3e0ac-bc75-4691-86ed-903e2b550f9a]
13:41:34.163 [http-nio-8080-exec-5] INFO  c.l.blog.config.ServiceLogAspect - [ID45][getClassify] request>>[]
13:41:34.163 [http-nio-8080-exec-2] INFO  c.l.blog.config.ServiceLogAspect - [ID42][getBlog] request>>[4fa3e0ac-bc75-4691-86ed-903e2b550f9a]
13:41:36.207 [http-nio-8080-exec-5] INFO  c.l.blog.config.ServiceLogAspect - [ID45][getClassify] response>>[java, js]
13:41:36.207 [http-nio-8080-exec-5] INFO  c.l.blog.config.ServiceLogAspect - [ID45][getClassify] web response>>[java, js]
13:41:39.316 [http-nio-8080-exec-2] INFO  c.l.blog.config.ServiceLogAspect - [ID42][getBlog] response>>com.lihebin.blog.bean.Article@39a201a2
13:41:39.317 [http-nio-8080-exec-2] INFO  c.l.blog.config.ServiceLogAspect - [ID42][getBlog] web response>>com.lihebin.blog.bean.Article@39a201a2
13:41:47.203 [http-nio-8080-exec-4] INFO  c.l.blog.config.ServiceLogAspect - [ID44][uploadPictureToken] web request>>[bg.jpg, 72312]
13:41:47.204 [http-nio-8080-exec-4] INFO  c.l.blog.config.ServiceLogAspect - [ID44][uploadPictureToken] request>>[bg.jpg, 72312]
13:41:47.356 [http-nio-8080-exec-4] INFO  c.l.blog.config.ServiceLogAspect - [ID44][uploadPictureToken] response>>com.lihebin.blog.bean.Result@52490032
13:41:47.357 [http-nio-8080-exec-4] INFO  c.l.blog.config.ServiceLogAspect - [ID44][uploadPictureToken] web response>>com.lihebin.blog.bean.Result@52490032
13:42:38.748 [http-nio-8080-exec-10] INFO  c.l.blog.config.ServiceLogAspect - [ID50][getClassify] web request>>[]
13:42:38.748 [http-nio-8080-exec-1] INFO  c.l.blog.config.ServiceLogAspect - [ID41][getBlog] web request>>[4fa3e0ac-bc75-4691-86ed-903e2b550f9a]
13:42:38.748 [http-nio-8080-exec-10] INFO  c.l.blog.config.ServiceLogAspect - [ID50][getClassify] request>>[]
13:42:38.748 [http-nio-8080-exec-1] INFO  c.l.blog.config.ServiceLogAspect - [ID41][getBlog] request>>[4fa3e0ac-bc75-4691-86ed-903e2b550f9a]
13:42:38.810 [http-nio-8080-exec-10] INFO  c.l.blog.config.ServiceLogAspect - [ID50][getClassify] response>>[java, js]
13:42:38.810 [http-nio-8080-exec-10] INFO  c.l.blog.config.ServiceLogAspect - [ID50][getClassify] web response>>[java, js]
13:42:38.901 [http-nio-8080-exec-1] INFO  c.l.blog.config.ServiceLogAspect - [ID41][getBlog] response>>com.lihebin.blog.bean.Article@21a2a1c1
13:42:38.901 [http-nio-8080-exec-1] INFO  c.l.blog.config.ServiceLogAspect - [ID41][getBlog] web response>>com.lihebin.blog.bean.Article@21a2a1c1
13:42:48.210 [http-nio-8080-exec-5] INFO  c.l.blog.config.ServiceLogAspect - [ID45][uploadPictureToken] web request>>[bg.jpg, 72312]
13:42:48.210 [http-nio-8080-exec-5] INFO  c.l.blog.config.ServiceLogAspect - [ID45][uploadPictureToken] request>>[bg.jpg, 72312]
13:42:48.359 [http-nio-8080-exec-5] INFO  c.l.blog.config.ServiceLogAspect - [ID45][uploadPictureToken] response>>com.lihebin.blog.bean.Result@4637ce73
13:42:48.360 [http-nio-8080-exec-5] INFO  c.l.blog.config.ServiceLogAspect - [ID45][uploadPictureToken] web response>>com.lihebin.blog.bean.Result@4637ce73
13:46:13.459 [http-nio-8080-exec-8] INFO  c.l.blog.config.ServiceLogAspect - [ID48][getClassify] web request>>[]
13:46:13.459 [http-nio-8080-exec-9] INFO  c.l.blog.config.ServiceLogAspect - [ID49][getBlog] web request>>[4fa3e0ac-bc75-4691-86ed-903e2b550f9a]
13:46:13.460 [http-nio-8080-exec-8] INFO  c.l.blog.config.ServiceLogAspect - [ID48][getClassify] request>>[]
13:46:13.460 [http-nio-8080-exec-9] INFO  c.l.blog.config.ServiceLogAspect - [ID49][getBlog] request>>[4fa3e0ac-bc75-4691-86ed-903e2b550f9a]
13:46:13.519 [http-nio-8080-exec-8] INFO  c.l.blog.config.ServiceLogAspect - [ID48][getClassify] response>>[java, js]
13:46:13.520 [http-nio-8080-exec-8] INFO  c.l.blog.config.ServiceLogAspect - [ID48][getClassify] web response>>[java, js]
13:46:13.650 [http-nio-8080-exec-9] INFO  c.l.blog.config.ServiceLogAspect - [ID49][getBlog] response>>com.lihebin.blog.bean.Article@5726444f
13:46:13.650 [http-nio-8080-exec-9] INFO  c.l.blog.config.ServiceLogAspect - [ID49][getBlog] web response>>com.lihebin.blog.bean.Article@5726444f
13:46:23.377 [http-nio-8080-exec-1] INFO  c.l.blog.config.ServiceLogAspect - [ID41][uploadPictureToken] web request>>[bg.jpg, 72312]
13:46:23.378 [http-nio-8080-exec-1] INFO  c.l.blog.config.ServiceLogAspect - [ID41][uploadPictureToken] request>>[bg.jpg, 72312]
13:46:23.529 [http-nio-8080-exec-1] INFO  c.l.blog.config.ServiceLogAspect - [ID41][uploadPictureToken] response>>com.lihebin.blog.bean.Result@253d57a2
13:46:23.530 [http-nio-8080-exec-1] INFO  c.l.blog.config.ServiceLogAspect - [ID41][uploadPictureToken] web response>>com.lihebin.blog.bean.Result@253d57a2
13:47:29.860 [http-nio-8080-exec-7] INFO  c.l.blog.config.ServiceLogAspect - [ID47][getClassify] web request>>[]
13:47:29.860 [http-nio-8080-exec-4] INFO  c.l.blog.config.ServiceLogAspect - [ID44][getBlog] web request>>[4fa3e0ac-bc75-4691-86ed-903e2b550f9a]
13:47:29.861 [http-nio-8080-exec-7] INFO  c.l.blog.config.ServiceLogAspect - [ID47][getClassify] request>>[]
13:47:29.861 [http-nio-8080-exec-4] INFO  c.l.blog.config.ServiceLogAspect - [ID44][getBlog] request>>[4fa3e0ac-bc75-4691-86ed-903e2b550f9a]
13:47:29.922 [http-nio-8080-exec-7] INFO  c.l.blog.config.ServiceLogAspect - [ID47][getClassify] response>>[java, js]
13:47:29.922 [http-nio-8080-exec-7] INFO  c.l.blog.config.ServiceLogAspect - [ID47][getClassify] web response>>[java, js]
13:47:30.046 [http-nio-8080-exec-4] INFO  c.l.blog.config.ServiceLogAspect - [ID44][getBlog] response>>com.lihebin.blog.bean.Article@b532a45
13:47:30.047 [http-nio-8080-exec-4] INFO  c.l.blog.config.ServiceLogAspect - [ID44][getBlog] web response>>com.lihebin.blog.bean.Article@b532a45
13:47:38.269 [http-nio-8080-exec-9] INFO  c.l.blog.config.ServiceLogAspect - [ID49][uploadPictureToken] web request>>[bg.jpg, 72312]
13:47:38.269 [http-nio-8080-exec-9] INFO  c.l.blog.config.ServiceLogAspect - [ID49][uploadPictureToken] request>>[bg.jpg, 72312]
13:47:38.416 [http-nio-8080-exec-9] INFO  c.l.blog.config.ServiceLogAspect - [ID49][uploadPictureToken] response>>com.lihebin.blog.bean.Result@346239f7
13:47:38.416 [http-nio-8080-exec-9] INFO  c.l.blog.config.ServiceLogAspect - [ID49][uploadPictureToken] web response>>com.lihebin.blog.bean.Result@346239f7
13:48:50.186 [http-nio-8080-exec-6] INFO  c.l.blog.config.ServiceLogAspect - [ID46][getClassify] web request>>[]
13:48:50.186 [http-nio-8080-exec-2] INFO  c.l.blog.config.ServiceLogAspect - [ID42][getBlog] web request>>[4fa3e0ac-bc75-4691-86ed-903e2b550f9a]
13:48:50.186 [http-nio-8080-exec-6] INFO  c.l.blog.config.ServiceLogAspect - [ID46][getClassify] request>>[]
13:48:50.186 [http-nio-8080-exec-2] INFO  c.l.blog.config.ServiceLogAspect - [ID42][getBlog] request>>[4fa3e0ac-bc75-4691-86ed-903e2b550f9a]
13:48:50.244 [http-nio-8080-exec-6] INFO  c.l.blog.config.ServiceLogAspect - [ID46][getClassify] response>>[java, js]
13:48:50.244 [http-nio-8080-exec-6] INFO  c.l.blog.config.ServiceLogAspect - [ID46][getClassify] web response>>[java, js]
13:48:50.372 [http-nio-8080-exec-2] INFO  c.l.blog.config.ServiceLogAspect - [ID42][getBlog] response>>com.lihebin.blog.bean.Article@2aecbf9c
13:48:50.372 [http-nio-8080-exec-2] INFO  c.l.blog.config.ServiceLogAspect - [ID42][getBlog] web response>>com.lihebin.blog.bean.Article@2aecbf9c
13:49:01.109 [http-nio-8080-exec-4] INFO  c.l.blog.config.ServiceLogAspect - [ID44][uploadPictureToken] web request>>[bg.jpg, 72312]
13:49:01.109 [http-nio-8080-exec-4] INFO  c.l.blog.config.ServiceLogAspect - [ID44][uploadPictureToken] request>>[bg.jpg, 72312]
13:49:01.262 [http-nio-8080-exec-4] INFO  c.l.blog.config.ServiceLogAspect - [ID44][uploadPictureToken] response>>com.lihebin.blog.bean.Result@61d16b9d
13:49:01.262 [http-nio-8080-exec-4] INFO  c.l.blog.config.ServiceLogAspect - [ID44][uploadPictureToken] web response>>com.lihebin.blog.bean.Result@61d16b9d
13:49:20.773 [http-nio-8080-exec-10] INFO  c.l.blog.config.ServiceLogAspect - [ID50][getBlog] web request>>[4fa3e0ac-bc75-4691-86ed-903e2b550f9a]
13:49:20.773 [http-nio-8080-exec-10] INFO  c.l.blog.config.ServiceLogAspect - [ID50][getBlog] request>>[4fa3e0ac-bc75-4691-86ed-903e2b550f9a]
13:49:20.774 [http-nio-8080-exec-1] INFO  c.l.blog.config.ServiceLogAspect - [ID41][getClassify] web request>>[]
13:49:20.774 [http-nio-8080-exec-1] INFO  c.l.blog.config.ServiceLogAspect - [ID41][getClassify] request>>[]
13:49:20.804 [http-nio-8080-exec-1] INFO  c.l.blog.config.ServiceLogAspect - [ID41][getClassify] response>>[java, js]
13:49:20.804 [http-nio-8080-exec-1] INFO  c.l.blog.config.ServiceLogAspect - [ID41][getClassify] web response>>[java, js]
13:49:20.899 [http-nio-8080-exec-10] INFO  c.l.blog.config.ServiceLogAspect - [ID50][getBlog] response>>com.lihebin.blog.bean.Article@7e7d959f
13:49:20.899 [http-nio-8080-exec-10] INFO  c.l.blog.config.ServiceLogAspect - [ID50][getBlog] web response>>com.lihebin.blog.bean.Article@7e7d959f
13:49:28.381 [http-nio-8080-exec-5] INFO  c.l.blog.config.ServiceLogAspect - [ID45][uploadPictureToken] web request>>[bg.jpg, 72312]
13:49:28.382 [http-nio-8080-exec-5] INFO  c.l.blog.config.ServiceLogAspect - [ID45][uploadPictureToken] request>>[bg.jpg, 72312]
13:49:28.536 [http-nio-8080-exec-5] INFO  c.l.blog.config.ServiceLogAspect - [ID45][uploadPictureToken] response>>com.lihebin.blog.bean.Result@7543ffcb
13:49:28.537 [http-nio-8080-exec-5] INFO  c.l.blog.config.ServiceLogAspect - [ID45][uploadPictureToken] web response>>com.lihebin.blog.bean.Result@7543ffcb
13:50:22.058 [http-nio-8080-exec-4] INFO  c.l.blog.config.ServiceLogAspect - [ID44][getBlog] web request>>[4fa3e0ac-bc75-4691-86ed-903e2b550f9a]
13:50:22.059 [http-nio-8080-exec-8] INFO  c.l.blog.config.ServiceLogAspect - [ID48][getClassify] web request>>[]
13:50:22.059 [http-nio-8080-exec-4] INFO  c.l.blog.config.ServiceLogAspect - [ID44][getBlog] request>>[4fa3e0ac-bc75-4691-86ed-903e2b550f9a]
13:50:22.059 [http-nio-8080-exec-8] INFO  c.l.blog.config.ServiceLogAspect - [ID48][getClassify] request>>[]
13:50:22.121 [http-nio-8080-exec-8] INFO  c.l.blog.config.ServiceLogAspect - [ID48][getClassify] response>>[java, js]
13:50:22.121 [http-nio-8080-exec-8] INFO  c.l.blog.config.ServiceLogAspect - [ID48][getClassify] web response>>[java, js]
13:50:22.244 [http-nio-8080-exec-4] INFO  c.l.blog.config.ServiceLogAspect - [ID44][getBlog] response>>com.lihebin.blog.bean.Article@2127e68b
13:50:22.244 [http-nio-8080-exec-4] INFO  c.l.blog.config.ServiceLogAspect - [ID44][getBlog] web response>>com.lihebin.blog.bean.Article@2127e68b
13:50:53.722 [http-nio-8080-exec-10] INFO  c.l.blog.config.ServiceLogAspect - [ID50][getBlog] web request>>[4fa3e0ac-bc75-4691-86ed-903e2b550f9a]
13:50:53.722 [http-nio-8080-exec-3] INFO  c.l.blog.config.ServiceLogAspect - [ID43][getClassify] web request>>[]
13:50:53.722 [http-nio-8080-exec-10] INFO  c.l.blog.config.ServiceLogAspect - [ID50][getBlog] request>>[4fa3e0ac-bc75-4691-86ed-903e2b550f9a]
13:50:53.722 [http-nio-8080-exec-3] INFO  c.l.blog.config.ServiceLogAspect - [ID43][getClassify] request>>[]
13:50:53.752 [http-nio-8080-exec-3] INFO  c.l.blog.config.ServiceLogAspect - [ID43][getClassify] response>>[java, js]
13:50:53.752 [http-nio-8080-exec-3] INFO  c.l.blog.config.ServiceLogAspect - [ID43][getClassify] web response>>[java, js]
13:50:53.848 [http-nio-8080-exec-10] INFO  c.l.blog.config.ServiceLogAspect - [ID50][getBlog] response>>com.lihebin.blog.bean.Article@3b8e5eaf
13:50:53.848 [http-nio-8080-exec-10] INFO  c.l.blog.config.ServiceLogAspect - [ID50][getBlog] web response>>com.lihebin.blog.bean.Article@3b8e5eaf
13:51:01.664 [http-nio-8080-exec-6] INFO  c.l.blog.config.ServiceLogAspect - [ID46][uploadPictureToken] web request>>[bg.jpg, 72312]
13:51:01.665 [http-nio-8080-exec-6] INFO  c.l.blog.config.ServiceLogAspect - [ID46][uploadPictureToken] request>>[bg.jpg, 72312]
13:51:01.825 [http-nio-8080-exec-6] INFO  c.l.blog.config.ServiceLogAspect - [ID46][uploadPictureToken] response>>com.lihebin.blog.bean.Result@346e6b2b
13:51:01.825 [http-nio-8080-exec-6] INFO  c.l.blog.config.ServiceLogAspect - [ID46][uploadPictureToken] web response>>com.lihebin.blog.bean.Result@346e6b2b
13:56:36.391 [http-nio-8080-exec-1] INFO  c.l.blog.config.ServiceLogAspect - [ID41][getClassify] web request>>[]
13:56:36.391 [http-nio-8080-exec-9] INFO  c.l.blog.config.ServiceLogAspect - [ID49][getBlog] web request>>[4fa3e0ac-bc75-4691-86ed-903e2b550f9a]
13:56:36.397 [http-nio-8080-exec-1] INFO  c.l.blog.config.ServiceLogAspect - [ID41][getClassify] request>>[]
13:56:36.397 [http-nio-8080-exec-9] INFO  c.l.blog.config.ServiceLogAspect - [ID49][getBlog] request>>[4fa3e0ac-bc75-4691-86ed-903e2b550f9a]
13:56:38.437 [http-nio-8080-exec-1] INFO  c.l.blog.config.ServiceLogAspect - [ID41][getClassify] response>>[java, js]
13:56:38.437 [http-nio-8080-exec-1] INFO  c.l.blog.config.ServiceLogAspect - [ID41][getClassify] web response>>[java, js]
13:56:39.854 [http-nio-8080-exec-9] INFO  c.l.blog.config.ServiceLogAspect - [ID49][getBlog] response>>com.lihebin.blog.bean.Article@a8603e3
13:56:39.866 [http-nio-8080-exec-9] INFO  c.l.blog.config.ServiceLogAspect - [ID49][getBlog] web response>>com.lihebin.blog.bean.Article@a8603e3
13:56:48.152 [http-nio-8080-exec-10] INFO  c.l.blog.config.ServiceLogAspect - [ID50][uploadPictureToken] web request>>[bg.jpg, 72312]
13:56:48.153 [http-nio-8080-exec-10] INFO  c.l.blog.config.ServiceLogAspect - [ID50][uploadPictureToken] request>>[bg.jpg, 72312]
13:56:48.340 [http-nio-8080-exec-10] INFO  c.l.blog.config.ServiceLogAspect - [ID50][uploadPictureToken] response>>com.lihebin.blog.bean.Result@5310a097
13:56:48.340 [http-nio-8080-exec-10] INFO  c.l.blog.config.ServiceLogAspect - [ID50][uploadPictureToken] web response>>com.lihebin.blog.bean.Result@5310a097
