23:05:05.480 [http-nio-8080-exec-6] INFO  c.l.blog.config.ServiceLogAspect - [ID48][listBlog] web request>>[com.lihebin.blog.bean.Articles@92bea99]
23:05:05.481 [http-nio-8080-exec-6] INFO  c.l.blog.config.ServiceLogAspect - [ID48][listBlog] request>>[com.lihebin.blog.bean.Articles@92bea99]
23:05:09.221 [http-nio-8080-exec-7] INFO  c.l.blog.config.ServiceLogAspect - [ID49][listBlog] web request>>[com.lihebin.blog.bean.Articles@3126cd29]
23:05:09.221 [http-nio-8080-exec-7] INFO  c.l.blog.config.ServiceLogAspect - [ID49][listBlog] request>>[com.lihebin.blog.bean.Articles@3126cd29]
23:05:09.563 [http-nio-8080-exec-7] INFO  c.l.blog.config.ServiceLogAspect - [ID49][listBlog] response>>com.lihebin.blog.bean.Articles@7a4f1f97
23:05:09.564 [http-nio-8080-exec-7] INFO  c.l.blog.config.ServiceLogAspect - [ID49][listBlog] web response>>com.lihebin.blog.bean.Articles@7a4f1f97
23:05:09.827 [http-nio-8080-exec-6] INFO  c.l.blog.config.ServiceLogAspect - [ID48][listBlog] response>>com.lihebin.blog.bean.Articles@3dba7885
23:05:09.827 [http-nio-8080-exec-6] INFO  c.l.blog.config.ServiceLogAspect - [ID48][listBlog] web response>>com.lihebin.blog.bean.Articles@3dba7885
23:08:51.754 [http-nio-8080-exec-10] INFO  c.l.blog.config.ServiceLogAspect - [ID52][listBlog] web request>>[com.lihebin.blog.bean.Articles@2c18b8db]
23:08:51.755 [http-nio-8080-exec-10] INFO  c.l.blog.config.ServiceLogAspect - [ID52][listBlog] request>>[com.lihebin.blog.bean.Articles@2c18b8db]
23:08:52.168 [http-nio-8080-exec-10] INFO  c.l.blog.config.ServiceLogAspect - [ID52][listBlog] response>>com.lihebin.blog.bean.Articles@49f8993d
23:08:52.169 [http-nio-8080-exec-10] INFO  c.l.blog.config.ServiceLogAspect - [ID52][listBlog] web response>>com.lihebin.blog.bean.Articles@49f8993d
23:09:45.688 [http-nio-8080-exec-2] INFO  c.l.blog.config.ServiceLogAspect - [ID44][listBlog] web request>>[com.lihebin.blog.bean.Articles@6e6697e1]
23:09:45.688 [http-nio-8080-exec-2] INFO  c.l.blog.config.ServiceLogAspect - [ID44][listBlog] request>>[com.lihebin.blog.bean.Articles@6e6697e1]
23:09:46.035 [http-nio-8080-exec-2] INFO  c.l.blog.config.ServiceLogAspect - [ID44][listBlog] response>>com.lihebin.blog.bean.Articles@647f4255
23:09:46.036 [http-nio-8080-exec-2] INFO  c.l.blog.config.ServiceLogAspect - [ID44][listBlog] web response>>com.lihebin.blog.bean.Articles@647f4255
23:09:54.443 [http-nio-8080-exec-3] INFO  c.l.blog.config.ServiceLogAspect - [ID45][getBlog] web request>>[349ea4d9-dcea-438c-b4a1-0d2b0b063eb6]
23:09:54.443 [http-nio-8080-exec-4] INFO  c.l.blog.config.ServiceLogAspect - [ID46][getPreNextBlog] web request>>[349ea4d9-dcea-438c-b4a1-0d2b0b063eb6]
23:09:54.443 [http-nio-8080-exec-3] INFO  c.l.blog.config.ServiceLogAspect - [ID45][getBlog] request>>[349ea4d9-dcea-438c-b4a1-0d2b0b063eb6]
23:09:54.443 [http-nio-8080-exec-4] INFO  c.l.blog.config.ServiceLogAspect - [ID46][getPreNextBlog] request>>[349ea4d9-dcea-438c-b4a1-0d2b0b063eb6]
23:09:54.574 [http-nio-8080-exec-3] INFO  c.l.blog.config.ServiceLogAspect - [ID45][getBlog] response>>com.lihebin.blog.bean.Article@39d6b929
23:09:54.574 [http-nio-8080-exec-3] INFO  c.l.blog.config.ServiceLogAspect - [ID45][getBlog] web response>>com.lihebin.blog.bean.Article@39d6b929
23:09:55.512 [http-nio-8080-exec-4] INFO  c.l.blog.config.ServiceLogAspect - [ID46][getPreNextBlog] response>>com.lihebin.blog.bean.PreNext@7dd3a6c7
23:09:55.512 [http-nio-8080-exec-4] INFO  c.l.blog.config.ServiceLogAspect - [ID46][getPreNextBlog] web response>>com.lihebin.blog.bean.PreNext@7dd3a6c7
23:11:15.696 [http-nio-8080-exec-8] INFO  c.l.blog.config.ServiceLogAspect - [ID50][listBlog] web request>>[com.lihebin.blog.bean.Articles@1d4c32cd]
23:11:15.696 [http-nio-8080-exec-8] INFO  c.l.blog.config.ServiceLogAspect - [ID50][listBlog] request>>[com.lihebin.blog.bean.Articles@1d4c32cd]
23:11:16.021 [http-nio-8080-exec-8] INFO  c.l.blog.config.ServiceLogAspect - [ID50][listBlog] response>>com.lihebin.blog.bean.Articles@3d89b32b
23:11:16.021 [http-nio-8080-exec-8] INFO  c.l.blog.config.ServiceLogAspect - [ID50][listBlog] web response>>com.lihebin.blog.bean.Articles@3d89b32b
23:11:20.940 [http-nio-8080-exec-10] INFO  c.l.blog.config.ServiceLogAspect - [ID52][listBlog] web request>>[com.lihebin.blog.bean.Articles@48a6a014]
23:11:20.940 [http-nio-8080-exec-10] INFO  c.l.blog.config.ServiceLogAspect - [ID52][listBlog] request>>[com.lihebin.blog.bean.Articles@48a6a014]
23:11:21.203 [http-nio-8080-exec-10] INFO  c.l.blog.config.ServiceLogAspect - [ID52][listBlog] response>>com.lihebin.blog.bean.Articles@6e33cfd3
23:11:21.203 [http-nio-8080-exec-10] INFO  c.l.blog.config.ServiceLogAspect - [ID52][listBlog] web response>>com.lihebin.blog.bean.Articles@6e33cfd3
23:12:57.772 [http-nio-8080-exec-3] INFO  c.l.blog.config.ServiceLogAspect - [ID45][listBlog] web request>>[com.lihebin.blog.bean.Articles@3558c3bf]
23:12:57.772 [http-nio-8080-exec-3] INFO  c.l.blog.config.ServiceLogAspect - [ID45][listBlog] request>>[com.lihebin.blog.bean.Articles@3558c3bf]
23:12:58.094 [http-nio-8080-exec-3] INFO  c.l.blog.config.ServiceLogAspect - [ID45][listBlog] response>>com.lihebin.blog.bean.Articles@1185f549
23:12:58.094 [http-nio-8080-exec-3] INFO  c.l.blog.config.ServiceLogAspect - [ID45][listBlog] web response>>com.lihebin.blog.bean.Articles@1185f549
23:13:02.032 [http-nio-8080-exec-4] INFO  c.l.blog.config.ServiceLogAspect - [ID46][listBlog] web request>>[com.lihebin.blog.bean.Articles@31f9b570]
23:13:02.033 [http-nio-8080-exec-4] INFO  c.l.blog.config.ServiceLogAspect - [ID46][listBlog] request>>[com.lihebin.blog.bean.Articles@31f9b570]
23:13:02.288 [http-nio-8080-exec-4] INFO  c.l.blog.config.ServiceLogAspect - [ID46][listBlog] response>>com.lihebin.blog.bean.Articles@5325a0d6
23:13:02.289 [http-nio-8080-exec-4] INFO  c.l.blog.config.ServiceLogAspect - [ID46][listBlog] web response>>com.lihebin.blog.bean.Articles@5325a0d6
23:13:08.374 [http-nio-8080-exec-7] INFO  c.l.blog.config.ServiceLogAspect - [ID49][listBlog] web request>>[com.lihebin.blog.bean.Articles@48262212]
23:13:08.374 [http-nio-8080-exec-7] INFO  c.l.blog.config.ServiceLogAspect - [ID49][listBlog] request>>[com.lihebin.blog.bean.Articles@48262212]
23:13:08.630 [http-nio-8080-exec-7] INFO  c.l.blog.config.ServiceLogAspect - [ID49][listBlog] response>>com.lihebin.blog.bean.Articles@5a96b17a
23:13:08.630 [http-nio-8080-exec-7] INFO  c.l.blog.config.ServiceLogAspect - [ID49][listBlog] web response>>com.lihebin.blog.bean.Articles@5a96b17a
23:14:13.509 [http-nio-8080-exec-9] INFO  c.l.blog.config.ServiceLogAspect - [ID51][listBlog] web request>>[com.lihebin.blog.bean.Articles@fd4c28c]
23:14:13.509 [http-nio-8080-exec-9] INFO  c.l.blog.config.ServiceLogAspect - [ID51][listBlog] request>>[com.lihebin.blog.bean.Articles@fd4c28c]
23:14:13.829 [http-nio-8080-exec-9] INFO  c.l.blog.config.ServiceLogAspect - [ID51][listBlog] response>>com.lihebin.blog.bean.Articles@2cbb23ba
23:14:13.830 [http-nio-8080-exec-9] INFO  c.l.blog.config.ServiceLogAspect - [ID51][listBlog] web response>>com.lihebin.blog.bean.Articles@2cbb23ba
23:14:51.603 [http-nio-8080-exec-1] INFO  c.l.blog.config.ServiceLogAspect - [ID43][listBlog] web request>>[com.lihebin.blog.bean.Articles@7233c805]
23:14:51.604 [http-nio-8080-exec-1] INFO  c.l.blog.config.ServiceLogAspect - [ID43][listBlog] request>>[com.lihebin.blog.bean.Articles@7233c805]
23:14:51.859 [http-nio-8080-exec-1] INFO  c.l.blog.config.ServiceLogAspect - [ID43][listBlog] response>>com.lihebin.blog.bean.Articles@1af6e65e
23:14:51.859 [http-nio-8080-exec-1] INFO  c.l.blog.config.ServiceLogAspect - [ID43][listBlog] web response>>com.lihebin.blog.bean.Articles@1af6e65e
23:15:46.657 [http-nio-8080-exec-3] INFO  c.l.blog.config.ServiceLogAspect - [ID45][listBlog] web request>>[com.lihebin.blog.bean.Articles@216e4373]
23:15:46.657 [http-nio-8080-exec-3] INFO  c.l.blog.config.ServiceLogAspect - [ID45][listBlog] request>>[com.lihebin.blog.bean.Articles@216e4373]
23:15:46.916 [http-nio-8080-exec-3] INFO  c.l.blog.config.ServiceLogAspect - [ID45][listBlog] response>>com.lihebin.blog.bean.Articles@2571ad9c
23:15:46.916 [http-nio-8080-exec-3] INFO  c.l.blog.config.ServiceLogAspect - [ID45][listBlog] web response>>com.lihebin.blog.bean.Articles@2571ad9c
23:16:18.212 [http-nio-8080-exec-5] INFO  c.l.blog.config.ServiceLogAspect - [ID47][listBlog] web request>>[com.lihebin.blog.bean.Articles@704eb2ef]
23:16:18.212 [http-nio-8080-exec-5] INFO  c.l.blog.config.ServiceLogAspect - [ID47][listBlog] request>>[com.lihebin.blog.bean.Articles@704eb2ef]
23:16:18.469 [http-nio-8080-exec-5] INFO  c.l.blog.config.ServiceLogAspect - [ID47][listBlog] response>>com.lihebin.blog.bean.Articles@62ae38b6
23:16:18.469 [http-nio-8080-exec-5] INFO  c.l.blog.config.ServiceLogAspect - [ID47][listBlog] web response>>com.lihebin.blog.bean.Articles@62ae38b6
23:16:21.682 [http-nio-8080-exec-7] INFO  c.l.blog.config.ServiceLogAspect - [ID49][listBlog] web request>>[com.lihebin.blog.bean.Articles@2c3efb97]
23:16:21.682 [http-nio-8080-exec-7] INFO  c.l.blog.config.ServiceLogAspect - [ID49][listBlog] request>>[com.lihebin.blog.bean.Articles@2c3efb97]
23:16:21.937 [http-nio-8080-exec-7] INFO  c.l.blog.config.ServiceLogAspect - [ID49][listBlog] response>>com.lihebin.blog.bean.Articles@30f08a70
23:16:21.938 [http-nio-8080-exec-7] INFO  c.l.blog.config.ServiceLogAspect - [ID49][listBlog] web response>>com.lihebin.blog.bean.Articles@30f08a70
23:17:40.293 [http-nio-8080-exec-9] INFO  c.l.blog.config.ServiceLogAspect - [ID51][listBlog] web request>>[com.lihebin.blog.bean.Articles@328afe87]
23:17:40.293 [http-nio-8080-exec-9] INFO  c.l.blog.config.ServiceLogAspect - [ID51][listBlog] request>>[com.lihebin.blog.bean.Articles@328afe87]
23:17:40.615 [http-nio-8080-exec-9] INFO  c.l.blog.config.ServiceLogAspect - [ID51][listBlog] response>>com.lihebin.blog.bean.Articles@3d538219
23:17:40.615 [http-nio-8080-exec-9] INFO  c.l.blog.config.ServiceLogAspect - [ID51][listBlog] web response>>com.lihebin.blog.bean.Articles@3d538219
23:17:44.014 [http-nio-8080-exec-10] INFO  c.l.blog.config.ServiceLogAspect - [ID52][listBlog] web request>>[com.lihebin.blog.bean.Articles@25cd9c2e]
23:17:44.014 [http-nio-8080-exec-10] INFO  c.l.blog.config.ServiceLogAspect - [ID52][listBlog] request>>[com.lihebin.blog.bean.Articles@25cd9c2e]
23:17:44.271 [http-nio-8080-exec-10] INFO  c.l.blog.config.ServiceLogAspect - [ID52][listBlog] response>>com.lihebin.blog.bean.Articles@5ab2afd
23:17:44.271 [http-nio-8080-exec-10] INFO  c.l.blog.config.ServiceLogAspect - [ID52][listBlog] web response>>com.lihebin.blog.bean.Articles@5ab2afd
23:18:22.254 [http-nio-8080-exec-2] INFO  c.l.blog.config.ServiceLogAspect - [ID44][listBlog] web request>>[com.lihebin.blog.bean.Articles@3740f15d]
23:18:22.254 [http-nio-8080-exec-2] INFO  c.l.blog.config.ServiceLogAspect - [ID44][listBlog] request>>[com.lihebin.blog.bean.Articles@3740f15d]
23:18:22.511 [http-nio-8080-exec-2] INFO  c.l.blog.config.ServiceLogAspect - [ID44][listBlog] response>>com.lihebin.blog.bean.Articles@3a8c398f
23:18:22.511 [http-nio-8080-exec-2] INFO  c.l.blog.config.ServiceLogAspect - [ID44][listBlog] web response>>com.lihebin.blog.bean.Articles@3a8c398f
23:18:30.051 [http-nio-8080-exec-4] INFO  c.l.blog.config.ServiceLogAspect - [ID46][listBlog] web request>>[com.lihebin.blog.bean.Articles@70e7c830]
23:18:30.051 [http-nio-8080-exec-4] INFO  c.l.blog.config.ServiceLogAspect - [ID46][listBlog] request>>[com.lihebin.blog.bean.Articles@70e7c830]
23:18:30.307 [http-nio-8080-exec-4] INFO  c.l.blog.config.ServiceLogAspect - [ID46][listBlog] response>>com.lihebin.blog.bean.Articles@d4156c9
23:18:30.307 [http-nio-8080-exec-4] INFO  c.l.blog.config.ServiceLogAspect - [ID46][listBlog] web response>>com.lihebin.blog.bean.Articles@d4156c9
23:18:35.300 [http-nio-8080-exec-7] INFO  c.l.blog.config.ServiceLogAspect - [ID49][listBlog] web request>>[com.lihebin.blog.bean.Articles@16e1ee1d]
23:18:35.301 [http-nio-8080-exec-7] INFO  c.l.blog.config.ServiceLogAspect - [ID49][listBlog] request>>[com.lihebin.blog.bean.Articles@16e1ee1d]
23:18:35.558 [http-nio-8080-exec-7] INFO  c.l.blog.config.ServiceLogAspect - [ID49][listBlog] response>>com.lihebin.blog.bean.Articles@43348927
23:18:35.558 [http-nio-8080-exec-7] INFO  c.l.blog.config.ServiceLogAspect - [ID49][listBlog] web response>>com.lihebin.blog.bean.Articles@43348927
23:18:37.357 [http-nio-8080-exec-6] INFO  c.l.blog.config.ServiceLogAspect - [ID48][listBlog] web request>>[com.lihebin.blog.bean.Articles@65afd4dc]
23:18:37.357 [http-nio-8080-exec-6] INFO  c.l.blog.config.ServiceLogAspect - [ID48][listBlog] request>>[com.lihebin.blog.bean.Articles@65afd4dc]
23:18:37.520 [http-nio-8080-exec-6] INFO  c.l.blog.config.ServiceLogAspect - [ID48][listBlog] response>>com.lihebin.blog.bean.Articles@4a11d446
23:18:37.521 [http-nio-8080-exec-6] INFO  c.l.blog.config.ServiceLogAspect - [ID48][listBlog] web response>>com.lihebin.blog.bean.Articles@4a11d446
23:18:44.956 [http-nio-8080-exec-9] INFO  c.l.blog.config.ServiceLogAspect - [ID51][listBlog] web request>>[com.lihebin.blog.bean.Articles@46170116]
23:18:44.956 [http-nio-8080-exec-9] INFO  c.l.blog.config.ServiceLogAspect - [ID51][listBlog] request>>[com.lihebin.blog.bean.Articles@46170116]
23:18:45.022 [http-nio-8080-exec-9] INFO  c.l.blog.config.ServiceLogAspect - [ID51][listBlog] response>>com.lihebin.blog.bean.Articles@3eb87ee5
23:18:45.022 [http-nio-8080-exec-9] INFO  c.l.blog.config.ServiceLogAspect - [ID51][listBlog] web response>>com.lihebin.blog.bean.Articles@3eb87ee5
23:21:27.892 [http-nio-8080-exec-2] INFO  c.l.blog.config.ServiceLogAspect - [ID44][listBlog] web request>>[com.lihebin.blog.bean.Articles@555fc960]
23:21:27.892 [http-nio-8080-exec-2] INFO  c.l.blog.config.ServiceLogAspect - [ID44][listBlog] request>>[com.lihebin.blog.bean.Articles@555fc960]
23:21:28.216 [http-nio-8080-exec-2] INFO  c.l.blog.config.ServiceLogAspect - [ID44][listBlog] response>>com.lihebin.blog.bean.Articles@470abbce
23:21:28.216 [http-nio-8080-exec-2] INFO  c.l.blog.config.ServiceLogAspect - [ID44][listBlog] web response>>com.lihebin.blog.bean.Articles@470abbce
23:21:31.001 [http-nio-8080-exec-3] INFO  c.l.blog.config.ServiceLogAspect - [ID45][listBlog] web request>>[com.lihebin.blog.bean.Articles@243da825]
23:21:31.001 [http-nio-8080-exec-3] INFO  c.l.blog.config.ServiceLogAspect - [ID45][listBlog] request>>[com.lihebin.blog.bean.Articles@243da825]
23:21:31.068 [http-nio-8080-exec-3] INFO  c.l.blog.config.ServiceLogAspect - [ID45][listBlog] response>>com.lihebin.blog.bean.Articles@3a103478
23:21:31.069 [http-nio-8080-exec-3] INFO  c.l.blog.config.ServiceLogAspect - [ID45][listBlog] web response>>com.lihebin.blog.bean.Articles@3a103478
23:21:35.376 [http-nio-8080-exec-5] INFO  c.l.blog.config.ServiceLogAspect - [ID47][listBlog] web request>>[com.lihebin.blog.bean.Articles@1dbb8d8a]
23:21:35.376 [http-nio-8080-exec-5] INFO  c.l.blog.config.ServiceLogAspect - [ID47][listBlog] request>>[com.lihebin.blog.bean.Articles@1dbb8d8a]
23:21:35.443 [http-nio-8080-exec-5] INFO  c.l.blog.config.ServiceLogAspect - [ID47][listBlog] response>>com.lihebin.blog.bean.Articles@a8dec31
23:21:35.444 [http-nio-8080-exec-5] INFO  c.l.blog.config.ServiceLogAspect - [ID47][listBlog] web response>>com.lihebin.blog.bean.Articles@a8dec31
23:21:36.340 [http-nio-8080-exec-7] INFO  c.l.blog.config.ServiceLogAspect - [ID49][listBlog] web request>>[com.lihebin.blog.bean.Articles@7c28a0b4]
23:21:36.341 [http-nio-8080-exec-7] INFO  c.l.blog.config.ServiceLogAspect - [ID49][listBlog] request>>[com.lihebin.blog.bean.Articles@7c28a0b4]
23:21:36.406 [http-nio-8080-exec-7] INFO  c.l.blog.config.ServiceLogAspect - [ID49][listBlog] response>>com.lihebin.blog.bean.Articles@13ceed5d
23:21:36.407 [http-nio-8080-exec-7] INFO  c.l.blog.config.ServiceLogAspect - [ID49][listBlog] web response>>com.lihebin.blog.bean.Articles@13ceed5d
23:21:37.217 [http-nio-8080-exec-6] INFO  c.l.blog.config.ServiceLogAspect - [ID48][listBlog] web request>>[com.lihebin.blog.bean.Articles@6de53973]
23:21:37.217 [http-nio-8080-exec-6] INFO  c.l.blog.config.ServiceLogAspect - [ID48][listBlog] request>>[com.lihebin.blog.bean.Articles@6de53973]
23:21:37.284 [http-nio-8080-exec-6] INFO  c.l.blog.config.ServiceLogAspect - [ID48][listBlog] response>>com.lihebin.blog.bean.Articles@2d5c1266
23:21:37.287 [http-nio-8080-exec-6] INFO  c.l.blog.config.ServiceLogAspect - [ID48][listBlog] web response>>com.lihebin.blog.bean.Articles@2d5c1266
23:28:06.714 [http-nio-8080-exec-10] INFO  c.l.blog.config.ServiceLogAspect - [ID52][listBlog] web request>>[com.lihebin.blog.bean.Articles@48daa715]
23:28:06.715 [http-nio-8080-exec-10] INFO  c.l.blog.config.ServiceLogAspect - [ID52][listBlog] request>>[com.lihebin.blog.bean.Articles@48daa715]
23:28:10.972 [http-nio-8080-exec-10] INFO  c.l.blog.config.ServiceLogAspect - [ID52][listBlog] response>>com.lihebin.blog.bean.Articles@1b7f279f
23:28:10.972 [http-nio-8080-exec-10] INFO  c.l.blog.config.ServiceLogAspect - [ID52][listBlog] web response>>com.lihebin.blog.bean.Articles@1b7f279f
23:28:14.690 [http-nio-8080-exec-2] INFO  c.l.blog.config.ServiceLogAspect - [ID44][listBlog] web request>>[com.lihebin.blog.bean.Articles@644bbbb8]
23:28:14.700 [http-nio-8080-exec-2] INFO  c.l.blog.config.ServiceLogAspect - [ID44][listBlog] request>>[com.lihebin.blog.bean.Articles@644bbbb8]
23:28:14.767 [http-nio-8080-exec-2] INFO  c.l.blog.config.ServiceLogAspect - [ID44][listBlog] response>>com.lihebin.blog.bean.Articles@698c8bcd
23:28:14.767 [http-nio-8080-exec-2] INFO  c.l.blog.config.ServiceLogAspect - [ID44][listBlog] web response>>com.lihebin.blog.bean.Articles@698c8bcd
23:28:33.824 [http-nio-8080-exec-4] INFO  c.l.blog.config.ServiceLogAspect - [ID46][listBlog] web request>>[com.lihebin.blog.bean.Articles@b59466a]
23:28:33.824 [http-nio-8080-exec-4] INFO  c.l.blog.config.ServiceLogAspect - [ID46][listBlog] request>>[com.lihebin.blog.bean.Articles@b59466a]
23:28:34.086 [http-nio-8080-exec-4] INFO  c.l.blog.config.ServiceLogAspect - [ID46][listBlog] response>>com.lihebin.blog.bean.Articles@473e04d3
23:28:34.086 [http-nio-8080-exec-4] INFO  c.l.blog.config.ServiceLogAspect - [ID46][listBlog] web response>>com.lihebin.blog.bean.Articles@473e04d3
23:28:37.887 [http-nio-8080-exec-5] INFO  c.l.blog.config.ServiceLogAspect - [ID47][listBlog] web request>>[com.lihebin.blog.bean.Articles@4b9bf737]
23:28:37.887 [http-nio-8080-exec-5] INFO  c.l.blog.config.ServiceLogAspect - [ID47][listBlog] request>>[com.lihebin.blog.bean.Articles@4b9bf737]
23:28:38.151 [http-nio-8080-exec-5] INFO  c.l.blog.config.ServiceLogAspect - [ID47][listBlog] response>>com.lihebin.blog.bean.Articles@2ef5d318
23:28:38.152 [http-nio-8080-exec-5] INFO  c.l.blog.config.ServiceLogAspect - [ID47][listBlog] web response>>com.lihebin.blog.bean.Articles@2ef5d318
23:28:40.454 [http-nio-8080-exec-6] INFO  c.l.blog.config.ServiceLogAspect - [ID48][listBlog] web request>>[com.lihebin.blog.bean.Articles@69b6981f]
23:28:40.454 [http-nio-8080-exec-6] INFO  c.l.blog.config.ServiceLogAspect - [ID48][listBlog] request>>[com.lihebin.blog.bean.Articles@69b6981f]
23:28:40.520 [http-nio-8080-exec-6] INFO  c.l.blog.config.ServiceLogAspect - [ID48][listBlog] response>>com.lihebin.blog.bean.Articles@3438c145
23:28:40.520 [http-nio-8080-exec-6] INFO  c.l.blog.config.ServiceLogAspect - [ID48][listBlog] web response>>com.lihebin.blog.bean.Articles@3438c145
23:28:42.186 [http-nio-8080-exec-8] INFO  c.l.blog.config.ServiceLogAspect - [ID50][listBlog] web request>>[com.lihebin.blog.bean.Articles@3ea1dd98]
23:28:42.186 [http-nio-8080-exec-8] INFO  c.l.blog.config.ServiceLogAspect - [ID50][listBlog] request>>[com.lihebin.blog.bean.Articles@3ea1dd98]
23:28:42.251 [http-nio-8080-exec-8] INFO  c.l.blog.config.ServiceLogAspect - [ID50][listBlog] response>>com.lihebin.blog.bean.Articles@6b172562
23:28:42.251 [http-nio-8080-exec-8] INFO  c.l.blog.config.ServiceLogAspect - [ID50][listBlog] web response>>com.lihebin.blog.bean.Articles@6b172562
23:29:15.146 [http-nio-8080-exec-10] INFO  c.l.blog.config.ServiceLogAspect - [ID52][listBlog] web request>>[com.lihebin.blog.bean.Articles@31485660]
23:29:15.146 [http-nio-8080-exec-10] INFO  c.l.blog.config.ServiceLogAspect - [ID52][listBlog] request>>[com.lihebin.blog.bean.Articles@31485660]
23:29:15.409 [http-nio-8080-exec-10] INFO  c.l.blog.config.ServiceLogAspect - [ID52][listBlog] response>>com.lihebin.blog.bean.Articles@19660150
23:29:15.409 [http-nio-8080-exec-10] INFO  c.l.blog.config.ServiceLogAspect - [ID52][listBlog] web response>>com.lihebin.blog.bean.Articles@19660150
23:29:17.456 [http-nio-8080-exec-1] INFO  c.l.blog.config.ServiceLogAspect - [ID43][listBlog] web request>>[com.lihebin.blog.bean.Articles@11d9562c]
23:29:17.456 [http-nio-8080-exec-1] INFO  c.l.blog.config.ServiceLogAspect - [ID43][listBlog] request>>[com.lihebin.blog.bean.Articles@11d9562c]
23:29:17.620 [http-nio-8080-exec-1] INFO  c.l.blog.config.ServiceLogAspect - [ID43][listBlog] response>>com.lihebin.blog.bean.Articles@20515590
23:29:17.620 [http-nio-8080-exec-1] INFO  c.l.blog.config.ServiceLogAspect - [ID43][listBlog] web response>>com.lihebin.blog.bean.Articles@20515590
23:29:19.797 [http-nio-8080-exec-2] INFO  c.l.blog.config.ServiceLogAspect - [ID44][listBlog] web request>>[com.lihebin.blog.bean.Articles@50a36b3f]
23:29:19.797 [http-nio-8080-exec-2] INFO  c.l.blog.config.ServiceLogAspect - [ID44][listBlog] request>>[com.lihebin.blog.bean.Articles@50a36b3f]
23:29:19.863 [http-nio-8080-exec-2] INFO  c.l.blog.config.ServiceLogAspect - [ID44][listBlog] response>>com.lihebin.blog.bean.Articles@1e5d0e49
23:29:19.863 [http-nio-8080-exec-2] INFO  c.l.blog.config.ServiceLogAspect - [ID44][listBlog] web response>>com.lihebin.blog.bean.Articles@1e5d0e49
23:29:21.071 [http-nio-8080-exec-4] INFO  c.l.blog.config.ServiceLogAspect - [ID46][listBlog] web request>>[com.lihebin.blog.bean.Articles@20417a65]
23:29:21.071 [http-nio-8080-exec-4] INFO  c.l.blog.config.ServiceLogAspect - [ID46][listBlog] request>>[com.lihebin.blog.bean.Articles@20417a65]
23:29:21.138 [http-nio-8080-exec-4] INFO  c.l.blog.config.ServiceLogAspect - [ID46][listBlog] response>>com.lihebin.blog.bean.Articles@4659fe66
23:29:21.138 [http-nio-8080-exec-4] INFO  c.l.blog.config.ServiceLogAspect - [ID46][listBlog] web response>>com.lihebin.blog.bean.Articles@4659fe66
23:29:22.521 [http-nio-8080-exec-5] INFO  c.l.blog.config.ServiceLogAspect - [ID47][listBlog] web request>>[com.lihebin.blog.bean.Articles@74a0c94]
23:29:22.521 [http-nio-8080-exec-5] INFO  c.l.blog.config.ServiceLogAspect - [ID47][listBlog] request>>[com.lihebin.blog.bean.Articles@74a0c94]
23:29:22.585 [http-nio-8080-exec-5] INFO  c.l.blog.config.ServiceLogAspect - [ID47][listBlog] response>>com.lihebin.blog.bean.Articles@7e3168de
23:29:22.586 [http-nio-8080-exec-5] INFO  c.l.blog.config.ServiceLogAspect - [ID47][listBlog] web response>>com.lihebin.blog.bean.Articles@7e3168de
23:33:53.740 [http-nio-8080-exec-8] INFO  c.l.blog.config.ServiceLogAspect - [ID50][listBlog] web request>>[com.lihebin.blog.bean.Articles@5bea7885]
23:33:53.741 [http-nio-8080-exec-8] INFO  c.l.blog.config.ServiceLogAspect - [ID50][listBlog] request>>[com.lihebin.blog.bean.Articles@5bea7885]
23:33:55.812 [http-nio-8080-exec-8] INFO  c.l.blog.config.ServiceLogAspect - [ID50][listBlog] response>>com.lihebin.blog.bean.Articles@48733752
23:33:55.813 [http-nio-8080-exec-8] INFO  c.l.blog.config.ServiceLogAspect - [ID50][listBlog] web response>>com.lihebin.blog.bean.Articles@48733752
23:34:00.738 [http-nio-8080-exec-10] INFO  c.l.blog.config.ServiceLogAspect - [ID52][listBlog] web request>>[com.lihebin.blog.bean.Articles@95ebdbe]
23:34:00.738 [http-nio-8080-exec-10] INFO  c.l.blog.config.ServiceLogAspect - [ID52][listBlog] request>>[com.lihebin.blog.bean.Articles@95ebdbe]
23:34:00.803 [http-nio-8080-exec-10] INFO  c.l.blog.config.ServiceLogAspect - [ID52][listBlog] response>>com.lihebin.blog.bean.Articles@1ee9d8f
23:34:00.803 [http-nio-8080-exec-10] INFO  c.l.blog.config.ServiceLogAspect - [ID52][listBlog] web response>>com.lihebin.blog.bean.Articles@1ee9d8f
23:36:32.470 [http-nio-8080-exec-3] INFO  c.l.blog.config.ServiceLogAspect - [ID45][listBlog] web request>>[com.lihebin.blog.bean.Articles@7325cf9f]
23:36:32.470 [http-nio-8080-exec-3] INFO  c.l.blog.config.ServiceLogAspect - [ID45][listBlog] request>>[com.lihebin.blog.bean.Articles@7325cf9f]
23:36:34.748 [http-nio-8080-exec-3] INFO  c.l.blog.config.ServiceLogAspect - [ID45][listBlog] response>>com.lihebin.blog.bean.Articles@45ee3184
23:36:34.748 [http-nio-8080-exec-3] INFO  c.l.blog.config.ServiceLogAspect - [ID45][listBlog] web response>>com.lihebin.blog.bean.Articles@45ee3184
23:36:37.442 [http-nio-8080-exec-4] INFO  c.l.blog.config.ServiceLogAspect - [ID46][listBlog] web request>>[com.lihebin.blog.bean.Articles@6de0269a]
23:36:37.442 [http-nio-8080-exec-4] INFO  c.l.blog.config.ServiceLogAspect - [ID46][listBlog] request>>[com.lihebin.blog.bean.Articles@6de0269a]
23:36:37.597 [http-nio-8080-exec-4] INFO  c.l.blog.config.ServiceLogAspect - [ID46][listBlog] response>>com.lihebin.blog.bean.Articles@401c55b2
23:36:37.597 [http-nio-8080-exec-4] INFO  c.l.blog.config.ServiceLogAspect - [ID46][listBlog] web response>>com.lihebin.blog.bean.Articles@401c55b2
23:38:19.284 [Thread-16] INFO  o.s.b.c.e.AnnotationConfigEmbeddedWebApplicationContext - Closing org.springframework.boot.context.embedded.AnnotationConfigEmbeddedWebApplicationContext@3eb77ea8: startup date [Sat Mar 30 21:55:45 CST 2019]; root of context hierarchy
23:38:19.286 [Thread-16] INFO  o.s.c.s.DefaultLifecycleProcessor - Stopping beans in phase 2147483647
23:38:19.286 [Thread-16] INFO  o.s.c.s.DefaultLifecycleProcessor - Stopping beans in phase 0
23:38:19.287 [Thread-16] INFO  o.s.j.e.a.AnnotationMBeanExporter - Unregistering JMX-exposed beans on shutdown
23:38:19.287 [Thread-16] INFO  o.s.j.e.a.AnnotationMBeanExporter - Unregistering JMX-exposed beans
23:38:19.290 [Thread-16] INFO  c.alibaba.druid.pool.DruidDataSource - {dataSource-1} closed
23:38:19.291 [Thread-16] INFO  c.alibaba.druid.pool.DruidDataSource - {dataSource-2} closed
