21:59:10.905 [main] INFO  com.lihebin.blog.Application - Starting Application on lihebindembp with PID 95690 (/Users/lihebin/github/blog-message-backend/blog-war/target/classes started by lihebin in /Users/lihebin/github/blog-message-backend)
21:59:10.909 [main] INFO  com.lihebin.blog.Application - The following profiles are active: test
21:59:10.955 [main] INFO  o.s.b.c.e.AnnotationConfigEmbeddedWebApplicationContext - Refreshing org.springframework.boot.context.embedded.AnnotationConfigEmbeddedWebApplicationContext@3eb77ea8: startup date [Wed Mar 27 21:59:10 CST 2019]; root of context hierarchy
21:59:11.419 [main] INFO  o.s.b.f.xml.XmlBeanDefinitionReader - Loading XML bean definitions from file [/Users/lihebin/github/blog-message-backend/blog-war/target/classes/spring/interceptor-config.xml]
21:59:11.748 [main] INFO  o.s.d.r.c.RepositoryConfigurationDelegate - Multiple Spring Data modules found, entering strict repository configuration mode!
21:59:12.104 [main] INFO  o.s.c.s.PostProcessorRegistrationDelegate$BeanPostProcessorChecker - Bean 'org.springframework.kafka.annotation.KafkaBootstrapConfiguration' of type [org.springframework.kafka.annotation.KafkaBootstrapConfiguration$$EnhancerBySpringCGLIB$$870e9a04] is not eligible for getting processed by all BeanPostProcessors (for example: not eligible for auto-proxying)
21:59:12.981 [main] INFO  o.s.b.c.e.t.TomcatEmbeddedServletContainer - Tomcat initialized with port(s): 8080 (http)
21:59:12.992 [main] INFO  o.a.catalina.core.StandardService - Starting service [Tomcat]
21:59:12.993 [main] INFO  o.a.catalina.core.StandardEngine - Starting Servlet Engine: Apache Tomcat/8.5.23
21:59:13.084 [localhost-startStop-1] INFO  o.a.c.c.C.[Tomcat].[localhost].[/] - Initializing Spring embedded WebApplicationContext
21:59:13.085 [localhost-startStop-1] INFO  o.s.web.context.ContextLoader - Root WebApplicationContext: initialization completed in 2130 ms
21:59:13.277 [localhost-startStop-1] INFO  o.s.b.w.s.FilterRegistrationBean - Mapping filter: 'characterEncodingFilter' to: [/*]
21:59:13.278 [localhost-startStop-1] INFO  o.s.b.w.s.FilterRegistrationBean - Mapping filter: 'corsFilter' to: [/*]
21:59:13.279 [localhost-startStop-1] INFO  o.s.b.w.s.ServletRegistrationBean - Mapping servlet: 'dispatcherServlet' to [/]
21:59:14.260 [main] INFO  o.s.w.s.m.m.a.RequestMappingHandlerMapping - Mapped "{[/blog/getClassify],methods=[GET]}" onto public java.util.List<java.lang.String> com.lihebin.blog.web.BlogController.getClassify()
21:59:14.262 [main] INFO  o.s.w.s.m.m.a.RequestMappingHandlerMapping - Mapped "{[/blog/listBlog],methods=[POST],produces=[application/json;charset=UTF-8]}" onto public com.lihebin.blog.bean.Articles com.lihebin.blog.web.BlogController.listBlog(com.lihebin.blog.bean.Articles)
21:59:14.262 [main] INFO  o.s.w.s.m.m.a.RequestMappingHandlerMapping - Mapped "{[/blog/getBlog],methods=[GET]}" onto public com.lihebin.blog.bean.Article com.lihebin.blog.web.BlogController.getBlog(java.lang.String)
21:59:14.263 [main] INFO  o.s.w.s.m.m.a.RequestMappingHandlerMapping - Mapped "{[/blog/updateBlog],methods=[POST],produces=[application/json;charset=UTF-8]}" onto public com.lihebin.blog.bean.Article com.lihebin.blog.web.BlogController.updateBlog(com.lihebin.blog.bean.Article)
21:59:14.263 [main] INFO  o.s.w.s.m.m.a.RequestMappingHandlerMapping - Mapped "{[/blog/createBlog],methods=[POST],produces=[application/json;charset=UTF-8]}" onto public com.lihebin.blog.bean.Article com.lihebin.blog.web.BlogController.createBlog(com.lihebin.blog.bean.Article)
21:59:14.263 [main] INFO  o.s.w.s.m.m.a.RequestMappingHandlerMapping - Mapped "{[/blog/deleteBlog],methods=[GET]}" onto public void com.lihebin.blog.web.BlogController.deleteBlog(java.lang.String)
21:59:14.264 [main] INFO  o.s.w.s.m.m.a.RequestMappingHandlerMapping - Mapped "{[/api/relevanceUserAndMenu],methods=[POST],produces=[application/json;charset=UTF-8]}" onto public java.util.Map com.lihebin.blog.web.UserController.relevanceUserAndMenu(java.util.Map)
21:59:14.265 [main] INFO  o.s.w.s.m.m.a.RequestMappingHandlerMapping - Mapped "{[/user/login],methods=[POST],produces=[application/json;charset=UTF-8]}" onto public java.util.Map com.lihebin.blog.web.UserController.login(java.util.Map) throws java.lang.Exception
21:59:14.265 [main] INFO  o.s.w.s.m.m.a.RequestMappingHandlerMapping - Mapped "{[/user/logout],methods=[GET]}" onto public java.util.Map com.lihebin.blog.web.UserController.logout(java.lang.String)
21:59:14.265 [main] INFO  o.s.w.s.m.m.a.RequestMappingHandlerMapping - Mapped "{[/user/insertAndDeleteUser],methods=[POST],produces=[application/json;charset=UTF-8]}" onto public java.util.Map com.lihebin.blog.web.UserController.insertAndDeleteUser(java.util.Map)
21:59:14.266 [main] INFO  o.s.w.s.m.m.a.RequestMappingHandlerMapping - Mapped "{[/user/getMenus],methods=[GET]}" onto public java.util.List<com.lihebin.blog.bean.UserMenu> com.lihebin.blog.web.UserController.getMenus(java.lang.String)
21:59:14.270 [main] INFO  o.s.w.s.m.m.a.RequestMappingHandlerMapping - Mapped "{[/error]}" onto public org.springframework.http.ResponseEntity<java.util.Map<java.lang.String, java.lang.Object>> org.springframework.boot.autoconfigure.web.BasicErrorController.error(javax.servlet.http.HttpServletRequest)
21:59:14.270 [main] INFO  o.s.w.s.m.m.a.RequestMappingHandlerMapping - Mapped "{[/error],produces=[text/html]}" onto public org.springframework.web.servlet.ModelAndView org.springframework.boot.autoconfigure.web.BasicErrorController.errorHtml(javax.servlet.http.HttpServletRequest,javax.servlet.http.HttpServletResponse)
21:59:14.415 [main] INFO  o.s.w.s.m.m.a.RequestMappingHandlerAdapter - Looking for @ControllerAdvice: org.springframework.boot.context.embedded.AnnotationConfigEmbeddedWebApplicationContext@3eb77ea8: startup date [Wed Mar 27 21:59:10 CST 2019]; root of context hierarchy
21:59:15.376 [main] INFO  o.s.j.e.a.AnnotationMBeanExporter - Registering beans for JMX exposure on startup
21:59:15.377 [main] INFO  o.s.j.e.a.AnnotationMBeanExporter - Bean with name 'backendDataSource' has been autodetected for JMX exposure
21:59:15.377 [main] INFO  o.s.j.e.a.AnnotationMBeanExporter - Bean with name 'blogDataSource' has been autodetected for JMX exposure
21:59:15.383 [main] INFO  o.s.j.e.a.AnnotationMBeanExporter - Located MBean 'blogDataSource': registering with JMX server as MBean [com.alibaba.druid.pool:name=blogDataSource,type=DruidDataSource]
21:59:15.386 [main] INFO  o.s.j.e.a.AnnotationMBeanExporter - Located MBean 'backendDataSource': registering with JMX server as MBean [com.alibaba.druid.pool:name=backendDataSource,type=DruidDataSource]
21:59:15.391 [main] INFO  o.s.c.s.DefaultLifecycleProcessor - Starting beans in phase 2147483647
21:59:15.549 [main] INFO  o.s.b.c.e.t.TomcatEmbeddedServletContainer - Tomcat started on port(s): 8080 (http)
21:59:15.554 [main] INFO  com.lihebin.blog.Application - Started Application in 4.928 seconds (JVM running for 5.816)
