13:17:01.783 [main] INFO  com.lihebin.blog.Application - Starting Application on lihebindeMacBook-Pro.local with PID 7092 (/Users/lihebin/github/blog-message-backend/blog-war/target/classes started by lihebin in /Users/lihebin/github/blog-message-backend)
13:17:01.800 [main] INFO  com.lihebin.blog.Application - The following profiles are active: test
13:17:01.872 [main] INFO  o.s.b.c.e.AnnotationConfigEmbeddedWebApplicationContext - Refreshing org.springframework.boot.context.embedded.AnnotationConfigEmbeddedWebApplicationContext@282cb7c7: startup date [Wed Jul 24 13:17:01 CST 2019]; root of context hierarchy
13:17:02.484 [main] INFO  o.s.b.f.xml.XmlBeanDefinitionReader - Loading XML bean definitions from file [/Users/lihebin/github/blog-message-backend/blog-war/target/classes/spring/interceptor-config.xml]
13:17:02.825 [main] INFO  o.s.d.r.c.RepositoryConfigurationDelegate - Multiple Spring Data modules found, entering strict repository configuration mode!
13:17:03.346 [main] INFO  o.s.c.s.PostProcessorRegistrationDelegate$BeanPostProcessorChecker - Bean 'org.springframework.kafka.annotation.KafkaBootstrapConfiguration' of type [org.springframework.kafka.annotation.KafkaBootstrapConfiguration$$EnhancerBySpringCGLIB$$5bef472b] is not eligible for getting processed by all BeanPostProcessors (for example: not eligible for auto-proxying)
13:17:04.545 [main] INFO  o.s.b.c.e.t.TomcatEmbeddedServletContainer - Tomcat initialized with port(s): 8080 (http)
13:17:04.564 [main] INFO  o.a.catalina.core.StandardService - Starting service [Tomcat]
13:17:04.567 [main] INFO  o.a.catalina.core.StandardEngine - Starting Servlet Engine: Apache Tomcat/8.5.23
13:17:04.709 [localhost-startStop-1] INFO  o.a.c.c.C.[Tomcat].[localhost].[/] - Initializing Spring embedded WebApplicationContext
13:17:04.709 [localhost-startStop-1] INFO  o.s.web.context.ContextLoader - Root WebApplicationContext: initialization completed in 2837 ms
13:17:05.070 [localhost-startStop-1] INFO  o.s.b.w.s.FilterRegistrationBean - Mapping filter: 'characterEncodingFilter' to: [/*]
13:17:05.071 [localhost-startStop-1] INFO  o.s.b.w.s.FilterRegistrationBean - Mapping filter: 'corsFilter' to: [/*]
13:17:05.072 [localhost-startStop-1] INFO  o.s.b.w.s.ServletRegistrationBean - Mapping servlet: 'dispatcherServlet' to [/]
13:17:06.407 [main] INFO  o.s.w.s.m.m.a.RequestMappingHandlerMapping - Mapped "{[/blog/getClassify],methods=[GET]}" onto public java.util.List<java.lang.String> com.lihebin.blog.web.BlogController.getClassify()
13:17:06.409 [main] INFO  o.s.w.s.m.m.a.RequestMappingHandlerMapping - Mapped "{[/blog/listBlog],methods=[POST],produces=[application/json;charset=UTF-8]}" onto public com.lihebin.blog.bean.Articles com.lihebin.blog.web.BlogController.listBlog(com.lihebin.blog.bean.Articles)
13:17:06.409 [main] INFO  o.s.w.s.m.m.a.RequestMappingHandlerMapping - Mapped "{[/blog/getBlog],methods=[GET]}" onto public com.lihebin.blog.bean.Article com.lihebin.blog.web.BlogController.getBlog(java.lang.String)
13:17:06.409 [main] INFO  o.s.w.s.m.m.a.RequestMappingHandlerMapping - Mapped "{[/api/blog/updateBlog],methods=[POST],produces=[application/json;charset=UTF-8]}" onto public com.lihebin.blog.bean.Article com.lihebin.blog.web.BlogController.updateBlog(com.lihebin.blog.bean.Article,javax.servlet.http.HttpServletRequest)
13:17:06.410 [main] INFO  o.s.w.s.m.m.a.RequestMappingHandlerMapping - Mapped "{[/api/blog/createBlog],methods=[POST],produces=[application/json;charset=UTF-8]}" onto public com.lihebin.blog.bean.Article com.lihebin.blog.web.BlogController.createBlog(com.lihebin.blog.bean.Article,javax.servlet.http.HttpServletRequest)
13:17:06.410 [main] INFO  o.s.w.s.m.m.a.RequestMappingHandlerMapping - Mapped "{[/api/blog/deleteBlog],methods=[GET]}" onto public void com.lihebin.blog.web.BlogController.deleteBlog(java.lang.String)
13:17:06.410 [main] INFO  o.s.w.s.m.m.a.RequestMappingHandlerMapping - Mapped "{[/blog/getPreNextBlog],methods=[GET]}" onto public com.lihebin.blog.bean.PreNext com.lihebin.blog.web.BlogController.getPreNextBlog(java.lang.String)
13:17:06.411 [main] INFO  o.s.w.s.m.m.a.RequestMappingHandlerMapping - Mapped "{[/api/file/uploadPicture],methods=[POST]}" onto public com.lihebin.blog.bean.Result com.lihebin.blog.web.FileController.uploadPicture(org.springframework.web.multipart.MultipartFile)
13:17:06.411 [main] INFO  o.s.w.s.m.m.a.RequestMappingHandlerMapping - Mapped "{[/api/file/uploadPictureToken],methods=[GET]}" onto public com.lihebin.blog.bean.Result com.lihebin.blog.web.FileController.uploadPictureToken(java.lang.String,java.lang.String)
13:17:06.412 [main] INFO  o.s.w.s.m.m.a.RequestMappingHandlerMapping - Mapped "{[/api/relevanceUserAndMenu],methods=[POST],produces=[application/json;charset=UTF-8]}" onto public java.util.Map com.lihebin.blog.web.UserController.relevanceUserAndMenu(java.util.Map)
13:17:06.412 [main] INFO  o.s.w.s.m.m.a.RequestMappingHandlerMapping - Mapped "{[/user/login],methods=[POST],produces=[application/json;charset=UTF-8]}" onto public java.util.Map com.lihebin.blog.web.UserController.login(java.util.Map) throws java.lang.Exception
13:17:06.413 [main] INFO  o.s.w.s.m.m.a.RequestMappingHandlerMapping - Mapped "{[/user/getMenus],methods=[GET]}" onto public java.util.List<com.lihebin.blog.bean.UserMenu> com.lihebin.blog.web.UserController.getMenus(java.lang.String)
13:17:06.413 [main] INFO  o.s.w.s.m.m.a.RequestMappingHandlerMapping - Mapped "{[/user/insertAndDeleteUser],methods=[POST],produces=[application/json;charset=UTF-8]}" onto public java.util.Map com.lihebin.blog.web.UserController.insertAndDeleteUser(java.util.Map)
13:17:06.413 [main] INFO  o.s.w.s.m.m.a.RequestMappingHandlerMapping - Mapped "{[/user/logout],methods=[GET]}" onto public java.util.Map com.lihebin.blog.web.UserController.logout(java.lang.String)
13:17:06.418 [main] INFO  o.s.w.s.m.m.a.RequestMappingHandlerMapping - Mapped "{[/error]}" onto public org.springframework.http.ResponseEntity<java.util.Map<java.lang.String, java.lang.Object>> org.springframework.boot.autoconfigure.web.BasicErrorController.error(javax.servlet.http.HttpServletRequest)
13:17:06.418 [main] INFO  o.s.w.s.m.m.a.RequestMappingHandlerMapping - Mapped "{[/error],produces=[text/html]}" onto public org.springframework.web.servlet.ModelAndView org.springframework.boot.autoconfigure.web.BasicErrorController.errorHtml(javax.servlet.http.HttpServletRequest,javax.servlet.http.HttpServletResponse)
13:17:06.546 [main] INFO  o.s.w.s.m.m.a.RequestMappingHandlerAdapter - Looking for @ControllerAdvice: org.springframework.boot.context.embedded.AnnotationConfigEmbeddedWebApplicationContext@282cb7c7: startup date [Wed Jul 24 13:17:01 CST 2019]; root of context hierarchy
13:17:07.593 [main] INFO  o.s.j.e.a.AnnotationMBeanExporter - Registering beans for JMX exposure on startup
13:17:07.595 [main] INFO  o.s.j.e.a.AnnotationMBeanExporter - Bean with name 'backendDataSource' has been autodetected for JMX exposure
13:17:07.595 [main] INFO  o.s.j.e.a.AnnotationMBeanExporter - Bean with name 'blogDataSource' has been autodetected for JMX exposure
13:17:07.602 [main] INFO  o.s.j.e.a.AnnotationMBeanExporter - Located MBean 'blogDataSource': registering with JMX server as MBean [com.alibaba.druid.pool:name=blogDataSource,type=DruidDataSource]
13:17:07.605 [main] INFO  o.s.j.e.a.AnnotationMBeanExporter - Located MBean 'backendDataSource': registering with JMX server as MBean [com.alibaba.druid.pool:name=backendDataSource,type=DruidDataSource]
13:17:07.610 [main] INFO  o.s.c.s.DefaultLifecycleProcessor - Starting beans in phase 2147483647
13:17:07.796 [main] INFO  o.s.b.c.e.t.TomcatEmbeddedServletContainer - Tomcat started on port(s): 8080 (http)
13:17:07.803 [main] INFO  com.lihebin.blog.Application - Started Application in 6.44 seconds (JVM running for 8.641)
13:20:33.146 [Thread-19] INFO  o.s.b.c.e.AnnotationConfigEmbeddedWebApplicationContext - Closing org.springframework.boot.context.embedded.AnnotationConfigEmbeddedWebApplicationContext@282cb7c7: startup date [Wed Jul 24 13:17:01 CST 2019]; root of context hierarchy
13:20:33.148 [Thread-19] INFO  o.s.c.s.DefaultLifecycleProcessor - Stopping beans in phase 2147483647
13:20:33.148 [Thread-19] INFO  o.s.c.s.DefaultLifecycleProcessor - Stopping beans in phase 0
13:20:33.149 [Thread-19] INFO  o.s.j.e.a.AnnotationMBeanExporter - Unregistering JMX-exposed beans on shutdown
13:20:33.150 [Thread-19] INFO  o.s.j.e.a.AnnotationMBeanExporter - Unregistering JMX-exposed beans
