12:42:36.995 [Thread-18] INFO  o.s.b.c.e.AnnotationConfigEmbeddedWebApplicationContext - Closing org.springframework.boot.context.embedded.AnnotationConfigEmbeddedWebApplicationContext@282cb7c7: startup date [Wed Jul 31 09:45:01 CST 2019]; root of context hierarchy
12:42:36.997 [Thread-18] INFO  o.s.c.s.DefaultLifecycleProcessor - Stopping beans in phase 2147483647
12:42:36.998 [Thread-18] INFO  o.s.c.s.DefaultLifecycleProcessor - Stopping beans in phase 0
12:42:36.999 [Thread-18] INFO  o.s.j.e.a.AnnotationMBeanExporter - Unregistering JMX-exposed beans on shutdown
12:42:36.999 [Thread-18] INFO  o.s.j.e.a.AnnotationMBeanExporter - Unregistering JMX-exposed beans
12:42:43.285 [main] INFO  com.lihebin.blog.Application - Starting Application on lihebindeMacBook-Pro.local with PID 19953 (/Users/lihebin/github/blog-message-backend/blog-war/target/classes started by lihebin in /Users/lihebin/github/blog-message-backend)
12:42:43.289 [main] INFO  com.lihebin.blog.Application - The following profiles are active: test
12:42:43.362 [main] INFO  o.s.b.c.e.AnnotationConfigEmbeddedWebApplicationContext - Refreshing org.springframework.boot.context.embedded.AnnotationConfigEmbeddedWebApplicationContext@7d898981: startup date [Wed Jul 31 12:42:43 CST 2019]; root of context hierarchy
12:42:43.887 [main] INFO  o.s.b.f.xml.XmlBeanDefinitionReader - Loading XML bean definitions from file [/Users/lihebin/github/blog-message-backend/blog-war/target/classes/spring/interceptor-config.xml]
12:42:44.139 [main] INFO  o.s.d.r.c.RepositoryConfigurationDelegate - Multiple Spring Data modules found, entering strict repository configuration mode!
12:42:44.499 [main] INFO  o.s.c.s.PostProcessorRegistrationDelegate$BeanPostProcessorChecker - Bean 'org.springframework.kafka.annotation.KafkaBootstrapConfiguration' of type [org.springframework.kafka.annotation.KafkaBootstrapConfiguration$$EnhancerBySpringCGLIB$$c978db4f] is not eligible for getting processed by all BeanPostProcessors (for example: not eligible for auto-proxying)
12:42:45.287 [main] INFO  o.s.b.c.e.t.TomcatEmbeddedServletContainer - Tomcat initialized with port(s): 8080 (http)
12:42:45.296 [main] INFO  o.a.catalina.core.StandardService - Starting service [Tomcat]
12:42:45.297 [main] INFO  o.a.catalina.core.StandardEngine - Starting Servlet Engine: Apache Tomcat/8.5.23
12:42:45.370 [localhost-startStop-1] INFO  o.a.c.c.C.[Tomcat].[localhost].[/] - Initializing Spring embedded WebApplicationContext
12:42:45.370 [localhost-startStop-1] INFO  o.s.web.context.ContextLoader - Root WebApplicationContext: initialization completed in 2008 ms
12:42:45.571 [localhost-startStop-1] INFO  o.s.b.w.s.FilterRegistrationBean - Mapping filter: 'characterEncodingFilter' to: [/*]
12:42:45.572 [localhost-startStop-1] INFO  o.s.b.w.s.FilterRegistrationBean - Mapping filter: 'corsFilter' to: [/*]
12:42:45.572 [localhost-startStop-1] INFO  o.s.b.w.s.ServletRegistrationBean - Mapping servlet: 'dispatcherServlet' to [/]
12:42:46.412 [main] INFO  o.s.w.s.m.m.a.RequestMappingHandlerMapping - Mapped "{[/blog/getClassify],methods=[GET]}" onto public java.util.List<java.lang.String> com.lihebin.blog.web.BlogController.getClassify()
12:42:46.414 [main] INFO  o.s.w.s.m.m.a.RequestMappingHandlerMapping - Mapped "{[/blog/listBlog],methods=[POST],produces=[application/json;charset=UTF-8]}" onto public com.lihebin.blog.bean.Articles com.lihebin.blog.web.BlogController.listBlog(com.lihebin.blog.bean.Articles)
12:42:46.414 [main] INFO  o.s.w.s.m.m.a.RequestMappingHandlerMapping - Mapped "{[/blog/getBlog],methods=[GET]}" onto public com.lihebin.blog.bean.Article com.lihebin.blog.web.BlogController.getBlog(java.lang.String)
12:42:46.414 [main] INFO  o.s.w.s.m.m.a.RequestMappingHandlerMapping - Mapped "{[/api/blog/updateBlog],methods=[POST],produces=[application/json;charset=UTF-8]}" onto public com.lihebin.blog.bean.Article com.lihebin.blog.web.BlogController.updateBlog(com.lihebin.blog.bean.Article,javax.servlet.http.HttpServletRequest)
12:42:46.415 [main] INFO  o.s.w.s.m.m.a.RequestMappingHandlerMapping - Mapped "{[/api/blog/createBlog],methods=[POST],produces=[application/json;charset=UTF-8]}" onto public com.lihebin.blog.bean.Article com.lihebin.blog.web.BlogController.createBlog(com.lihebin.blog.bean.Article,javax.servlet.http.HttpServletRequest)
12:42:46.415 [main] INFO  o.s.w.s.m.m.a.RequestMappingHandlerMapping - Mapped "{[/api/blog/deleteBlog],methods=[GET]}" onto public void com.lihebin.blog.web.BlogController.deleteBlog(java.lang.String)
12:42:46.415 [main] INFO  o.s.w.s.m.m.a.RequestMappingHandlerMapping - Mapped "{[/blog/getPreNextBlog],methods=[GET]}" onto public com.lihebin.blog.bean.PreNext com.lihebin.blog.web.BlogController.getPreNextBlog(java.lang.String)
12:42:46.416 [main] INFO  o.s.w.s.m.m.a.RequestMappingHandlerMapping - Mapped "{[/api/file/uploadPicture],methods=[POST]}" onto public com.lihebin.blog.bean.Result com.lihebin.blog.web.FileController.uploadPicture(org.springframework.web.multipart.MultipartFile)
12:42:46.416 [main] INFO  o.s.w.s.m.m.a.RequestMappingHandlerMapping - Mapped "{[/api/file/uploadPictureToken],methods=[GET]}" onto public com.lihebin.blog.bean.Result com.lihebin.blog.web.FileController.uploadPictureToken(java.lang.String,java.lang.String)
12:42:46.417 [main] INFO  o.s.w.s.m.m.a.RequestMappingHandlerMapping - Mapped "{[/user/getMenus],methods=[GET]}" onto public java.util.List<com.lihebin.blog.bean.UserMenu> com.lihebin.blog.web.UserController.getMenus(java.lang.String)
12:42:46.417 [main] INFO  o.s.w.s.m.m.a.RequestMappingHandlerMapping - Mapped "{[/user/insertAndDeleteUser],methods=[POST],produces=[application/json;charset=UTF-8]}" onto public java.util.Map com.lihebin.blog.web.UserController.insertAndDeleteUser(java.util.Map)
12:42:46.418 [main] INFO  o.s.w.s.m.m.a.RequestMappingHandlerMapping - Mapped "{[/user/login],methods=[POST],produces=[application/json;charset=UTF-8]}" onto public java.util.Map com.lihebin.blog.web.UserController.login(java.util.Map) throws java.lang.Exception
12:42:46.418 [main] INFO  o.s.w.s.m.m.a.RequestMappingHandlerMapping - Mapped "{[/user/logout],methods=[GET]}" onto public java.util.Map com.lihebin.blog.web.UserController.logout(java.lang.String)
12:42:46.418 [main] INFO  o.s.w.s.m.m.a.RequestMappingHandlerMapping - Mapped "{[/api/relevanceUserAndMenu],methods=[POST],produces=[application/json;charset=UTF-8]}" onto public java.util.Map com.lihebin.blog.web.UserController.relevanceUserAndMenu(java.util.Map)
12:42:46.422 [main] INFO  o.s.w.s.m.m.a.RequestMappingHandlerMapping - Mapped "{[/error]}" onto public org.springframework.http.ResponseEntity<java.util.Map<java.lang.String, java.lang.Object>> org.springframework.boot.autoconfigure.web.BasicErrorController.error(javax.servlet.http.HttpServletRequest)
12:42:46.423 [main] INFO  o.s.w.s.m.m.a.RequestMappingHandlerMapping - Mapped "{[/error],produces=[text/html]}" onto public org.springframework.web.servlet.ModelAndView org.springframework.boot.autoconfigure.web.BasicErrorController.errorHtml(javax.servlet.http.HttpServletRequest,javax.servlet.http.HttpServletResponse)
12:42:46.579 [main] INFO  o.s.w.s.m.m.a.RequestMappingHandlerAdapter - Looking for @ControllerAdvice: org.springframework.boot.context.embedded.AnnotationConfigEmbeddedWebApplicationContext@7d898981: startup date [Wed Jul 31 12:42:43 CST 2019]; root of context hierarchy
12:42:47.683 [main] INFO  o.s.j.e.a.AnnotationMBeanExporter - Registering beans for JMX exposure on startup
12:42:47.694 [main] INFO  o.s.j.e.a.AnnotationMBeanExporter - Bean with name 'blogDataSource' has been autodetected for JMX exposure
12:42:47.700 [main] INFO  o.s.j.e.a.AnnotationMBeanExporter - Located MBean 'blogDataSource': registering with JMX server as MBean [com.alibaba.druid.pool:name=blogDataSource,type=DruidDataSource]
12:42:47.705 [main] INFO  o.s.c.s.DefaultLifecycleProcessor - Starting beans in phase 2147483647
12:42:47.763 [main] INFO  o.s.b.c.e.t.TomcatEmbeddedServletContainer - Tomcat started on port(s): 8080 (http)
12:42:47.767 [main] INFO  com.lihebin.blog.Application - Started Application in 4.848 seconds (JVM running for 5.901)
