08:47:30.179 [main] INFO  com.lihebin.blog.Application - Starting Application on lihebindeMacBook-Pro.local with PID 88902 (/Users/lihebin/github/blog-message-backend/blog-war/target/classes started by lihebin in /Users/lihebin/github/blog-message-backend)
08:47:30.195 [main] INFO  com.lihebin.blog.Application - The following profiles are active: test
08:47:30.360 [main] INFO  o.s.b.c.e.AnnotationConfigEmbeddedWebApplicationContext - Refreshing org.springframework.boot.context.embedded.AnnotationConfigEmbeddedWebApplicationContext@3eb77ea8: startup date [Mon Mar 25 08:47:30 CST 2019]; root of context hierarchy
08:47:30.921 [main] INFO  o.s.b.f.xml.XmlBeanDefinitionReader - Loading XML bean definitions from file [/Users/lihebin/github/blog-message-backend/blog-war/target/classes/spring/interceptor-config.xml]
08:47:31.262 [main] INFO  o.s.d.r.c.RepositoryConfigurationDelegate - Multiple Spring Data modules found, entering strict repository configuration mode!
08:47:31.606 [main] INFO  o.s.c.s.PostProcessorRegistrationDelegate$BeanPostProcessorChecker - Bean 'org.springframework.kafka.annotation.KafkaBootstrapConfiguration' of type [org.springframework.kafka.annotation.KafkaBootstrapConfiguration$$EnhancerBySpringCGLIB$$a7e090da] is not eligible for getting processed by all BeanPostProcessors (for example: not eligible for auto-proxying)
08:47:32.519 [main] INFO  o.s.b.c.e.t.TomcatEmbeddedServletContainer - Tomcat initialized with port(s): 8080 (http)
08:47:32.536 [main] INFO  o.a.catalina.core.StandardService - Starting service [Tomcat]
08:47:32.538 [main] INFO  o.a.catalina.core.StandardEngine - Starting Servlet Engine: Apache Tomcat/8.5.23
08:47:32.682 [localhost-startStop-1] INFO  o.a.c.c.C.[Tomcat].[localhost].[/] - Initializing Spring embedded WebApplicationContext
08:47:32.683 [localhost-startStop-1] INFO  o.s.web.context.ContextLoader - Root WebApplicationContext: initialization completed in 2323 ms
08:47:32.929 [localhost-startStop-1] INFO  o.s.b.w.s.FilterRegistrationBean - Mapping filter: 'characterEncodingFilter' to: [/*]
08:47:32.930 [localhost-startStop-1] INFO  o.s.b.w.s.FilterRegistrationBean - Mapping filter: 'corsFilter' to: [/*]
08:47:32.930 [localhost-startStop-1] INFO  o.s.b.w.s.ServletRegistrationBean - Mapping servlet: 'dispatcherServlet' to [/]
08:47:34.010 [main] INFO  o.s.w.s.m.m.a.RequestMappingHandlerMapping - Mapped "{[/blog/getBlog],methods=[GET]}" onto public com.lihebin.blog.bean.Article com.lihebin.blog.web.BlogController.getBlog(java.lang.String)
08:47:34.011 [main] INFO  o.s.w.s.m.m.a.RequestMappingHandlerMapping - Mapped "{[/blog/listBlog],methods=[POST],produces=[application/json;charset=UTF-8]}" onto public com.lihebin.blog.bean.Articles com.lihebin.blog.web.BlogController.listBlog(com.lihebin.blog.bean.Articles)
08:47:34.011 [main] INFO  o.s.w.s.m.m.a.RequestMappingHandlerMapping - Mapped "{[/blog/updateBlog],methods=[POST],produces=[application/json;charset=UTF-8]}" onto public com.lihebin.blog.bean.Article com.lihebin.blog.web.BlogController.updateBlog(com.lihebin.blog.bean.Article)
08:47:34.011 [main] INFO  o.s.w.s.m.m.a.RequestMappingHandlerMapping - Mapped "{[/blog/createBlog],methods=[POST],produces=[application/json;charset=UTF-8]}" onto public com.lihebin.blog.bean.Article com.lihebin.blog.web.BlogController.createBlog(com.lihebin.blog.bean.Article)
08:47:34.012 [main] INFO  o.s.w.s.m.m.a.RequestMappingHandlerMapping - Mapped "{[/blog/deleteBlog],methods=[GET]}" onto public void com.lihebin.blog.web.BlogController.deleteBlog(java.lang.String)
08:47:34.013 [main] INFO  o.s.w.s.m.m.a.RequestMappingHandlerMapping - Mapped "{[/api/relevanceUserAndMenu],methods=[POST],produces=[application/json;charset=UTF-8]}" onto public java.util.Map com.lihebin.blog.web.UserController.relevanceUserAndMenu(java.util.Map)
08:47:34.013 [main] INFO  o.s.w.s.m.m.a.RequestMappingHandlerMapping - Mapped "{[/user/login],methods=[POST],produces=[application/json;charset=UTF-8]}" onto public java.util.Map com.lihebin.blog.web.UserController.login(java.util.Map) throws java.lang.Exception
08:47:34.013 [main] INFO  o.s.w.s.m.m.a.RequestMappingHandlerMapping - Mapped "{[/user/logout],methods=[GET]}" onto public java.util.Map com.lihebin.blog.web.UserController.logout(java.lang.String)
08:47:34.014 [main] INFO  o.s.w.s.m.m.a.RequestMappingHandlerMapping - Mapped "{[/user/getMenus],methods=[GET]}" onto public java.util.List<com.lihebin.blog.bean.UserMenu> com.lihebin.blog.web.UserController.getMenus(java.lang.String)
08:47:34.014 [main] INFO  o.s.w.s.m.m.a.RequestMappingHandlerMapping - Mapped "{[/api/insertAndDeleteUser],methods=[POST],produces=[application/json;charset=UTF-8]}" onto public java.util.Map com.lihebin.blog.web.UserController.insertAndDeleteUser(java.util.Map)
08:47:34.018 [main] INFO  o.s.w.s.m.m.a.RequestMappingHandlerMapping - Mapped "{[/error]}" onto public org.springframework.http.ResponseEntity<java.util.Map<java.lang.String, java.lang.Object>> org.springframework.boot.autoconfigure.web.BasicErrorController.error(javax.servlet.http.HttpServletRequest)
08:47:34.018 [main] INFO  o.s.w.s.m.m.a.RequestMappingHandlerMapping - Mapped "{[/error],produces=[text/html]}" onto public org.springframework.web.servlet.ModelAndView org.springframework.boot.autoconfigure.web.BasicErrorController.errorHtml(javax.servlet.http.HttpServletRequest,javax.servlet.http.HttpServletResponse)
08:47:34.152 [main] INFO  o.s.w.s.m.m.a.RequestMappingHandlerAdapter - Looking for @ControllerAdvice: org.springframework.boot.context.embedded.AnnotationConfigEmbeddedWebApplicationContext@3eb77ea8: startup date [Mon Mar 25 08:47:30 CST 2019]; root of context hierarchy
08:47:35.283 [main] INFO  o.s.j.e.a.AnnotationMBeanExporter - Registering beans for JMX exposure on startup
08:47:35.285 [main] INFO  o.s.j.e.a.AnnotationMBeanExporter - Bean with name 'backendDataSource' has been autodetected for JMX exposure
08:47:35.285 [main] INFO  o.s.j.e.a.AnnotationMBeanExporter - Bean with name 'blogDataSource' has been autodetected for JMX exposure
08:47:35.293 [main] INFO  o.s.j.e.a.AnnotationMBeanExporter - Located MBean 'blogDataSource': registering with JMX server as MBean [com.alibaba.druid.pool:name=blogDataSource,type=DruidDataSource]
08:47:35.297 [main] INFO  o.s.j.e.a.AnnotationMBeanExporter - Located MBean 'backendDataSource': registering with JMX server as MBean [com.alibaba.druid.pool:name=backendDataSource,type=DruidDataSource]
08:47:35.304 [main] INFO  o.s.c.s.DefaultLifecycleProcessor - Starting beans in phase 2147483647
08:47:35.486 [main] INFO  o.s.b.c.e.t.TomcatEmbeddedServletContainer - Tomcat started on port(s): 8080 (http)
08:47:35.490 [main] INFO  com.lihebin.blog.Application - Started Application in 5.782 seconds (JVM running for 7.322)
08:48:04.984 [http-nio-8080-exec-1] INFO  o.a.c.c.C.[Tomcat].[localhost].[/] - Initializing Spring FrameworkServlet 'dispatcherServlet'
08:48:04.985 [http-nio-8080-exec-1] INFO  o.s.web.servlet.DispatcherServlet - FrameworkServlet 'dispatcherServlet': initialization started
08:48:05.015 [http-nio-8080-exec-1] INFO  o.s.web.servlet.DispatcherServlet - FrameworkServlet 'dispatcherServlet': initialization completed in 30 ms
08:48:05.065 [http-nio-8080-exec-2] INFO  c.l.blog.config.ServiceLogAspect - [ID43][getBlog] web request>>[911b0641-f0be-43c1-b64a-40b9bc5b5a18]
08:48:05.070 [http-nio-8080-exec-2] INFO  c.l.blog.config.ServiceLogAspect - [ID43][getBlog] request>>[911b0641-f0be-43c1-b64a-40b9bc5b5a18]
08:48:07.570 [http-nio-8080-exec-2] INFO  c.alibaba.druid.pool.DruidDataSource - {dataSource-1} inited
08:48:07.625 [http-nio-8080-exec-2] INFO  c.l.blog.config.ServiceLogAspect - [ID43][getBlog] response>>com.lihebin.blog.bean.Article@3dd5d0c8
08:48:07.625 [http-nio-8080-exec-2] INFO  c.l.blog.config.ServiceLogAspect - [ID43][getBlog] web response>>com.lihebin.blog.bean.Article@3dd5d0c8
08:48:07.629 [http-nio-8080-exec-4] INFO  c.l.blog.config.ServiceLogAspect - [ID45][listBlog] web request>>[com.lihebin.blog.bean.Articles@328f3332]
08:48:07.630 [http-nio-8080-exec-4] INFO  c.l.blog.config.ServiceLogAspect - [ID45][listBlog] request>>[com.lihebin.blog.bean.Articles@328f3332]
08:48:07.705 [http-nio-8080-exec-4] INFO  c.l.blog.config.ServiceLogAspect - [ID45][listBlog] response>>com.lihebin.blog.bean.Articles@6d54e684
08:48:07.705 [http-nio-8080-exec-4] INFO  c.l.blog.config.ServiceLogAspect - [ID45][listBlog] web response>>com.lihebin.blog.bean.Articles@6d54e684
08:48:13.881 [http-nio-8080-exec-6] INFO  c.l.blog.config.ServiceLogAspect - [ID47][getBlog] web request>>[cc8596c7-f93b-4700-a462-5debc78cdaa6]
08:48:13.881 [http-nio-8080-exec-6] INFO  c.l.blog.config.ServiceLogAspect - [ID47][getBlog] request>>[cc8596c7-f93b-4700-a462-5debc78cdaa6]
08:48:13.931 [http-nio-8080-exec-6] INFO  c.l.blog.config.ServiceLogAspect - [ID47][getBlog] response>>com.lihebin.blog.bean.Article@1afb9336
08:48:13.932 [http-nio-8080-exec-6] INFO  c.l.blog.config.ServiceLogAspect - [ID47][getBlog] web response>>com.lihebin.blog.bean.Article@1afb9336
08:49:34.041 [http-nio-8080-exec-10] INFO  c.l.blog.config.ServiceLogAspect - [ID51][updateBlog] web request>>[com.lihebin.blog.bean.Article@3be27c06]
08:49:34.042 [http-nio-8080-exec-10] INFO  c.l.blog.config.ServiceLogAspect - [ID51][updateBlog] request>>[com.lihebin.blog.bean.Article@3be27c06]
08:49:34.059 [http-nio-8080-exec-10] ERROR o.a.c.c.C.[.[.[.[dispatcherServlet] - Servlet.service() for servlet [dispatcherServlet] in context with path [] threw exception [Request processing failed; nested exception is java.lang.NullPointerException] with root cause
java.lang.NullPointerException: null
	at com.lihebin.blog.dao.ArticleDao.updateArticle(ArticleDao.java:200)
	at com.lihebin.blog.dao.ArticleDao$$FastClassBySpringCGLIB$$a6456bb6.invoke(<generated>)
	at org.springframework.cglib.proxy.MethodProxy.invoke(MethodProxy.java:204)
	at org.springframework.aop.framework.CglibAopProxy$CglibMethodInvocation.invokeJoinpoint(CglibAopProxy.java:738)
	at org.springframework.aop.framework.ReflectiveMethodInvocation.proceed(ReflectiveMethodInvocation.java:157)
	at org.springframework.dao.support.PersistenceExceptionTranslationInterceptor.invoke(PersistenceExceptionTranslationInterceptor.java:136)
	at org.springframework.aop.framework.ReflectiveMethodInvocation.proceed(ReflectiveMethodInvocation.java:179)
	at org.springframework.aop.framework.CglibAopProxy$DynamicAdvisedInterceptor.intercept(CglibAopProxy.java:673)
	at com.lihebin.blog.dao.ArticleDao$$EnhancerBySpringCGLIB$$3f451d28.updateArticle(<generated>)
	at com.lihebin.blog.service.BlogServiceImpl.updateBlog(BlogServiceImpl.java:33)
	at sun.reflect.NativeMethodAccessorImpl.invoke0(Native Method)
	at sun.reflect.NativeMethodAccessorImpl.invoke(NativeMethodAccessorImpl.java:62)
	at sun.reflect.DelegatingMethodAccessorImpl.invoke(DelegatingMethodAccessorImpl.java:43)
	at java.lang.reflect.Method.invoke(Method.java:498)
	at org.springframework.aop.support.AopUtils.invokeJoinpointUsingReflection(AopUtils.java:333)
	at org.springframework.aop.framework.ReflectiveMethodInvocation.invokeJoinpoint(ReflectiveMethodInvocation.java:190)
	at org.springframework.aop.framework.ReflectiveMethodInvocation.proceed(ReflectiveMethodInvocation.java:157)
	at org.springframework.validation.beanvalidation.MethodValidationInterceptor.invoke(MethodValidationInterceptor.java:150)
	at org.springframework.aop.framework.ReflectiveMethodInvocation.proceed(ReflectiveMethodInvocation.java:179)
	at org.springframework.aop.framework.adapter.MethodBeforeAdviceInterceptor.invoke(MethodBeforeAdviceInterceptor.java:52)
	at org.springframework.aop.framework.ReflectiveMethodInvocation.proceed(ReflectiveMethodInvocation.java:179)
	at org.springframework.aop.framework.adapter.AfterReturningAdviceInterceptor.invoke(AfterReturningAdviceInterceptor.java:52)
	at org.springframework.aop.framework.ReflectiveMethodInvocation.proceed(ReflectiveMethodInvocation.java:179)
	at org.springframework.aop.interceptor.ExposeInvocationInterceptor.invoke(ExposeInvocationInterceptor.java:92)
	at org.springframework.aop.framework.ReflectiveMethodInvocation.proceed(ReflectiveMethodInvocation.java:179)
	at org.springframework.aop.framework.JdkDynamicAopProxy.invoke(JdkDynamicAopProxy.java:213)
	at com.sun.proxy.$Proxy74.updateBlog(Unknown Source)
	at com.lihebin.blog.web.BlogController.updateBlog(BlogController.java:30)
	at com.lihebin.blog.web.BlogController$$FastClassBySpringCGLIB$$2c2394d6.invoke(<generated>)
	at org.springframework.cglib.proxy.MethodProxy.invoke(MethodProxy.java:204)
	at org.springframework.aop.framework.CglibAopProxy$CglibMethodInvocation.invokeJoinpoint(CglibAopProxy.java:738)
	at org.springframework.aop.framework.ReflectiveMethodInvocation.proceed(ReflectiveMethodInvocation.java:157)
	at org.springframework.aop.framework.adapter.MethodBeforeAdviceInterceptor.invoke(MethodBeforeAdviceInterceptor.java:52)
	at org.springframework.aop.framework.ReflectiveMethodInvocation.proceed(ReflectiveMethodInvocation.java:179)
	at org.springframework.aop.framework.adapter.AfterReturningAdviceInterceptor.invoke(AfterReturningAdviceInterceptor.java:52)
	at org.springframework.aop.framework.ReflectiveMethodInvocation.proceed(ReflectiveMethodInvocation.java:179)
	at org.springframework.aop.interceptor.ExposeInvocationInterceptor.invoke(ExposeInvocationInterceptor.java:92)
	at org.springframework.aop.framework.ReflectiveMethodInvocation.proceed(ReflectiveMethodInvocation.java:179)
	at org.springframework.aop.framework.CglibAopProxy$DynamicAdvisedInterceptor.intercept(CglibAopProxy.java:673)
	at com.lihebin.blog.web.BlogController$$EnhancerBySpringCGLIB$$56db76b5.updateBlog(<generated>)
	at sun.reflect.NativeMethodAccessorImpl.invoke0(Native Method)
	at sun.reflect.NativeMethodAccessorImpl.invoke(NativeMethodAccessorImpl.java:62)
	at sun.reflect.DelegatingMethodAccessorImpl.invoke(DelegatingMethodAccessorImpl.java:43)
	at java.lang.reflect.Method.invoke(Method.java:498)
	at org.springframework.web.method.support.InvocableHandlerMethod.doInvoke(InvocableHandlerMethod.java:205)
	at org.springframework.web.method.support.InvocableHandlerMethod.invokeForRequest(InvocableHandlerMethod.java:133)
	at org.springframework.web.servlet.mvc.method.annotation.ServletInvocableHandlerMethod.invokeAndHandle(ServletInvocableHandlerMethod.java:97)
	at org.springframework.web.servlet.mvc.method.annotation.RequestMappingHandlerAdapter.invokeHandlerMethod(RequestMappingHandlerAdapter.java:827)
	at org.springframework.web.servlet.mvc.method.annotation.RequestMappingHandlerAdapter.handleInternal(RequestMappingHandlerAdapter.java:738)
	at org.springframework.web.servlet.mvc.method.AbstractHandlerMethodAdapter.handle(AbstractHandlerMethodAdapter.java:85)
	at org.springframework.web.servlet.DispatcherServlet.doDispatch(DispatcherServlet.java:967)
	at org.springframework.web.servlet.DispatcherServlet.doService(DispatcherServlet.java:901)
	at org.springframework.web.servlet.FrameworkServlet.processRequest(FrameworkServlet.java:970)
	at org.springframework.web.servlet.FrameworkServlet.doPost(FrameworkServlet.java:872)
	at javax.servlet.http.HttpServlet.service(HttpServlet.java:661)
	at org.springframework.web.servlet.FrameworkServlet.service(FrameworkServlet.java:846)
	at javax.servlet.http.HttpServlet.service(HttpServlet.java:742)
	at org.apache.catalina.core.ApplicationFilterChain.internalDoFilter(ApplicationFilterChain.java:231)
	at org.apache.catalina.core.ApplicationFilterChain.doFilter(ApplicationFilterChain.java:166)
	at org.apache.tomcat.websocket.server.WsFilter.doFilter(WsFilter.java:52)
	at org.apache.catalina.core.ApplicationFilterChain.internalDoFilter(ApplicationFilterChain.java:193)
	at org.apache.catalina.core.ApplicationFilterChain.doFilter(ApplicationFilterChain.java:166)
	at org.springframework.web.filter.CorsFilter.doFilterInternal(CorsFilter.java:96)
	at org.springframework.web.filter.OncePerRequestFilter.doFilter(OncePerRequestFilter.java:107)
	at org.apache.catalina.core.ApplicationFilterChain.internalDoFilter(ApplicationFilterChain.java:193)
	at org.apache.catalina.core.ApplicationFilterChain.doFilter(ApplicationFilterChain.java:166)
	at org.springframework.web.filter.CharacterEncodingFilter.doFilterInternal(CharacterEncodingFilter.java:197)
	at org.springframework.web.filter.OncePerRequestFilter.doFilter(OncePerRequestFilter.java:107)
	at org.apache.catalina.core.ApplicationFilterChain.internalDoFilter(ApplicationFilterChain.java:193)
	at org.apache.catalina.core.ApplicationFilterChain.doFilter(ApplicationFilterChain.java:166)
	at org.apache.catalina.core.StandardWrapperValve.invoke(StandardWrapperValve.java:199)
	at org.apache.catalina.core.StandardContextValve.invoke(StandardContextValve.java:96)
	at org.apache.catalina.authenticator.AuthenticatorBase.invoke(AuthenticatorBase.java:478)
	at org.apache.catalina.core.StandardHostValve.invoke(StandardHostValve.java:140)
	at org.apache.catalina.valves.ErrorReportValve.invoke(ErrorReportValve.java:81)
	at org.apache.catalina.core.StandardEngineValve.invoke(StandardEngineValve.java:87)
	at org.apache.catalina.connector.CoyoteAdapter.service(CoyoteAdapter.java:342)
	at org.apache.coyote.http11.Http11Processor.service(Http11Processor.java:803)
	at org.apache.coyote.AbstractProcessorLight.process(AbstractProcessorLight.java:66)
	at org.apache.coyote.AbstractProtocol$ConnectionHandler.process(AbstractProtocol.java:868)
	at org.apache.tomcat.util.net.NioEndpoint$SocketProcessor.doRun(NioEndpoint.java:1459)
	at org.apache.tomcat.util.net.SocketProcessorBase.run(SocketProcessorBase.java:49)
	at java.util.concurrent.ThreadPoolExecutor.runWorker(ThreadPoolExecutor.java:1142)
	at java.util.concurrent.ThreadPoolExecutor$Worker.run(ThreadPoolExecutor.java:617)
	at org.apache.tomcat.util.threads.TaskThread$WrappingRunnable.run(TaskThread.java:61)
	at java.lang.Thread.run(Thread.java:745)
08:50:17.379 [http-nio-8080-exec-3] INFO  c.l.blog.config.ServiceLogAspect - [ID44][listBlog] web request>>[com.lihebin.blog.bean.Articles@563638b3]
08:50:17.379 [http-nio-8080-exec-3] INFO  c.l.blog.config.ServiceLogAspect - [ID44][listBlog] request>>[com.lihebin.blog.bean.Articles@563638b3]
08:50:17.497 [http-nio-8080-exec-3] INFO  c.l.blog.config.ServiceLogAspect - [ID44][listBlog] response>>com.lihebin.blog.bean.Articles@a0df80a
08:50:17.498 [http-nio-8080-exec-3] INFO  c.l.blog.config.ServiceLogAspect - [ID44][listBlog] web response>>com.lihebin.blog.bean.Articles@a0df80a
08:50:43.928 [Thread-17] INFO  o.s.b.c.e.AnnotationConfigEmbeddedWebApplicationContext - Closing org.springframework.boot.context.embedded.AnnotationConfigEmbeddedWebApplicationContext@3eb77ea8: startup date [Mon Mar 25 08:47:30 CST 2019]; root of context hierarchy
08:50:43.930 [Thread-17] INFO  o.s.c.s.DefaultLifecycleProcessor - Stopping beans in phase 2147483647
08:50:43.930 [Thread-17] INFO  o.s.c.s.DefaultLifecycleProcessor - Stopping beans in phase 0
08:50:43.932 [Thread-17] INFO  o.s.j.e.a.AnnotationMBeanExporter - Unregistering JMX-exposed beans on shutdown
08:50:43.934 [Thread-17] INFO  o.s.j.e.a.AnnotationMBeanExporter - Unregistering JMX-exposed beans
08:50:43.943 [Thread-17] INFO  c.alibaba.druid.pool.DruidDataSource - {dataSource-1} closed
