12:43:59.231 [main] INFO  com.lihebin.blog.Application - Starting Application on lihebindembp with PID 74402 (/Users/lihebin/github/blog-message-backend/blog-war/target/classes started by lihebin in /Users/lihebin/github/blog-message-backend)
12:43:59.237 [main] INFO  com.lihebin.blog.Application - The following profiles are active: test
12:43:59.297 [main] INFO  o.s.b.c.e.AnnotationConfigEmbeddedWebApplicationContext - Refreshing org.springframework.boot.context.embedded.AnnotationConfigEmbeddedWebApplicationContext@7aaca91a: startup date [Sat Apr 06 12:43:59 CST 2019]; root of context hierarchy
12:43:59.802 [main] INFO  o.s.b.f.xml.XmlBeanDefinitionReader - Loading XML bean definitions from file [/Users/lihebin/github/blog-message-backend/blog-war/target/classes/spring/interceptor-config.xml]
12:44:00.152 [main] INFO  o.s.d.r.c.RepositoryConfigurationDelegate - Multiple Spring Data modules found, entering strict repository configuration mode!
12:44:00.489 [main] INFO  o.s.c.s.PostProcessorRegistrationDelegate$BeanPostProcessorChecker - Bean 'org.springframework.kafka.annotation.KafkaBootstrapConfiguration' of type [org.springframework.kafka.annotation.KafkaBootstrapConfiguration$$EnhancerBySpringCGLIB$$ece5a934] is not eligible for getting processed by all BeanPostProcessors (for example: not eligible for auto-proxying)
12:44:01.431 [main] INFO  o.s.b.c.e.t.TomcatEmbeddedServletContainer - Tomcat initialized with port(s): 8080 (http)
12:44:01.443 [main] INFO  o.a.catalina.core.StandardService - Starting service [Tomcat]
12:44:01.444 [main] INFO  o.a.catalina.core.StandardEngine - Starting Servlet Engine: Apache Tomcat/8.5.23
12:44:01.533 [localhost-startStop-1] INFO  o.a.c.c.C.[Tomcat].[localhost].[/] - Initializing Spring embedded WebApplicationContext
12:44:01.534 [localhost-startStop-1] INFO  o.s.web.context.ContextLoader - Root WebApplicationContext: initialization completed in 2237 ms
12:44:01.739 [localhost-startStop-1] INFO  o.s.b.w.s.FilterRegistrationBean - Mapping filter: 'characterEncodingFilter' to: [/*]
12:44:01.740 [localhost-startStop-1] INFO  o.s.b.w.s.FilterRegistrationBean - Mapping filter: 'corsFilter' to: [/*]
12:44:01.741 [localhost-startStop-1] INFO  o.s.b.w.s.ServletRegistrationBean - Mapping servlet: 'dispatcherServlet' to [/]
12:44:02.918 [main] INFO  o.s.w.s.m.m.a.RequestMappingHandlerMapping - Mapped "{[/blog/listBlog],methods=[POST],produces=[application/json;charset=UTF-8]}" onto public com.lihebin.blog.bean.Articles com.lihebin.blog.web.BlogController.listBlog(com.lihebin.blog.bean.Articles)
12:44:02.919 [main] INFO  o.s.w.s.m.m.a.RequestMappingHandlerMapping - Mapped "{[/blog/getBlog],methods=[GET]}" onto public com.lihebin.blog.bean.Article com.lihebin.blog.web.BlogController.getBlog(java.lang.String)
12:44:02.920 [main] INFO  o.s.w.s.m.m.a.RequestMappingHandlerMapping - Mapped "{[/blog/getClassify],methods=[GET]}" onto public java.util.List<java.lang.String> com.lihebin.blog.web.BlogController.getClassify()
12:44:02.920 [main] INFO  o.s.w.s.m.m.a.RequestMappingHandlerMapping - Mapped "{[/api/blog/updateBlog],methods=[POST],produces=[application/json;charset=UTF-8]}" onto public com.lihebin.blog.bean.Article com.lihebin.blog.web.BlogController.updateBlog(com.lihebin.blog.bean.Article,javax.servlet.http.HttpServletRequest)
12:44:02.920 [main] INFO  o.s.w.s.m.m.a.RequestMappingHandlerMapping - Mapped "{[/api/blog/createBlog],methods=[POST],produces=[application/json;charset=UTF-8]}" onto public com.lihebin.blog.bean.Article com.lihebin.blog.web.BlogController.createBlog(com.lihebin.blog.bean.Article,javax.servlet.http.HttpServletRequest)
12:44:02.920 [main] INFO  o.s.w.s.m.m.a.RequestMappingHandlerMapping - Mapped "{[/api/blog/deleteBlog],methods=[GET]}" onto public void com.lihebin.blog.web.BlogController.deleteBlog(java.lang.String)
12:44:02.921 [main] INFO  o.s.w.s.m.m.a.RequestMappingHandlerMapping - Mapped "{[/blog/getPreNextBlog],methods=[GET]}" onto public com.lihebin.blog.bean.PreNext com.lihebin.blog.web.BlogController.getPreNextBlog(java.lang.String)
12:44:02.921 [main] INFO  o.s.w.s.m.m.a.RequestMappingHandlerMapping - Mapped "{[/api/file/uploadPicture],methods=[POST]}" onto public com.lihebin.blog.bean.Result com.lihebin.blog.web.FileController.uploadPicture(org.springframework.web.multipart.MultipartFile)
12:44:02.922 [main] INFO  o.s.w.s.m.m.a.RequestMappingHandlerMapping - Mapped "{[/api/file/uploadPictureToken],methods=[GET]}" onto public com.lihebin.blog.bean.Result com.lihebin.blog.web.FileController.uploadPictureToken(java.lang.String,java.lang.Integer)
12:44:02.923 [main] INFO  o.s.w.s.m.m.a.RequestMappingHandlerMapping - Mapped "{[/user/login],methods=[POST],produces=[application/json;charset=UTF-8]}" onto public java.util.Map com.lihebin.blog.web.UserController.login(java.util.Map) throws java.lang.Exception
12:44:02.923 [main] INFO  o.s.w.s.m.m.a.RequestMappingHandlerMapping - Mapped "{[/user/logout],methods=[GET]}" onto public java.util.Map com.lihebin.blog.web.UserController.logout(java.lang.String)
12:44:02.923 [main] INFO  o.s.w.s.m.m.a.RequestMappingHandlerMapping - Mapped "{[/user/getMenus],methods=[GET]}" onto public java.util.List<com.lihebin.blog.bean.UserMenu> com.lihebin.blog.web.UserController.getMenus(java.lang.String)
12:44:02.923 [main] INFO  o.s.w.s.m.m.a.RequestMappingHandlerMapping - Mapped "{[/user/insertAndDeleteUser],methods=[POST],produces=[application/json;charset=UTF-8]}" onto public java.util.Map com.lihebin.blog.web.UserController.insertAndDeleteUser(java.util.Map)
12:44:02.924 [main] INFO  o.s.w.s.m.m.a.RequestMappingHandlerMapping - Mapped "{[/api/relevanceUserAndMenu],methods=[POST],produces=[application/json;charset=UTF-8]}" onto public java.util.Map com.lihebin.blog.web.UserController.relevanceUserAndMenu(java.util.Map)
12:44:02.928 [main] INFO  o.s.w.s.m.m.a.RequestMappingHandlerMapping - Mapped "{[/error]}" onto public org.springframework.http.ResponseEntity<java.util.Map<java.lang.String, java.lang.Object>> org.springframework.boot.autoconfigure.web.BasicErrorController.error(javax.servlet.http.HttpServletRequest)
12:44:02.929 [main] INFO  o.s.w.s.m.m.a.RequestMappingHandlerMapping - Mapped "{[/error],produces=[text/html]}" onto public org.springframework.web.servlet.ModelAndView org.springframework.boot.autoconfigure.web.BasicErrorController.errorHtml(javax.servlet.http.HttpServletRequest,javax.servlet.http.HttpServletResponse)
12:44:03.072 [main] INFO  o.s.w.s.m.m.a.RequestMappingHandlerAdapter - Looking for @ControllerAdvice: org.springframework.boot.context.embedded.AnnotationConfigEmbeddedWebApplicationContext@7aaca91a: startup date [Sat Apr 06 12:43:59 CST 2019]; root of context hierarchy
12:44:04.154 [main] INFO  o.s.j.e.a.AnnotationMBeanExporter - Registering beans for JMX exposure on startup
12:44:04.156 [main] INFO  o.s.j.e.a.AnnotationMBeanExporter - Bean with name 'backendDataSource' has been autodetected for JMX exposure
12:44:04.156 [main] INFO  o.s.j.e.a.AnnotationMBeanExporter - Bean with name 'blogDataSource' has been autodetected for JMX exposure
12:44:04.161 [main] INFO  o.s.j.e.a.AnnotationMBeanExporter - Located MBean 'blogDataSource': registering with JMX server as MBean [com.alibaba.druid.pool:name=blogDataSource,type=DruidDataSource]
12:44:04.164 [main] INFO  o.s.j.e.a.AnnotationMBeanExporter - Located MBean 'backendDataSource': registering with JMX server as MBean [com.alibaba.druid.pool:name=backendDataSource,type=DruidDataSource]
12:44:04.169 [main] INFO  o.s.c.s.DefaultLifecycleProcessor - Starting beans in phase 2147483647
12:44:04.318 [main] INFO  o.s.b.c.e.t.TomcatEmbeddedServletContainer - Tomcat started on port(s): 8080 (http)
12:44:04.322 [main] INFO  com.lihebin.blog.Application - Started Application in 5.461 seconds (JVM running for 6.313)
12:46:12.747 [http-nio-8080-exec-1] INFO  o.a.c.c.C.[Tomcat].[localhost].[/] - Initializing Spring FrameworkServlet 'dispatcherServlet'
12:46:12.748 [http-nio-8080-exec-1] INFO  o.s.web.servlet.DispatcherServlet - FrameworkServlet 'dispatcherServlet': initialization started
12:46:12.785 [http-nio-8080-exec-1] INFO  o.s.web.servlet.DispatcherServlet - FrameworkServlet 'dispatcherServlet': initialization completed in 37 ms
12:46:12.925 [http-nio-8080-exec-2] INFO  c.l.blog.config.ServiceLogAspect - [ID43][listBlog] web request>>[com.lihebin.blog.bean.Articles@6541e4fa]
12:46:12.930 [http-nio-8080-exec-2] INFO  c.l.blog.config.ServiceLogAspect - [ID43][listBlog] request>>[com.lihebin.blog.bean.Articles@6541e4fa]
12:46:14.922 [http-nio-8080-exec-2] INFO  c.alibaba.druid.pool.DruidDataSource - {dataSource-1} inited
12:46:16.726 [http-nio-8080-exec-2] INFO  c.alibaba.druid.pool.DruidDataSource - {dataSource-2} inited
12:46:17.088 [http-nio-8080-exec-2] INFO  c.l.blog.config.ServiceLogAspect - [ID43][listBlog] response>>com.lihebin.blog.bean.Articles@45bcd1f9
12:46:17.089 [http-nio-8080-exec-2] INFO  c.l.blog.config.ServiceLogAspect - [ID43][listBlog] web response>>com.lihebin.blog.bean.Articles@45bcd1f9
12:46:19.526 [http-nio-8080-exec-3] INFO  c.l.blog.config.ServiceLogAspect - [ID44][getMenus] web request>>[3febf1d7b45bfff5b01a23be37a2b9aa]
12:46:19.529 [http-nio-8080-exec-3] INFO  c.l.blog.config.ServiceLogAspect - [ID44][listMenuByToken] request>>[3febf1d7b45bfff5b01a23be37a2b9aa]
12:46:19.572 [http-nio-8080-exec-3] INFO  c.l.blog.config.ServiceLogAspect - [ID44][listMenuByToken] response>>[]
12:46:19.573 [http-nio-8080-exec-3] INFO  c.l.blog.config.ServiceLogAspect - [ID44][getMenus] web response>>[]
12:46:24.651 [http-nio-8080-exec-5] INFO  c.l.blog.config.ServiceLogAspect - [ID46][listBlog] web request>>[com.lihebin.blog.bean.Articles@2ad97e82]
12:46:24.651 [http-nio-8080-exec-5] INFO  c.l.blog.config.ServiceLogAspect - [ID46][listBlog] request>>[com.lihebin.blog.bean.Articles@2ad97e82]
12:46:25.100 [http-nio-8080-exec-5] INFO  c.l.blog.config.ServiceLogAspect - [ID46][listBlog] response>>com.lihebin.blog.bean.Articles@10f9b4e4
12:46:25.100 [http-nio-8080-exec-5] INFO  c.l.blog.config.ServiceLogAspect - [ID46][listBlog] web response>>com.lihebin.blog.bean.Articles@10f9b4e4
12:46:33.934 [http-nio-8080-exec-9] INFO  c.l.blog.config.ServiceLogAspect - [ID50][getClassify] web request>>[]
12:46:33.934 [http-nio-8080-exec-8] INFO  c.l.blog.config.ServiceLogAspect - [ID49][getBlog] web request>>[4fa3e0ac-bc75-4691-86ed-903e2b550f9a]
12:46:33.935 [http-nio-8080-exec-9] INFO  c.l.blog.config.ServiceLogAspect - [ID50][getClassify] request>>[]
12:46:33.935 [http-nio-8080-exec-8] INFO  c.l.blog.config.ServiceLogAspect - [ID49][getBlog] request>>[4fa3e0ac-bc75-4691-86ed-903e2b550f9a]
12:46:33.968 [http-nio-8080-exec-9] INFO  c.l.blog.config.ServiceLogAspect - [ID50][getClassify] response>>[java, js]
12:46:33.968 [http-nio-8080-exec-9] INFO  c.l.blog.config.ServiceLogAspect - [ID50][getClassify] web response>>[java, js]
12:46:34.064 [http-nio-8080-exec-8] INFO  c.l.blog.config.ServiceLogAspect - [ID49][getBlog] response>>com.lihebin.blog.bean.Article@72f97a27
12:46:34.064 [http-nio-8080-exec-8] INFO  c.l.blog.config.ServiceLogAspect - [ID49][getBlog] web response>>com.lihebin.blog.bean.Article@72f97a27
12:46:49.129 [http-nio-8080-exec-1] WARN  o.s.web.servlet.PageNotFound - No mapping found for HTTP request with URI [/api/file/getFileUploadToken] in DispatcherServlet with name 'dispatcherServlet'
12:47:28.190 [http-nio-8080-exec-3] WARN  o.s.web.servlet.PageNotFound - No mapping found for HTTP request with URI [/api/file/getFileUploadToken] in DispatcherServlet with name 'dispatcherServlet'
12:48:18.769 [Thread-17] INFO  o.s.b.c.e.AnnotationConfigEmbeddedWebApplicationContext - Closing org.springframework.boot.context.embedded.AnnotationConfigEmbeddedWebApplicationContext@7aaca91a: startup date [Sat Apr 06 12:43:59 CST 2019]; root of context hierarchy
12:48:18.771 [Thread-17] INFO  o.s.c.s.DefaultLifecycleProcessor - Stopping beans in phase 2147483647
12:48:18.771 [Thread-17] INFO  o.s.c.s.DefaultLifecycleProcessor - Stopping beans in phase 0
12:48:18.772 [Thread-17] INFO  o.s.j.e.a.AnnotationMBeanExporter - Unregistering JMX-exposed beans on shutdown
12:48:18.773 [Thread-17] INFO  o.s.j.e.a.AnnotationMBeanExporter - Unregistering JMX-exposed beans
12:48:18.778 [Thread-17] INFO  c.alibaba.druid.pool.DruidDataSource - {dataSource-1} closed
12:48:18.780 [Thread-17] INFO  c.alibaba.druid.pool.DruidDataSource - {dataSource-2} closed
12:48:34.691 [main] INFO  com.lihebin.blog.Application - Starting Application on lihebindembp with PID 75333 (/Users/lihebin/github/blog-message-backend/blog-war/target/classes started by lihebin in /Users/lihebin/github/blog-message-backend)
12:48:34.695 [main] INFO  com.lihebin.blog.Application - The following profiles are active: test
12:48:34.779 [main] INFO  o.s.b.c.e.AnnotationConfigEmbeddedWebApplicationContext - Refreshing org.springframework.boot.context.embedded.AnnotationConfigEmbeddedWebApplicationContext@7aaca91a: startup date [Sat Apr 06 12:48:34 CST 2019]; root of context hierarchy
12:48:35.322 [main] INFO  o.s.b.f.xml.XmlBeanDefinitionReader - Loading XML bean definitions from file [/Users/lihebin/github/blog-message-backend/blog-war/target/classes/spring/interceptor-config.xml]
12:48:35.595 [main] INFO  o.s.d.r.c.RepositoryConfigurationDelegate - Multiple Spring Data modules found, entering strict repository configuration mode!
12:48:35.933 [main] INFO  o.s.c.s.PostProcessorRegistrationDelegate$BeanPostProcessorChecker - Bean 'org.springframework.kafka.annotation.KafkaBootstrapConfiguration' of type [org.springframework.kafka.annotation.KafkaBootstrapConfiguration$$EnhancerBySpringCGLIB$$cc1c4c8] is not eligible for getting processed by all BeanPostProcessors (for example: not eligible for auto-proxying)
12:48:36.731 [main] INFO  o.s.b.c.e.t.TomcatEmbeddedServletContainer - Tomcat initialized with port(s): 8080 (http)
12:48:36.740 [main] INFO  o.a.catalina.core.StandardService - Starting service [Tomcat]
12:48:36.741 [main] INFO  o.a.catalina.core.StandardEngine - Starting Servlet Engine: Apache Tomcat/8.5.23
12:48:36.819 [localhost-startStop-1] INFO  o.a.c.c.C.[Tomcat].[localhost].[/] - Initializing Spring embedded WebApplicationContext
12:48:36.820 [localhost-startStop-1] INFO  o.s.web.context.ContextLoader - Root WebApplicationContext: initialization completed in 2041 ms
12:48:37.017 [localhost-startStop-1] INFO  o.s.b.w.s.FilterRegistrationBean - Mapping filter: 'characterEncodingFilter' to: [/*]
12:48:37.018 [localhost-startStop-1] INFO  o.s.b.w.s.FilterRegistrationBean - Mapping filter: 'corsFilter' to: [/*]
12:48:37.019 [localhost-startStop-1] INFO  o.s.b.w.s.ServletRegistrationBean - Mapping servlet: 'dispatcherServlet' to [/]
12:48:37.989 [main] INFO  o.s.w.s.m.m.a.RequestMappingHandlerMapping - Mapped "{[/blog/getClassify],methods=[GET]}" onto public java.util.List<java.lang.String> com.lihebin.blog.web.BlogController.getClassify()
12:48:37.991 [main] INFO  o.s.w.s.m.m.a.RequestMappingHandlerMapping - Mapped "{[/blog/getBlog],methods=[GET]}" onto public com.lihebin.blog.bean.Article com.lihebin.blog.web.BlogController.getBlog(java.lang.String)
12:48:37.992 [main] INFO  o.s.w.s.m.m.a.RequestMappingHandlerMapping - Mapped "{[/api/blog/updateBlog],methods=[POST],produces=[application/json;charset=UTF-8]}" onto public com.lihebin.blog.bean.Article com.lihebin.blog.web.BlogController.updateBlog(com.lihebin.blog.bean.Article,javax.servlet.http.HttpServletRequest)
12:48:37.992 [main] INFO  o.s.w.s.m.m.a.RequestMappingHandlerMapping - Mapped "{[/api/blog/createBlog],methods=[POST],produces=[application/json;charset=UTF-8]}" onto public com.lihebin.blog.bean.Article com.lihebin.blog.web.BlogController.createBlog(com.lihebin.blog.bean.Article,javax.servlet.http.HttpServletRequest)
12:48:37.993 [main] INFO  o.s.w.s.m.m.a.RequestMappingHandlerMapping - Mapped "{[/api/blog/deleteBlog],methods=[GET]}" onto public void com.lihebin.blog.web.BlogController.deleteBlog(java.lang.String)
12:48:37.993 [main] INFO  o.s.w.s.m.m.a.RequestMappingHandlerMapping - Mapped "{[/blog/getPreNextBlog],methods=[GET]}" onto public com.lihebin.blog.bean.PreNext com.lihebin.blog.web.BlogController.getPreNextBlog(java.lang.String)
12:48:37.993 [main] INFO  o.s.w.s.m.m.a.RequestMappingHandlerMapping - Mapped "{[/blog/listBlog],methods=[POST],produces=[application/json;charset=UTF-8]}" onto public com.lihebin.blog.bean.Articles com.lihebin.blog.web.BlogController.listBlog(com.lihebin.blog.bean.Articles)
12:48:37.994 [main] INFO  o.s.w.s.m.m.a.RequestMappingHandlerMapping - Mapped "{[/api/file/uploadPicture],methods=[POST]}" onto public com.lihebin.blog.bean.Result com.lihebin.blog.web.FileController.uploadPicture(org.springframework.web.multipart.MultipartFile)
12:48:37.994 [main] INFO  o.s.w.s.m.m.a.RequestMappingHandlerMapping - Mapped "{[/file/uploadPictureToken],methods=[GET]}" onto public com.lihebin.blog.bean.Result com.lihebin.blog.web.FileController.uploadPictureToken(java.lang.String,java.lang.Integer)
12:48:37.995 [main] INFO  o.s.w.s.m.m.a.RequestMappingHandlerMapping - Mapped "{[/user/login],methods=[POST],produces=[application/json;charset=UTF-8]}" onto public java.util.Map com.lihebin.blog.web.UserController.login(java.util.Map) throws java.lang.Exception
12:48:37.996 [main] INFO  o.s.w.s.m.m.a.RequestMappingHandlerMapping - Mapped "{[/user/logout],methods=[GET]}" onto public java.util.Map com.lihebin.blog.web.UserController.logout(java.lang.String)
12:48:37.996 [main] INFO  o.s.w.s.m.m.a.RequestMappingHandlerMapping - Mapped "{[/api/relevanceUserAndMenu],methods=[POST],produces=[application/json;charset=UTF-8]}" onto public java.util.Map com.lihebin.blog.web.UserController.relevanceUserAndMenu(java.util.Map)
12:48:37.996 [main] INFO  o.s.w.s.m.m.a.RequestMappingHandlerMapping - Mapped "{[/user/getMenus],methods=[GET]}" onto public java.util.List<com.lihebin.blog.bean.UserMenu> com.lihebin.blog.web.UserController.getMenus(java.lang.String)
12:48:37.996 [main] INFO  o.s.w.s.m.m.a.RequestMappingHandlerMapping - Mapped "{[/user/insertAndDeleteUser],methods=[POST],produces=[application/json;charset=UTF-8]}" onto public java.util.Map com.lihebin.blog.web.UserController.insertAndDeleteUser(java.util.Map)
12:48:38.001 [main] INFO  o.s.w.s.m.m.a.RequestMappingHandlerMapping - Mapped "{[/error]}" onto public org.springframework.http.ResponseEntity<java.util.Map<java.lang.String, java.lang.Object>> org.springframework.boot.autoconfigure.web.BasicErrorController.error(javax.servlet.http.HttpServletRequest)
12:48:38.002 [main] INFO  o.s.w.s.m.m.a.RequestMappingHandlerMapping - Mapped "{[/error],produces=[text/html]}" onto public org.springframework.web.servlet.ModelAndView org.springframework.boot.autoconfigure.web.BasicErrorController.errorHtml(javax.servlet.http.HttpServletRequest,javax.servlet.http.HttpServletResponse)
12:48:38.137 [main] INFO  o.s.w.s.m.m.a.RequestMappingHandlerAdapter - Looking for @ControllerAdvice: org.springframework.boot.context.embedded.AnnotationConfigEmbeddedWebApplicationContext@7aaca91a: startup date [Sat Apr 06 12:48:34 CST 2019]; root of context hierarchy
12:48:39.147 [main] INFO  o.s.j.e.a.AnnotationMBeanExporter - Registering beans for JMX exposure on startup
12:48:39.148 [main] INFO  o.s.j.e.a.AnnotationMBeanExporter - Bean with name 'backendDataSource' has been autodetected for JMX exposure
12:48:39.149 [main] INFO  o.s.j.e.a.AnnotationMBeanExporter - Bean with name 'blogDataSource' has been autodetected for JMX exposure
12:48:39.154 [main] INFO  o.s.j.e.a.AnnotationMBeanExporter - Located MBean 'blogDataSource': registering with JMX server as MBean [com.alibaba.druid.pool:name=blogDataSource,type=DruidDataSource]
12:48:39.156 [main] INFO  o.s.j.e.a.AnnotationMBeanExporter - Located MBean 'backendDataSource': registering with JMX server as MBean [com.alibaba.druid.pool:name=backendDataSource,type=DruidDataSource]
12:48:39.159 [main] INFO  o.s.c.s.DefaultLifecycleProcessor - Starting beans in phase 2147483647
12:48:39.335 [main] INFO  o.s.b.c.e.t.TomcatEmbeddedServletContainer - Tomcat started on port(s): 8080 (http)
12:48:39.340 [main] INFO  com.lihebin.blog.Application - Started Application in 4.937 seconds (JVM running for 5.701)
12:48:48.739 [http-nio-8080-exec-1] INFO  o.a.c.c.C.[Tomcat].[localhost].[/] - Initializing Spring FrameworkServlet 'dispatcherServlet'
12:48:48.740 [http-nio-8080-exec-1] INFO  o.s.web.servlet.DispatcherServlet - FrameworkServlet 'dispatcherServlet': initialization started
12:48:48.775 [http-nio-8080-exec-1] INFO  o.s.web.servlet.DispatcherServlet - FrameworkServlet 'dispatcherServlet': initialization completed in 35 ms
12:48:48.837 [http-nio-8080-exec-1] INFO  c.l.blog.config.ServiceLogAspect - [ID40][getMenus] web request>>[3febf1d7b45bfff5b01a23be37a2b9aa]
12:48:48.844 [http-nio-8080-exec-1] INFO  c.l.blog.config.ServiceLogAspect - [ID40][listMenuByToken] request>>[3febf1d7b45bfff5b01a23be37a2b9aa]
12:48:48.904 [http-nio-8080-exec-1] INFO  c.l.blog.config.ServiceLogAspect - [ID40][listMenuByToken] response>>[]
12:48:48.904 [http-nio-8080-exec-1] INFO  c.l.blog.config.ServiceLogAspect - [ID40][getMenus] web response>>[]
12:48:49.644 [http-nio-8080-exec-5] INFO  c.l.blog.config.ServiceLogAspect - [ID44][getClassify] web request>>[]
12:48:49.644 [http-nio-8080-exec-4] INFO  c.l.blog.config.ServiceLogAspect - [ID43][getBlog] web request>>[4fa3e0ac-bc75-4691-86ed-903e2b550f9a]
12:48:49.648 [http-nio-8080-exec-5] INFO  c.l.blog.config.ServiceLogAspect - [ID44][getClassify] request>>[]
12:48:49.648 [http-nio-8080-exec-4] INFO  c.l.blog.config.ServiceLogAspect - [ID43][getBlog] request>>[4fa3e0ac-bc75-4691-86ed-903e2b550f9a]
12:48:51.544 [http-nio-8080-exec-5] INFO  c.alibaba.druid.pool.DruidDataSource - {dataSource-1} inited
12:48:51.579 [http-nio-8080-exec-5] INFO  c.l.blog.config.ServiceLogAspect - [ID44][getClassify] response>>[java, js]
12:48:51.580 [http-nio-8080-exec-5] INFO  c.l.blog.config.ServiceLogAspect - [ID44][getClassify] web response>>[java, js]
12:48:53.340 [http-nio-8080-exec-4] INFO  c.alibaba.druid.pool.DruidDataSource - {dataSource-2} inited
12:48:53.410 [http-nio-8080-exec-4] INFO  c.l.blog.config.ServiceLogAspect - [ID43][getBlog] response>>com.lihebin.blog.bean.Article@543924a2
12:48:53.410 [http-nio-8080-exec-4] INFO  c.l.blog.config.ServiceLogAspect - [ID43][getBlog] web response>>com.lihebin.blog.bean.Article@543924a2
12:49:01.452 [http-nio-8080-exec-7] INFO  c.l.blog.config.ServiceLogAspect - [ID46][uploadPictureToken] web request>>[bg.jpg, 72312]
12:49:01.455 [http-nio-8080-exec-7] INFO  c.l.blog.config.ServiceLogAspect - [ID46][uploadPictureToken] request>>[bg.jpg, 72312]
12:49:09.306 [http-nio-8080-exec-7] ERROR o.a.c.c.C.[.[.[.[dispatcherServlet] - Servlet.service() for servlet [dispatcherServlet] in context with path [] threw exception [Request processing failed; nested exception is java.lang.ClassCastException: java.lang.Boolean cannot be cast to java.lang.String] with root cause
java.lang.ClassCastException: java.lang.Boolean cannot be cast to java.lang.String
	at org.springframework.http.converter.FormHttpMessageConverter.writeForm(FormHttpMessageConverter.java:291)
	at org.springframework.http.converter.FormHttpMessageConverter.write(FormHttpMessageConverter.java:253)
	at org.springframework.http.converter.FormHttpMessageConverter.write(FormHttpMessageConverter.java:89)
	at org.springframework.web.client.RestTemplate$HttpEntityRequestCallback.doWithRequest(RestTemplate.java:882)
	at org.springframework.web.client.RestTemplate.doExecute(RestTemplate.java:650)
	at org.springframework.web.client.RestTemplate.execute(RestTemplate.java:613)
	at org.springframework.web.client.RestTemplate.postForObject(RestTemplate.java:380)
	at com.lihebin.blog.service.FileServiceImpl.uploadPictureToken(FileServiceImpl.java:133)
	at sun.reflect.NativeMethodAccessorImpl.invoke0(Native Method)
	at sun.reflect.NativeMethodAccessorImpl.invoke(NativeMethodAccessorImpl.java:62)
	at sun.reflect.DelegatingMethodAccessorImpl.invoke(DelegatingMethodAccessorImpl.java:43)
	at java.lang.reflect.Method.invoke(Method.java:498)
	at org.springframework.aop.support.AopUtils.invokeJoinpointUsingReflection(AopUtils.java:333)
	at org.springframework.aop.framework.ReflectiveMethodInvocation.invokeJoinpoint(ReflectiveMethodInvocation.java:190)
	at org.springframework.aop.framework.ReflectiveMethodInvocation.proceed(ReflectiveMethodInvocation.java:157)
	at org.springframework.validation.beanvalidation.MethodValidationInterceptor.invoke(MethodValidationInterceptor.java:150)
	at org.springframework.aop.framework.ReflectiveMethodInvocation.proceed(ReflectiveMethodInvocation.java:179)
	at org.springframework.aop.framework.adapter.MethodBeforeAdviceInterceptor.invoke(MethodBeforeAdviceInterceptor.java:52)
	at org.springframework.aop.framework.ReflectiveMethodInvocation.proceed(ReflectiveMethodInvocation.java:179)
	at org.springframework.aop.framework.adapter.AfterReturningAdviceInterceptor.invoke(AfterReturningAdviceInterceptor.java:52)
	at org.springframework.aop.framework.ReflectiveMethodInvocation.proceed(ReflectiveMethodInvocation.java:179)
	at org.springframework.aop.interceptor.ExposeInvocationInterceptor.invoke(ExposeInvocationInterceptor.java:92)
	at org.springframework.aop.framework.ReflectiveMethodInvocation.proceed(ReflectiveMethodInvocation.java:179)
	at org.springframework.aop.framework.JdkDynamicAopProxy.invoke(JdkDynamicAopProxy.java:213)
	at com.sun.proxy.$Proxy76.uploadPictureToken(Unknown Source)
	at com.lihebin.blog.web.FileController.uploadPictureToken(FileController.java:31)
	at com.lihebin.blog.web.FileController$$FastClassBySpringCGLIB$$a7335230.invoke(<generated>)
	at org.springframework.cglib.proxy.MethodProxy.invoke(MethodProxy.java:204)
	at org.springframework.aop.framework.CglibAopProxy$CglibMethodInvocation.invokeJoinpoint(CglibAopProxy.java:738)
	at org.springframework.aop.framework.ReflectiveMethodInvocation.proceed(ReflectiveMethodInvocation.java:157)
	at org.springframework.aop.framework.adapter.MethodBeforeAdviceInterceptor.invoke(MethodBeforeAdviceInterceptor.java:52)
	at org.springframework.aop.framework.ReflectiveMethodInvocation.proceed(ReflectiveMethodInvocation.java:179)
	at org.springframework.aop.framework.adapter.AfterReturningAdviceInterceptor.invoke(AfterReturningAdviceInterceptor.java:52)
	at org.springframework.aop.framework.ReflectiveMethodInvocation.proceed(ReflectiveMethodInvocation.java:179)
	at org.springframework.aop.interceptor.ExposeInvocationInterceptor.invoke(ExposeInvocationInterceptor.java:92)
	at org.springframework.aop.framework.ReflectiveMethodInvocation.proceed(ReflectiveMethodInvocation.java:179)
	at org.springframework.aop.framework.CglibAopProxy$DynamicAdvisedInterceptor.intercept(CglibAopProxy.java:673)
	at com.lihebin.blog.web.FileController$$EnhancerBySpringCGLIB$$f40377f7.uploadPictureToken(<generated>)
	at sun.reflect.NativeMethodAccessorImpl.invoke0(Native Method)
	at sun.reflect.NativeMethodAccessorImpl.invoke(NativeMethodAccessorImpl.java:62)
	at sun.reflect.DelegatingMethodAccessorImpl.invoke(DelegatingMethodAccessorImpl.java:43)
	at java.lang.reflect.Method.invoke(Method.java:498)
	at org.springframework.web.method.support.InvocableHandlerMethod.doInvoke(InvocableHandlerMethod.java:205)
	at org.springframework.web.method.support.InvocableHandlerMethod.invokeForRequest(InvocableHandlerMethod.java:133)
	at org.springframework.web.servlet.mvc.method.annotation.ServletInvocableHandlerMethod.invokeAndHandle(ServletInvocableHandlerMethod.java:97)
	at org.springframework.web.servlet.mvc.method.annotation.RequestMappingHandlerAdapter.invokeHandlerMethod(RequestMappingHandlerAdapter.java:827)
	at org.springframework.web.servlet.mvc.method.annotation.RequestMappingHandlerAdapter.handleInternal(RequestMappingHandlerAdapter.java:738)
	at org.springframework.web.servlet.mvc.method.AbstractHandlerMethodAdapter.handle(AbstractHandlerMethodAdapter.java:85)
	at org.springframework.web.servlet.DispatcherServlet.doDispatch(DispatcherServlet.java:967)
	at org.springframework.web.servlet.DispatcherServlet.doService(DispatcherServlet.java:901)
	at org.springframework.web.servlet.FrameworkServlet.processRequest(FrameworkServlet.java:970)
	at org.springframework.web.servlet.FrameworkServlet.doGet(FrameworkServlet.java:861)
	at javax.servlet.http.HttpServlet.service(HttpServlet.java:635)
	at org.springframework.web.servlet.FrameworkServlet.service(FrameworkServlet.java:846)
	at javax.servlet.http.HttpServlet.service(HttpServlet.java:742)
	at org.apache.catalina.core.ApplicationFilterChain.internalDoFilter(ApplicationFilterChain.java:231)
	at org.apache.catalina.core.ApplicationFilterChain.doFilter(ApplicationFilterChain.java:166)
	at org.apache.tomcat.websocket.server.WsFilter.doFilter(WsFilter.java:52)
	at org.apache.catalina.core.ApplicationFilterChain.internalDoFilter(ApplicationFilterChain.java:193)
	at org.apache.catalina.core.ApplicationFilterChain.doFilter(ApplicationFilterChain.java:166)
	at org.springframework.web.filter.CorsFilter.doFilterInternal(CorsFilter.java:96)
	at org.springframework.web.filter.OncePerRequestFilter.doFilter(OncePerRequestFilter.java:107)
	at org.apache.catalina.core.ApplicationFilterChain.internalDoFilter(ApplicationFilterChain.java:193)
	at org.apache.catalina.core.ApplicationFilterChain.doFilter(ApplicationFilterChain.java:166)
	at org.springframework.web.filter.CharacterEncodingFilter.doFilterInternal(CharacterEncodingFilter.java:197)
	at org.springframework.web.filter.OncePerRequestFilter.doFilter(OncePerRequestFilter.java:107)
	at org.apache.catalina.core.ApplicationFilterChain.internalDoFilter(ApplicationFilterChain.java:193)
	at org.apache.catalina.core.ApplicationFilterChain.doFilter(ApplicationFilterChain.java:166)
	at org.apache.catalina.core.StandardWrapperValve.invoke(StandardWrapperValve.java:199)
	at org.apache.catalina.core.StandardContextValve.invoke(StandardContextValve.java:96)
	at org.apache.catalina.authenticator.AuthenticatorBase.invoke(AuthenticatorBase.java:478)
	at org.apache.catalina.core.StandardHostValve.invoke(StandardHostValve.java:140)
	at org.apache.catalina.valves.ErrorReportValve.invoke(ErrorReportValve.java:81)
	at org.apache.catalina.core.StandardEngineValve.invoke(StandardEngineValve.java:87)
	at org.apache.catalina.connector.CoyoteAdapter.service(CoyoteAdapter.java:342)
	at org.apache.coyote.http11.Http11Processor.service(Http11Processor.java:803)
	at org.apache.coyote.AbstractProcessorLight.process(AbstractProcessorLight.java:66)
	at org.apache.coyote.AbstractProtocol$ConnectionHandler.process(AbstractProtocol.java:868)
	at org.apache.tomcat.util.net.NioEndpoint$SocketProcessor.doRun(NioEndpoint.java:1459)
	at org.apache.tomcat.util.net.SocketProcessorBase.run(SocketProcessorBase.java:49)
	at java.util.concurrent.ThreadPoolExecutor.runWorker(ThreadPoolExecutor.java:1142)
	at java.util.concurrent.ThreadPoolExecutor$Worker.run(ThreadPoolExecutor.java:617)
	at org.apache.tomcat.util.threads.TaskThread$WrappingRunnable.run(TaskThread.java:61)
	at java.lang.Thread.run(Thread.java:745)
