09:00:39.437 [http-nio-8080-exec-8] INFO  c.l.blog.config.ServiceLogAspect - [ID49][getBlog] web request>>[4fa3e0ac-bc75-4691-86ed-903e2b550f9a]
09:00:39.439 [http-nio-8080-exec-8] INFO  c.l.blog.config.ServiceLogAspect - [ID49][getBlog] request>>[4fa3e0ac-bc75-4691-86ed-903e2b550f9a]
09:00:39.672 [http-nio-8080-exec-8] INFO  c.l.blog.config.ServiceLogAspect - [ID49][getBlog] response>>com.lihebin.blog.bean.Article@3209259b
09:00:39.672 [http-nio-8080-exec-8] INFO  c.l.blog.config.ServiceLogAspect - [ID49][getBlog] web response>>com.lihebin.blog.bean.Article@3209259b
09:03:07.233 [http-nio-8080-exec-1] INFO  c.l.blog.config.ServiceLogAspect - [ID42][listBlog] web request>>[com.lihebin.blog.bean.Articles@7d360dc3]
09:03:07.233 [http-nio-8080-exec-1] INFO  c.l.blog.config.ServiceLogAspect - [ID42][listBlog] request>>[com.lihebin.blog.bean.Articles@7d360dc3]
09:03:07.525 [http-nio-8080-exec-1] ERROR com.lihebin.blog.dao.ClassifyDao - getClassifyBySn: 0
org.springframework.dao.EmptyResultDataAccessException: Incorrect result size: expected 1, actual 0
	at org.springframework.dao.support.DataAccessUtils.requiredSingleResult(DataAccessUtils.java:71)
	at org.springframework.jdbc.core.namedparam.NamedParameterJdbcTemplate.queryForObject(NamedParameterJdbcTemplate.java:212)
	at org.springframework.jdbc.core.namedparam.NamedParameterJdbcTemplate.queryForObject(NamedParameterJdbcTemplate.java:226)
	at com.lihebin.blog.dao.ClassifyDao.getClassifyBySn(ClassifyDao.java:66)
	at com.lihebin.blog.dao.ClassifyDao$$FastClassBySpringCGLIB$$e99b38b4.invoke(<generated>)
	at org.springframework.cglib.proxy.MethodProxy.invoke(MethodProxy.java:204)
	at org.springframework.aop.framework.CglibAopProxy$CglibMethodInvocation.invokeJoinpoint(CglibAopProxy.java:738)
	at org.springframework.aop.framework.ReflectiveMethodInvocation.proceed(ReflectiveMethodInvocation.java:157)
	at org.springframework.dao.support.PersistenceExceptionTranslationInterceptor.invoke(PersistenceExceptionTranslationInterceptor.java:136)
	at org.springframework.aop.framework.ReflectiveMethodInvocation.proceed(ReflectiveMethodInvocation.java:179)
	at org.springframework.aop.framework.CglibAopProxy$DynamicAdvisedInterceptor.intercept(CglibAopProxy.java:673)
	at com.lihebin.blog.dao.ClassifyDao$$EnhancerBySpringCGLIB$$72d887f0.getClassifyBySn(<generated>)
	at com.lihebin.blog.service.BlogServiceImpl.articleResponse(BlogServiceImpl.java:102)
	at com.lihebin.blog.service.BlogServiceImpl.lambda$listBlog$0(BlogServiceImpl.java:44)
	at java.util.ArrayList.forEach(ArrayList.java:1249)
	at com.lihebin.blog.service.BlogServiceImpl.listBlog(BlogServiceImpl.java:43)
	at sun.reflect.GeneratedMethodAccessor83.invoke(Unknown Source)
	at sun.reflect.DelegatingMethodAccessorImpl.invoke(DelegatingMethodAccessorImpl.java:43)
	at java.lang.reflect.Method.invoke(Method.java:498)
	at org.springframework.aop.support.AopUtils.invokeJoinpointUsingReflection(AopUtils.java:333)
	at org.springframework.aop.framework.ReflectiveMethodInvocation.invokeJoinpoint(ReflectiveMethodInvocation.java:190)
	at org.springframework.aop.framework.ReflectiveMethodInvocation.proceed(ReflectiveMethodInvocation.java:157)
	at org.springframework.validation.beanvalidation.MethodValidationInterceptor.invoke(MethodValidationInterceptor.java:150)
	at org.springframework.aop.framework.ReflectiveMethodInvocation.proceed(ReflectiveMethodInvocation.java:179)
	at org.springframework.aop.framework.adapter.MethodBeforeAdviceInterceptor.invoke(MethodBeforeAdviceInterceptor.java:52)
	at org.springframework.aop.framework.ReflectiveMethodInvocation.proceed(ReflectiveMethodInvocation.java:179)
	at org.springframework.aop.framework.adapter.AfterReturningAdviceInterceptor.invoke(AfterReturningAdviceInterceptor.java:52)
	at org.springframework.aop.framework.ReflectiveMethodInvocation.proceed(ReflectiveMethodInvocation.java:179)
	at org.springframework.aop.interceptor.ExposeInvocationInterceptor.invoke(ExposeInvocationInterceptor.java:92)
	at org.springframework.aop.framework.ReflectiveMethodInvocation.proceed(ReflectiveMethodInvocation.java:179)
	at org.springframework.aop.framework.JdkDynamicAopProxy.invoke(JdkDynamicAopProxy.java:213)
	at com.sun.proxy.$Proxy74.listBlog(Unknown Source)
	at com.lihebin.blog.web.BlogController.listBlog(BlogController.java:36)
	at com.lihebin.blog.web.BlogController$$FastClassBySpringCGLIB$$2c2394d6.invoke(<generated>)
	at org.springframework.cglib.proxy.MethodProxy.invoke(MethodProxy.java:204)
	at org.springframework.aop.framework.CglibAopProxy$CglibMethodInvocation.invokeJoinpoint(CglibAopProxy.java:738)
	at org.springframework.aop.framework.ReflectiveMethodInvocation.proceed(ReflectiveMethodInvocation.java:157)
	at org.springframework.aop.framework.adapter.MethodBeforeAdviceInterceptor.invoke(MethodBeforeAdviceInterceptor.java:52)
	at org.springframework.aop.framework.ReflectiveMethodInvocation.proceed(ReflectiveMethodInvocation.java:179)
	at org.springframework.aop.framework.adapter.AfterReturningAdviceInterceptor.invoke(AfterReturningAdviceInterceptor.java:52)
	at org.springframework.aop.framework.ReflectiveMethodInvocation.proceed(ReflectiveMethodInvocation.java:179)
	at org.springframework.aop.interceptor.ExposeInvocationInterceptor.invoke(ExposeInvocationInterceptor.java:92)
	at org.springframework.aop.framework.ReflectiveMethodInvocation.proceed(ReflectiveMethodInvocation.java:179)
	at org.springframework.aop.framework.CglibAopProxy$DynamicAdvisedInterceptor.intercept(CglibAopProxy.java:673)
	at com.lihebin.blog.web.BlogController$$EnhancerBySpringCGLIB$$6ed425ff.listBlog(<generated>)
	at sun.reflect.GeneratedMethodAccessor82.invoke(Unknown Source)
	at sun.reflect.DelegatingMethodAccessorImpl.invoke(DelegatingMethodAccessorImpl.java:43)
	at java.lang.reflect.Method.invoke(Method.java:498)
	at org.springframework.web.method.support.InvocableHandlerMethod.doInvoke(InvocableHandlerMethod.java:205)
	at org.springframework.web.method.support.InvocableHandlerMethod.invokeForRequest(InvocableHandlerMethod.java:133)
	at org.springframework.web.servlet.mvc.method.annotation.ServletInvocableHandlerMethod.invokeAndHandle(ServletInvocableHandlerMethod.java:97)
	at org.springframework.web.servlet.mvc.method.annotation.RequestMappingHandlerAdapter.invokeHandlerMethod(RequestMappingHandlerAdapter.java:827)
	at org.springframework.web.servlet.mvc.method.annotation.RequestMappingHandlerAdapter.handleInternal(RequestMappingHandlerAdapter.java:738)
	at org.springframework.web.servlet.mvc.method.AbstractHandlerMethodAdapter.handle(AbstractHandlerMethodAdapter.java:85)
	at org.springframework.web.servlet.DispatcherServlet.doDispatch(DispatcherServlet.java:967)
	at org.springframework.web.servlet.DispatcherServlet.doService(DispatcherServlet.java:901)
	at org.springframework.web.servlet.FrameworkServlet.processRequest(FrameworkServlet.java:970)
	at org.springframework.web.servlet.FrameworkServlet.doPost(FrameworkServlet.java:872)
	at javax.servlet.http.HttpServlet.service(HttpServlet.java:661)
	at org.springframework.web.servlet.FrameworkServlet.service(FrameworkServlet.java:846)
	at javax.servlet.http.HttpServlet.service(HttpServlet.java:742)
	at org.apache.catalina.core.ApplicationFilterChain.internalDoFilter(ApplicationFilterChain.java:231)
	at org.apache.catalina.core.ApplicationFilterChain.doFilter(ApplicationFilterChain.java:166)
	at org.apache.tomcat.websocket.server.WsFilter.doFilter(WsFilter.java:52)
	at org.apache.catalina.core.ApplicationFilterChain.internalDoFilter(ApplicationFilterChain.java:193)
	at org.apache.catalina.core.ApplicationFilterChain.doFilter(ApplicationFilterChain.java:166)
	at org.springframework.web.filter.CorsFilter.doFilterInternal(CorsFilter.java:96)
	at org.springframework.web.filter.OncePerRequestFilter.doFilter(OncePerRequestFilter.java:107)
	at org.apache.catalina.core.ApplicationFilterChain.internalDoFilter(ApplicationFilterChain.java:193)
	at org.apache.catalina.core.ApplicationFilterChain.doFilter(ApplicationFilterChain.java:166)
	at org.springframework.web.filter.CharacterEncodingFilter.doFilterInternal(CharacterEncodingFilter.java:197)
	at org.springframework.web.filter.OncePerRequestFilter.doFilter(OncePerRequestFilter.java:107)
	at org.apache.catalina.core.ApplicationFilterChain.internalDoFilter(ApplicationFilterChain.java:193)
	at org.apache.catalina.core.ApplicationFilterChain.doFilter(ApplicationFilterChain.java:166)
	at org.apache.catalina.core.StandardWrapperValve.invoke(StandardWrapperValve.java:199)
	at org.apache.catalina.core.StandardContextValve.invoke(StandardContextValve.java:96)
	at org.apache.catalina.authenticator.AuthenticatorBase.invoke(AuthenticatorBase.java:478)
	at org.apache.catalina.core.StandardHostValve.invoke(StandardHostValve.java:140)
	at org.apache.catalina.valves.ErrorReportValve.invoke(ErrorReportValve.java:81)
	at org.apache.catalina.core.StandardEngineValve.invoke(StandardEngineValve.java:87)
	at org.apache.catalina.connector.CoyoteAdapter.service(CoyoteAdapter.java:342)
	at org.apache.coyote.http11.Http11Processor.service(Http11Processor.java:803)
	at org.apache.coyote.AbstractProcessorLight.process(AbstractProcessorLight.java:66)
	at org.apache.coyote.AbstractProtocol$ConnectionHandler.process(AbstractProtocol.java:868)
	at org.apache.tomcat.util.net.NioEndpoint$SocketProcessor.doRun(NioEndpoint.java:1459)
	at org.apache.tomcat.util.net.SocketProcessorBase.run(SocketProcessorBase.java:49)
	at java.util.concurrent.ThreadPoolExecutor.runWorker(ThreadPoolExecutor.java:1142)
	at java.util.concurrent.ThreadPoolExecutor$Worker.run(ThreadPoolExecutor.java:617)
	at org.apache.tomcat.util.threads.TaskThread$WrappingRunnable.run(TaskThread.java:61)
	at java.lang.Thread.run(Thread.java:745)
09:03:07.603 [http-nio-8080-exec-1] INFO  c.l.blog.config.ServiceLogAspect - [ID42][listBlog] response>>com.lihebin.blog.bean.Articles@35a33246
09:03:07.603 [http-nio-8080-exec-1] INFO  c.l.blog.config.ServiceLogAspect - [ID42][listBlog] web response>>com.lihebin.blog.bean.Articles@35a33246
09:03:11.103 [http-nio-8080-exec-2] INFO  c.l.blog.config.ServiceLogAspect - [ID43][listBlog] web request>>[com.lihebin.blog.bean.Articles@77c1ad49]
09:03:11.103 [http-nio-8080-exec-2] INFO  c.l.blog.config.ServiceLogAspect - [ID43][listBlog] request>>[com.lihebin.blog.bean.Articles@77c1ad49]
09:03:11.389 [http-nio-8080-exec-2] INFO  c.l.blog.config.ServiceLogAspect - [ID43][listBlog] response>>com.lihebin.blog.bean.Articles@7607cc32
09:03:11.389 [http-nio-8080-exec-2] INFO  c.l.blog.config.ServiceLogAspect - [ID43][listBlog] web response>>com.lihebin.blog.bean.Articles@7607cc32
09:03:28.555 [http-nio-8080-exec-4] INFO  c.l.blog.config.ServiceLogAspect - [ID45][listBlog] web request>>[com.lihebin.blog.bean.Articles@20c35f6b]
09:03:28.556 [http-nio-8080-exec-4] INFO  c.l.blog.config.ServiceLogAspect - [ID45][listBlog] request>>[com.lihebin.blog.bean.Articles@20c35f6b]
09:03:28.763 [http-nio-8080-exec-4] ERROR com.lihebin.blog.dao.ClassifyDao - getClassifyBySn: 0
org.springframework.dao.EmptyResultDataAccessException: Incorrect result size: expected 1, actual 0
	at org.springframework.dao.support.DataAccessUtils.requiredSingleResult(DataAccessUtils.java:71)
	at org.springframework.jdbc.core.namedparam.NamedParameterJdbcTemplate.queryForObject(NamedParameterJdbcTemplate.java:212)
	at org.springframework.jdbc.core.namedparam.NamedParameterJdbcTemplate.queryForObject(NamedParameterJdbcTemplate.java:226)
	at com.lihebin.blog.dao.ClassifyDao.getClassifyBySn(ClassifyDao.java:66)
	at com.lihebin.blog.dao.ClassifyDao$$FastClassBySpringCGLIB$$e99b38b4.invoke(<generated>)
	at org.springframework.cglib.proxy.MethodProxy.invoke(MethodProxy.java:204)
	at org.springframework.aop.framework.CglibAopProxy$CglibMethodInvocation.invokeJoinpoint(CglibAopProxy.java:738)
	at org.springframework.aop.framework.ReflectiveMethodInvocation.proceed(ReflectiveMethodInvocation.java:157)
	at org.springframework.dao.support.PersistenceExceptionTranslationInterceptor.invoke(PersistenceExceptionTranslationInterceptor.java:136)
	at org.springframework.aop.framework.ReflectiveMethodInvocation.proceed(ReflectiveMethodInvocation.java:179)
	at org.springframework.aop.framework.CglibAopProxy$DynamicAdvisedInterceptor.intercept(CglibAopProxy.java:673)
	at com.lihebin.blog.dao.ClassifyDao$$EnhancerBySpringCGLIB$$72d887f0.getClassifyBySn(<generated>)
	at com.lihebin.blog.service.BlogServiceImpl.articleResponse(BlogServiceImpl.java:102)
	at com.lihebin.blog.service.BlogServiceImpl.lambda$listBlog$0(BlogServiceImpl.java:44)
	at java.util.ArrayList.forEach(ArrayList.java:1249)
	at com.lihebin.blog.service.BlogServiceImpl.listBlog(BlogServiceImpl.java:43)
	at sun.reflect.GeneratedMethodAccessor83.invoke(Unknown Source)
	at sun.reflect.DelegatingMethodAccessorImpl.invoke(DelegatingMethodAccessorImpl.java:43)
	at java.lang.reflect.Method.invoke(Method.java:498)
	at org.springframework.aop.support.AopUtils.invokeJoinpointUsingReflection(AopUtils.java:333)
	at org.springframework.aop.framework.ReflectiveMethodInvocation.invokeJoinpoint(ReflectiveMethodInvocation.java:190)
	at org.springframework.aop.framework.ReflectiveMethodInvocation.proceed(ReflectiveMethodInvocation.java:157)
	at org.springframework.validation.beanvalidation.MethodValidationInterceptor.invoke(MethodValidationInterceptor.java:150)
	at org.springframework.aop.framework.ReflectiveMethodInvocation.proceed(ReflectiveMethodInvocation.java:179)
	at org.springframework.aop.framework.adapter.MethodBeforeAdviceInterceptor.invoke(MethodBeforeAdviceInterceptor.java:52)
	at org.springframework.aop.framework.ReflectiveMethodInvocation.proceed(ReflectiveMethodInvocation.java:179)
	at org.springframework.aop.framework.adapter.AfterReturningAdviceInterceptor.invoke(AfterReturningAdviceInterceptor.java:52)
	at org.springframework.aop.framework.ReflectiveMethodInvocation.proceed(ReflectiveMethodInvocation.java:179)
	at org.springframework.aop.interceptor.ExposeInvocationInterceptor.invoke(ExposeInvocationInterceptor.java:92)
	at org.springframework.aop.framework.ReflectiveMethodInvocation.proceed(ReflectiveMethodInvocation.java:179)
	at org.springframework.aop.framework.JdkDynamicAopProxy.invoke(JdkDynamicAopProxy.java:213)
	at com.sun.proxy.$Proxy74.listBlog(Unknown Source)
	at com.lihebin.blog.web.BlogController.listBlog(BlogController.java:36)
	at com.lihebin.blog.web.BlogController$$FastClassBySpringCGLIB$$2c2394d6.invoke(<generated>)
	at org.springframework.cglib.proxy.MethodProxy.invoke(MethodProxy.java:204)
	at org.springframework.aop.framework.CglibAopProxy$CglibMethodInvocation.invokeJoinpoint(CglibAopProxy.java:738)
	at org.springframework.aop.framework.ReflectiveMethodInvocation.proceed(ReflectiveMethodInvocation.java:157)
	at org.springframework.aop.framework.adapter.MethodBeforeAdviceInterceptor.invoke(MethodBeforeAdviceInterceptor.java:52)
	at org.springframework.aop.framework.ReflectiveMethodInvocation.proceed(ReflectiveMethodInvocation.java:179)
	at org.springframework.aop.framework.adapter.AfterReturningAdviceInterceptor.invoke(AfterReturningAdviceInterceptor.java:52)
	at org.springframework.aop.framework.ReflectiveMethodInvocation.proceed(ReflectiveMethodInvocation.java:179)
	at org.springframework.aop.interceptor.ExposeInvocationInterceptor.invoke(ExposeInvocationInterceptor.java:92)
	at org.springframework.aop.framework.ReflectiveMethodInvocation.proceed(ReflectiveMethodInvocation.java:179)
	at org.springframework.aop.framework.CglibAopProxy$DynamicAdvisedInterceptor.intercept(CglibAopProxy.java:673)
	at com.lihebin.blog.web.BlogController$$EnhancerBySpringCGLIB$$6ed425ff.listBlog(<generated>)
	at sun.reflect.GeneratedMethodAccessor82.invoke(Unknown Source)
	at sun.reflect.DelegatingMethodAccessorImpl.invoke(DelegatingMethodAccessorImpl.java:43)
	at java.lang.reflect.Method.invoke(Method.java:498)
	at org.springframework.web.method.support.InvocableHandlerMethod.doInvoke(InvocableHandlerMethod.java:205)
	at org.springframework.web.method.support.InvocableHandlerMethod.invokeForRequest(InvocableHandlerMethod.java:133)
	at org.springframework.web.servlet.mvc.method.annotation.ServletInvocableHandlerMethod.invokeAndHandle(ServletInvocableHandlerMethod.java:97)
	at org.springframework.web.servlet.mvc.method.annotation.RequestMappingHandlerAdapter.invokeHandlerMethod(RequestMappingHandlerAdapter.java:827)
	at org.springframework.web.servlet.mvc.method.annotation.RequestMappingHandlerAdapter.handleInternal(RequestMappingHandlerAdapter.java:738)
	at org.springframework.web.servlet.mvc.method.AbstractHandlerMethodAdapter.handle(AbstractHandlerMethodAdapter.java:85)
	at org.springframework.web.servlet.DispatcherServlet.doDispatch(DispatcherServlet.java:967)
	at org.springframework.web.servlet.DispatcherServlet.doService(DispatcherServlet.java:901)
	at org.springframework.web.servlet.FrameworkServlet.processRequest(FrameworkServlet.java:970)
	at org.springframework.web.servlet.FrameworkServlet.doPost(FrameworkServlet.java:872)
	at javax.servlet.http.HttpServlet.service(HttpServlet.java:661)
	at org.springframework.web.servlet.FrameworkServlet.service(FrameworkServlet.java:846)
	at javax.servlet.http.HttpServlet.service(HttpServlet.java:742)
	at org.apache.catalina.core.ApplicationFilterChain.internalDoFilter(ApplicationFilterChain.java:231)
	at org.apache.catalina.core.ApplicationFilterChain.doFilter(ApplicationFilterChain.java:166)
	at org.apache.tomcat.websocket.server.WsFilter.doFilter(WsFilter.java:52)
	at org.apache.catalina.core.ApplicationFilterChain.internalDoFilter(ApplicationFilterChain.java:193)
	at org.apache.catalina.core.ApplicationFilterChain.doFilter(ApplicationFilterChain.java:166)
	at org.springframework.web.filter.CorsFilter.doFilterInternal(CorsFilter.java:96)
	at org.springframework.web.filter.OncePerRequestFilter.doFilter(OncePerRequestFilter.java:107)
	at org.apache.catalina.core.ApplicationFilterChain.internalDoFilter(ApplicationFilterChain.java:193)
	at org.apache.catalina.core.ApplicationFilterChain.doFilter(ApplicationFilterChain.java:166)
	at org.springframework.web.filter.CharacterEncodingFilter.doFilterInternal(CharacterEncodingFilter.java:197)
	at org.springframework.web.filter.OncePerRequestFilter.doFilter(OncePerRequestFilter.java:107)
	at org.apache.catalina.core.ApplicationFilterChain.internalDoFilter(ApplicationFilterChain.java:193)
	at org.apache.catalina.core.ApplicationFilterChain.doFilter(ApplicationFilterChain.java:166)
	at org.apache.catalina.core.StandardWrapperValve.invoke(StandardWrapperValve.java:199)
	at org.apache.catalina.core.StandardContextValve.invoke(StandardContextValve.java:96)
	at org.apache.catalina.authenticator.AuthenticatorBase.invoke(AuthenticatorBase.java:478)
	at org.apache.catalina.core.StandardHostValve.invoke(StandardHostValve.java:140)
	at org.apache.catalina.valves.ErrorReportValve.invoke(ErrorReportValve.java:81)
	at org.apache.catalina.core.StandardEngineValve.invoke(StandardEngineValve.java:87)
	at org.apache.catalina.connector.CoyoteAdapter.service(CoyoteAdapter.java:342)
	at org.apache.coyote.http11.Http11Processor.service(Http11Processor.java:803)
	at org.apache.coyote.AbstractProcessorLight.process(AbstractProcessorLight.java:66)
	at org.apache.coyote.AbstractProtocol$ConnectionHandler.process(AbstractProtocol.java:868)
	at org.apache.tomcat.util.net.NioEndpoint$SocketProcessor.doRun(NioEndpoint.java:1459)
	at org.apache.tomcat.util.net.SocketProcessorBase.run(SocketProcessorBase.java:49)
	at java.util.concurrent.ThreadPoolExecutor.runWorker(ThreadPoolExecutor.java:1142)
	at java.util.concurrent.ThreadPoolExecutor$Worker.run(ThreadPoolExecutor.java:617)
	at org.apache.tomcat.util.threads.TaskThread$WrappingRunnable.run(TaskThread.java:61)
	at java.lang.Thread.run(Thread.java:745)
09:03:29.169 [http-nio-8080-exec-4] INFO  c.l.blog.config.ServiceLogAspect - [ID45][listBlog] response>>com.lihebin.blog.bean.Articles@1ee0f0ab
09:03:29.169 [http-nio-8080-exec-4] INFO  c.l.blog.config.ServiceLogAspect - [ID45][listBlog] web response>>com.lihebin.blog.bean.Articles@1ee0f0ab
09:03:32.626 [http-nio-8080-exec-6] INFO  c.l.blog.config.TokenInterceptor - TokenInterceptor:33fa297afc45a6797b28f878f474b6a8-deleteBlog
09:03:32.628 [http-nio-8080-exec-6] INFO  c.l.blog.config.TokenInterceptor - request:/api/blog/deleteBlog,null
09:03:32.633 [http-nio-8080-exec-6] ERROR o.a.c.c.C.[.[.[.[dispatcherServlet] - Servlet.service() for servlet [dispatcherServlet] in context with path [] threw exception [Request processing failed; nested exception is com.lihebin.blog.exception.BackendLoginException: 登录超时] with root cause
com.lihebin.blog.exception.BackendLoginException: 登录超时
	at com.lihebin.blog.config.TokenInterceptor.preHandle(TokenInterceptor.java:59)
	at org.springframework.web.servlet.HandlerExecutionChain.applyPreHandle(HandlerExecutionChain.java:133)
	at org.springframework.web.servlet.DispatcherServlet.doDispatch(DispatcherServlet.java:962)
	at org.springframework.web.servlet.DispatcherServlet.doService(DispatcherServlet.java:901)
	at org.springframework.web.servlet.FrameworkServlet.processRequest(FrameworkServlet.java:970)
	at org.springframework.web.servlet.FrameworkServlet.doGet(FrameworkServlet.java:861)
	at javax.servlet.http.HttpServlet.service(HttpServlet.java:635)
	at org.springframework.web.servlet.FrameworkServlet.service(FrameworkServlet.java:846)
	at javax.servlet.http.HttpServlet.service(HttpServlet.java:742)
	at org.apache.catalina.core.ApplicationFilterChain.internalDoFilter(ApplicationFilterChain.java:231)
	at org.apache.catalina.core.ApplicationFilterChain.doFilter(ApplicationFilterChain.java:166)
	at org.apache.tomcat.websocket.server.WsFilter.doFilter(WsFilter.java:52)
	at org.apache.catalina.core.ApplicationFilterChain.internalDoFilter(ApplicationFilterChain.java:193)
	at org.apache.catalina.core.ApplicationFilterChain.doFilter(ApplicationFilterChain.java:166)
	at org.springframework.web.filter.CorsFilter.doFilterInternal(CorsFilter.java:96)
	at org.springframework.web.filter.OncePerRequestFilter.doFilter(OncePerRequestFilter.java:107)
	at org.apache.catalina.core.ApplicationFilterChain.internalDoFilter(ApplicationFilterChain.java:193)
	at org.apache.catalina.core.ApplicationFilterChain.doFilter(ApplicationFilterChain.java:166)
	at org.springframework.web.filter.CharacterEncodingFilter.doFilterInternal(CharacterEncodingFilter.java:197)
	at org.springframework.web.filter.OncePerRequestFilter.doFilter(OncePerRequestFilter.java:107)
	at org.apache.catalina.core.ApplicationFilterChain.internalDoFilter(ApplicationFilterChain.java:193)
	at org.apache.catalina.core.ApplicationFilterChain.doFilter(ApplicationFilterChain.java:166)
	at org.apache.catalina.core.StandardWrapperValve.invoke(StandardWrapperValve.java:199)
	at org.apache.catalina.core.StandardContextValve.invoke(StandardContextValve.java:96)
	at org.apache.catalina.authenticator.AuthenticatorBase.invoke(AuthenticatorBase.java:478)
	at org.apache.catalina.core.StandardHostValve.invoke(StandardHostValve.java:140)
	at org.apache.catalina.valves.ErrorReportValve.invoke(ErrorReportValve.java:81)
	at org.apache.catalina.core.StandardEngineValve.invoke(StandardEngineValve.java:87)
	at org.apache.catalina.connector.CoyoteAdapter.service(CoyoteAdapter.java:342)
	at org.apache.coyote.http11.Http11Processor.service(Http11Processor.java:803)
	at org.apache.coyote.AbstractProcessorLight.process(AbstractProcessorLight.java:66)
	at org.apache.coyote.AbstractProtocol$ConnectionHandler.process(AbstractProtocol.java:868)
	at org.apache.tomcat.util.net.NioEndpoint$SocketProcessor.doRun(NioEndpoint.java:1459)
	at org.apache.tomcat.util.net.SocketProcessorBase.run(SocketProcessorBase.java:49)
	at java.util.concurrent.ThreadPoolExecutor.runWorker(ThreadPoolExecutor.java:1142)
	at java.util.concurrent.ThreadPoolExecutor$Worker.run(ThreadPoolExecutor.java:617)
	at org.apache.tomcat.util.threads.TaskThread$WrappingRunnable.run(TaskThread.java:61)
	at java.lang.Thread.run(Thread.java:745)
09:03:46.879 [http-nio-8080-exec-8] INFO  c.l.blog.config.ServiceLogAspect - [ID49][login] web request>>[{username=18301900685, password=63b891d3324fef21bfcc8914a723acef}]
09:03:46.880 [http-nio-8080-exec-8] INFO  c.l.blog.config.ServiceLogAspect - [ID49][login] request>>[18301900685, 63b891d3324fef21bfcc8914a723acef]
09:03:46.935 [http-nio-8080-exec-8] INFO  c.l.blog.config.ServiceLogAspect - [ID49][login] response>>{code=200, name=lihebin, username=18301900685, token=7af3808052934efa7c011aec66f8793d}
09:03:46.935 [http-nio-8080-exec-8] INFO  c.l.blog.config.ServiceLogAspect - [ID49][login] web response>>{code=200, name=lihebin, username=18301900685, token=7af3808052934efa7c011aec66f8793d}
09:03:46.950 [http-nio-8080-exec-9] INFO  c.l.blog.config.ServiceLogAspect - [ID50][getMenus] web request>>[7af3808052934efa7c011aec66f8793d]
09:03:46.950 [http-nio-8080-exec-9] INFO  c.l.blog.config.ServiceLogAspect - [ID50][listMenuByToken] request>>[7af3808052934efa7c011aec66f8793d]
09:03:46.989 [http-nio-8080-exec-9] INFO  c.l.blog.config.ServiceLogAspect - [ID50][listMenuByToken] response>>[com.lihebin.blog.bean.UserMenu@503ab037, com.lihebin.blog.bean.UserMenu@773a6f7, com.lihebin.blog.bean.UserMenu@35847e83, com.lihebin.blog.bean.UserMenu@2f618f44]
09:03:46.989 [http-nio-8080-exec-9] INFO  c.l.blog.config.ServiceLogAspect - [ID50][getMenus] web response>>[com.lihebin.blog.bean.UserMenu@503ab037, com.lihebin.blog.bean.UserMenu@773a6f7, com.lihebin.blog.bean.UserMenu@35847e83, com.lihebin.blog.bean.UserMenu@2f618f44]
09:03:49.727 [http-nio-8080-exec-1] INFO  c.l.blog.config.ServiceLogAspect - [ID42][listBlog] web request>>[com.lihebin.blog.bean.Articles@4b313581]
09:03:49.727 [http-nio-8080-exec-1] INFO  c.l.blog.config.ServiceLogAspect - [ID42][listBlog] request>>[com.lihebin.blog.bean.Articles@4b313581]
09:03:49.953 [http-nio-8080-exec-1] ERROR com.lihebin.blog.dao.ClassifyDao - getClassifyBySn: 0
org.springframework.dao.EmptyResultDataAccessException: Incorrect result size: expected 1, actual 0
	at org.springframework.dao.support.DataAccessUtils.requiredSingleResult(DataAccessUtils.java:71)
	at org.springframework.jdbc.core.namedparam.NamedParameterJdbcTemplate.queryForObject(NamedParameterJdbcTemplate.java:212)
	at org.springframework.jdbc.core.namedparam.NamedParameterJdbcTemplate.queryForObject(NamedParameterJdbcTemplate.java:226)
	at com.lihebin.blog.dao.ClassifyDao.getClassifyBySn(ClassifyDao.java:66)
	at com.lihebin.blog.dao.ClassifyDao$$FastClassBySpringCGLIB$$e99b38b4.invoke(<generated>)
	at org.springframework.cglib.proxy.MethodProxy.invoke(MethodProxy.java:204)
	at org.springframework.aop.framework.CglibAopProxy$CglibMethodInvocation.invokeJoinpoint(CglibAopProxy.java:738)
	at org.springframework.aop.framework.ReflectiveMethodInvocation.proceed(ReflectiveMethodInvocation.java:157)
	at org.springframework.dao.support.PersistenceExceptionTranslationInterceptor.invoke(PersistenceExceptionTranslationInterceptor.java:136)
	at org.springframework.aop.framework.ReflectiveMethodInvocation.proceed(ReflectiveMethodInvocation.java:179)
	at org.springframework.aop.framework.CglibAopProxy$DynamicAdvisedInterceptor.intercept(CglibAopProxy.java:673)
	at com.lihebin.blog.dao.ClassifyDao$$EnhancerBySpringCGLIB$$72d887f0.getClassifyBySn(<generated>)
	at com.lihebin.blog.service.BlogServiceImpl.articleResponse(BlogServiceImpl.java:102)
	at com.lihebin.blog.service.BlogServiceImpl.lambda$listBlog$0(BlogServiceImpl.java:44)
	at java.util.ArrayList.forEach(ArrayList.java:1249)
	at com.lihebin.blog.service.BlogServiceImpl.listBlog(BlogServiceImpl.java:43)
	at sun.reflect.GeneratedMethodAccessor83.invoke(Unknown Source)
	at sun.reflect.DelegatingMethodAccessorImpl.invoke(DelegatingMethodAccessorImpl.java:43)
	at java.lang.reflect.Method.invoke(Method.java:498)
	at org.springframework.aop.support.AopUtils.invokeJoinpointUsingReflection(AopUtils.java:333)
	at org.springframework.aop.framework.ReflectiveMethodInvocation.invokeJoinpoint(ReflectiveMethodInvocation.java:190)
	at org.springframework.aop.framework.ReflectiveMethodInvocation.proceed(ReflectiveMethodInvocation.java:157)
	at org.springframework.validation.beanvalidation.MethodValidationInterceptor.invoke(MethodValidationInterceptor.java:150)
	at org.springframework.aop.framework.ReflectiveMethodInvocation.proceed(ReflectiveMethodInvocation.java:179)
	at org.springframework.aop.framework.adapter.MethodBeforeAdviceInterceptor.invoke(MethodBeforeAdviceInterceptor.java:52)
	at org.springframework.aop.framework.ReflectiveMethodInvocation.proceed(ReflectiveMethodInvocation.java:179)
	at org.springframework.aop.framework.adapter.AfterReturningAdviceInterceptor.invoke(AfterReturningAdviceInterceptor.java:52)
	at org.springframework.aop.framework.ReflectiveMethodInvocation.proceed(ReflectiveMethodInvocation.java:179)
	at org.springframework.aop.interceptor.ExposeInvocationInterceptor.invoke(ExposeInvocationInterceptor.java:92)
	at org.springframework.aop.framework.ReflectiveMethodInvocation.proceed(ReflectiveMethodInvocation.java:179)
	at org.springframework.aop.framework.JdkDynamicAopProxy.invoke(JdkDynamicAopProxy.java:213)
	at com.sun.proxy.$Proxy74.listBlog(Unknown Source)
	at com.lihebin.blog.web.BlogController.listBlog(BlogController.java:36)
	at com.lihebin.blog.web.BlogController$$FastClassBySpringCGLIB$$2c2394d6.invoke(<generated>)
	at org.springframework.cglib.proxy.MethodProxy.invoke(MethodProxy.java:204)
	at org.springframework.aop.framework.CglibAopProxy$CglibMethodInvocation.invokeJoinpoint(CglibAopProxy.java:738)
	at org.springframework.aop.framework.ReflectiveMethodInvocation.proceed(ReflectiveMethodInvocation.java:157)
	at org.springframework.aop.framework.adapter.MethodBeforeAdviceInterceptor.invoke(MethodBeforeAdviceInterceptor.java:52)
	at org.springframework.aop.framework.ReflectiveMethodInvocation.proceed(ReflectiveMethodInvocation.java:179)
	at org.springframework.aop.framework.adapter.AfterReturningAdviceInterceptor.invoke(AfterReturningAdviceInterceptor.java:52)
	at org.springframework.aop.framework.ReflectiveMethodInvocation.proceed(ReflectiveMethodInvocation.java:179)
	at org.springframework.aop.interceptor.ExposeInvocationInterceptor.invoke(ExposeInvocationInterceptor.java:92)
	at org.springframework.aop.framework.ReflectiveMethodInvocation.proceed(ReflectiveMethodInvocation.java:179)
	at org.springframework.aop.framework.CglibAopProxy$DynamicAdvisedInterceptor.intercept(CglibAopProxy.java:673)
	at com.lihebin.blog.web.BlogController$$EnhancerBySpringCGLIB$$6ed425ff.listBlog(<generated>)
	at sun.reflect.GeneratedMethodAccessor82.invoke(Unknown Source)
	at sun.reflect.DelegatingMethodAccessorImpl.invoke(DelegatingMethodAccessorImpl.java:43)
	at java.lang.reflect.Method.invoke(Method.java:498)
	at org.springframework.web.method.support.InvocableHandlerMethod.doInvoke(InvocableHandlerMethod.java:205)
	at org.springframework.web.method.support.InvocableHandlerMethod.invokeForRequest(InvocableHandlerMethod.java:133)
	at org.springframework.web.servlet.mvc.method.annotation.ServletInvocableHandlerMethod.invokeAndHandle(ServletInvocableHandlerMethod.java:97)
	at org.springframework.web.servlet.mvc.method.annotation.RequestMappingHandlerAdapter.invokeHandlerMethod(RequestMappingHandlerAdapter.java:827)
	at org.springframework.web.servlet.mvc.method.annotation.RequestMappingHandlerAdapter.handleInternal(RequestMappingHandlerAdapter.java:738)
	at org.springframework.web.servlet.mvc.method.AbstractHandlerMethodAdapter.handle(AbstractHandlerMethodAdapter.java:85)
	at org.springframework.web.servlet.DispatcherServlet.doDispatch(DispatcherServlet.java:967)
	at org.springframework.web.servlet.DispatcherServlet.doService(DispatcherServlet.java:901)
	at org.springframework.web.servlet.FrameworkServlet.processRequest(FrameworkServlet.java:970)
	at org.springframework.web.servlet.FrameworkServlet.doPost(FrameworkServlet.java:872)
	at javax.servlet.http.HttpServlet.service(HttpServlet.java:661)
	at org.springframework.web.servlet.FrameworkServlet.service(FrameworkServlet.java:846)
	at javax.servlet.http.HttpServlet.service(HttpServlet.java:742)
	at org.apache.catalina.core.ApplicationFilterChain.internalDoFilter(ApplicationFilterChain.java:231)
	at org.apache.catalina.core.ApplicationFilterChain.doFilter(ApplicationFilterChain.java:166)
	at org.apache.tomcat.websocket.server.WsFilter.doFilter(WsFilter.java:52)
	at org.apache.catalina.core.ApplicationFilterChain.internalDoFilter(ApplicationFilterChain.java:193)
	at org.apache.catalina.core.ApplicationFilterChain.doFilter(ApplicationFilterChain.java:166)
	at org.springframework.web.filter.CorsFilter.doFilterInternal(CorsFilter.java:96)
	at org.springframework.web.filter.OncePerRequestFilter.doFilter(OncePerRequestFilter.java:107)
	at org.apache.catalina.core.ApplicationFilterChain.internalDoFilter(ApplicationFilterChain.java:193)
	at org.apache.catalina.core.ApplicationFilterChain.doFilter(ApplicationFilterChain.java:166)
	at org.springframework.web.filter.CharacterEncodingFilter.doFilterInternal(CharacterEncodingFilter.java:197)
	at org.springframework.web.filter.OncePerRequestFilter.doFilter(OncePerRequestFilter.java:107)
	at org.apache.catalina.core.ApplicationFilterChain.internalDoFilter(ApplicationFilterChain.java:193)
	at org.apache.catalina.core.ApplicationFilterChain.doFilter(ApplicationFilterChain.java:166)
	at org.apache.catalina.core.StandardWrapperValve.invoke(StandardWrapperValve.java:199)
	at org.apache.catalina.core.StandardContextValve.invoke(StandardContextValve.java:96)
	at org.apache.catalina.authenticator.AuthenticatorBase.invoke(AuthenticatorBase.java:478)
	at org.apache.catalina.core.StandardHostValve.invoke(StandardHostValve.java:140)
	at org.apache.catalina.valves.ErrorReportValve.invoke(ErrorReportValve.java:81)
	at org.apache.catalina.core.StandardEngineValve.invoke(StandardEngineValve.java:87)
	at org.apache.catalina.connector.CoyoteAdapter.service(CoyoteAdapter.java:342)
	at org.apache.coyote.http11.Http11Processor.service(Http11Processor.java:803)
	at org.apache.coyote.AbstractProcessorLight.process(AbstractProcessorLight.java:66)
	at org.apache.coyote.AbstractProtocol$ConnectionHandler.process(AbstractProtocol.java:868)
	at org.apache.tomcat.util.net.NioEndpoint$SocketProcessor.doRun(NioEndpoint.java:1459)
	at org.apache.tomcat.util.net.SocketProcessorBase.run(SocketProcessorBase.java:49)
	at java.util.concurrent.ThreadPoolExecutor.runWorker(ThreadPoolExecutor.java:1142)
	at java.util.concurrent.ThreadPoolExecutor$Worker.run(ThreadPoolExecutor.java:617)
	at org.apache.tomcat.util.threads.TaskThread$WrappingRunnable.run(TaskThread.java:61)
	at java.lang.Thread.run(Thread.java:745)
09:03:50.377 [http-nio-8080-exec-1] INFO  c.l.blog.config.ServiceLogAspect - [ID42][listBlog] response>>com.lihebin.blog.bean.Articles@40f1ad1b
09:03:50.377 [http-nio-8080-exec-1] INFO  c.l.blog.config.ServiceLogAspect - [ID42][listBlog] web response>>com.lihebin.blog.bean.Articles@40f1ad1b
09:03:53.410 [http-nio-8080-exec-3] INFO  c.l.blog.config.TokenInterceptor - TokenInterceptor:7af3808052934efa7c011aec66f8793d-deleteBlog
09:03:53.411 [http-nio-8080-exec-3] INFO  c.l.blog.config.TokenInterceptor - request:/api/blog/deleteBlog,18301900685
09:03:53.459 [http-nio-8080-exec-3] INFO  c.l.blog.config.ServiceLogAspect - [ID44][deleteBlog] web request>>[83413c34-d0e5-4672-bd57-6ae8e197ffe2]
09:03:53.459 [http-nio-8080-exec-3] INFO  c.l.blog.config.ServiceLogAspect - [ID44][deleteBlog] request>>[83413c34-d0e5-4672-bd57-6ae8e197ffe2]
09:03:53.621 [http-nio-8080-exec-3] INFO  c.l.blog.config.ServiceLogAspect - [ID44][deleteBlog] response>>null
09:03:53.622 [http-nio-8080-exec-3] INFO  c.l.blog.config.ServiceLogAspect - [ID44][deleteBlog] web response>>null
09:03:53.639 [http-nio-8080-exec-4] INFO  c.l.blog.config.ServiceLogAspect - [ID45][listBlog] web request>>[com.lihebin.blog.bean.Articles@206e485c]
09:03:53.640 [http-nio-8080-exec-4] INFO  c.l.blog.config.ServiceLogAspect - [ID45][listBlog] request>>[com.lihebin.blog.bean.Articles@206e485c]
09:03:54.127 [http-nio-8080-exec-4] INFO  c.l.blog.config.ServiceLogAspect - [ID45][listBlog] response>>com.lihebin.blog.bean.Articles@4fe4bfbf
09:03:54.128 [http-nio-8080-exec-4] INFO  c.l.blog.config.ServiceLogAspect - [ID45][listBlog] web response>>com.lihebin.blog.bean.Articles@4fe4bfbf
09:04:02.454 [http-nio-8080-exec-6] INFO  c.l.blog.config.ServiceLogAspect - [ID47][getClassify] web request>>[]
09:04:02.454 [http-nio-8080-exec-6] INFO  c.l.blog.config.ServiceLogAspect - [ID47][getClassify] request>>[]
09:04:02.491 [http-nio-8080-exec-6] INFO  c.l.blog.config.ServiceLogAspect - [ID47][getClassify] response>>[java, js]
09:04:02.491 [http-nio-8080-exec-6] INFO  c.l.blog.config.ServiceLogAspect - [ID47][getClassify] web response>>[java, js]
09:04:06.275 [http-nio-8080-exec-8] INFO  c.l.blog.config.ServiceLogAspect - [ID49][listBlog] web request>>[com.lihebin.blog.bean.Articles@2f5a26b]
09:04:06.276 [http-nio-8080-exec-8] INFO  c.l.blog.config.ServiceLogAspect - [ID49][listBlog] request>>[com.lihebin.blog.bean.Articles@2f5a26b]
09:04:07.486 [http-nio-8080-exec-8] INFO  c.l.blog.config.ServiceLogAspect - [ID49][listBlog] response>>com.lihebin.blog.bean.Articles@68fd0aac
09:04:07.486 [http-nio-8080-exec-8] INFO  c.l.blog.config.ServiceLogAspect - [ID49][listBlog] web response>>com.lihebin.blog.bean.Articles@68fd0aac
09:08:51.926 [Thread-15] INFO  o.s.b.c.e.AnnotationConfigEmbeddedWebApplicationContext - Closing org.springframework.boot.context.embedded.AnnotationConfigEmbeddedWebApplicationContext@7b8b43c7: startup date [Mon Apr 01 21:01:29 CST 2019]; root of context hierarchy
09:08:51.944 [Thread-15] INFO  o.s.c.s.DefaultLifecycleProcessor - Stopping beans in phase 2147483647
09:08:51.945 [Thread-15] INFO  o.s.c.s.DefaultLifecycleProcessor - Stopping beans in phase 0
09:08:51.951 [Thread-15] INFO  o.s.j.e.a.AnnotationMBeanExporter - Unregistering JMX-exposed beans on shutdown
09:08:51.951 [Thread-15] INFO  o.s.j.e.a.AnnotationMBeanExporter - Unregistering JMX-exposed beans
09:08:51.956 [Thread-15] INFO  c.alibaba.druid.pool.DruidDataSource - {dataSource-1} closed
09:08:51.957 [Thread-15] INFO  c.alibaba.druid.pool.DruidDataSource - {dataSource-2} closed
