22:00:35.298 [http-nio-8080-exec-1] INFO  c.l.blog.config.ServiceLogAspect - [ID43][listBlog] web request>>[com.lihebin.blog.bean.Articles@7eba0b2b]
22:00:35.304 [http-nio-8080-exec-1] INFO  c.l.blog.config.ServiceLogAspect - [ID43][listBlog] request>>[com.lihebin.blog.bean.Articles@7eba0b2b]
22:00:35.607 [http-nio-8080-exec-1] INFO  c.l.blog.config.ServiceLogAspect - [ID43][listBlog] response>>com.lihebin.blog.bean.Articles@4aea5d1e
22:00:35.608 [http-nio-8080-exec-1] INFO  c.l.blog.config.ServiceLogAspect - [ID43][listBlog] web response>>com.lihebin.blog.bean.Articles@4aea5d1e
22:01:59.984 [http-nio-8080-exec-4] INFO  c.l.blog.config.ServiceLogAspect - [ID46][listBlog] web request>>[com.lihebin.blog.bean.Articles@79bcd597]
22:01:59.987 [http-nio-8080-exec-4] INFO  c.l.blog.config.ServiceLogAspect - [ID46][listBlog] request>>[com.lihebin.blog.bean.Articles@79bcd597]
22:02:00.289 [http-nio-8080-exec-4] INFO  c.l.blog.config.ServiceLogAspect - [ID46][listBlog] response>>com.lihebin.blog.bean.Articles@41cd0d27
22:02:00.289 [http-nio-8080-exec-4] INFO  c.l.blog.config.ServiceLogAspect - [ID46][listBlog] web response>>com.lihebin.blog.bean.Articles@41cd0d27
22:02:58.908 [http-nio-8080-exec-6] INFO  c.l.blog.config.ServiceLogAspect - [ID48][listBlog] web request>>[com.lihebin.blog.bean.Articles@7bd312fe]
22:02:58.909 [http-nio-8080-exec-6] INFO  c.l.blog.config.ServiceLogAspect - [ID48][listBlog] request>>[com.lihebin.blog.bean.Articles@7bd312fe]
22:02:59.153 [http-nio-8080-exec-6] INFO  c.l.blog.config.ServiceLogAspect - [ID48][listBlog] response>>com.lihebin.blog.bean.Articles@77b86d76
22:02:59.154 [http-nio-8080-exec-6] INFO  c.l.blog.config.ServiceLogAspect - [ID48][listBlog] web response>>com.lihebin.blog.bean.Articles@77b86d76
22:04:37.098 [http-nio-8080-exec-9] INFO  c.l.blog.config.ServiceLogAspect - [ID51][listBlog] web request>>[com.lihebin.blog.bean.Articles@1d1a6845]
22:04:37.099 [http-nio-8080-exec-9] INFO  c.l.blog.config.ServiceLogAspect - [ID51][listBlog] request>>[com.lihebin.blog.bean.Articles@1d1a6845]
22:04:37.399 [http-nio-8080-exec-9] INFO  c.l.blog.config.ServiceLogAspect - [ID51][listBlog] response>>com.lihebin.blog.bean.Articles@20f7ce1c
22:04:37.399 [http-nio-8080-exec-9] INFO  c.l.blog.config.ServiceLogAspect - [ID51][listBlog] web response>>com.lihebin.blog.bean.Articles@20f7ce1c
22:05:01.509 [http-nio-8080-exec-1] INFO  c.l.blog.config.ServiceLogAspect - [ID43][listBlog] web request>>[com.lihebin.blog.bean.Articles@1776bfee]
22:05:01.510 [http-nio-8080-exec-1] INFO  c.l.blog.config.ServiceLogAspect - [ID43][listBlog] request>>[com.lihebin.blog.bean.Articles@1776bfee]
22:05:01.753 [http-nio-8080-exec-1] INFO  c.l.blog.config.ServiceLogAspect - [ID43][listBlog] response>>com.lihebin.blog.bean.Articles@23f95076
22:05:01.753 [http-nio-8080-exec-1] INFO  c.l.blog.config.ServiceLogAspect - [ID43][listBlog] web response>>com.lihebin.blog.bean.Articles@23f95076
22:05:03.989 [http-nio-8080-exec-2] INFO  c.l.blog.config.ServiceLogAspect - [ID44][listBlog] web request>>[com.lihebin.blog.bean.Articles@30d10a0d]
22:05:03.990 [http-nio-8080-exec-2] INFO  c.l.blog.config.ServiceLogAspect - [ID44][listBlog] request>>[com.lihebin.blog.bean.Articles@30d10a0d]
22:05:04.227 [http-nio-8080-exec-2] INFO  c.l.blog.config.ServiceLogAspect - [ID44][listBlog] response>>com.lihebin.blog.bean.Articles@3b4b0de5
22:05:04.229 [http-nio-8080-exec-2] INFO  c.l.blog.config.ServiceLogAspect - [ID44][listBlog] web response>>com.lihebin.blog.bean.Articles@3b4b0de5
22:05:11.117 [http-nio-8080-exec-4] INFO  c.l.blog.config.ServiceLogAspect - [ID46][listBlog] web request>>[com.lihebin.blog.bean.Articles@6e6e8f18]
22:05:11.117 [http-nio-8080-exec-4] INFO  c.l.blog.config.ServiceLogAspect - [ID46][listBlog] request>>[com.lihebin.blog.bean.Articles@6e6e8f18]
22:05:11.356 [http-nio-8080-exec-4] INFO  c.l.blog.config.ServiceLogAspect - [ID46][listBlog] response>>com.lihebin.blog.bean.Articles@7f95815c
22:05:11.356 [http-nio-8080-exec-4] INFO  c.l.blog.config.ServiceLogAspect - [ID46][listBlog] web response>>com.lihebin.blog.bean.Articles@7f95815c
22:07:21.676 [http-nio-8080-exec-7] INFO  c.l.blog.config.ServiceLogAspect - [ID49][listBlog] web request>>[com.lihebin.blog.bean.Articles@68bfefcc]
22:07:21.679 [http-nio-8080-exec-7] INFO  c.l.blog.config.ServiceLogAspect - [ID49][listBlog] request>>[com.lihebin.blog.bean.Articles@68bfefcc]
22:07:21.982 [http-nio-8080-exec-7] INFO  c.l.blog.config.ServiceLogAspect - [ID49][listBlog] response>>com.lihebin.blog.bean.Articles@60701c2d
22:07:21.982 [http-nio-8080-exec-7] INFO  c.l.blog.config.ServiceLogAspect - [ID49][listBlog] web response>>com.lihebin.blog.bean.Articles@60701c2d
22:08:14.408 [http-nio-8080-exec-9] INFO  c.l.blog.config.ServiceLogAspect - [ID51][listBlog] web request>>[com.lihebin.blog.bean.Articles@4ecaf57a]
22:08:14.408 [http-nio-8080-exec-9] INFO  c.l.blog.config.ServiceLogAspect - [ID51][listBlog] request>>[com.lihebin.blog.bean.Articles@4ecaf57a]
22:08:14.650 [http-nio-8080-exec-9] INFO  c.l.blog.config.ServiceLogAspect - [ID51][listBlog] response>>com.lihebin.blog.bean.Articles@54811af4
22:08:14.650 [http-nio-8080-exec-9] INFO  c.l.blog.config.ServiceLogAspect - [ID51][listBlog] web response>>com.lihebin.blog.bean.Articles@54811af4
22:11:11.177 [http-nio-8080-exec-2] INFO  c.l.blog.config.ServiceLogAspect - [ID44][listBlog] web request>>[com.lihebin.blog.bean.Articles@4d80d860]
22:11:11.178 [http-nio-8080-exec-2] INFO  c.l.blog.config.ServiceLogAspect - [ID44][listBlog] request>>[com.lihebin.blog.bean.Articles@4d80d860]
22:11:11.481 [http-nio-8080-exec-2] INFO  c.l.blog.config.ServiceLogAspect - [ID44][listBlog] response>>com.lihebin.blog.bean.Articles@56389db8
22:11:11.482 [http-nio-8080-exec-2] INFO  c.l.blog.config.ServiceLogAspect - [ID44][listBlog] web response>>com.lihebin.blog.bean.Articles@56389db8
22:11:15.762 [http-nio-8080-exec-4] INFO  c.l.blog.config.ServiceLogAspect - [ID46][getBlog] web request>>[4fa3e0ac-bc75-4691-86ed-903e2b550f9a]
22:11:15.762 [http-nio-8080-exec-4] INFO  c.l.blog.config.ServiceLogAspect - [ID46][getBlog] request>>[4fa3e0ac-bc75-4691-86ed-903e2b550f9a]
22:11:15.883 [http-nio-8080-exec-4] INFO  c.l.blog.config.ServiceLogAspect - [ID46][getBlog] response>>com.lihebin.blog.bean.Article@2a121e9c
22:11:15.883 [http-nio-8080-exec-4] INFO  c.l.blog.config.ServiceLogAspect - [ID46][getBlog] web response>>com.lihebin.blog.bean.Article@2a121e9c
22:12:59.017 [http-nio-8080-exec-7] INFO  c.l.blog.config.ServiceLogAspect - [ID49][getBlog] web request>>[4fa3e0ac-bc75-4691-86ed-903e2b550f9a]
22:12:59.018 [http-nio-8080-exec-7] INFO  c.l.blog.config.ServiceLogAspect - [ID49][getBlog] request>>[4fa3e0ac-bc75-4691-86ed-903e2b550f9a]
22:12:59.199 [http-nio-8080-exec-7] INFO  c.l.blog.config.ServiceLogAspect - [ID49][getBlog] response>>com.lihebin.blog.bean.Article@1f160cf0
22:12:59.200 [http-nio-8080-exec-7] INFO  c.l.blog.config.ServiceLogAspect - [ID49][getBlog] web response>>com.lihebin.blog.bean.Article@1f160cf0
22:13:01.002 [http-nio-8080-exec-8] INFO  c.l.blog.config.ServiceLogAspect - [ID50][getBlog] web request>>[4fa3e0ac-bc75-4691-86ed-903e2b550f9a]
22:13:01.003 [http-nio-8080-exec-8] INFO  c.l.blog.config.ServiceLogAspect - [ID50][getBlog] request>>[4fa3e0ac-bc75-4691-86ed-903e2b550f9a]
22:13:01.125 [http-nio-8080-exec-8] INFO  c.l.blog.config.ServiceLogAspect - [ID50][getBlog] response>>com.lihebin.blog.bean.Article@746a1c1d
22:13:01.125 [http-nio-8080-exec-8] INFO  c.l.blog.config.ServiceLogAspect - [ID50][getBlog] web response>>com.lihebin.blog.bean.Article@746a1c1d
22:13:06.780 [http-nio-8080-exec-10] INFO  c.l.blog.config.ServiceLogAspect - [ID52][listBlog] web request>>[com.lihebin.blog.bean.Articles@3a8a254]
22:13:06.781 [http-nio-8080-exec-10] INFO  c.l.blog.config.ServiceLogAspect - [ID52][listBlog] request>>[com.lihebin.blog.bean.Articles@3a8a254]
22:13:07.032 [http-nio-8080-exec-10] INFO  c.l.blog.config.ServiceLogAspect - [ID52][listBlog] response>>com.lihebin.blog.bean.Articles@59a7f48
22:13:07.032 [http-nio-8080-exec-10] INFO  c.l.blog.config.ServiceLogAspect - [ID52][listBlog] web response>>com.lihebin.blog.bean.Articles@59a7f48
22:13:10.607 [http-nio-8080-exec-2] INFO  c.l.blog.config.ServiceLogAspect - [ID44][getBlog] web request>>[4fa3e0ac-bc75-4691-86ed-903e2b550f9a]
22:13:10.608 [http-nio-8080-exec-2] INFO  c.l.blog.config.ServiceLogAspect - [ID44][getBlog] request>>[4fa3e0ac-bc75-4691-86ed-903e2b550f9a]
22:13:10.727 [http-nio-8080-exec-2] INFO  c.l.blog.config.ServiceLogAspect - [ID44][getBlog] response>>com.lihebin.blog.bean.Article@75cf9e7a
22:13:10.727 [http-nio-8080-exec-2] INFO  c.l.blog.config.ServiceLogAspect - [ID44][getBlog] web response>>com.lihebin.blog.bean.Article@75cf9e7a
22:13:14.941 [http-nio-8080-exec-4] INFO  c.l.blog.config.ServiceLogAspect - [ID46][listBlog] web request>>[com.lihebin.blog.bean.Articles@22e181e1]
22:13:14.942 [http-nio-8080-exec-4] INFO  c.l.blog.config.ServiceLogAspect - [ID46][listBlog] request>>[com.lihebin.blog.bean.Articles@22e181e1]
22:13:15.187 [http-nio-8080-exec-4] INFO  c.l.blog.config.ServiceLogAspect - [ID46][listBlog] response>>com.lihebin.blog.bean.Articles@197ed2da
22:13:15.187 [http-nio-8080-exec-4] INFO  c.l.blog.config.ServiceLogAspect - [ID46][listBlog] web response>>com.lihebin.blog.bean.Articles@197ed2da
22:15:29.181 [http-nio-8080-exec-7] INFO  c.l.blog.config.ServiceLogAspect - [ID49][listBlog] web request>>[com.lihebin.blog.bean.Articles@a43be37]
22:15:29.181 [http-nio-8080-exec-7] INFO  c.l.blog.config.ServiceLogAspect - [ID49][listBlog] request>>[com.lihebin.blog.bean.Articles@a43be37]
22:15:29.483 [http-nio-8080-exec-7] INFO  c.l.blog.config.ServiceLogAspect - [ID49][listBlog] response>>com.lihebin.blog.bean.Articles@35083781
22:15:29.483 [http-nio-8080-exec-7] INFO  c.l.blog.config.ServiceLogAspect - [ID49][listBlog] web response>>com.lihebin.blog.bean.Articles@35083781
22:15:34.078 [http-nio-8080-exec-9] INFO  c.l.blog.config.ServiceLogAspect - [ID51][getBlog] web request>>[4fa3e0ac-bc75-4691-86ed-903e2b550f9a]
22:15:34.078 [http-nio-8080-exec-9] INFO  c.l.blog.config.ServiceLogAspect - [ID51][getBlog] request>>[4fa3e0ac-bc75-4691-86ed-903e2b550f9a]
22:15:34.200 [http-nio-8080-exec-9] INFO  c.l.blog.config.ServiceLogAspect - [ID51][getBlog] response>>com.lihebin.blog.bean.Article@7c46e157
22:15:34.201 [http-nio-8080-exec-9] INFO  c.l.blog.config.ServiceLogAspect - [ID51][getBlog] web response>>com.lihebin.blog.bean.Article@7c46e157
22:16:31.517 [http-nio-8080-exec-1] INFO  c.l.blog.config.ServiceLogAspect - [ID43][getBlog] web request>>[4fa3e0ac-bc75-4691-86ed-903e2b550f9a]
22:16:31.517 [http-nio-8080-exec-1] INFO  c.l.blog.config.ServiceLogAspect - [ID43][getBlog] request>>[4fa3e0ac-bc75-4691-86ed-903e2b550f9a]
22:16:31.642 [http-nio-8080-exec-1] INFO  c.l.blog.config.ServiceLogAspect - [ID43][getBlog] response>>com.lihebin.blog.bean.Article@1de94018
22:16:31.643 [http-nio-8080-exec-1] INFO  c.l.blog.config.ServiceLogAspect - [ID43][getBlog] web response>>com.lihebin.blog.bean.Article@1de94018
22:16:37.320 [http-nio-8080-exec-3] INFO  c.l.blog.config.ServiceLogAspect - [ID45][getBlog] web request>>[4fa3e0ac-bc75-4691-86ed-903e2b550f9a]
22:16:37.320 [http-nio-8080-exec-3] INFO  c.l.blog.config.ServiceLogAspect - [ID45][getBlog] request>>[4fa3e0ac-bc75-4691-86ed-903e2b550f9a]
22:16:37.443 [http-nio-8080-exec-3] INFO  c.l.blog.config.ServiceLogAspect - [ID45][getBlog] response>>com.lihebin.blog.bean.Article@2056b134
22:16:37.443 [http-nio-8080-exec-3] INFO  c.l.blog.config.ServiceLogAspect - [ID45][getBlog] web response>>com.lihebin.blog.bean.Article@2056b134
22:17:14.161 [http-nio-8080-exec-5] INFO  c.l.blog.config.ServiceLogAspect - [ID47][getBlog] web request>>[4fa3e0ac-bc75-4691-86ed-903e2b550f9a]
22:17:14.161 [http-nio-8080-exec-5] INFO  c.l.blog.config.ServiceLogAspect - [ID47][getBlog] request>>[4fa3e0ac-bc75-4691-86ed-903e2b550f9a]
22:17:14.288 [http-nio-8080-exec-5] INFO  c.l.blog.config.ServiceLogAspect - [ID47][getBlog] response>>com.lihebin.blog.bean.Article@73243715
22:17:14.288 [http-nio-8080-exec-5] INFO  c.l.blog.config.ServiceLogAspect - [ID47][getBlog] web response>>com.lihebin.blog.bean.Article@73243715
22:18:16.290 [http-nio-8080-exec-8] INFO  c.l.blog.config.ServiceLogAspect - [ID50][getBlog] web request>>[4fa3e0ac-bc75-4691-86ed-903e2b550f9a]
22:18:16.290 [http-nio-8080-exec-8] INFO  c.l.blog.config.ServiceLogAspect - [ID50][getBlog] request>>[4fa3e0ac-bc75-4691-86ed-903e2b550f9a]
22:18:16.470 [http-nio-8080-exec-8] INFO  c.l.blog.config.ServiceLogAspect - [ID50][getBlog] response>>com.lihebin.blog.bean.Article@111a7594
22:18:16.470 [http-nio-8080-exec-8] INFO  c.l.blog.config.ServiceLogAspect - [ID50][getBlog] web response>>com.lihebin.blog.bean.Article@111a7594
22:27:00.113 [http-nio-8080-exec-1] INFO  c.l.blog.config.ServiceLogAspect - [ID43][getBlog] web request>>[4fa3e0ac-bc75-4691-86ed-903e2b550f9a]
22:27:00.113 [http-nio-8080-exec-1] INFO  c.l.blog.config.ServiceLogAspect - [ID43][getBlog] request>>[4fa3e0ac-bc75-4691-86ed-903e2b550f9a]
22:27:04.249 [http-nio-8080-exec-1] INFO  c.l.blog.config.ServiceLogAspect - [ID43][getBlog] response>>com.lihebin.blog.bean.Article@3205875
22:27:04.250 [http-nio-8080-exec-1] INFO  c.l.blog.config.ServiceLogAspect - [ID43][getBlog] web response>>com.lihebin.blog.bean.Article@3205875
22:27:07.595 [http-nio-8080-exec-3] INFO  c.l.blog.config.ServiceLogAspect - [ID45][getBlog] web request>>[4fa3e0ac-bc75-4691-86ed-903e2b550f9a]
22:27:07.596 [http-nio-8080-exec-3] INFO  c.l.blog.config.ServiceLogAspect - [ID45][getBlog] request>>[4fa3e0ac-bc75-4691-86ed-903e2b550f9a]
22:27:07.722 [http-nio-8080-exec-3] INFO  c.l.blog.config.ServiceLogAspect - [ID45][getBlog] response>>com.lihebin.blog.bean.Article@638fed3e
22:27:07.722 [http-nio-8080-exec-3] INFO  c.l.blog.config.ServiceLogAspect - [ID45][getBlog] web response>>com.lihebin.blog.bean.Article@638fed3e
22:27:18.769 [http-nio-8080-exec-5] INFO  c.l.blog.config.ServiceLogAspect - [ID47][listBlog] web request>>[com.lihebin.blog.bean.Articles@1999a598]
22:27:18.769 [http-nio-8080-exec-5] INFO  c.l.blog.config.ServiceLogAspect - [ID47][listBlog] request>>[com.lihebin.blog.bean.Articles@1999a598]
22:27:19.007 [http-nio-8080-exec-5] INFO  c.l.blog.config.ServiceLogAspect - [ID47][listBlog] response>>com.lihebin.blog.bean.Articles@3d241b71
22:27:19.007 [http-nio-8080-exec-5] INFO  c.l.blog.config.ServiceLogAspect - [ID47][listBlog] web response>>com.lihebin.blog.bean.Articles@3d241b71
22:27:22.005 [http-nio-8080-exec-6] INFO  c.l.blog.config.ServiceLogAspect - [ID48][listBlog] web request>>[com.lihebin.blog.bean.Articles@babadd7]
22:27:22.005 [http-nio-8080-exec-6] INFO  c.l.blog.config.ServiceLogAspect - [ID48][listBlog] request>>[com.lihebin.blog.bean.Articles@babadd7]
22:27:22.242 [http-nio-8080-exec-6] INFO  c.l.blog.config.ServiceLogAspect - [ID48][listBlog] response>>com.lihebin.blog.bean.Articles@17d629f
22:27:22.242 [http-nio-8080-exec-6] INFO  c.l.blog.config.ServiceLogAspect - [ID48][listBlog] web response>>com.lihebin.blog.bean.Articles@17d629f
22:27:24.883 [http-nio-8080-exec-8] INFO  c.l.blog.config.ServiceLogAspect - [ID50][getBlog] web request>>[349ea4d9-dcea-438c-b4a1-0d2b0b063eb6]
22:27:24.884 [http-nio-8080-exec-8] INFO  c.l.blog.config.ServiceLogAspect - [ID50][getBlog] request>>[349ea4d9-dcea-438c-b4a1-0d2b0b063eb6]
22:27:25.002 [http-nio-8080-exec-8] INFO  c.l.blog.config.ServiceLogAspect - [ID50][getBlog] response>>com.lihebin.blog.bean.Article@141b3390
22:27:25.003 [http-nio-8080-exec-8] INFO  c.l.blog.config.ServiceLogAspect - [ID50][getBlog] web response>>com.lihebin.blog.bean.Article@141b3390
22:27:27.592 [http-nio-8080-exec-10] INFO  c.l.blog.config.ServiceLogAspect - [ID52][listBlog] web request>>[com.lihebin.blog.bean.Articles@37506c2c]
22:27:27.592 [http-nio-8080-exec-10] INFO  c.l.blog.config.ServiceLogAspect - [ID52][listBlog] request>>[com.lihebin.blog.bean.Articles@37506c2c]
22:27:27.829 [http-nio-8080-exec-10] INFO  c.l.blog.config.ServiceLogAspect - [ID52][listBlog] response>>com.lihebin.blog.bean.Articles@564518dc
22:27:27.829 [http-nio-8080-exec-10] INFO  c.l.blog.config.ServiceLogAspect - [ID52][listBlog] web response>>com.lihebin.blog.bean.Articles@564518dc
22:28:17.699 [http-nio-8080-exec-2] INFO  c.l.blog.config.ServiceLogAspect - [ID44][listBlog] web request>>[com.lihebin.blog.bean.Articles@511e2040]
22:28:17.700 [http-nio-8080-exec-2] INFO  c.l.blog.config.ServiceLogAspect - [ID44][listBlog] request>>[com.lihebin.blog.bean.Articles@511e2040]
22:28:17.934 [http-nio-8080-exec-2] INFO  c.l.blog.config.ServiceLogAspect - [ID44][listBlog] response>>com.lihebin.blog.bean.Articles@16e3f89
22:28:17.934 [http-nio-8080-exec-2] INFO  c.l.blog.config.ServiceLogAspect - [ID44][listBlog] web response>>com.lihebin.blog.bean.Articles@16e3f89
22:28:59.395 [http-nio-8080-exec-4] INFO  c.l.blog.config.ServiceLogAspect - [ID46][listBlog] web request>>[com.lihebin.blog.bean.Articles@765aeee5]
22:28:59.396 [http-nio-8080-exec-4] INFO  c.l.blog.config.ServiceLogAspect - [ID46][listBlog] request>>[com.lihebin.blog.bean.Articles@765aeee5]
22:28:59.632 [http-nio-8080-exec-4] INFO  c.l.blog.config.ServiceLogAspect - [ID46][listBlog] response>>com.lihebin.blog.bean.Articles@4c146f93
22:28:59.633 [http-nio-8080-exec-4] INFO  c.l.blog.config.ServiceLogAspect - [ID46][listBlog] web response>>com.lihebin.blog.bean.Articles@4c146f93
22:29:51.964 [http-nio-8080-exec-6] INFO  c.l.blog.config.ServiceLogAspect - [ID48][listBlog] web request>>[com.lihebin.blog.bean.Articles@3e3fdabc]
22:29:51.964 [http-nio-8080-exec-6] INFO  c.l.blog.config.ServiceLogAspect - [ID48][listBlog] request>>[com.lihebin.blog.bean.Articles@3e3fdabc]
22:29:52.201 [http-nio-8080-exec-6] INFO  c.l.blog.config.ServiceLogAspect - [ID48][listBlog] response>>com.lihebin.blog.bean.Articles@3524ea7
22:29:52.201 [http-nio-8080-exec-6] INFO  c.l.blog.config.ServiceLogAspect - [ID48][listBlog] web response>>com.lihebin.blog.bean.Articles@3524ea7
22:31:19.548 [http-nio-8080-exec-9] INFO  c.l.blog.config.ServiceLogAspect - [ID51][listBlog] web request>>[com.lihebin.blog.bean.Articles@2d0eb0f9]
22:31:19.549 [http-nio-8080-exec-9] INFO  c.l.blog.config.ServiceLogAspect - [ID51][listBlog] request>>[com.lihebin.blog.bean.Articles@2d0eb0f9]
22:31:19.849 [http-nio-8080-exec-9] INFO  c.l.blog.config.ServiceLogAspect - [ID51][listBlog] response>>com.lihebin.blog.bean.Articles@aa26bd6
22:31:19.850 [http-nio-8080-exec-9] INFO  c.l.blog.config.ServiceLogAspect - [ID51][listBlog] web response>>com.lihebin.blog.bean.Articles@aa26bd6
22:34:25.260 [http-nio-8080-exec-2] INFO  c.l.blog.config.ServiceLogAspect - [ID44][listBlog] web request>>[com.lihebin.blog.bean.Articles@33c3792b]
22:34:25.260 [http-nio-8080-exec-2] INFO  c.l.blog.config.ServiceLogAspect - [ID44][listBlog] request>>[com.lihebin.blog.bean.Articles@33c3792b]
22:34:25.559 [http-nio-8080-exec-2] INFO  c.l.blog.config.ServiceLogAspect - [ID44][listBlog] response>>com.lihebin.blog.bean.Articles@6cdf15b1
22:34:25.559 [http-nio-8080-exec-2] INFO  c.l.blog.config.ServiceLogAspect - [ID44][listBlog] web response>>com.lihebin.blog.bean.Articles@6cdf15b1
22:36:06.871 [http-nio-8080-exec-5] INFO  c.l.blog.config.ServiceLogAspect - [ID47][getBlog] web request>>[4fa3e0ac-bc75-4691-86ed-903e2b550f9a]
22:36:06.871 [http-nio-8080-exec-5] INFO  c.l.blog.config.ServiceLogAspect - [ID47][getBlog] request>>[4fa3e0ac-bc75-4691-86ed-903e2b550f9a]
22:36:07.054 [http-nio-8080-exec-5] INFO  c.l.blog.config.ServiceLogAspect - [ID47][getBlog] response>>com.lihebin.blog.bean.Article@eaecdf4
22:36:07.054 [http-nio-8080-exec-5] INFO  c.l.blog.config.ServiceLogAspect - [ID47][getBlog] web response>>com.lihebin.blog.bean.Article@eaecdf4
22:36:10.747 [http-nio-8080-exec-7] INFO  c.l.blog.config.ServiceLogAspect - [ID49][listBlog] web request>>[com.lihebin.blog.bean.Articles@1792747f]
22:36:10.749 [http-nio-8080-exec-7] INFO  c.l.blog.config.ServiceLogAspect - [ID49][listBlog] request>>[com.lihebin.blog.bean.Articles@1792747f]
22:36:10.988 [http-nio-8080-exec-7] INFO  c.l.blog.config.ServiceLogAspect - [ID49][listBlog] response>>com.lihebin.blog.bean.Articles@33fc9b2d
22:36:10.989 [http-nio-8080-exec-7] INFO  c.l.blog.config.ServiceLogAspect - [ID49][listBlog] web response>>com.lihebin.blog.bean.Articles@33fc9b2d
22:36:15.835 [http-nio-8080-exec-9] INFO  c.l.blog.config.ServiceLogAspect - [ID51][listBlog] web request>>[com.lihebin.blog.bean.Articles@2bd802e]
22:36:15.835 [http-nio-8080-exec-9] INFO  c.l.blog.config.ServiceLogAspect - [ID51][listBlog] request>>[com.lihebin.blog.bean.Articles@2bd802e]
22:36:16.072 [http-nio-8080-exec-9] INFO  c.l.blog.config.ServiceLogAspect - [ID51][listBlog] response>>com.lihebin.blog.bean.Articles@97db6f8
22:36:16.072 [http-nio-8080-exec-9] INFO  c.l.blog.config.ServiceLogAspect - [ID51][listBlog] web response>>com.lihebin.blog.bean.Articles@97db6f8
22:36:29.417 [http-nio-8080-exec-1] INFO  c.l.blog.config.ServiceLogAspect - [ID43][listBlog] web request>>[com.lihebin.blog.bean.Articles@395c0fab]
22:36:29.417 [http-nio-8080-exec-1] INFO  c.l.blog.config.ServiceLogAspect - [ID43][listBlog] request>>[com.lihebin.blog.bean.Articles@395c0fab]
22:36:29.658 [http-nio-8080-exec-1] INFO  c.l.blog.config.ServiceLogAspect - [ID43][listBlog] response>>com.lihebin.blog.bean.Articles@fe291b8
22:36:29.659 [http-nio-8080-exec-1] INFO  c.l.blog.config.ServiceLogAspect - [ID43][listBlog] web response>>com.lihebin.blog.bean.Articles@fe291b8
22:37:18.410 [http-nio-8080-exec-3] INFO  c.l.blog.config.ServiceLogAspect - [ID45][listBlog] web request>>[com.lihebin.blog.bean.Articles@2684fb55]
22:37:18.411 [http-nio-8080-exec-3] INFO  c.l.blog.config.ServiceLogAspect - [ID45][listBlog] request>>[com.lihebin.blog.bean.Articles@2684fb55]
22:37:18.648 [http-nio-8080-exec-3] INFO  c.l.blog.config.ServiceLogAspect - [ID45][listBlog] response>>com.lihebin.blog.bean.Articles@69636316
22:37:18.648 [http-nio-8080-exec-3] INFO  c.l.blog.config.ServiceLogAspect - [ID45][listBlog] web response>>com.lihebin.blog.bean.Articles@69636316
22:37:36.393 [http-nio-8080-exec-5] INFO  c.l.blog.config.ServiceLogAspect - [ID47][listBlog] web request>>[com.lihebin.blog.bean.Articles@7246660c]
22:37:36.393 [http-nio-8080-exec-5] INFO  c.l.blog.config.ServiceLogAspect - [ID47][listBlog] request>>[com.lihebin.blog.bean.Articles@7246660c]
22:37:36.636 [http-nio-8080-exec-5] INFO  c.l.blog.config.ServiceLogAspect - [ID47][listBlog] response>>com.lihebin.blog.bean.Articles@6887f640
22:37:36.636 [http-nio-8080-exec-5] INFO  c.l.blog.config.ServiceLogAspect - [ID47][listBlog] web response>>com.lihebin.blog.bean.Articles@6887f640
22:37:46.897 [http-nio-8080-exec-7] INFO  c.l.blog.config.ServiceLogAspect - [ID49][listBlog] web request>>[com.lihebin.blog.bean.Articles@2623372e]
22:37:46.897 [http-nio-8080-exec-7] INFO  c.l.blog.config.ServiceLogAspect - [ID49][listBlog] request>>[com.lihebin.blog.bean.Articles@2623372e]
22:37:47.140 [http-nio-8080-exec-7] INFO  c.l.blog.config.ServiceLogAspect - [ID49][listBlog] response>>com.lihebin.blog.bean.Articles@5d141607
22:37:47.140 [http-nio-8080-exec-7] INFO  c.l.blog.config.ServiceLogAspect - [ID49][listBlog] web response>>com.lihebin.blog.bean.Articles@5d141607
22:40:41.901 [http-nio-8080-exec-10] INFO  c.l.blog.config.ServiceLogAspect - [ID52][listBlog] web request>>[com.lihebin.blog.bean.Articles@48d57cfb]
22:40:41.902 [http-nio-8080-exec-10] INFO  c.l.blog.config.ServiceLogAspect - [ID52][listBlog] request>>[com.lihebin.blog.bean.Articles@48d57cfb]
22:40:42.389 [http-nio-8080-exec-10] INFO  c.l.blog.config.ServiceLogAspect - [ID52][listBlog] response>>com.lihebin.blog.bean.Articles@590a96cd
22:40:42.390 [http-nio-8080-exec-10] INFO  c.l.blog.config.ServiceLogAspect - [ID52][listBlog] web response>>com.lihebin.blog.bean.Articles@590a96cd
22:41:20.025 [http-nio-8080-exec-2] INFO  c.l.blog.config.ServiceLogAspect - [ID44][listBlog] web request>>[com.lihebin.blog.bean.Articles@5a08c469]
22:41:20.026 [http-nio-8080-exec-2] INFO  c.l.blog.config.ServiceLogAspect - [ID44][listBlog] request>>[com.lihebin.blog.bean.Articles@5a08c469]
22:41:20.450 [http-nio-8080-exec-2] INFO  c.l.blog.config.ServiceLogAspect - [ID44][listBlog] response>>com.lihebin.blog.bean.Articles@65ca702d
22:41:20.450 [http-nio-8080-exec-2] INFO  c.l.blog.config.ServiceLogAspect - [ID44][listBlog] web response>>com.lihebin.blog.bean.Articles@65ca702d
22:43:12.638 [http-nio-8080-exec-5] INFO  c.l.blog.config.ServiceLogAspect - [ID47][listBlog] web request>>[com.lihebin.blog.bean.Articles@55563e46]
22:43:12.641 [http-nio-8080-exec-5] INFO  c.l.blog.config.ServiceLogAspect - [ID47][listBlog] request>>[com.lihebin.blog.bean.Articles@55563e46]
22:43:13.118 [http-nio-8080-exec-5] INFO  c.l.blog.config.ServiceLogAspect - [ID47][listBlog] response>>com.lihebin.blog.bean.Articles@54db59a5
22:43:13.118 [http-nio-8080-exec-5] INFO  c.l.blog.config.ServiceLogAspect - [ID47][listBlog] web response>>com.lihebin.blog.bean.Articles@54db59a5
22:49:26.976 [http-nio-8080-exec-8] INFO  c.l.blog.config.ServiceLogAspect - [ID50][listBlog] web request>>[com.lihebin.blog.bean.Articles@c6b28ce]
22:49:26.976 [http-nio-8080-exec-8] INFO  c.l.blog.config.ServiceLogAspect - [ID50][listBlog] request>>[com.lihebin.blog.bean.Articles@c6b28ce]
22:49:31.461 [http-nio-8080-exec-8] INFO  c.l.blog.config.ServiceLogAspect - [ID50][listBlog] response>>com.lihebin.blog.bean.Articles@4934ee31
22:49:31.462 [http-nio-8080-exec-8] INFO  c.l.blog.config.ServiceLogAspect - [ID50][listBlog] web response>>com.lihebin.blog.bean.Articles@4934ee31
22:51:30.012 [http-nio-8080-exec-1] INFO  c.l.blog.config.ServiceLogAspect - [ID43][listBlog] web request>>[com.lihebin.blog.bean.Articles@6c726f7e]
22:51:30.013 [http-nio-8080-exec-1] INFO  c.l.blog.config.ServiceLogAspect - [ID43][listBlog] request>>[com.lihebin.blog.bean.Articles@6c726f7e]
22:51:30.553 [http-nio-8080-exec-1] INFO  c.l.blog.config.ServiceLogAspect - [ID43][listBlog] response>>com.lihebin.blog.bean.Articles@25e41eeb
22:51:30.553 [http-nio-8080-exec-1] INFO  c.l.blog.config.ServiceLogAspect - [ID43][listBlog] web response>>com.lihebin.blog.bean.Articles@25e41eeb
22:51:33.853 [http-nio-8080-exec-3] INFO  c.l.blog.config.ServiceLogAspect - [ID45][getBlog] web request>>[151c6656-3a58-4bba-8517-361e4f67ddc3]
22:51:33.853 [http-nio-8080-exec-3] INFO  c.l.blog.config.ServiceLogAspect - [ID45][getBlog] request>>[151c6656-3a58-4bba-8517-361e4f67ddc3]
22:51:33.987 [http-nio-8080-exec-3] INFO  c.l.blog.config.ServiceLogAspect - [ID45][getBlog] response>>com.lihebin.blog.bean.Article@29d49e62
22:51:33.987 [http-nio-8080-exec-3] INFO  c.l.blog.config.ServiceLogAspect - [ID45][getBlog] web response>>com.lihebin.blog.bean.Article@29d49e62
22:51:40.913 [http-nio-8080-exec-5] INFO  c.l.blog.config.ServiceLogAspect - [ID47][listBlog] web request>>[com.lihebin.blog.bean.Articles@148ce989]
22:51:40.913 [http-nio-8080-exec-5] INFO  c.l.blog.config.ServiceLogAspect - [ID47][listBlog] request>>[com.lihebin.blog.bean.Articles@148ce989]
22:51:41.372 [http-nio-8080-exec-5] INFO  c.l.blog.config.ServiceLogAspect - [ID47][listBlog] response>>com.lihebin.blog.bean.Articles@65786650
22:51:41.372 [http-nio-8080-exec-5] INFO  c.l.blog.config.ServiceLogAspect - [ID47][listBlog] web response>>com.lihebin.blog.bean.Articles@65786650
22:53:54.478 [http-nio-8080-exec-8] INFO  c.l.blog.config.ServiceLogAspect - [ID50][getBlog] web request>>[4fa3e0ac-bc75-4691-86ed-903e2b550f9a]
22:53:54.480 [http-nio-8080-exec-8] INFO  c.l.blog.config.ServiceLogAspect - [ID50][getBlog] request>>[4fa3e0ac-bc75-4691-86ed-903e2b550f9a]
22:53:54.680 [http-nio-8080-exec-8] INFO  c.l.blog.config.ServiceLogAspect - [ID50][getBlog] response>>com.lihebin.blog.bean.Article@1cdc9399
22:53:54.681 [http-nio-8080-exec-8] INFO  c.l.blog.config.ServiceLogAspect - [ID50][getBlog] web response>>com.lihebin.blog.bean.Article@1cdc9399
22:54:22.812 [http-nio-8080-exec-10] INFO  c.l.blog.config.ServiceLogAspect - [ID52][getBlog] web request>>[4fa3e0ac-bc75-4691-86ed-903e2b550f9a]
22:54:22.812 [http-nio-8080-exec-10] INFO  c.l.blog.config.ServiceLogAspect - [ID52][getBlog] request>>[4fa3e0ac-bc75-4691-86ed-903e2b550f9a]
22:54:22.945 [http-nio-8080-exec-10] INFO  c.l.blog.config.ServiceLogAspect - [ID52][getBlog] response>>com.lihebin.blog.bean.Article@4dd042a6
22:54:22.946 [http-nio-8080-exec-10] INFO  c.l.blog.config.ServiceLogAspect - [ID52][getBlog] web response>>com.lihebin.blog.bean.Article@4dd042a6
22:55:25.879 [http-nio-8080-exec-3] INFO  c.l.blog.config.ServiceLogAspect - [ID45][getBlog] web request>>[4fa3e0ac-bc75-4691-86ed-903e2b550f9a]
22:55:25.879 [http-nio-8080-exec-3] INFO  c.l.blog.config.ServiceLogAspect - [ID45][getBlog] request>>[4fa3e0ac-bc75-4691-86ed-903e2b550f9a]
22:55:26.081 [http-nio-8080-exec-3] INFO  c.l.blog.config.ServiceLogAspect - [ID45][getBlog] response>>com.lihebin.blog.bean.Article@7cafa91a
22:55:26.081 [http-nio-8080-exec-3] INFO  c.l.blog.config.ServiceLogAspect - [ID45][getBlog] web response>>com.lihebin.blog.bean.Article@7cafa91a
